#
# There is insufficient memory for the Java Runtime Environment to continue.
# Native memory allocation (malloc) failed to allocate 32744 bytes for ChunkPool::allocate
# Possible reasons:
#   The system is out of physical RAM or swap space
#   In 32 bit mode, the process size limit was hit
# Possible solutions:
#   Reduce memory load on the system
#   Increase physical memory or swap space
#   Check if swap backing store is full
#   Use 64 bit Java on a 64 bit OS
#   Decrease Java heap size (-Xmx/-Xms)
#   Decrease number of Java threads
#   Decrease Java thread stack sizes (-Xss)
#   Set larger code cache with -XX:ReservedCodeCacheSize=
# This output file may be truncated or incomplete.
#
#  Out of Memory Error (allocation.cpp:273), pid=5080, tid=0x0000000000006284
#
# JRE version: Java(TM) SE Runtime Environment (8.0_152-b16) (build 1.8.0_152-b16)
# Java VM: Java HotSpot(TM) 64-Bit Server VM (25.152-b16 mixed mode windows-amd64 compressed oops)
# Failed to write core dump. Minidumps are not enabled by default on client versions of Windows
#

---------------  T H R E A D  ---------------

Current thread (0x000000001947f000):  JavaThread "C2 CompilerThread1" daemon [_thread_in_native, id=25220, stack(0x0000000019740000,0x0000000019840000)]

Stack: [0x0000000019740000,0x0000000019840000]
[error occurred during error reporting (printing stack bounds), id 0xc0000005]

Native frames: (J=compiled Java code, j=interpreted, Vv=VM code, C=native code)


Current CompileTask:
C2:   1819  774       4       sun.net.www.ParseUtil::encodePath (336 bytes)


---------------  P R O C E S S  ---------------

Java Threads: ( => current thread )
  0x0000000019d7a000 JavaThread "JavaFX-Launcher" [_thread_blocked, id=9784, stack(0x000000001ac30000,0x000000001ad30000)]
  0x0000000019d82800 JavaThread "Thread-2" daemon [_thread_in_native, id=15736, stack(0x000000001aa30000,0x000000001ab30000)]
  0x0000000019c41800 JavaThread "JavaFX Application Thread" [_thread_in_vm, id=16420, stack(0x000000001a930000,0x000000001aa30000)]
  0x0000000019c40800 JavaThread "Thread-1" daemon [_thread_blocked, id=2664, stack(0x000000001a830000,0x000000001a930000)]
  0x0000000019c36800 JavaThread "QuantumRenderer-0" daemon [_thread_blocked, id=20600, stack(0x000000001a610000,0x000000001a710000)]
  0x0000000019950800 JavaThread "Service Thread" daemon [_thread_blocked, id=11940, stack(0x000000001a140000,0x000000001a240000)]
  0x0000000019480000 JavaThread "C1 CompilerThread2" daemon [_thread_blocked, id=8444, stack(0x0000000019840000,0x0000000019940000)]
=>0x000000001947f000 JavaThread "C2 CompilerThread1" daemon [_thread_in_native, id=25220, stack(0x0000000019740000,0x0000000019840000)]
  0x000000001947d800 JavaThread "C2 CompilerThread0" daemon [_thread_in_native, id=18252, stack(0x0000000019640000,0x0000000019740000)]
  0x00000000193cf800 JavaThread "Monitor Ctrl-Break" daemon [_thread_in_native, id=14928, stack(0x0000000019540000,0x0000000019640000)]
  0x0000000017b0d000 JavaThread "Attach Listener" daemon [_thread_blocked, id=10108, stack(0x0000000019040000,0x0000000019140000)]
  0x0000000017b09000 JavaThread "Signal Dispatcher" daemon [_thread_blocked, id=16848, stack(0x0000000018f40000,0x0000000019040000)]
  0x0000000017aea800 JavaThread "Finalizer" daemon [_thread_blocked, id=11120, stack(0x0000000018d50000,0x0000000018e50000)]
  0x0000000002fd4000 JavaThread "Reference Handler" daemon [_thread_blocked, id=3848, stack(0x0000000018c50000,0x0000000018d50000)]
  0x0000000002ee5800 JavaThread "main" [_thread_blocked, id=16040, stack(0x0000000002ae0000,0x0000000002be0000)]

Other Threads:
  0x0000000017ac7800 VMThread [stack: 0x0000000018b50000,0x0000000018c50000] [id=25300]
  0x0000000019979000 WatcherThread [stack: 0x000000001a240000,0x000000001a340000] [id=23000]

VM state:not at safepoint (normal execution)

VM Mutex/Monitor currently owned by a thread: None

Heap:
 PSYoungGen      total 38400K, used 28266K [0x00000000d5f80000, 0x00000000d8a00000, 0x0000000100000000)
  eden space 33280K, 84% used [0x00000000d5f80000,0x00000000d7b1a9f8,0x00000000d8000000)
  from space 5120K, 0% used [0x00000000d8500000,0x00000000d8500000,0x00000000d8a00000)
  to   space 5120K, 0% used [0x00000000d8000000,0x00000000d8000000,0x00000000d8500000)
 ParOldGen       total 87552K, used 0K [0x0000000081e00000, 0x0000000087380000, 0x00000000d5f80000)
  object space 87552K, 0% used [0x0000000081e00000,0x0000000081e00000,0x0000000087380000)
 Metaspace       used 12027K, capacity 12496K, committed 12800K, reserved 1060864K
  class space    used 1561K, capacity 1712K, committed 1792K, reserved 1048576K

Card table byte_map: [0x00000000123a0000,0x00000000127a0000] byte_map_base: 0x0000000011f91000

Marking Bits: (ParMarkBitMap*) 0x0000000070480860
 Begin Bits: [0x0000000012e50000, 0x0000000014dd8000)
 End Bits:   [0x0000000014dd8000, 0x0000000016d60000)

Polling page: 0x0000000002a60000

CodeCache: size=245760Kb used=3045Kb max_used=3045Kb free=242715Kb
 bounds [0x0000000002fe0000, 0x00000000032e0000, 0x0000000011fe0000]
 total_blobs=1192 nmethods=772 adapters=333
 compilation: enabled

Compilation events (10 events):
Event: 1.758 Thread 0x0000000019480000 nmethod 769 0x00000000032d94d0 code [0x00000000032d9620, 0x00000000032d9730]
Event: 1.761 Thread 0x0000000019480000  770       3       java.util.HashMap::afterNodeAccess (1 bytes)
Event: 1.761 Thread 0x0000000019480000 nmethod 770 0x00000000032d91d0 code [0x00000000032d9320, 0x00000000032d9470]
Event: 1.771 Thread 0x0000000019480000  771       3       java.lang.ThreadLocal$ThreadLocalMap::getEntry (42 bytes)
Event: 1.771 Thread 0x0000000019480000 nmethod 771 0x00000000032d8c10 code [0x00000000032d8d80, 0x00000000032d9068]
Event: 1.771 Thread 0x0000000019480000  772       1       java.lang.StringCoding$StringDecoder::requestedCharsetName (5 bytes)
Event: 1.771 Thread 0x0000000019480000 nmethod 772 0x00000000032d8950 code [0x00000000032d8aa0, 0x00000000032d8bb0]
Event: 1.771 Thread 0x0000000019480000  773       3       java.util.zip.ZStreamRef::address (5 bytes)
Event: 1.771 Thread 0x0000000019480000 nmethod 773 0x00000000032d8650 code [0x00000000032d87a0, 0x00000000032d88f0]
Event: 1.813 Thread 0x000000001947f000  774       4       sun.net.www.ParseUtil::encodePath (336 bytes)

GC Heap History (0 events):
No events

Deoptimization events (6 events):
Event: 0.781 Thread 0x0000000002ee5800 Uncommon trap: reason=null_check action=make_not_entrant pc=0x00000000030e4d28 method=java.lang.String.equals(Ljava/lang/Object;)Z @ 8
Event: 1.113 Thread 0x0000000002ee5800 Uncommon trap: reason=unstable_if action=reinterpret pc=0x00000000031c554c method=java.lang.String.replace(CC)Ljava/lang/String; @ 26
Event: 1.137 Thread 0x0000000002ee5800 Uncommon trap: reason=unstable_if action=reinterpret pc=0x00000000031903bc method=java.lang.String.indexOf([CII[CIII)I @ 3
Event: 1.273 Thread 0x0000000002ee5800 Uncommon trap: reason=unstable_if action=reinterpret pc=0x00000000031fc780 method=java.lang.AbstractStringBuilder.append(Ljava/lang/String;)Ljava/lang/AbstractStringBuilder; @ 1
Event: 1.650 Thread 0x0000000019c41800 Uncommon trap: reason=unstable_if action=reinterpret pc=0x00000000032784dc method=java.util.HashMap.getNode(ILjava/lang/Object;)Ljava/util/HashMap$Node; @ 84
Event: 1.650 Thread 0x0000000019c41800 Uncommon trap: reason=unstable_if action=reinterpret pc=0x000000000323d83c method=java.util.HashMap.getNode(ILjava/lang/Object;)Ljava/util/HashMap$Node; @ 84

Classes redefined (0 events):
No events

Internal exceptions (10 events):
Event: 0.781 Thread 0x0000000002ee5800 Implicit null exception at 0x00000000030e4b55 to 0x00000000030e4d19
Event: 1.145 Thread 0x0000000002ee5800 Exception <a 'java/security/PrivilegedActionException'> (0x00000000d6cee3b8) thrown at [C:\re\workspace\8-2-build-windows-amd64-cygwin\jdk8u152\9742\hotspot\src\share\vm\prims\jvm.cpp, line 1390]
Event: 1.145 Thread 0x0000000002ee5800 Exception <a 'java/security/PrivilegedActionException'> (0x00000000d6cee7b0) thrown at [C:\re\workspace\8-2-build-windows-amd64-cygwin\jdk8u152\9742\hotspot\src\share\vm\prims\jvm.cpp, line 1390]
Event: 1.273 Thread 0x0000000002ee5800 Implicit null exception at 0x00000000031fc3d6 to 0x00000000031fc769
Event: 1.444 Thread 0x0000000019c41800 Exception <a 'java/security/PrivilegedActionException'> (0x00000000d71889c0) thrown at [C:\re\workspace\8-2-build-windows-amd64-cygwin\jdk8u152\9742\hotspot\src\share\vm\prims\jvm.cpp, line 1390]
Event: 1.444 Thread 0x0000000019c41800 Exception <a 'java/security/PrivilegedActionException'> (0x00000000d7188db8) thrown at [C:\re\workspace\8-2-build-windows-amd64-cygwin\jdk8u152\9742\hotspot\src\share\vm\prims\jvm.cpp, line 1390]
Event: 1.553 Thread 0x0000000019c41800 Exception <a 'java/lang/NullPointerException'> (0x00000000d7470d48) thrown at [C:\re\workspace\8-2-build-windows-amd64-cygwin\jdk8u152\9742\hotspot\src\share\vm\interpreter\linkResolver.cpp, line 1185]
Event: 1.553 Thread 0x0000000019c41800 Exception <a 'java/lang/NullPointerException'> (0x00000000d7470d48) thrown at [C:\re\workspace\8-2-build-windows-amd64-cygwin\jdk8u152\9742\hotspot\src\share\vm\prims\jvm.cpp, line 1394]
Event: 1.743 Thread 0x0000000019c41800 Exception <a 'java/security/PrivilegedActionException'> (0x00000000d79598a0) thrown at [C:\re\workspace\8-2-build-windows-amd64-cygwin\jdk8u152\9742\hotspot\src\share\vm\prims\jvm.cpp, line 1390]
Event: 1.743 Thread 0x0000000019c41800 Exception <a 'java/security/PrivilegedActionException'> (0x00000000d7959c98) thrown at [C:\re\workspace\8-2-build-windows-amd64-cygwin\jdk8u152\9742\hotspot\src\share\vm\prims\jvm.cpp, line 1390]

Events (10 events):
Event: 1.808 loading class com/sun/javafx/iio/bmp/BMPDescriptor
Event: 1.808 loading class com/sun/javafx/iio/bmp/BMPDescriptor done
Event: 1.808 loading class com/sun/javafx/iio/common/ImageTools
Event: 1.808 loading class com/sun/javafx/iio/common/ImageTools done
Event: 1.812 loading class java/util/HashMap$KeyIterator
Event: 1.812 loading class java/util/HashMap$KeyIterator done
Event: 1.812 loading class java/util/Vector$1
Event: 1.813 loading class java/util/Vector$1 done
Event: 1.813 loading class com/sun/javafx/iio/png/PNGImageLoader2
Event: 1.813 loading class com/sun/javafx/iio/png/PNGImageLoader2 done


Dynamic libraries:
0x00007ff7886e0000 - 0x00007ff788717000 	C:\Program Files\Java\jdk1.8.0_152\bin\java.exe
0x00007ff9eba00000 - 0x00007ff9ebbe1000 	C:\WINDOWS\SYSTEM32\ntdll.dll
0x00007ff9eb260000 - 0x00007ff9eb312000 	C:\WINDOWS\System32\KERNEL32.DLL
0x00007ff9e8c10000 - 0x00007ff9e8e83000 	C:\WINDOWS\System32\KERNELBASE.dll
0x00007ff9e8f90000 - 0x00007ff9e9031000 	C:\WINDOWS\System32\ADVAPI32.dll
0x00007ff9e9230000 - 0x00007ff9e92ce000 	C:\WINDOWS\System32\msvcrt.dll
0x00007ff9eb120000 - 0x00007ff9eb17b000 	C:\WINDOWS\System32\sechost.dll
0x00007ff9eb320000 - 0x00007ff9eb444000 	C:\WINDOWS\System32\RPCRT4.dll
0x00007ff9e90a0000 - 0x00007ff9e9230000 	C:\WINDOWS\System32\USER32.dll
0x00007ff9e86d0000 - 0x00007ff9e86f0000 	C:\WINDOWS\System32\win32u.dll
0x00007ff9e8f50000 - 0x00007ff9e8f78000 	C:\WINDOWS\System32\GDI32.dll
0x00007ff9e89c0000 - 0x00007ff9e8b52000 	C:\WINDOWS\System32\gdi32full.dll
0x00007ff9e8530000 - 0x00007ff9e85cf000 	C:\WINDOWS\System32\msvcp_win.dll
0x00007ff9e85d0000 - 0x00007ff9e86ca000 	C:\WINDOWS\System32\ucrtbase.dll
0x00007ff9bfa50000 - 0x00007ff9bfcb9000 	C:\WINDOWS\WinSxS\amd64_microsoft.windows.common-controls_6595b64144ccf1df_6.0.17134.228_none_fb4599993062b194\COMCTL32.dll
0x00007ff9eb6a0000 - 0x00007ff9eb9c3000 	C:\WINDOWS\System32\combase.dll
0x00007ff9e8940000 - 0x00007ff9e89ba000 	C:\WINDOWS\System32\bcryptPrimitives.dll
0x00007ff9eac80000 - 0x00007ff9eacad000 	C:\WINDOWS\System32\IMM32.DLL
0x0000000070500000 - 0x00000000705d2000 	C:\Program Files\Java\jdk1.8.0_152\jre\bin\msvcr100.dll
0x000000006fc60000 - 0x0000000070500000 	C:\Program Files\Java\jdk1.8.0_152\jre\bin\server\jvm.dll
0x00007ff9e8f40000 - 0x00007ff9e8f48000 	C:\WINDOWS\System32\PSAPI.DLL
0x00007ff9db670000 - 0x00007ff9db679000 	C:\WINDOWS\SYSTEM32\WSOCK32.dll
0x00007ff9eb4d0000 - 0x00007ff9eb53c000 	C:\WINDOWS\System32\WS2_32.dll
0x00007ff9deb20000 - 0x00007ff9deb43000 	C:\WINDOWS\SYSTEM32\WINMM.dll
0x00007ff9e35e0000 - 0x00007ff9e35ea000 	C:\WINDOWS\SYSTEM32\VERSION.dll
0x00007ff9deaf0000 - 0x00007ff9deb1a000 	C:\WINDOWS\SYSTEM32\WINMMBASE.dll
0x00007ff9e7dd0000 - 0x00007ff9e7e19000 	C:\WINDOWS\System32\cfgmgr32.dll
0x000000006fc50000 - 0x000000006fc5f000 	C:\Program Files\Java\jdk1.8.0_152\jre\bin\verify.dll
0x000000006fc20000 - 0x000000006fc49000 	C:\Program Files\Java\jdk1.8.0_152\jre\bin\java.dll
0x000000006fb40000 - 0x000000006fb63000 	C:\Program Files\Java\jdk1.8.0_152\jre\bin\instrument.dll
0x000000006fc00000 - 0x000000006fc16000 	C:\Program Files\Java\jdk1.8.0_152\jre\bin\zip.dll
0x00007ff9e93c0000 - 0x00007ff9ea800000 	C:\WINDOWS\System32\SHELL32.dll
0x00007ff9e8e90000 - 0x00007ff9e8f39000 	C:\WINDOWS\System32\shcore.dll
0x00007ff9e7e20000 - 0x00007ff9e852d000 	C:\WINDOWS\System32\windows.storage.dll
0x00007ff9ea8a0000 - 0x00007ff9ea8f1000 	C:\WINDOWS\System32\shlwapi.dll
0x00007ff9e7da0000 - 0x00007ff9e7db1000 	C:\WINDOWS\System32\kernel.appcore.dll
0x00007ff9e7d60000 - 0x00007ff9e7d7f000 	C:\WINDOWS\System32\profapi.dll
0x00007ff9e7d10000 - 0x00007ff9e7d5c000 	C:\WINDOWS\System32\powrprof.dll
0x00007ff9e7dc0000 - 0x00007ff9e7dca000 	C:\WINDOWS\System32\FLTLIB.DLL
0x00007ff9e3b70000 - 0x00007ff9e3b8a000 	C:\Program Files\JetBrains\IntelliJ IDEA 2017.2\bin\breakgen64.dll
0x000000006f350000 - 0x000000006f36a000 	C:\Program Files\Java\jdk1.8.0_152\jre\bin\net.dll
0x00007ff9e7590000 - 0x00007ff9e75f6000 	C:\WINDOWS\system32\mswsock.dll
0x0000000002c20000 - 0x0000000002c23000 	C:\Program Files\Java\jdk1.8.0_152\jre\bin\api-ms-win-core-console-l1-1-0.dll
0x0000000002c30000 - 0x0000000002c33000 	C:\Program Files\Java\jdk1.8.0_152\jre\bin\api-ms-win-core-datetime-l1-1-0.dll
0x0000000002c40000 - 0x0000000002c43000 	C:\Program Files\Java\jdk1.8.0_152\jre\bin\api-ms-win-core-debug-l1-1-0.dll
0x0000000002c50000 - 0x0000000002c53000 	C:\Program Files\Java\jdk1.8.0_152\jre\bin\api-ms-win-core-errorhandling-l1-1-0.dll
0x0000000002c60000 - 0x0000000002c64000 	C:\Program Files\Java\jdk1.8.0_152\jre\bin\api-ms-win-core-file-l1-1-0.dll
0x0000000002c70000 - 0x0000000002c73000 	C:\Program Files\Java\jdk1.8.0_152\jre\bin\api-ms-win-core-file-l1-2-0.dll
0x0000000002c80000 - 0x0000000002c83000 	C:\Program Files\Java\jdk1.8.0_152\jre\bin\api-ms-win-core-file-l2-1-0.dll
0x0000000002c90000 - 0x0000000002c93000 	C:\Program Files\Java\jdk1.8.0_152\jre\bin\api-ms-win-core-handle-l1-1-0.dll
0x0000000002ca0000 - 0x0000000002ca3000 	C:\Program Files\Java\jdk1.8.0_152\jre\bin\api-ms-win-core-heap-l1-1-0.dll
0x0000000002cb0000 - 0x0000000002cb3000 	C:\Program Files\Java\jdk1.8.0_152\jre\bin\api-ms-win-core-interlocked-l1-1-0.dll
0x0000000002cc0000 - 0x0000000002cc3000 	C:\Program Files\Java\jdk1.8.0_152\jre\bin\api-ms-win-core-libraryloader-l1-1-0.dll
0x000000001a340000 - 0x000000001a343000 	C:\Program Files\Java\jdk1.8.0_152\jre\bin\api-ms-win-core-localization-l1-2-0.dll
0x000000001a350000 - 0x000000001a353000 	C:\Program Files\Java\jdk1.8.0_152\jre\bin\api-ms-win-core-memory-l1-1-0.dll
0x000000001a360000 - 0x000000001a363000 	C:\Program Files\Java\jdk1.8.0_152\jre\bin\api-ms-win-core-namedpipe-l1-1-0.dll
0x000000001a370000 - 0x000000001a373000 	C:\Program Files\Java\jdk1.8.0_152\jre\bin\api-ms-win-core-processenvironment-l1-1-0.dll
0x000000001a380000 - 0x000000001a383000 	C:\Program Files\Java\jdk1.8.0_152\jre\bin\api-ms-win-core-processthreads-l1-1-0.dll
0x000000001a390000 - 0x000000001a393000 	C:\Program Files\Java\jdk1.8.0_152\jre\bin\api-ms-win-core-processthreads-l1-1-1.dll
0x000000001a3a0000 - 0x000000001a3a3000 	C:\Program Files\Java\jdk1.8.0_152\jre\bin\api-ms-win-core-profile-l1-1-0.dll
0x000000001a3b0000 - 0x000000001a3b3000 	C:\Program Files\Java\jdk1.8.0_152\jre\bin\api-ms-win-core-rtlsupport-l1-1-0.dll
0x000000001a3c0000 - 0x000000001a3c3000 	C:\Program Files\Java\jdk1.8.0_152\jre\bin\api-ms-win-core-string-l1-1-0.dll
0x000000001a3d0000 - 0x000000001a3d3000 	C:\Program Files\Java\jdk1.8.0_152\jre\bin\api-ms-win-core-synch-l1-1-0.dll
0x000000001a3e0000 - 0x000000001a3e3000 	C:\Program Files\Java\jdk1.8.0_152\jre\bin\api-ms-win-core-synch-l1-2-0.dll
0x000000001a3f0000 - 0x000000001a3f3000 	C:\Program Files\Java\jdk1.8.0_152\jre\bin\api-ms-win-core-sysinfo-l1-1-0.dll
0x000000001a400000 - 0x000000001a403000 	C:\Program Files\Java\jdk1.8.0_152\jre\bin\api-ms-win-core-timezone-l1-1-0.dll
0x000000001a410000 - 0x000000001a413000 	C:\Program Files\Java\jdk1.8.0_152\jre\bin\api-ms-win-core-util-l1-1-0.dll
0x000000001a420000 - 0x000000001a423000 	C:\Program Files\Java\jdk1.8.0_152\jre\bin\api-ms-win-crt-conio-l1-1-0.dll
0x000000001a430000 - 0x000000001a434000 	C:\Program Files\Java\jdk1.8.0_152\jre\bin\api-ms-win-crt-convert-l1-1-0.dll
0x000000001a440000 - 0x000000001a443000 	C:\Program Files\Java\jdk1.8.0_152\jre\bin\api-ms-win-crt-environment-l1-1-0.dll
0x000000001a450000 - 0x000000001a453000 	C:\Program Files\Java\jdk1.8.0_152\jre\bin\api-ms-win-crt-filesystem-l1-1-0.dll
0x000000001a460000 - 0x000000001a463000 	C:\Program Files\Java\jdk1.8.0_152\jre\bin\api-ms-win-crt-heap-l1-1-0.dll
0x000000001a470000 - 0x000000001a473000 	C:\Program Files\Java\jdk1.8.0_152\jre\bin\api-ms-win-crt-locale-l1-1-0.dll
0x000000001a480000 - 0x000000001a485000 	C:\Program Files\Java\jdk1.8.0_152\jre\bin\api-ms-win-crt-math-l1-1-0.dll
0x000000001a490000 - 0x000000001a495000 	C:\Program Files\Java\jdk1.8.0_152\jre\bin\api-ms-win-crt-multibyte-l1-1-0.dll
0x000000001a4a0000 - 0x000000001a4b0000 	C:\Program Files\Java\jdk1.8.0_152\jre\bin\api-ms-win-crt-private-l1-1-0.dll
0x000000001a4b0000 - 0x000000001a4b3000 	C:\Program Files\Java\jdk1.8.0_152\jre\bin\api-ms-win-crt-process-l1-1-0.dll
0x000000001a4c0000 - 0x000000001a4c4000 	C:\Program Files\Java\jdk1.8.0_152\jre\bin\api-ms-win-crt-runtime-l1-1-0.dll
0x000000001a4d0000 - 0x000000001a4d4000 	C:\Program Files\Java\jdk1.8.0_152\jre\bin\api-ms-win-crt-stdio-l1-1-0.dll
0x000000001a4e0000 - 0x000000001a4e4000 	C:\Program Files\Java\jdk1.8.0_152\jre\bin\api-ms-win-crt-string-l1-1-0.dll
0x000000001a4f0000 - 0x000000001a4f3000 	C:\Program Files\Java\jdk1.8.0_152\jre\bin\api-ms-win-crt-time-l1-1-0.dll
0x000000001a500000 - 0x000000001a503000 	C:\Program Files\Java\jdk1.8.0_152\jre\bin\api-ms-win-crt-utility-l1-1-0.dll
0x00007ff9c8fc0000 - 0x00007ff9c90b6000 	C:\Program Files\Java\jdk1.8.0_152\jre\bin\ucrtbase.dll
0x00007ff9cd180000 - 0x00007ff9cd1d1000 	C:\Program Files\Java\jdk1.8.0_152\jre\bin\concrt140.dll
0x00007ff9c53f0000 - 0x00007ff9c549a000 	C:\WINDOWS\SYSTEM32\MSVCP140.dll
0x00007ff9e3af0000 - 0x00007ff9e3b06000 	C:\WINDOWS\SYSTEM32\VCRUNTIME140.dll
0x00007ff9e3a80000 - 0x00007ff9e3a96000 	C:\Program Files\Java\jdk1.8.0_152\jre\bin\vcruntime140.dll
0x00007ff9a4580000 - 0x00007ff9a461c000 	C:\Program Files\Java\jdk1.8.0_152\jre\bin\msvcp140.dll
0x000000006fb10000 - 0x000000006fb33000 	C:\Program Files\Java\jdk1.8.0_152\jre\bin\prism_d3d.dll
0x00007ff9ce3d0000 - 0x00007ff9ce567000 	C:\WINDOWS\system32\d3d9.dll
0x00007ff9e61d0000 - 0x00007ff9e61f9000 	C:\WINDOWS\SYSTEM32\dwmapi.dll
0x00007ff9e5dc0000 - 0x00007ff9e5e58000 	C:\WINDOWS\system32\uxtheme.dll
0x0000000070930000 - 0x000000007094c000 	C:\Program Files\Java\jdk1.8.0_152\jre\bin\prism_sw.dll
0x000000006fac0000 - 0x000000006fb09000 	C:\Program Files\Java\jdk1.8.0_152\jre\bin\glass.dll
0x00007ff9e92d0000 - 0x00007ff9e93bd000 	C:\WINDOWS\System32\COMDLG32.dll
0x00007ff9eb540000 - 0x00007ff9eb691000 	C:\WINDOWS\System32\ole32.dll
0x00007ff9eb180000 - 0x00007ff9eb242000 	C:\WINDOWS\System32\OLEAUT32.dll
0x00007ff9ea900000 - 0x00007ff9eaa75000 	C:\WINDOWS\System32\MSCTF.dll
0x000000006faa0000 - 0x000000006fab4000 	C:\Program Files\Java\jdk1.8.0_152\jre\bin\javafx_font.dll

VM Arguments:
jvm_args: -javaagent:C:\Program Files\JetBrains\IntelliJ IDEA 2017.2\lib\idea_rt.jar=16379:C:\Program Files\JetBrains\IntelliJ IDEA 2017.2\bin -Dfile.encoding=UTF-8 
java_command: com.mainLogin.Main
java_class_path (initial): C:\Program Files\Java\jdk1.8.0_152\jre\lib\charsets.jar;C:\Program Files\Java\jdk1.8.0_152\jre\lib\deploy.jar;C:\Program Files\Java\jdk1.8.0_152\jre\lib\ext\access-bridge-64.jar;C:\Program Files\Java\jdk1.8.0_152\jre\lib\ext\cldrdata.jar;C:\Program Files\Java\jdk1.8.0_152\jre\lib\ext\dnsns.jar;C:\Program Files\Java\jdk1.8.0_152\jre\lib\ext\jaccess.jar;C:\Program Files\Java\jdk1.8.0_152\jre\lib\ext\jfxrt.jar;C:\Program Files\Java\jdk1.8.0_152\jre\lib\ext\localedata.jar;C:\Program Files\Java\jdk1.8.0_152\jre\lib\ext\nashorn.jar;C:\Program Files\Java\jdk1.8.0_152\jre\lib\ext\sunec.jar;C:\Program Files\Java\jdk1.8.0_152\jre\lib\ext\sunjce_provider.jar;C:\Program Files\Java\jdk1.8.0_152\jre\lib\ext\sunmscapi.jar;C:\Program Files\Java\jdk1.8.0_152\jre\lib\ext\sunpkcs11.jar;C:\Program Files\Java\jdk1.8.0_152\jre\lib\ext\zipfs.jar;C:\Program Files\Java\jdk1.8.0_152\jre\lib\javaws.jar;C:\Program Files\Java\jdk1.8.0_152\jre\lib\jce.jar;C:\Program Files\Java\jdk1.8.0_152\jre\lib\jfr.jar;C:\Program Files\Java\jdk1.8.0_152\jre\lib\jfxswt.jar;C:\Program Files\Java\jdk1.8.0_152\jre\lib\jsse.jar;C:\Program Files\Java\jdk1.8.0_152\jre\lib\management-agent.jar;C:\Program Files\Java\jdk1.8.0_152\jre\lib\plugin.jar;C:\Program Files\Java\jdk1.8.0_152\jre\lib\resources.jar;C:\Program Files\Java\jdk1.8.0_152\jre\lib\rt.jar;C:\Users\dobryansky.a\Documents\Github\Communicator\mainPage\target\classes;C:\Users\dobryansky.a\Documents\Github\Communicator\Library\TrayNotification.jar;C:\Users\dobryansky.a\Documents\Github\Communicator\Library\sqljdbc42.jar;C:\Users\dobryansky.a\Documents\Github\Communicator\Library\XR3PlayerUpdater.jar;C:\Users\dobryansky.a\Documents\Github\Communicator\Library\FilterableTableColumns.jar;C:\Users\dobryansky.a\.m2\repository\no\tornado\fxlauncher\1.0.17\fxlauncher-1.0.17.jar;C:\Users\dobryansky.a\.m2\repository\org\controlsfx\controlsfx\8.40.11\controlsfx-8.40.11.jar;C:\Users\dobryansky.a\.m2\repository\org\fxmisc\richtext\richtextfx\
Launcher Type: SUN_STANDARD

Environment Variables:
JAVA_HOME=C:\Program Files\Java\jdk1.8.0_152\bin
PATH=C:\oraclexe\app\oracle\product\11.2.0\server\bin;C:\Program Files (x86)\Common Files\Oracle\Java\javapath;"C:\ProgramData\Oracle\Java\javapath;";C:\WINDOWS\system32;C:\WINDOWS;C:\WINDOWS\System32\Wbem;C:\WINDOWS\System32\WindowsPowerShell\v1.0\;C:\Program Files\Git\cmd;C:\Program Files\Microsoft SQL Server\120\DTS\Binn\;C:\Program Files\Microsoft SQL Server\Client SDK\ODBC\110\Tools\Binn\;C:\Program Files (x86)\Microsoft SQL Server\120\Tools\Binn\;C:\Program Files\Microsoft SQL Server\120\Tools\Binn\;C:\Program Files (x86)\Microsoft SQL Server\120\Tools\Binn\ManagementStudio\;C:\Program Files (x86)\Microsoft SQL Server\120\DTS\Binn\;C:\WINDOWS\system32\config\systemprofile\.dnx\bin;C:\Program Files\Microsoft DNX\Dnvm\;C:\Program Files\Microsoft SQL Server\130\Tools\Binn\;C:\WINDOWS\System32\OpenSSH\;C:\Program Files\apache-maven-3.5.2\bin;%USERPROFILE%\AppData\Local\Microsoft\WindowsApps;
USERNAME=dobryansky.a
OS=Windows_NT
PROCESSOR_IDENTIFIER=Intel64 Family 6 Model 78 Stepping 3, GenuineIntel



---------------  S Y S T E M  ---------------

OS: Windows 10.0 , 64 bit Build 17134 (10.0.17134.1)

CPU:total 4 (initial active 4) (2 cores per cpu, 2 threads per core) family 6 model 78 stepping 3, cmov, cx8, fxsr, mmx, sse, sse2, sse3, ssse3, sse4.1, sse4.2, popcnt, avx, avx2, aes, clmul, erms, 3dnowpref, lzcnt, ht, tsc, tscinvbit, bmi1, bmi2, adx

Memory: 4k page, physical 8260324k(1501572k free), swap 33426148k(1256k free)

vm_info: Java HotSpot(TM) 64-Bit Server VM (25.152-b16) for windows-amd64 JRE (1.8.0_152-b16), built on Sep 14 2017 02:29:36 by "java_re" with MS VC++ 10.0 (VS2010)

time: Wed Sep 12 10:45:59 2018
elapsed time: 1 seconds (0d 0h 0m 1s)

