#
# There is insufficient memory for the Java Runtime Environment to continue.
# Native memory allocation (malloc) failed to allocate 862256 bytes for Chunk::new
# Possible reasons:
#   The system is out of physical RAM or swap space
#   In 32 bit mode, the process size limit was hit
# Possible solutions:
#   Reduce memory load on the system
#   Increase physical memory or swap space
#   Check if swap backing store is full
#   Use 64 bit Java on a 64 bit OS
#   Decrease Java heap size (-Xmx/-Xms)
#   Decrease number of Java threads
#   Decrease Java thread stack sizes (-Xss)
#   Set larger code cache with -XX:ReservedCodeCacheSize=
# This output file may be truncated or incomplete.
#
#  Out of Memory Error (allocation.cpp:390), pid=11360, tid=0x0000000000006a70
#
# JRE version: Java(TM) SE Runtime Environment (8.0_152-b16) (build 1.8.0_152-b16)
# Java VM: Java HotSpot(TM) 64-Bit Server VM (25.152-b16 mixed mode windows-amd64 compressed oops)
# Failed to write core dump. Minidumps are not enabled by default on client versions of Windows
#

---------------  T H R E A D  ---------------

Current thread (0x000000001b68c800):  JavaThread "C2 CompilerThread1" daemon [_thread_in_native, id=27248, stack(0x000000001b950000,0x000000001ba50000)]

Stack: [0x000000001b950000,0x000000001ba50000]
[error occurred during error reporting (printing stack bounds), id 0xc0000005]

Native frames: (J=compiled Java code, j=interpreted, Vv=VM code, C=native code)


Current CompileTask:
C2:  29201 7584       4       com.sun.prism.impl.ps.BaseShaderGraphics::drawString (819 bytes)


---------------  P R O C E S S  ---------------

Java Threads: ( => current thread )
  0x000000001c2ba000 JavaThread "com.mchange.v2.async.ThreadPoolAsynchronousRunner$PoolThread-#2" daemon [_thread_blocked, id=21156, stack(0x000000002af10000,0x000000002b010000)]
  0x000000001c2b9800 JavaThread "com.mchange.v2.async.ThreadPoolAsynchronousRunner$PoolThread-#1" daemon [_thread_blocked, id=10560, stack(0x000000002ae10000,0x000000002af10000)]
  0x000000001c2b8800 JavaThread "com.mchange.v2.async.ThreadPoolAsynchronousRunner$PoolThread-#0" daemon [_thread_blocked, id=19036, stack(0x000000002ad10000,0x000000002ae10000)]
  0x000000001c2b6800 JavaThread "Timer-0" daemon [_thread_blocked, id=12540, stack(0x000000002ac10000,0x000000002ad10000)]
  0x000000001c2b8000 JavaThread "Prism Font Disposer" daemon [_thread_blocked, id=20552, stack(0x0000000027610000,0x0000000027710000)]
  0x000000001c2b5800 JavaThread "JavaFX-Launcher" [_thread_blocked, id=1084, stack(0x0000000023f00000,0x0000000024000000)]
  0x000000001c16c800 JavaThread "AWT-Windows" daemon [_thread_in_native, id=25100, stack(0x0000000023d00000,0x0000000023e00000)]
  0x000000001c2be000 JavaThread "Java2D Disposer" daemon [_thread_blocked, id=21440, stack(0x0000000023b00000,0x0000000023c00000)]
  0x000000001c060800 JavaThread "Thread-2" daemon [_thread_in_native, id=20228, stack(0x00000000235c0000,0x00000000236c0000)]
  0x000000001bf63000 JavaThread "JavaFX Application Thread" [_thread_in_native, id=28208, stack(0x000000001cb60000,0x000000001cc60000)]
  0x000000001bf3e000 JavaThread "Thread-1" daemon [_thread_blocked, id=33396, stack(0x000000001ca60000,0x000000001cb60000)]
  0x000000001bf3d800 JavaThread "QuantumRenderer-0" daemon [_thread_blocked, id=10476, stack(0x000000001c790000,0x000000001c890000)]
  0x000000001b710000 JavaThread "Service Thread" daemon [_thread_blocked, id=8940, stack(0x000000001bb50000,0x000000001bc50000)]
  0x000000001b68f800 JavaThread "C1 CompilerThread2" daemon [_thread_blocked, id=26024, stack(0x000000001ba50000,0x000000001bb50000)]
=>0x000000001b68c800 JavaThread "C2 CompilerThread1" daemon [_thread_in_native, id=27248, stack(0x000000001b950000,0x000000001ba50000)]
  0x000000001b63a000 JavaThread "C2 CompilerThread0" daemon [_thread_in_native, id=28500, stack(0x000000001b850000,0x000000001b950000)]
  0x000000001b685800 JavaThread "Monitor Ctrl-Break" daemon [_thread_in_native, id=22228, stack(0x000000001b750000,0x000000001b850000)]
  0x0000000019d0d800 JavaThread "Attach Listener" daemon [_thread_blocked, id=17628, stack(0x000000001b250000,0x000000001b350000)]
  0x0000000019d0c800 JavaThread "Signal Dispatcher" daemon [_thread_blocked, id=10652, stack(0x000000001b150000,0x000000001b250000)]
  0x0000000019ceb800 JavaThread "Finalizer" daemon [_thread_blocked, id=32140, stack(0x000000001af60000,0x000000001b060000)]
  0x00000000051d4000 JavaThread "Reference Handler" daemon [_thread_blocked, id=34736, stack(0x000000001ae60000,0x000000001af60000)]
  0x00000000050e5800 JavaThread "main" [_thread_blocked, id=26004, stack(0x0000000004e60000,0x0000000004f60000)]

Other Threads:
  0x0000000019cc7800 VMThread [stack: 0x000000001ad60000,0x000000001ae60000] [id=27568]
  0x000000001bc78800 WatcherThread [stack: 0x000000001c450000,0x000000001c550000] [id=25672]

VM state:not at safepoint (normal execution)

VM Mutex/Monitor currently owned by a thread: None

Heap:
 PSYoungGen      total 122368K, used 40914K [0x00000000d5f80000, 0x00000000de000000, 0x0000000100000000)
  eden space 117248K, 34% used [0x00000000d5f80000,0x00000000d8774a38,0x00000000dd200000)
  from space 5120K, 0% used [0x00000000dd700000,0x00000000dd700000,0x00000000ddc00000)
  to   space 5120K, 0% used [0x00000000dd200000,0x00000000dd200000,0x00000000dd700000)
 ParOldGen       total 129024K, used 92149K [0x0000000081e00000, 0x0000000089c00000, 0x00000000d5f80000)
  object space 129024K, 71% used [0x0000000081e00000,0x00000000877fd630,0x0000000089c00000)
 Metaspace       used 36544K, capacity 38994K, committed 39040K, reserved 1083392K
  class space    used 4826K, capacity 5222K, committed 5248K, reserved 1048576K

Card table byte_map: [0x00000000145a0000,0x00000000149a0000] byte_map_base: 0x0000000014191000

Marking Bits: (ParMarkBitMap*) 0x0000000060fb0860
 Begin Bits: [0x0000000015050000, 0x0000000016fd8000)
 End Bits:   [0x0000000016fd8000, 0x0000000018f60000)

Polling page: 0x0000000003200000

CodeCache: size=245760Kb used=22022Kb max_used=22034Kb free=223737Kb
 bounds [0x00000000051e0000, 0x0000000006780000, 0x00000000141e0000]
 total_blobs=7637 nmethods=6802 adapters=744
 compilation: enabled

Compilation events (10 events):
Event: 29.103 Thread 0x000000001b63a000 nmethod 7614 0x0000000006774790 code [0x00000000067748e0, 0x00000000067749f8]
Event: 29.109 Thread 0x000000001b63a000 7615       4       java.util.AbstractList::listIterator (6 bytes)
Event: 29.110 Thread 0x000000001b63a000 nmethod 7615 0x00000000065f75d0 code [0x00000000065f7700, 0x00000000065f7778]
Event: 29.116 Thread 0x000000001b68f800 7616       3       com.sun.javafx.sg.prism.NodeEffectInput::flushTransformedImage (25 bytes)
Event: 29.117 Thread 0x000000001b68f800 nmethod 7616 0x000000000677cc10 code [0x000000000677cd80, 0x000000000677cf88]
Event: 29.117 Thread 0x000000001b68f800 7617       3       com.sun.javafx.geom.transform.Affine2D::<init> (10 bytes)
Event: 29.117 Thread 0x000000001b68f800 nmethod 7617 0x000000000677c690 code [0x000000000677c800, 0x000000000677caa8]
Event: 29.135 Thread 0x000000001b63a000 7618       4       java.util.WeakHashMap$HashIterator::hasNext (95 bytes)
Event: 29.143 Thread 0x000000001b63a000 nmethod 7618 0x00000000067764d0 code [0x0000000006776620, 0x00000000067767f8]
Event: 29.143 Thread 0x000000001b63a000 7619       4       com.sun.javafx.sg.prism.NGText::renderContent2D (355 bytes)

GC Heap History (10 events):
Event: 13.091 GC heap before
{Heap before GC invocations=5 (full 1):
 PSYoungGen      total 71680K, used 71664K [0x00000000d5f80000, 0x00000000ddc00000, 0x0000000100000000)
  eden space 66560K, 100% used [0x00000000d5f80000,0x00000000da080000,0x00000000da080000)
  from space 5120K, 99% used [0x00000000da080000,0x00000000da57c010,0x00000000da580000)
  to   space 5120K, 0% used [0x00000000dd700000,0x00000000dd700000,0x00000000ddc00000)
 ParOldGen       total 64512K, used 18975K [0x0000000081e00000, 0x0000000085d00000, 0x00000000d5f80000)
  object space 64512K, 29% used [0x0000000081e00000,0x0000000083087fb0,0x0000000085d00000)
 Metaspace       used 31876K, capacity 33190K, committed 33280K, reserved 1077248K
  class space    used 4299K, capacity 4570K, committed 4608K, reserved 1048576K
Event: 13.136 GC heap after
Heap after GC invocations=5 (full 1):
 PSYoungGen      total 122368K, used 5088K [0x00000000d5f80000, 0x00000000de000000, 0x0000000100000000)
  eden space 117248K, 0% used [0x00000000d5f80000,0x00000000d5f80000,0x00000000dd200000)
  from space 5120K, 99% used [0x00000000dd700000,0x00000000ddbf8010,0x00000000ddc00000)
  to   space 5120K, 0% used [0x00000000dd200000,0x00000000dd200000,0x00000000dd700000)
 ParOldGen       total 64512K, used 44021K [0x0000000081e00000, 0x0000000085d00000, 0x00000000d5f80000)
  object space 64512K, 68% used [0x0000000081e00000,0x00000000848fd710,0x0000000085d00000)
 Metaspace       used 31876K, capacity 33190K, committed 33280K, reserved 1077248K
  class space    used 4299K, capacity 4570K, committed 4608K, reserved 1048576K
}
Event: 13.136 GC heap before
{Heap before GC invocations=6 (full 2):
 PSYoungGen      total 122368K, used 5088K [0x00000000d5f80000, 0x00000000de000000, 0x0000000100000000)
  eden space 117248K, 0% used [0x00000000d5f80000,0x00000000d5f80000,0x00000000dd200000)
  from space 5120K, 99% used [0x00000000dd700000,0x00000000ddbf8010,0x00000000ddc00000)
  to   space 5120K, 0% used [0x00000000dd200000,0x00000000dd200000,0x00000000dd700000)
 ParOldGen       total 64512K, used 44021K [0x0000000081e00000, 0x0000000085d00000, 0x00000000d5f80000)
  object space 64512K, 68% used [0x0000000081e00000,0x00000000848fd710,0x0000000085d00000)
 Metaspace       used 31876K, capacity 33190K, committed 33280K, reserved 1077248K
  class space    used 4299K, capacity 4570K, committed 4608K, reserved 1048576K
Event: 13.370 GC heap after
Heap after GC invocations=6 (full 2):
 PSYoungGen      total 122368K, used 0K [0x00000000d5f80000, 0x00000000de000000, 0x0000000100000000)
  eden space 117248K, 0% used [0x00000000d5f80000,0x00000000d5f80000,0x00000000dd200000)
  from space 5120K, 0% used [0x00000000dd700000,0x00000000dd700000,0x00000000ddc00000)
  to   space 5120K, 0% used [0x00000000dd200000,0x00000000dd200000,0x00000000dd700000)
 ParOldGen       total 129024K, used 34216K [0x0000000081e00000, 0x0000000089c00000, 0x00000000d5f80000)
  object space 129024K, 26% used [0x0000000081e00000,0x0000000083f6a2e0,0x0000000089c00000)
 Metaspace       used 31876K, capacity 33190K, committed 33280K, reserved 1077248K
  class space    used 4299K, capacity 4570K, committed 4608K, reserved 1048576K
}
Event: 16.307 GC heap before
{Heap before GC invocations=7 (full 2):
 PSYoungGen      total 122368K, used 117248K [0x00000000d5f80000, 0x00000000de000000, 0x0000000100000000)
  eden space 117248K, 100% used [0x00000000d5f80000,0x00000000dd200000,0x00000000dd200000)
  from space 5120K, 0% used [0x00000000dd700000,0x00000000dd700000,0x00000000ddc00000)
  to   space 5120K, 0% used [0x00000000dd200000,0x00000000dd200000,0x00000000dd700000)
 ParOldGen       total 129024K, used 34216K [0x0000000081e00000, 0x0000000089c00000, 0x00000000d5f80000)
  object space 129024K, 26% used [0x0000000081e00000,0x0000000083f6a2e0,0x0000000089c00000)
 Metaspace       used 32639K, capacity 34192K, committed 34432K, reserved 1079296K
  class space    used 4379K, capacity 4689K, committed 4736K, reserved 1048576K
Event: 16.376 GC heap after
Heap after GC invocations=7 (full 2):
 PSYoungGen      total 122368K, used 5119K [0x00000000d5f80000, 0x00000000de000000, 0x0000000100000000)
  eden space 117248K, 0% used [0x00000000d5f80000,0x00000000d5f80000,0x00000000dd200000)
  from space 5120K, 99% used [0x00000000dd200000,0x00000000dd6ffca0,0x00000000dd700000)
  to   space 5120K, 0% used [0x00000000dd700000,0x00000000dd700000,0x00000000ddc00000)
 ParOldGen       total 129024K, used 78332K [0x0000000081e00000, 0x0000000089c00000, 0x00000000d5f80000)
  object space 129024K, 60% used [0x0000000081e00000,0x0000000086a7f228,0x0000000089c00000)
 Metaspace       used 32639K, capacity 34192K, committed 34432K, reserved 1079296K
  class space    used 4379K, capacity 4689K, committed 4736K, reserved 1048576K
}
Event: 22.521 GC heap before
{Heap before GC invocations=8 (full 2):
 PSYoungGen      total 122368K, used 122367K [0x00000000d5f80000, 0x00000000de000000, 0x0000000100000000)
  eden space 117248K, 100% used [0x00000000d5f80000,0x00000000dd200000,0x00000000dd200000)
  from space 5120K, 99% used [0x00000000dd200000,0x00000000dd6ffca0,0x00000000dd700000)
  to   space 5120K, 0% used [0x00000000dd700000,0x00000000dd700000,0x00000000ddc00000)
 ParOldGen       total 129024K, used 78332K [0x0000000081e00000, 0x0000000089c00000, 0x00000000d5f80000)
  object space 129024K, 60% used [0x0000000081e00000,0x0000000086a7f228,0x0000000089c00000)
 Metaspace       used 36274K, capacity 38552K, committed 38784K, reserved 1083392K
  class space    used 4806K, capacity 5185K, committed 5248K, reserved 1048576K
Event: 22.574 GC heap after
Heap after GC invocations=8 (full 2):
 PSYoungGen      total 122368K, used 5094K [0x00000000d5f80000, 0x00000000de000000, 0x0000000100000000)
  eden space 117248K, 0% used [0x00000000d5f80000,0x00000000d5f80000,0x00000000dd200000)
  from space 5120K, 99% used [0x00000000dd700000,0x00000000ddbf9958,0x00000000ddc00000)
  to   space 5120K, 0% used [0x00000000dd200000,0x00000000dd200000,0x00000000dd700000)
 ParOldGen       total 129024K, used 111495K [0x0000000081e00000, 0x0000000089c00000, 0x00000000d5f80000)
  object space 129024K, 86% used [0x0000000081e00000,0x0000000088ae1ca8,0x0000000089c00000)
 Metaspace       used 36274K, capacity 38552K, committed 38784K, reserved 1083392K
  class space    used 4806K, capacity 5185K, committed 5248K, reserved 1048576K
}
Event: 22.574 GC heap before
{Heap before GC invocations=9 (full 3):
 PSYoungGen      total 122368K, used 5094K [0x00000000d5f80000, 0x00000000de000000, 0x0000000100000000)
  eden space 117248K, 0% used [0x00000000d5f80000,0x00000000d5f80000,0x00000000dd200000)
  from space 5120K, 99% used [0x00000000dd700000,0x00000000ddbf9958,0x00000000ddc00000)
  to   space 5120K, 0% used [0x00000000dd200000,0x00000000dd200000,0x00000000dd700000)
 ParOldGen       total 129024K, used 111495K [0x0000000081e00000, 0x0000000089c00000, 0x00000000d5f80000)
  object space 129024K, 86% used [0x0000000081e00000,0x0000000088ae1ca8,0x0000000089c00000)
 Metaspace       used 36274K, capacity 38552K, committed 38784K, reserved 1083392K
  class space    used 4806K, capacity 5185K, committed 5248K, reserved 1048576K
Event: 23.266 GC heap after
Heap after GC invocations=9 (full 3):
 PSYoungGen      total 122368K, used 0K [0x00000000d5f80000, 0x00000000de000000, 0x0000000100000000)
  eden space 117248K, 0% used [0x00000000d5f80000,0x00000000d5f80000,0x00000000dd200000)
  from space 5120K, 0% used [0x00000000dd700000,0x00000000dd700000,0x00000000ddc00000)
  to   space 5120K, 0% used [0x00000000dd200000,0x00000000dd200000,0x00000000dd700000)
 ParOldGen       total 129024K, used 92149K [0x0000000081e00000, 0x0000000089c00000, 0x00000000d5f80000)
  object space 129024K, 71% used [0x0000000081e00000,0x00000000877fd630,0x0000000089c00000)
 Metaspace       used 36274K, capacity 38552K, committed 38784K, reserved 1083392K
  class space    used 4806K, capacity 5185K, committed 5248K, reserved 1048576K
}

Deoptimization events (10 events):
Event: 24.941 Thread 0x000000001bf63000 Uncommon trap: reason=class_check action=maybe_recompile pc=0x0000000006554ed8 method=javafx.scene.Node.updateLocalToParentTransform()V @ 400
Event: 24.941 Thread 0x000000001bf63000 Uncommon trap: reason=class_check action=maybe_recompile pc=0x0000000006554ed8 method=javafx.scene.Node.updateLocalToParentTransform()V @ 400
Event: 26.752 Thread 0x000000001bf63000 Uncommon trap: reason=predicate action=maybe_recompile pc=0x00000000066ae03c method=java.util.AbstractCollection.toArray([Ljava/lang/Object;)[Ljava/lang/Object; @ 49
Event: 26.922 Thread 0x000000001bf63000 Uncommon trap: reason=unstable_if action=reinterpret pc=0x0000000006521c08 method=javafx.scene.Node.impl_intersectsBounds(Lcom/sun/javafx/geom/PickRay;)D @ 902
Event: 27.345 Thread 0x000000001bf63000 Uncommon trap: reason=array_check action=maybe_recompile pc=0x00000000066cd998 method=java.util.AbstractCollection.toArray([Ljava/lang/Object;)[Ljava/lang/Object; @ 119
Event: 27.346 Thread 0x000000001bf63000 Uncommon trap: reason=array_check action=maybe_recompile pc=0x00000000066cd998 method=java.util.AbstractCollection.toArray([Ljava/lang/Object;)[Ljava/lang/Object; @ 119
Event: 27.346 Thread 0x000000001bf63000 Uncommon trap: reason=array_check action=maybe_recompile pc=0x00000000066cd998 method=java.util.AbstractCollection.toArray([Ljava/lang/Object;)[Ljava/lang/Object; @ 119
Event: 27.346 Thread 0x000000001bf63000 Uncommon trap: reason=array_check action=maybe_recompile pc=0x00000000066cd998 method=java.util.AbstractCollection.toArray([Ljava/lang/Object;)[Ljava/lang/Object; @ 119
Event: 28.145 Thread 0x000000001bf63000 Uncommon trap: reason=unstable_if action=reinterpret pc=0x00000000064ce9a4 method=javafx.scene.Node.setTreeVisible(Z)V @ 51
Event: 28.219 Thread 0x000000001bf3d800 Uncommon trap: reason=unstable_if action=reinterpret pc=0x00000000065864fc method=com.sun.prism.d3d.D3DTextureResource.isValid()Z @ 4

Classes redefined (0 events):
No events

Internal exceptions (10 events):
Event: 18.276 Thread 0x000000001bf63000 Exception <a 'java/io/FileNotFoundException'> (0x00000000d97a2fd0) thrown at [C:\re\workspace\8-2-build-windows-amd64-cygwin\jdk8u152\9742\hotspot\src\share\vm\prims\jni.cpp, line 709]
Event: 18.276 Thread 0x000000001bf63000 Exception <a 'java/io/FileNotFoundException'> (0x00000000d97a4db8) thrown at [C:\re\workspace\8-2-build-windows-amd64-cygwin\jdk8u152\9742\hotspot\src\share\vm\prims\jni.cpp, line 709]
Event: 24.785 Thread 0x000000001bf63000 Implicit null exception at 0x00000000065f7cfe to 0x00000000065f7e47
Event: 25.060 Thread 0x000000001bf3d800 Implicit null exception at 0x00000000064ab51a to 0x00000000064ab636
Event: 25.060 Thread 0x000000001bf3d800 Exception <a 'java/lang/NullPointerException'> (0x00000000d7b4dcc8) thrown at [C:\re\workspace\8-2-build-windows-amd64-cygwin\jdk8u152\9742\hotspot\src\share\vm\runtime\sharedRuntime.cpp, line 605]
Event: 25.074 Thread 0x000000001bf3d800 Implicit null exception at 0x00000000064ab51a to 0x00000000064ab636
Event: 25.074 Thread 0x000000001bf3d800 Exception <a 'java/lang/NullPointerException'> (0x00000000d7b6c320) thrown at [C:\re\workspace\8-2-build-windows-amd64-cygwin\jdk8u152\9742\hotspot\src\share\vm\runtime\sharedRuntime.cpp, line 605]
Event: 25.109 Thread 0x000000001bf3d800 Implicit null exception at 0x00000000064ab51a to 0x00000000064ab636
Event: 25.109 Thread 0x000000001bf3d800 Exception <a 'java/lang/NullPointerException'> (0x00000000d7bab1a0) thrown at [C:\re\workspace\8-2-build-windows-amd64-cygwin\jdk8u152\9742\hotspot\src\share\vm\runtime\sharedRuntime.cpp, line 605]
Event: 28.219 Thread 0x000000001bf3d800 Implicit null exception at 0x0000000006586490 to 0x00000000065864e9

Events (10 events):
Event: 27.346 Thread 0x000000001bf63000 DEOPT PACKING pc=0x00000000066cd998 sp=0x000000001cc5cd30
Event: 27.346 Thread 0x000000001bf63000 DEOPT UNPACKING pc=0x000000000522582a sp=0x000000001cc5ccb8 mode 2
Event: 28.145 Thread 0x000000001bf63000 Uncommon trap: trap_request=0xffffff65 fr.pc=0x00000000064ce9a4
Event: 28.145 Thread 0x000000001bf63000 DEOPT PACKING pc=0x00000000064ce9a4 sp=0x000000001cc5cf40
Event: 28.145 Thread 0x000000001bf63000 DEOPT UNPACKING pc=0x000000000522582a sp=0x000000001cc5ce88 mode 2
Event: 28.219 Thread 0x000000001bf3d800 Uncommon trap: trap_request=0xffffff65 fr.pc=0x00000000065864fc
Event: 28.220 Thread 0x000000001bf3d800 DEOPT PACKING pc=0x00000000065864fc sp=0x000000001c88c5e0
Event: 28.220 Thread 0x000000001bf3d800 DEOPT UNPACKING pc=0x000000000522582a sp=0x000000001c88c580 mode 2
Event: 28.277 Thread 0x000000001bf3d800 DEOPT PACKING pc=0x0000000005f87714 sp=0x000000001c88ce90
Event: 28.277 Thread 0x000000001bf3d800 DEOPT UNPACKING pc=0x000000000522787f sp=0x000000001c88cbb8 mode 0


Dynamic libraries:
0x00007ff706a60000 - 0x00007ff706a97000 	C:\Program Files\Java\jdk1.8.0_152\bin\java.exe
0x00007ffea2310000 - 0x00007ffea24f0000 	C:\WINDOWS\SYSTEM32\ntdll.dll
0x00007ffea1960000 - 0x00007ffea1a0e000 	C:\WINDOWS\System32\KERNEL32.DLL
0x00007ffe9e860000 - 0x00007ffe9eac6000 	C:\WINDOWS\System32\KERNELBASE.dll
0x00007ffea1410000 - 0x00007ffea14b1000 	C:\WINDOWS\System32\ADVAPI32.dll
0x00007ffea14c0000 - 0x00007ffea155d000 	C:\WINDOWS\System32\msvcrt.dll
0x00007ffea12a0000 - 0x00007ffea12fb000 	C:\WINDOWS\System32\sechost.dll
0x00007ffea1bb0000 - 0x00007ffea1ccf000 	C:\WINDOWS\System32\RPCRT4.dll
0x00007ffea2120000 - 0x00007ffea22af000 	C:\WINDOWS\System32\USER32.dll
0x00007ffe9f7c0000 - 0x00007ffe9f7e0000 	C:\WINDOWS\System32\win32u.dll
0x00007ffea22b0000 - 0x00007ffea22d8000 	C:\WINDOWS\System32\GDI32.dll
0x00007ffe9edf0000 - 0x00007ffe9ef83000 	C:\WINDOWS\System32\gdi32full.dll
0x00007ffe9ead0000 - 0x00007ffe9eb6b000 	C:\WINDOWS\System32\msvcp_win.dll
0x00007ffe9e710000 - 0x00007ffe9e806000 	C:\WINDOWS\System32\ucrtbase.dll
0x00007ffe92950000 - 0x00007ffe92bb9000 	C:\WINDOWS\WinSxS\amd64_microsoft.windows.common-controls_6595b64144ccf1df_6.0.16299.431_none_15c7d3ee93659e73\COMCTL32.dll
0x00007ffea0cb0000 - 0x00007ffea0fb8000 	C:\WINDOWS\System32\combase.dll
0x00007ffe9ef90000 - 0x00007ffe9f002000 	C:\WINDOWS\System32\bcryptPrimitives.dll
0x00007ffea1a10000 - 0x00007ffea1a3d000 	C:\WINDOWS\System32\IMM32.DLL
0x0000000064370000 - 0x0000000064442000 	C:\Program Files\Java\jdk1.8.0_152\jre\bin\msvcr100.dll
0x0000000060790000 - 0x0000000061030000 	C:\Program Files\Java\jdk1.8.0_152\jre\bin\server\jvm.dll
0x00007ffea1940000 - 0x00007ffea1948000 	C:\WINDOWS\System32\PSAPI.DLL
0x00007ffe87f20000 - 0x00007ffe87f29000 	C:\WINDOWS\SYSTEM32\WSOCK32.dll
0x00007ffea1560000 - 0x00007ffea15cc000 	C:\WINDOWS\System32\WS2_32.dll
0x00007ffe97860000 - 0x00007ffe9786a000 	C:\WINDOWS\SYSTEM32\VERSION.dll
0x00007ffe9c6a0000 - 0x00007ffe9c6c3000 	C:\WINDOWS\SYSTEM32\WINMM.dll
0x00007ffe9c5b0000 - 0x00007ffe9c5da000 	C:\WINDOWS\SYSTEM32\winmmbase.dll
0x00007ffe9e810000 - 0x00007ffe9e85a000 	C:\WINDOWS\System32\cfgmgr32.dll
0x0000000064360000 - 0x000000006436f000 	C:\Program Files\Java\jdk1.8.0_152\jre\bin\verify.dll
0x0000000064330000 - 0x0000000064359000 	C:\Program Files\Java\jdk1.8.0_152\jre\bin\java.dll
0x0000000064810000 - 0x0000000064833000 	C:\Program Files\Java\jdk1.8.0_152\jre\bin\instrument.dll
0x0000000064310000 - 0x0000000064326000 	C:\Program Files\Java\jdk1.8.0_152\jre\bin\zip.dll
0x00007ffe9f870000 - 0x00007ffea0ca8000 	C:\WINDOWS\System32\SHELL32.dll
0x00007ffea1b00000 - 0x00007ffea1ba6000 	C:\WINDOWS\System32\shcore.dll
0x00007ffe9f010000 - 0x00007ffe9f757000 	C:\WINDOWS\System32\windows.storage.dll
0x00007ffea1770000 - 0x00007ffea17c1000 	C:\WINDOWS\System32\shlwapi.dll
0x00007ffe9e6f0000 - 0x00007ffe9e701000 	C:\WINDOWS\System32\kernel.appcore.dll
0x00007ffe9e660000 - 0x00007ffe9e6ac000 	C:\WINDOWS\System32\powrprof.dll
0x00007ffe9e6b0000 - 0x00007ffe9e6cb000 	C:\WINDOWS\System32\profapi.dll
0x00007ffe91710000 - 0x00007ffe9172a000 	C:\Program Files\JetBrains\IntelliJ IDEA 2017.2\bin\breakgen64.dll
0x00000000642f0000 - 0x000000006430a000 	C:\Program Files\Java\jdk1.8.0_152\jre\bin\net.dll
0x00007ffe9def0000 - 0x00007ffe9df56000 	C:\WINDOWS\system32\mswsock.dll
0x0000000004f90000 - 0x0000000004f93000 	C:\Program Files\Java\jdk1.8.0_152\jre\bin\api-ms-win-core-console-l1-1-0.dll
0x0000000004fa0000 - 0x0000000004fa3000 	C:\Program Files\Java\jdk1.8.0_152\jre\bin\api-ms-win-core-datetime-l1-1-0.dll
0x0000000004fb0000 - 0x0000000004fb3000 	C:\Program Files\Java\jdk1.8.0_152\jre\bin\api-ms-win-core-debug-l1-1-0.dll
0x0000000004fc0000 - 0x0000000004fc3000 	C:\Program Files\Java\jdk1.8.0_152\jre\bin\api-ms-win-core-errorhandling-l1-1-0.dll
0x000000001c550000 - 0x000000001c554000 	C:\Program Files\Java\jdk1.8.0_152\jre\bin\api-ms-win-core-file-l1-1-0.dll
0x000000001c560000 - 0x000000001c563000 	C:\Program Files\Java\jdk1.8.0_152\jre\bin\api-ms-win-core-file-l1-2-0.dll
0x000000001c570000 - 0x000000001c573000 	C:\Program Files\Java\jdk1.8.0_152\jre\bin\api-ms-win-core-file-l2-1-0.dll
0x000000001c580000 - 0x000000001c583000 	C:\Program Files\Java\jdk1.8.0_152\jre\bin\api-ms-win-core-handle-l1-1-0.dll
0x000000001c590000 - 0x000000001c593000 	C:\Program Files\Java\jdk1.8.0_152\jre\bin\api-ms-win-core-heap-l1-1-0.dll
0x000000001c5a0000 - 0x000000001c5a3000 	C:\Program Files\Java\jdk1.8.0_152\jre\bin\api-ms-win-core-interlocked-l1-1-0.dll
0x000000001c5b0000 - 0x000000001c5b3000 	C:\Program Files\Java\jdk1.8.0_152\jre\bin\api-ms-win-core-libraryloader-l1-1-0.dll
0x000000001c5c0000 - 0x000000001c5c3000 	C:\Program Files\Java\jdk1.8.0_152\jre\bin\api-ms-win-core-localization-l1-2-0.dll
0x000000001c5d0000 - 0x000000001c5d3000 	C:\Program Files\Java\jdk1.8.0_152\jre\bin\api-ms-win-core-memory-l1-1-0.dll
0x000000001c5e0000 - 0x000000001c5e3000 	C:\Program Files\Java\jdk1.8.0_152\jre\bin\api-ms-win-core-namedpipe-l1-1-0.dll
0x000000001c5f0000 - 0x000000001c5f3000 	C:\Program Files\Java\jdk1.8.0_152\jre\bin\api-ms-win-core-processenvironment-l1-1-0.dll
0x000000001c600000 - 0x000000001c603000 	C:\Program Files\Java\jdk1.8.0_152\jre\bin\api-ms-win-core-processthreads-l1-1-0.dll
0x000000001c610000 - 0x000000001c613000 	C:\Program Files\Java\jdk1.8.0_152\jre\bin\api-ms-win-core-processthreads-l1-1-1.dll
0x000000001c620000 - 0x000000001c623000 	C:\Program Files\Java\jdk1.8.0_152\jre\bin\api-ms-win-core-profile-l1-1-0.dll
0x000000001c630000 - 0x000000001c633000 	C:\Program Files\Java\jdk1.8.0_152\jre\bin\api-ms-win-core-rtlsupport-l1-1-0.dll
0x000000001c640000 - 0x000000001c643000 	C:\Program Files\Java\jdk1.8.0_152\jre\bin\api-ms-win-core-string-l1-1-0.dll
0x000000001c650000 - 0x000000001c653000 	C:\Program Files\Java\jdk1.8.0_152\jre\bin\api-ms-win-core-synch-l1-1-0.dll
0x000000001c660000 - 0x000000001c663000 	C:\Program Files\Java\jdk1.8.0_152\jre\bin\api-ms-win-core-synch-l1-2-0.dll
0x000000001c670000 - 0x000000001c673000 	C:\Program Files\Java\jdk1.8.0_152\jre\bin\api-ms-win-core-sysinfo-l1-1-0.dll
0x000000001c680000 - 0x000000001c683000 	C:\Program Files\Java\jdk1.8.0_152\jre\bin\api-ms-win-core-timezone-l1-1-0.dll
0x000000001c690000 - 0x000000001c693000 	C:\Program Files\Java\jdk1.8.0_152\jre\bin\api-ms-win-core-util-l1-1-0.dll
0x000000001c6a0000 - 0x000000001c6a3000 	C:\Program Files\Java\jdk1.8.0_152\jre\bin\api-ms-win-crt-conio-l1-1-0.dll
0x000000001c6b0000 - 0x000000001c6b4000 	C:\Program Files\Java\jdk1.8.0_152\jre\bin\api-ms-win-crt-convert-l1-1-0.dll
0x000000001c6c0000 - 0x000000001c6c3000 	C:\Program Files\Java\jdk1.8.0_152\jre\bin\api-ms-win-crt-environment-l1-1-0.dll
0x000000001c6d0000 - 0x000000001c6d3000 	C:\Program Files\Java\jdk1.8.0_152\jre\bin\api-ms-win-crt-filesystem-l1-1-0.dll
0x000000001c6e0000 - 0x000000001c6e3000 	C:\Program Files\Java\jdk1.8.0_152\jre\bin\api-ms-win-crt-heap-l1-1-0.dll
0x000000001c6f0000 - 0x000000001c6f3000 	C:\Program Files\Java\jdk1.8.0_152\jre\bin\api-ms-win-crt-locale-l1-1-0.dll
0x000000001c700000 - 0x000000001c705000 	C:\Program Files\Java\jdk1.8.0_152\jre\bin\api-ms-win-crt-math-l1-1-0.dll
0x000000001c710000 - 0x000000001c715000 	C:\Program Files\Java\jdk1.8.0_152\jre\bin\api-ms-win-crt-multibyte-l1-1-0.dll
0x000000001c720000 - 0x000000001c730000 	C:\Program Files\Java\jdk1.8.0_152\jre\bin\api-ms-win-crt-private-l1-1-0.dll
0x000000001c730000 - 0x000000001c733000 	C:\Program Files\Java\jdk1.8.0_152\jre\bin\api-ms-win-crt-process-l1-1-0.dll
0x000000001c740000 - 0x000000001c744000 	C:\Program Files\Java\jdk1.8.0_152\jre\bin\api-ms-win-crt-runtime-l1-1-0.dll
0x000000001c750000 - 0x000000001c754000 	C:\Program Files\Java\jdk1.8.0_152\jre\bin\api-ms-win-crt-stdio-l1-1-0.dll
0x000000001c760000 - 0x000000001c764000 	C:\Program Files\Java\jdk1.8.0_152\jre\bin\api-ms-win-crt-string-l1-1-0.dll
0x000000001c770000 - 0x000000001c773000 	C:\Program Files\Java\jdk1.8.0_152\jre\bin\api-ms-win-crt-time-l1-1-0.dll
0x000000001c780000 - 0x000000001c783000 	C:\Program Files\Java\jdk1.8.0_152\jre\bin\api-ms-win-crt-utility-l1-1-0.dll
0x00007ffe81e10000 - 0x00007ffe81f06000 	C:\Program Files\Java\jdk1.8.0_152\jre\bin\ucrtbase.dll
0x00007ffe8e600000 - 0x00007ffe8e651000 	C:\Program Files\Java\jdk1.8.0_152\jre\bin\concrt140.dll
0x00007ffe6f300000 - 0x00007ffe6f3aa000 	C:\WINDOWS\SYSTEM32\MSVCP140.dll
0x00007ffe90120000 - 0x00007ffe90136000 	C:\WINDOWS\SYSTEM32\VCRUNTIME140.dll
0x00007ffe8e5e0000 - 0x00007ffe8e5f6000 	C:\Program Files\Java\jdk1.8.0_152\jre\bin\vcruntime140.dll
0x00007ffe6f190000 - 0x00007ffe6f22c000 	C:\Program Files\Java\jdk1.8.0_152\jre\bin\msvcp140.dll
0x00000000647e0000 - 0x0000000064803000 	C:\Program Files\Java\jdk1.8.0_152\jre\bin\prism_d3d.dll
0x00007ffe684e0000 - 0x00007ffe68675000 	C:\WINDOWS\system32\d3d9.dll
0x00007ffe9cc30000 - 0x00007ffe9cc5a000 	C:\WINDOWS\SYSTEM32\dwmapi.dll
0x00007ffe9c830000 - 0x00007ffe9c8c5000 	C:\WINDOWS\system32\uxtheme.dll
0x00007ffe3db40000 - 0x00007ffe419f7000 	C:\WINDOWS\System32\DriverStore\FileRepository\igdlh64.inf_amd64_0959185ccf48eaa8\igdumdim64.dll
0x00007ffea0fc0000 - 0x00007ffea1109000 	C:\WINDOWS\System32\ole32.dll
0x00007ffea17d0000 - 0x00007ffea1895000 	C:\WINDOWS\System32\OLEAUT32.dll
0x00007ffea1cd0000 - 0x00007ffea211e000 	C:\WINDOWS\System32\SETUPAPI.dll
0x0000000064790000 - 0x00000000647d9000 	C:\Program Files\Java\jdk1.8.0_152\jre\bin\glass.dll
0x00007ffea1300000 - 0x00007ffea140a000 	C:\WINDOWS\System32\COMDLG32.dll
0x00007ffea1130000 - 0x00007ffea1297000 	C:\WINDOWS\System32\MSCTF.dll
0x00007ffe949e0000 - 0x00007ffe95fd1000 	C:\WINDOWS\System32\DriverStore\FileRepository\igdlh64.inf_amd64_0959185ccf48eaa8\igc64.dll
0x0000000064770000 - 0x0000000064784000 	C:\Program Files\Java\jdk1.8.0_152\jre\bin\javafx_font.dll
0x00007ffe90e90000 - 0x00007ffe911a0000 	C:\WINDOWS\SYSTEM32\dwrite.dll
0x00000000645d0000 - 0x0000000064768000 	C:\Program Files\Java\jdk1.8.0_152\jre\bin\awt.dll
0x00007ffe9c5e0000 - 0x00007ffe9c668000 	C:\WINDOWS\SYSTEM32\apphelp.dll
0x00007ffea18a0000 - 0x00007ffea193e000 	C:\WINDOWS\System32\clbcatq.dll
0x00007ffe98a20000 - 0x00007ffe98bcb000 	C:\WINDOWS\SYSTEM32\WindowsCodecs.dll
0x00007ffe89f30000 - 0x00007ffe89f7f000 	C:\WINDOWS\system32\dataexchange.dll
0x00007ffe9bd30000 - 0x00007ffe9be72000 	C:\WINDOWS\system32\dcomp.dll
0x00007ffe9b2e0000 - 0x00007ffe9b5c2000 	C:\WINDOWS\system32\d3d11.dll
0x00007ffe9d4f0000 - 0x00007ffe9d59f000 	C:\WINDOWS\system32\dxgi.dll
0x00007ffe9cd70000 - 0x00007ffe9ceeb000 	C:\WINDOWS\system32\twinapi.appcore.dll
0x00007ffe9e1c0000 - 0x00007ffe9e1e5000 	C:\WINDOWS\system32\bcrypt.dll
0x00007ffe9cd20000 - 0x00007ffe9cd40000 	C:\WINDOWS\system32\RMCLIENT.dll
0x00007ffe8e5a0000 - 0x00007ffe8e5d4000 	C:\Program Files\Common Files\Microsoft Shared\Ink\rtscom.dll
0x00007ffe96210000 - 0x00007ffe962a8000 	C:\WINDOWS\System32\TextInputFramework.dll
0x00007ffe98560000 - 0x00007ffe9884e000 	C:\WINDOWS\System32\CoreUIComponents.dll
0x00007ffe9bbc0000 - 0x00007ffe9bc9c000 	C:\WINDOWS\System32\CoreMessaging.dll
0x00007ffe9a650000 - 0x00007ffe9a786000 	C:\WINDOWS\SYSTEM32\wintypes.dll
0x00007ffe9d710000 - 0x00007ffe9d741000 	C:\WINDOWS\SYSTEM32\ntmarta.dll
0x00000000645b0000 - 0x00000000645c2000 	C:\Program Files\Java\jdk1.8.0_152\jre\bin\prism_common.dll
0x00007ffe9e0c0000 - 0x00007ffe9e0d7000 	C:\WINDOWS\SYSTEM32\CRYPTSP.dll
0x00007ffe9daf0000 - 0x00007ffe9db23000 	C:\WINDOWS\system32\rsaenh.dll
0x00007ffe9e560000 - 0x00007ffe9e589000 	C:\WINDOWS\SYSTEM32\USERENV.dll
0x00007ffe9e0b0000 - 0x00007ffe9e0bb000 	C:\WINDOWS\SYSTEM32\CRYPTBASE.dll
0x00007ffe9dc80000 - 0x00007ffe9dcb9000 	C:\WINDOWS\SYSTEM32\IPHLPAPI.DLL
0x00007ffe9f860000 - 0x00007ffe9f868000 	C:\WINDOWS\System32\NSI.dll
0x00007ffe9a200000 - 0x00007ffe9a216000 	C:\WINDOWS\SYSTEM32\dhcpcsvc6.DLL
0x00007ffe9a180000 - 0x00007ffe9a19a000 	C:\WINDOWS\SYSTEM32\dhcpcsvc.DLL
0x00000000642d0000 - 0x00000000642e1000 	C:\Program Files\Java\jdk1.8.0_152\jre\bin\nio.dll

VM Arguments:
jvm_args: -javaagent:C:\Program Files\JetBrains\IntelliJ IDEA 2017.2\lib\idea_rt.jar=29983:C:\Program Files\JetBrains\IntelliJ IDEA 2017.2\bin -Dfile.encoding=UTF-8 
java_command: com.mainLogin.Main
java_class_path (initial): C:\Program Files\Java\jdk1.8.0_152\jre\lib\charsets.jar;C:\Program Files\Java\jdk1.8.0_152\jre\lib\deploy.jar;C:\Program Files\Java\jdk1.8.0_152\jre\lib\ext\access-bridge-64.jar;C:\Program Files\Java\jdk1.8.0_152\jre\lib\ext\cldrdata.jar;C:\Program Files\Java\jdk1.8.0_152\jre\lib\ext\dnsns.jar;C:\Program Files\Java\jdk1.8.0_152\jre\lib\ext\jaccess.jar;C:\Program Files\Java\jdk1.8.0_152\jre\lib\ext\jfxrt.jar;C:\Program Files\Java\jdk1.8.0_152\jre\lib\ext\localedata.jar;C:\Program Files\Java\jdk1.8.0_152\jre\lib\ext\nashorn.jar;C:\Program Files\Java\jdk1.8.0_152\jre\lib\ext\sunec.jar;C:\Program Files\Java\jdk1.8.0_152\jre\lib\ext\sunjce_provider.jar;C:\Program Files\Java\jdk1.8.0_152\jre\lib\ext\sunmscapi.jar;C:\Program Files\Java\jdk1.8.0_152\jre\lib\ext\sunpkcs11.jar;C:\Program Files\Java\jdk1.8.0_152\jre\lib\ext\zipfs.jar;C:\Program Files\Java\jdk1.8.0_152\jre\lib\javaws.jar;C:\Program Files\Java\jdk1.8.0_152\jre\lib\jce.jar;C:\Program Files\Java\jdk1.8.0_152\jre\lib\jfr.jar;C:\Program Files\Java\jdk1.8.0_152\jre\lib\jfxswt.jar;C:\Program Files\Java\jdk1.8.0_152\jre\lib\jsse.jar;C:\Program Files\Java\jdk1.8.0_152\jre\lib\management-agent.jar;C:\Program Files\Java\jdk1.8.0_152\jre\lib\plugin.jar;C:\Program Files\Java\jdk1.8.0_152\jre\lib\resources.jar;C:\Program Files\Java\jdk1.8.0_152\jre\lib\rt.jar;C:\Users\dobryansky.a\Documents\Github\Communicator\mainPage\target\classes;C:\Users\dobryansky.a\Documents\Github\Communicator\Library\TrayNotification.jar;C:\Users\dobryansky.a\Documents\Github\Communicator\Library\sqljdbc42.jar;C:\Users\dobryansky.a\Documents\Github\Communicator\Library\XR3PlayerUpdater.jar;C:\Users\dobryansky.a\Documents\Github\Communicator\Library\FilterableTableColumns.jar;C:\Users\dobryansky.a\.m2\repository\no\tornado\fxlauncher\1.0.17\fxlauncher-1.0.17.jar;C:\Users\dobryansky.a\.m2\repository\org\controlsfx\controlsfx\8.40.11\controlsfx-8.40.11.jar;C:\Users\dobryansky.a\.m2\repository\org\fxmisc\richtext\richtextfx\
Launcher Type: SUN_STANDARD

Environment Variables:
JAVA_HOME=C:\Program Files\Java\jdk1.8.0_152
PATH=C:\Program Files (x86)\Common Files\Oracle\Java\javapath;C:\ProgramData\Oracle\Java\javapath;C:\WINDOWS\system32;C:\WINDOWS;C:\WINDOWS\System32\Wbem;C:\WINDOWS\System32\WindowsPowerShell\v1.0\;C:\Program Files (x86)\Skype\Phone\;C:\Program Files\Git\cmd;C:\Program Files\Microsoft SQL Server\120\DTS\Binn\;C:\Program Files\Microsoft SQL Server\Client SDK\ODBC\110\Tools\Binn\;C:\Program Files (x86)\Microsoft SQL Server\120\Tools\Binn\;C:\Program Files\Microsoft SQL Server\120\Tools\Binn\;C:\Program Files (x86)\Microsoft SQL Server\120\Tools\Binn\ManagementStudio\;C:\Program Files (x86)\Microsoft SQL Server\120\DTS\Binn\;C:\WINDOWS\system32\config\systemprofile\.dnx\bin;C:\Program Files\Microsoft DNX\Dnvm\;C:\Program Files\Microsoft SQL Server\130\Tools\Binn\;C:\Program Files\apache-maven-3.5.2\bin;%USERPROFILE%\AppData\Local\Microsoft\WindowsApps;
USERNAME=dobryansky.a
OS=Windows_NT
PROCESSOR_IDENTIFIER=Intel64 Family 6 Model 78 Stepping 3, GenuineIntel



---------------  S Y S T E M  ---------------

OS: Windows 10.0 , 64 bit Build 16299 (10.0.16299.431)

CPU:total 4 (initial active 4) (2 cores per cpu, 2 threads per core) family 6 model 78 stepping 3, cmov, cx8, fxsr, mmx, sse, sse2, sse3, ssse3, sse4.1, sse4.2, popcnt, avx, avx2, aes, clmul, erms, 3dnowpref, lzcnt, ht, tsc, tscinvbit, bmi1, bmi2, adx

Memory: 4k page, physical 8260324k(366140k free), swap 21575084k(5320k free)

vm_info: Java HotSpot(TM) 64-Bit Server VM (25.152-b16) for windows-amd64 JRE (1.8.0_152-b16), built on Sep 14 2017 02:29:36 by "java_re" with MS VC++ 10.0 (VS2010)

time: Tue Jul 10 10:45:42 2018
elapsed time: 29 seconds (0d 0h 0m 29s)

