#
# There is insufficient memory for the Java Runtime Environment to continue.
# Native memory allocation (malloc) failed to allocate 32744 bytes for ChunkPool::allocate
# Possible reasons:
#   The system is out of physical RAM or swap space
#   In 32 bit mode, the process size limit was hit
# Possible solutions:
#   Reduce memory load on the system
#   Increase physical memory or swap space
#   Check if swap backing store is full
#   Use 64 bit Java on a 64 bit OS
#   Decrease Java heap size (-Xmx/-Xms)
#   Decrease number of Java threads
#   Decrease Java thread stack sizes (-Xss)
#   Set larger code cache with -XX:ReservedCodeCacheSize=
# This output file may be truncated or incomplete.
#
#  Out of Memory Error (allocation.cpp:273), pid=15996, tid=0x00000000000001dc
#
# JRE version: Java(TM) SE Runtime Environment (8.0_144-b01) (build 1.8.0_144-b01)
# Java VM: Java HotSpot(TM) 64-Bit Server VM (25.144-b01 mixed mode windows-amd64 compressed oops)
# Failed to write core dump. Minidumps are not enabled by default on client versions of Windows
#

---------------  T H R E A D  ---------------

Current thread (0x000000001eb00800):  JavaThread "C2 CompilerThread1" daemon [_thread_in_native, id=476, stack(0x000000001f040000,0x000000001f140000)]

Stack: [0x000000001f040000,0x000000001f140000]
[error occurred during error reporting (printing stack bounds), id 0xc0000005]

Native frames: (J=compiled Java code, j=interpreted, Vv=VM code, C=native code)


Current CompileTask:
C2:   9855 5201       4       javafx.scene.CssStyleHelper::lookupFont (1234 bytes)


---------------  P R O C E S S  ---------------

Java Threads: ( => current thread )
  0x000000001f6e9000 JavaThread "Prism Font Disposer" daemon [_thread_blocked, id=5312, stack(0x0000000024270000,0x0000000024370000)]
  0x000000001f57e800 JavaThread "Thread-3" daemon [_thread_in_native, id=13236, stack(0x00000000234e0000,0x00000000235e0000)]
  0x000000001f57e000 JavaThread "JavaFX-Launcher" [_thread_blocked, id=1284, stack(0x00000000235e0000,0x00000000236e0000)]
  0x000000001f530800 JavaThread "JavaFX Application Thread" [_thread_blocked, id=7520, stack(0x00000000203e0000,0x00000000204e0000)]
  0x000000001f52d800 JavaThread "Thread-1" daemon [_thread_blocked, id=12840, stack(0x00000000202e0000,0x00000000203e0000)]
  0x000000001f4cc800 JavaThread "QuantumRenderer-0" daemon [_thread_in_native, id=15628, stack(0x000000001fc40000,0x000000001fd40000)]
  0x000000001ebb0000 JavaThread "Service Thread" daemon [_thread_blocked, id=8800, stack(0x000000001f240000,0x000000001f340000)]
  0x000000001eb02000 JavaThread "C1 CompilerThread2" daemon [_thread_blocked, id=6760, stack(0x000000001f140000,0x000000001f240000)]
=>0x000000001eb00800 JavaThread "C2 CompilerThread1" daemon [_thread_in_native, id=476, stack(0x000000001f040000,0x000000001f140000)]
  0x000000001eb05000 JavaThread "C2 CompilerThread0" daemon [_thread_in_native, id=8388, stack(0x000000001ef40000,0x000000001f040000)]
  0x000000001ea98800 JavaThread "Monitor Ctrl-Break" daemon [_thread_in_native, id=4556, stack(0x000000001ee40000,0x000000001ef40000)]
  0x000000001cdcb000 JavaThread "Attach Listener" daemon [_thread_blocked, id=12216, stack(0x000000001e940000,0x000000001ea40000)]
  0x000000001cdc9800 JavaThread "Signal Dispatcher" daemon [_thread_blocked, id=14200, stack(0x000000001e840000,0x000000001e940000)]
  0x000000001cdac000 JavaThread "Finalizer" daemon [_thread_blocked, id=8400, stack(0x000000001e650000,0x000000001e750000)]
  0x000000001cd8b000 JavaThread "Reference Handler" daemon [_thread_blocked, id=10280, stack(0x000000001e550000,0x000000001e650000)]
  0x0000000003422800 JavaThread "main" [_thread_blocked, id=8712, stack(0x0000000003120000,0x0000000003220000)]

Other Threads:
  0x000000001cd87800 VMThread [stack: 0x000000001e450000,0x000000001e550000] [id=7044]
  0x000000001ebb7800 WatcherThread [stack: 0x000000001f340000,0x000000001f440000] [id=9712]

VM state:not at safepoint (normal execution)

VM Mutex/Monitor currently owned by a thread: None

Heap:
 PSYoungGen      total 113664K, used 19131K [0x000000076af00000, 0x0000000772b00000, 0x00000007c0000000)
  eden space 102912K, 8% used [0x000000076af00000,0x000000076b736bf0,0x0000000771380000)
  from space 10752K, 99% used [0x0000000772080000,0x0000000772af8020,0x0000000772b00000)
  to   space 10752K, 0% used [0x0000000771600000,0x0000000771600000,0x0000000772080000)
 ParOldGen       total 98304K, used 26215K [0x00000006c0c00000, 0x00000006c6c00000, 0x000000076af00000)
  object space 98304K, 26% used [0x00000006c0c00000,0x00000006c2599c10,0x00000006c6c00000)
 Metaspace       used 27939K, capacity 29738K, committed 29824K, reserved 1075200K
  class space    used 3827K, capacity 4166K, committed 4224K, reserved 1048576K

Card table byte_map: [0x00000000128e0000,0x00000000130e0000] byte_map_base: 0x000000000f2da000

Marking Bits: (ParMarkBitMap*) 0x000000005176d850
 Begin Bits: [0x0000000013c40000, 0x0000000017c10000)
 End Bits:   [0x0000000017c10000, 0x000000001bbe0000)

Polling page: 0x00000000013a0000

CodeCache: size=245760Kb used=16570Kb max_used=16666Kb free=229189Kb
 bounds [0x0000000003520000, 0x0000000004570000, 0x0000000012520000]
 total_blobs=5965 nmethods=5223 adapters=653
 compilation: enabled

Compilation events (10 events):
Event: 9.836 Thread 0x000000001eb02000 5289       2       com.sun.javafx.geom.transform.Affine2D::reset3Delements (1 bytes)
Event: 9.836 Thread 0x000000001eb02000 nmethod 5289 0x0000000003630090 code [0x00000000036301e0, 0x0000000003630330]
Event: 9.837 Thread 0x000000001eb02000 5290       2       com.sun.javafx.geom.transform.AffineBase::rotate (149 bytes)
Event: 9.838 Thread 0x000000001eb02000 nmethod 5290 0x000000000362dd50 code [0x000000000362df40, 0x000000000362e638]
Event: 9.842 Thread 0x000000001eb02000 5291       2       javafx.animation.Animation::syncClipEnvelope (56 bytes)
Event: 9.843 Thread 0x000000001eb02000 nmethod 5291 0x00000000036311d0 code [0x0000000003631380, 0x0000000003631718]
Event: 9.844 Thread 0x000000001eb02000 5292       2       com.sun.scenario.animation.shared.ClipEnvelope::updateCycleTicks (9 bytes)
Event: 9.844 Thread 0x000000001eb02000 nmethod 5292 0x0000000003637b90 code [0x0000000003637d20, 0x0000000003637ea8]
Event: 9.844 Thread 0x000000001eb02000 5293       1       javafx.scene.Scene$MouseHandler::access$7700 (5 bytes)
Event: 9.844 Thread 0x000000001eb02000 nmethod 5293 0x0000000003641490 code [0x00000000036415e0, 0x00000000036416d0]

GC Heap History (10 events):
Event: 2.833 GC heap before
{Heap before GC invocations=1 (full 0):
 PSYoungGen      total 76288K, used 65536K [0x000000076af00000, 0x0000000770400000, 0x00000007c0000000)
  eden space 65536K, 100% used [0x000000076af00000,0x000000076ef00000,0x000000076ef00000)
  from space 10752K, 0% used [0x000000076f980000,0x000000076f980000,0x0000000770400000)
  to   space 10752K, 0% used [0x000000076ef00000,0x000000076ef00000,0x000000076f980000)
 ParOldGen       total 175104K, used 0K [0x00000006c0c00000, 0x00000006cb700000, 0x000000076af00000)
  object space 175104K, 0% used [0x00000006c0c00000,0x00000006c0c00000,0x00000006cb700000)
 Metaspace       used 18316K, capacity 19112K, committed 19328K, reserved 1064960K
  class space    used 2652K, capacity 2857K, committed 2944K, reserved 1048576K
Event: 2.845 GC heap after
Heap after GC invocations=1 (full 0):
 PSYoungGen      total 76288K, used 8011K [0x000000076af00000, 0x0000000770400000, 0x00000007c0000000)
  eden space 65536K, 0% used [0x000000076af00000,0x000000076af00000,0x000000076ef00000)
  from space 10752K, 74% used [0x000000076ef00000,0x000000076f6d2ee0,0x000000076f980000)
  to   space 10752K, 0% used [0x000000076f980000,0x000000076f980000,0x0000000770400000)
 ParOldGen       total 175104K, used 88K [0x00000006c0c00000, 0x00000006cb700000, 0x000000076af00000)
  object space 175104K, 0% used [0x00000006c0c00000,0x00000006c0c16010,0x00000006cb700000)
 Metaspace       used 18316K, capacity 19112K, committed 19328K, reserved 1064960K
  class space    used 2652K, capacity 2857K, committed 2944K, reserved 1048576K
}
Event: 3.171 GC heap before
{Heap before GC invocations=2 (full 0):
 PSYoungGen      total 76288K, used 27809K [0x000000076af00000, 0x0000000770400000, 0x00000007c0000000)
  eden space 65536K, 30% used [0x000000076af00000,0x000000076c255748,0x000000076ef00000)
  from space 10752K, 74% used [0x000000076ef00000,0x000000076f6d2ee0,0x000000076f980000)
  to   space 10752K, 0% used [0x000000076f980000,0x000000076f980000,0x0000000770400000)
 ParOldGen       total 175104K, used 88K [0x00000006c0c00000, 0x00000006cb700000, 0x000000076af00000)
  object space 175104K, 0% used [0x00000006c0c00000,0x00000006c0c16010,0x00000006cb700000)
 Metaspace       used 20470K, capacity 21226K, committed 21248K, reserved 1067008K
  class space    used 2859K, capacity 3060K, committed 3072K, reserved 1048576K
Event: 3.186 GC heap after
Heap after GC invocations=2 (full 0):
 PSYoungGen      total 76288K, used 10228K [0x000000076af00000, 0x0000000774400000, 0x00000007c0000000)
  eden space 65536K, 0% used [0x000000076af00000,0x000000076af00000,0x000000076ef00000)
  from space 10752K, 95% used [0x000000076f980000,0x000000077037d2b0,0x0000000770400000)
  to   space 10752K, 0% used [0x000000076ef00000,0x000000076ef00000,0x000000076f980000)
 ParOldGen       total 175104K, used 96K [0x00000006c0c00000, 0x00000006cb700000, 0x000000076af00000)
  object space 175104K, 0% used [0x00000006c0c00000,0x00000006c0c18010,0x00000006cb700000)
 Metaspace       used 20470K, capacity 21226K, committed 21248K, reserved 1067008K
  class space    used 2859K, capacity 3060K, committed 3072K, reserved 1048576K
}
Event: 3.186 GC heap before
{Heap before GC invocations=3 (full 1):
 PSYoungGen      total 76288K, used 10228K [0x000000076af00000, 0x0000000774400000, 0x00000007c0000000)
  eden space 65536K, 0% used [0x000000076af00000,0x000000076af00000,0x000000076ef00000)
  from space 10752K, 95% used [0x000000076f980000,0x000000077037d2b0,0x0000000770400000)
  to   space 10752K, 0% used [0x000000076ef00000,0x000000076ef00000,0x000000076f980000)
 ParOldGen       total 175104K, used 96K [0x00000006c0c00000, 0x00000006cb700000, 0x000000076af00000)
  object space 175104K, 0% used [0x00000006c0c00000,0x00000006c0c18010,0x00000006cb700000)
 Metaspace       used 20470K, capacity 21226K, committed 21248K, reserved 1067008K
  class space    used 2859K, capacity 3060K, committed 3072K, reserved 1048576K
Event: 3.226 GC heap after
Heap after GC invocations=3 (full 1):
 PSYoungGen      total 76288K, used 0K [0x000000076af00000, 0x0000000774400000, 0x00000007c0000000)
  eden space 65536K, 0% used [0x000000076af00000,0x000000076af00000,0x000000076ef00000)
  from space 10752K, 0% used [0x000000076f980000,0x000000076f980000,0x0000000770400000)
  to   space 10752K, 0% used [0x000000076ef00000,0x000000076ef00000,0x000000076f980000)
 ParOldGen       total 98304K, used 9984K [0x00000006c0c00000, 0x00000006c6c00000, 0x000000076af00000)
  object space 98304K, 10% used [0x00000006c0c00000,0x00000006c15c01f0,0x00000006c6c00000)
 Metaspace       used 20470K, capacity 21226K, committed 21248K, reserved 1067008K
  class space    used 2859K, capacity 3060K, committed 3072K, reserved 1048576K
}
Event: 4.401 GC heap before
{Heap before GC invocations=4 (full 1):
 PSYoungGen      total 76288K, used 65536K [0x000000076af00000, 0x0000000774400000, 0x00000007c0000000)
  eden space 65536K, 100% used [0x000000076af00000,0x000000076ef00000,0x000000076ef00000)
  from space 10752K, 0% used [0x000000076f980000,0x000000076f980000,0x0000000770400000)
  to   space 10752K, 0% used [0x000000076ef00000,0x000000076ef00000,0x000000076f980000)
 ParOldGen       total 98304K, used 9984K [0x00000006c0c00000, 0x00000006c6c00000, 0x000000076af00000)
  object space 98304K, 10% used [0x00000006c0c00000,0x00000006c15c01f0,0x00000006c6c00000)
 Metaspace       used 25416K, capacity 26920K, committed 27136K, reserved 1073152K
  class space    used 3546K, capacity 3813K, committed 3840K, reserved 1048576K
Event: 4.412 GC heap after
Heap after GC invocations=4 (full 1):
 PSYoungGen      total 76288K, used 7539K [0x000000076af00000, 0x0000000772b00000, 0x00000007c0000000)
  eden space 65536K, 0% used [0x000000076af00000,0x000000076af00000,0x000000076ef00000)
  from space 10752K, 70% used [0x000000076ef00000,0x000000076f65cc60,0x000000076f980000)
  to   space 10752K, 0% used [0x0000000772080000,0x0000000772080000,0x0000000772b00000)
 ParOldGen       total 98304K, used 9992K [0x00000006c0c00000, 0x00000006c6c00000, 0x000000076af00000)
  object space 98304K, 10% used [0x00000006c0c00000,0x00000006c15c21f0,0x00000006c6c00000)
 Metaspace       used 25416K, capacity 26920K, committed 27136K, reserved 1073152K
  class space    used 3546K, capacity 3813K, committed 3840K, reserved 1048576K
}
Event: 9.617 GC heap before
{Heap before GC invocations=5 (full 1):
 PSYoungGen      total 76288K, used 73075K [0x000000076af00000, 0x0000000772b00000, 0x00000007c0000000)
  eden space 65536K, 100% used [0x000000076af00000,0x000000076ef00000,0x000000076ef00000)
  from space 10752K, 70% used [0x000000076ef00000,0x000000076f65cc60,0x000000076f980000)
  to   space 10752K, 0% used [0x0000000772080000,0x0000000772080000,0x0000000772b00000)
 ParOldGen       total 98304K, used 9992K [0x00000006c0c00000, 0x00000006c6c00000, 0x000000076af00000)
  object space 98304K, 10% used [0x00000006c0c00000,0x00000006c15c21f0,0x00000006c6c00000)
 Metaspace       used 27867K, capacity 29656K, committed 29824K, reserved 1075200K
  class space    used 3824K, capacity 4163K, committed 4224K, reserved 1048576K
Event: 9.658 GC heap after
Heap after GC invocations=5 (full 1):
 PSYoungGen      total 113664K, used 10720K [0x000000076af00000, 0x0000000772b00000, 0x00000007c0000000)
  eden space 102912K, 0% used [0x000000076af00000,0x000000076af00000,0x0000000771380000)
  from space 10752K, 99% used [0x0000000772080000,0x0000000772af8020,0x0000000772b00000)
  to   space 10752K, 0% used [0x0000000771600000,0x0000000771600000,0x0000000772080000)
 ParOldGen       total 98304K, used 26215K [0x00000006c0c00000, 0x00000006c6c00000, 0x000000076af00000)
  object space 98304K, 26% used [0x00000006c0c00000,0x00000006c2599c10,0x00000006c6c00000)
 Metaspace       used 27867K, capacity 29656K, committed 29824K, reserved 1075200K
  class space    used 3824K, capacity 4163K, committed 4224K, reserved 1048576K
}

Deoptimization events (10 events):
Event: 7.315 Thread 0x000000001f530800 Uncommon trap: reason=bimorphic action=maybe_recompile pc=0x000000000422e6d4 method=javafx.beans.property.StringPropertyBase.get()Ljava/lang/String; @ 23
Event: 7.344 Thread 0x000000001f530800 Uncommon trap: reason=bimorphic action=maybe_recompile pc=0x000000000414bd88 method=javafx.beans.property.StringPropertyBase.get()Ljava/lang/String; @ 23
Event: 7.346 Thread 0x000000001f530800 Uncommon trap: reason=unstable_if action=reinterpret pc=0x00000000040f6e00 method=javafx.scene.CssStyleHelper.lookupInheritedFontProperty(Ljavafx/css/Styleable;Ljava/lang/String;Lcom/sun/javafx/css/StyleMap;ILcom/sun/javafx/css/CascadingStyle;)Lcom/sun/ja
Event: 7.347 Thread 0x000000001f530800 Uncommon trap: reason=unstable_if action=reinterpret pc=0x0000000003ee5a24 method=javafx.scene.CssStyleHelper.resolveRef(Ljavafx/css/Styleable;Ljava/lang/String;Lcom/sun/javafx/css/StyleMap;Ljava/util/Set;)Lcom/sun/javafx/css/CascadingStyle; @ 66
Event: 7.529 Thread 0x000000001f530800 Uncommon trap: reason=bimorphic action=maybe_recompile pc=0x000000000431baf8 method=javafx.scene.Node.getGeomBounds(Lcom/sun/javafx/geom/BaseBounds;Lcom/sun/javafx/geom/transform/BaseTransform;)Lcom/sun/javafx/geom/BaseBounds; @ 21
Event: 9.434 Thread 0x000000001f530800 Uncommon trap: reason=unstable_if action=reinterpret pc=0x0000000004327d38 method=javafx.scene.Node.updateBounds()V @ 37
Event: 9.439 Thread 0x000000001f530800 Uncommon trap: reason=unstable_if action=reinterpret pc=0x00000000043371b8 method=javafx.scene.Node.updateBounds()V @ 37
Event: 9.674 Thread 0x000000001f530800 Uncommon trap: reason=bimorphic action=maybe_recompile pc=0x00000000040eb744 method=com.sun.javafx.css.CompoundSelector.stateMatches(Ljavafx/css/Styleable;Ljava/util/Set;I)Z @ 160
Event: 9.808 Thread 0x000000001f4cc800 Uncommon trap: reason=unstable_if action=reinterpret pc=0x00000000044c2694 method=com.sun.javafx.geom.transform.AffineBase.updateState2D()V @ 33
Event: 9.808 Thread 0x000000001f4cc800 Uncommon trap: reason=unstable_if action=reinterpret pc=0x00000000044670f4 method=com.sun.javafx.geom.transform.AffineBase.updateState2D()V @ 33

Internal exceptions (10 events):
Event: 3.481 Thread 0x000000001f530800 Exception <a 'java/lang/ClassNotFoundException': sample/mainPage/NotFulled/OfferingRequest/OfferingRequestCustomizer> (0x000000076c08dfe0) thrown at [C:\re\workspace\8-2-build-windows-amd64-cygwin\jdk8u144\9417\hotspot\src\share\vm\classfile\systemDiction
Event: 3.553 Thread 0x000000001f530800 Exception <a 'java/lang/ClassNotFoundException': sample/mainPage/NotFulled/NotFulfilledBeanInfo> (0x000000076c4baae8) thrown at [C:\re\workspace\8-2-build-windows-amd64-cygwin\jdk8u144\9417\hotspot\src\share\vm\classfile\systemDictionary.cpp, line 210]
Event: 3.554 Thread 0x000000001f530800 Exception <a 'java/lang/ClassNotFoundException': sample/mainPage/NotFulled/NotFulfilledCustomizer> (0x000000076c4c2958) thrown at [C:\re\workspace\8-2-build-windows-amd64-cygwin\jdk8u144\9417\hotspot\src\share\vm\classfile\systemDictionary.cpp, line 210]
Event: 3.663 Thread 0x000000001f530800 Exception <a 'java/lang/ClassNotFoundException': sample/mainPage/InProcessing/InProcessingBeanInfo> (0x000000076cdfe598) thrown at [C:\re\workspace\8-2-build-windows-amd64-cygwin\jdk8u144\9417\hotspot\src\share\vm\classfile\systemDictionary.cpp, line 210]
Event: 3.663 Thread 0x000000001f530800 Exception <a 'java/lang/ClassNotFoundException': sample/mainPage/InProcessing/InProcessingCustomizer> (0x000000076ce06858) thrown at [C:\re\workspace\8-2-build-windows-amd64-cygwin\jdk8u144\9417\hotspot\src\share\vm\classfile\systemDictionary.cpp, line 21
Event: 4.146 Thread 0x000000001f530800 Implicit null exception at 0x0000000003e6ff1f to 0x0000000003e70509
Event: 7.256 Thread 0x000000001f530800 Implicit null exception at 0x0000000004202a9d to 0x000000000420a7c1
Event: 7.256 Thread 0x000000001f530800 Implicit null exception at 0x0000000004246a8c to 0x000000000424de81
Event: 9.553 Thread 0x000000001f530800 Exception <a 'java/lang/ClassNotFoundException': sample/mainPage/createRequest/searchCounterpart/CounterpartBeanInfo> (0x000000076eb5d0f8) thrown at [C:\re\workspace\8-2-build-windows-amd64-cygwin\jdk8u144\9417\hotspot\src\share\vm\classfile\systemDiction
Event: 9.554 Thread 0x000000001f530800 Exception <a 'java/lang/ClassNotFoundException': sample/mainPage/createRequest/searchCounterpart/CounterpartCustomizer> (0x000000076eb66750) thrown at [C:\re\workspace\8-2-build-windows-amd64-cygwin\jdk8u144\9417\hotspot\src\share\vm\classfile\systemDicti

Events (10 events):
Event: 9.834 Thread 0x000000001eb02000 flushing nmethod 0x0000000003650ed0
Event: 9.834 Thread 0x000000001eb02000 flushing nmethod 0x0000000003652f90
Event: 9.835 Thread 0x000000001eb02000 flushing nmethod 0x000000000366a250
Event: 9.835 Thread 0x000000001eb02000 flushing nmethod 0x0000000003693a90
Event: 9.835 Thread 0x000000001eb02000 flushing nmethod 0x00000000036a8090
Event: 9.835 Thread 0x000000001eb02000 flushing nmethod 0x00000000036b6dd0
Event: 9.835 Thread 0x000000001eb02000 flushing nmethod 0x00000000036bb750
Event: 9.835 Thread 0x000000001eb02000 flushing nmethod 0x00000000036c4650
Event: 9.835 Thread 0x000000001eb02000 flushing nmethod 0x00000000036d1790
Event: 9.836 Thread 0x000000001eb02000 flushing nmethod 0x0000000003708a10


Dynamic libraries:
0x00007ff7a2a50000 - 0x00007ff7a2a87000 	C:\Program Files\Java\jdk1.8.0_144\bin\java.exe
0x00007ffc18200000 - 0x00007ffc183db000 	C:\Windows\SYSTEM32\ntdll.dll
0x00007ffc158b0000 - 0x00007ffc1595e000 	C:\Windows\System32\KERNEL32.DLL
0x00007ffc153c0000 - 0x00007ffc15609000 	C:\Windows\System32\KERNELBASE.dll
0x00007ffc16050000 - 0x00007ffc160f1000 	C:\Windows\System32\ADVAPI32.dll
0x00007ffc17e90000 - 0x00007ffc17f2d000 	C:\Windows\System32\msvcrt.dll
0x00007ffc15c70000 - 0x00007ffc15cc9000 	C:\Windows\System32\sechost.dll
0x00007ffc15f20000 - 0x00007ffc16045000 	C:\Windows\System32\RPCRT4.dll
0x00007ffc18010000 - 0x00007ffc1815a000 	C:\Windows\System32\USER32.dll
0x00007ffc149d0000 - 0x00007ffc149ee000 	C:\Windows\System32\win32u.dll
0x00007ffc16100000 - 0x00007ffc16127000 	C:\Windows\System32\GDI32.dll
0x00007ffc14720000 - 0x00007ffc148a8000 	C:\Windows\System32\gdi32full.dll
0x00007ffc15610000 - 0x00007ffc156aa000 	C:\Windows\System32\msvcp_win.dll
0x00007ffc150f0000 - 0x00007ffc151e6000 	C:\Windows\System32\ucrtbase.dll
0x00007ffc0f0b0000 - 0x00007ffc0f317000 	C:\Windows\WinSxS\amd64_microsoft.windows.common-controls_6595b64144ccf1df_6.0.15063.483_none_26002d27e7c744a2\COMCTL32.dll
0x00007ffc15970000 - 0x00007ffc15c69000 	C:\Windows\System32\combase.dll
0x00007ffc14960000 - 0x00007ffc149ca000 	C:\Windows\System32\bcryptPrimitives.dll
0x00007ffc157d0000 - 0x00007ffc157fd000 	C:\Windows\System32\IMM32.DLL
0x00000000517f0000 - 0x00000000518c2000 	C:\Program Files\Java\jdk1.8.0_144\jre\bin\msvcr100.dll
0x0000000050f50000 - 0x00000000517ed000 	C:\Program Files\Java\jdk1.8.0_144\jre\bin\server\jvm.dll
0x00007ffc15960000 - 0x00007ffc15968000 	C:\Windows\System32\PSAPI.DLL
0x00007ffc0a9a0000 - 0x00007ffc0a9c3000 	C:\Windows\SYSTEM32\WINMM.dll
0x00007ffc0f320000 - 0x00007ffc0f329000 	C:\Windows\SYSTEM32\WSOCK32.dll
0x00007ffc0cba0000 - 0x00007ffc0cbaa000 	C:\Windows\SYSTEM32\VERSION.dll
0x00007ffc15760000 - 0x00007ffc157cc000 	C:\Windows\System32\WS2_32.dll
0x00007ffc0a970000 - 0x00007ffc0a99b000 	C:\Windows\SYSTEM32\winmmbase.dll
0x00007ffc15710000 - 0x00007ffc15759000 	C:\Windows\System32\cfgmgr32.dll
0x0000000050f40000 - 0x0000000050f4f000 	C:\Program Files\Java\jdk1.8.0_144\jre\bin\verify.dll
0x0000000050f10000 - 0x0000000050f39000 	C:\Program Files\Java\jdk1.8.0_144\jre\bin\java.dll
0x0000000050e80000 - 0x0000000050ea3000 	C:\Program Files\Java\jdk1.8.0_144\jre\bin\instrument.dll
0x0000000050ef0000 - 0x0000000050f06000 	C:\Program Files\Java\jdk1.8.0_144\jre\bin\zip.dll
0x00007ffc16280000 - 0x00007ffc176b6000 	C:\Windows\System32\SHELL32.dll
0x00007ffc15800000 - 0x00007ffc158aa000 	C:\Windows\System32\shcore.dll
0x00007ffc149f0000 - 0x00007ffc150e3000 	C:\Windows\System32\windows.storage.dll
0x00007ffc17e30000 - 0x00007ffc17e81000 	C:\Windows\System32\shlwapi.dll
0x00007ffc146c0000 - 0x00007ffc146d1000 	C:\Windows\System32\kernel.appcore.dll
0x00007ffc14670000 - 0x00007ffc146bc000 	C:\Windows\System32\powrprof.dll
0x00007ffc146e0000 - 0x00007ffc146f5000 	C:\Windows\System32\profapi.dll
0x00007ffbf36d0000 - 0x00007ffbf36ea000 	C:\Program Files\JetBrains\IntelliJ IDEA 2017.2.1\bin\breakgen64.dll
0x0000000050ed0000 - 0x0000000050eea000 	C:\Program Files\Java\jdk1.8.0_144\jre\bin\net.dll
0x00007ffc13f80000 - 0x00007ffc13fdc000 	C:\Windows\system32\mswsock.dll
0x00007ffbe9030000 - 0x00007ffbe911f000 	C:\Program Files\Java\jdk1.8.0_144\jre\bin\msvcr120.dll
0x00007ffbe94f0000 - 0x00007ffbe9596000 	C:\Program Files\Java\jdk1.8.0_144\jre\bin\msvcp120.dll
0x0000000050e50000 - 0x0000000050e72000 	C:\Program Files\Java\jdk1.8.0_144\jre\bin\prism_d3d.dll
0x00007ffbeae80000 - 0x00007ffbeb009000 	C:\Windows\system32\d3d9.dll
0x00007ffc10c50000 - 0x00007ffc10c7a000 	C:\Windows\SYSTEM32\dwmapi.dll
0x00007ffc12f50000 - 0x00007ffc12fe5000 	C:\Windows\system32\uxtheme.dll
0x00007ffc0d9d0000 - 0x00007ffc0db51000 	C:\Windows\System32\DriverStore\FileRepository\c0312618.inf_amd64_5d97539c2ca608c6\aticfx64.dll
0x00007ffbebb30000 - 0x00007ffbebb59000 	C:\Windows\System32\DriverStore\FileRepository\c0312618.inf_amd64_5d97539c2ca608c6\atiu9p64.dll
0x00007ffbe5590000 - 0x00007ffbe6049000 	C:\Windows\System32\DriverStore\FileRepository\c0312618.inf_amd64_5d97539c2ca608c6\atiumd64.dll
0x0000000077490000 - 0x0000000077ff4000 	C:\Windows\System32\DriverStore\FileRepository\c0312618.inf_amd64_5d97539c2ca608c6\atiumd6a.dll
0x0000000050e00000 - 0x0000000050e43000 	C:\Program Files\Java\jdk1.8.0_144\jre\bin\glass.dll
0x00007ffc17d20000 - 0x00007ffc17e28000 	C:\Windows\System32\COMDLG32.dll
0x00007ffc16130000 - 0x00007ffc16275000 	C:\Windows\System32\ole32.dll
0x00007ffc15e60000 - 0x00007ffc15f20000 	C:\Windows\System32\OLEAUT32.dll
0x00007ffc15cf0000 - 0x00007ffc15e56000 	C:\Windows\System32\MSCTF.dll
0x0000000050de0000 - 0x0000000050df4000 	C:\Program Files\Java\jdk1.8.0_144\jre\bin\javafx_font.dll
0x00007ffbf8ee0000 - 0x00007ffbf919f000 	C:\Windows\SYSTEM32\dwrite.dll
0x00007ffc18160000 - 0x00007ffc181fe000 	C:\Windows\System32\clbcatq.dll
0x00007ffbffc00000 - 0x00007ffbffdac000 	C:\Windows\SYSTEM32\WindowsCodecs.dll
0x00007ffbf9920000 - 0x00007ffbf9967000 	C:\Windows\system32\dataexchange.dll
0x00007ffc12850000 - 0x00007ffc12972000 	C:\Windows\system32\dcomp.dll
0x00007ffc11ed0000 - 0x00007ffc121af000 	C:\Windows\system32\d3d11.dll
0x00007ffc135c0000 - 0x00007ffc13664000 	C:\Windows\system32\dxgi.dll
0x00007ffc13100000 - 0x00007ffc13270000 	C:\Windows\system32\twinapi.appcore.dll
0x00007ffc14230000 - 0x00007ffc14255000 	C:\Windows\system32\bcrypt.dll
0x00007ffbf1350000 - 0x00007ffbf1381000 	C:\Program Files\Common Files\Microsoft Shared\Ink\rtscom.dll
0x00007ffc0d940000 - 0x00007ffc0d9c2000 	C:\Windows\System32\TextInputFramework.dll
0x00007ffc12760000 - 0x00007ffc12843000 	C:\Windows\System32\CoreMessaging.dll
0x00007ffbff660000 - 0x00007ffbff932000 	C:\Windows\System32\CoreUIComponents.dll
0x00007ffc13880000 - 0x00007ffc138b1000 	C:\Windows\SYSTEM32\ntmarta.dll
0x00007ffc0efc0000 - 0x00007ffc0efd5000 	C:\Windows\SYSTEM32\usermgrcli.dll
0x00007ffc0eb60000 - 0x00007ffc0ec99000 	C:\Windows\SYSTEM32\wintypes.dll
0x0000000050dc0000 - 0x0000000050dd1000 	C:\Program Files\Java\jdk1.8.0_144\jre\bin\prism_common.dll
0x0000000050d90000 - 0x0000000050db4000 	C:\Program Files\Java\jdk1.8.0_144\jre\bin\sunec.dll
0x00007ffc13d20000 - 0x00007ffc13d57000 	C:\Windows\SYSTEM32\IPHLPAPI.DLL
0x00007ffc17730000 - 0x00007ffc17738000 	C:\Windows\System32\NSI.dll
0x00007ffc10820000 - 0x00007ffc10836000 	C:\Windows\SYSTEM32\dhcpcsvc6.DLL
0x00007ffc10800000 - 0x00007ffc1081a000 	C:\Windows\SYSTEM32\dhcpcsvc.DLL
0x0000000050eb0000 - 0x0000000050ec1000 	C:\Program Files\Java\jdk1.8.0_144\jre\bin\nio.dll
0x00007ffc14120000 - 0x00007ffc14137000 	C:\Windows\SYSTEM32\CRYPTSP.dll
0x00007ffc13b40000 - 0x00007ffc13b74000 	C:\Windows\system32\rsaenh.dll
0x00007ffc145a0000 - 0x00007ffc145c9000 	C:\Windows\SYSTEM32\USERENV.dll
0x00007ffc14140000 - 0x00007ffc1414b000 	C:\Windows\SYSTEM32\CRYPTBASE.dll
0x0000000050d80000 - 0x0000000050d8b000 	C:\Program Files\Java\jdk1.8.0_144\jre\bin\sunmscapi.dll
0x00007ffc151f0000 - 0x00007ffc153b9000 	C:\Windows\System32\CRYPT32.dll
0x00007ffc14700000 - 0x00007ffc14711000 	C:\Windows\System32\MSASN1.dll
0x00007ffc0a1d0000 - 0x00007ffc0a1e6000 	C:\Windows\system32\napinsp.dll
0x00007ffc0a0d0000 - 0x00007ffc0a0ea000 	C:\Windows\system32\pnrpnsp.dll
0x00007ffc104f0000 - 0x00007ffc10508000 	C:\Windows\system32\NLAapi.dll
0x00007ffc13d60000 - 0x00007ffc13e04000 	C:\Windows\SYSTEM32\DNSAPI.dll
0x00007ffc0bcc0000 - 0x00007ffc0bcce000 	C:\Windows\System32\winrnr.dll
0x00007ffc0eda0000 - 0x00007ffc0edaa000 	C:\Windows\System32\rasadhlp.dll
0x00007ffc0fac0000 - 0x00007ffc0fb2b000 	C:\Windows\System32\fwpuclnt.dll

VM Arguments:
jvm_args: -javaagent:C:\Program Files\JetBrains\IntelliJ IDEA 2017.2.1\lib\idea_rt.jar=54040:C:\Program Files\JetBrains\IntelliJ IDEA 2017.2.1\bin -Dfile.encoding=UTF-8 
java_command: sample.Main
java_class_path (initial): C:\Program Files\Java\jdk1.8.0_144\jre\lib\charsets.jar;C:\Program Files\Java\jdk1.8.0_144\jre\lib\deploy.jar;C:\Program Files\Java\jdk1.8.0_144\jre\lib\ext\access-bridge-64.jar;C:\Program Files\Java\jdk1.8.0_144\jre\lib\ext\cldrdata.jar;C:\Program Files\Java\jdk1.8.0_144\jre\lib\ext\dnsns.jar;C:\Program Files\Java\jdk1.8.0_144\jre\lib\ext\jaccess.jar;C:\Program Files\Java\jdk1.8.0_144\jre\lib\ext\jfxrt.jar;C:\Program Files\Java\jdk1.8.0_144\jre\lib\ext\localedata.jar;C:\Program Files\Java\jdk1.8.0_144\jre\lib\ext\nashorn.jar;C:\Program Files\Java\jdk1.8.0_144\jre\lib\ext\sunec.jar;C:\Program Files\Java\jdk1.8.0_144\jre\lib\ext\sunjce_provider.jar;C:\Program Files\Java\jdk1.8.0_144\jre\lib\ext\sunmscapi.jar;C:\Program Files\Java\jdk1.8.0_144\jre\lib\ext\sunpkcs11.jar;C:\Program Files\Java\jdk1.8.0_144\jre\lib\ext\zipfs.jar;C:\Program Files\Java\jdk1.8.0_144\jre\lib\javaws.jar;C:\Program Files\Java\jdk1.8.0_144\jre\lib\jce.jar;C:\Program Files\Java\jdk1.8.0_144\jre\lib\jfr.jar;C:\Program Files\Java\jdk1.8.0_144\jre\lib\jfxswt.jar;C:\Program Files\Java\jdk1.8.0_144\jre\lib\jsse.jar;C:\Program Files\Java\jdk1.8.0_144\jre\lib\management-agent.jar;C:\Program Files\Java\jdk1.8.0_144\jre\lib\plugin.jar;C:\Program Files\Java\jdk1.8.0_144\jre\lib\resources.jar;C:\Program Files\Java\jdk1.8.0_144\jre\lib\rt.jar;D:\CommunicatorOrigin\out\production\.IntelliJIdea2017.2;C:\Users\Admin\Desktop\sqljdbc4-3.0.jar;C:\Users\Admin\Desktop\Добрянський Андрій\jar_files\jfoenix-1.2.0.jar;C:\Users\Admin\Desktop\Добрянський Андрій\jar_files\commons-dbutils-1.5.jar;C:\Users\Admin\Desktop\Добрянський Андрій\Desctop\sqljdbc4-3.0.jar;C:\Users\Admin\Desktop\Добрянський Андрій\Desctop\commons-dbutils-1.5.jar;C:\Program Files\JetBrains\IntelliJ IDEA 2017.2.1\lib\idea_rt.jar
Launcher Type: SUN_STANDARD

Environment Variables:
PATH=C:\ProgramData\Oracle\Java\javapath;C:\Windows\system32;C:\Windows;C:\Windows\System32\Wbem;C:\Windows\System32\WindowsPowerShell\v1.0\;C:\Program Files (x86)\Skype\Phone\;C:\Program Files\Microsoft SQL Server\120\DTS\Binn\;C:\Program Files\Microsoft SQL Server\Client SDK\ODBC\110\Tools\Binn\;C:\Program Files (x86)\Microsoft SQL Server\120\Tools\Binn\;C:\Program Files\Microsoft SQL Server\120\Tools\Binn\;C:\Program Files (x86)\Microsoft SQL Server\120\Tools\Binn\ManagementStudio\;C:\Program Files (x86)\Microsoft SQL Server\120\DTS\Binn\;C:\Program Files\Microsoft SQL Server\130\Tools\Binn\;C:\Program Files (x86)\nodejs\;C:\Program Files (x86)\Windows Kits\10\Windows Performance Toolkit\;C:\Program Files\MySQL\MySQL Utilities 1.6\;C:\Windows\system32\config\systemprofile\.dnx\bin;C:\Program Files\Microsoft DNX\Dnvm\;C:\Program Files (x86)\Microsoft Emulator Manager\1.0\;C:\Users\Admin\AppData\Local\Microsoft\WindowsApps;C:\Users\Admin\AppData\Roaming\npm
USERNAME=Зеленін Максим
OS=Windows_NT
PROCESSOR_IDENTIFIER=AMD64 Family 21 Model 2 Stepping 0, AuthenticAMD



---------------  S Y S T E M  ---------------

OS: Windows 10.0 , 64 bit Build 15063 (10.0.15063.296)

CPU:total 6 (initial active 6) (6 cores per cpu, 1 threads per core) family 21 model 2 stepping 0, cmov, cx8, fxsr, mmx, sse, sse2, sse3, ssse3, sse4.1, sse4.2, popcnt, avx, aes, clmul, mmxext, 3dnowpref, lzcnt, sse4a, tsc, tscinvbit, tscinv, bmi1

Memory: 4k page, physical 16724268k(6800884k free), swap 24840512k(4172k free)

vm_info: Java HotSpot(TM) 64-Bit Server VM (25.144-b01) for windows-amd64 JRE (1.8.0_144-b01), built on Jul 21 2017 21:57:33 by "java_re" with MS VC++ 10.0 (VS2010)

time: Thu Sep 28 13:54:46 2017
elapsed time: 9 seconds (0d 0h 0m 9s)

