#
# There is insufficient memory for the Java Runtime Environment to continue.
# Native memory allocation (malloc) failed to allocate 1325296 bytes for Chunk::new
# Possible reasons:
#   The system is out of physical RAM or swap space
#   In 32 bit mode, the process size limit was hit
# Possible solutions:
#   Reduce memory load on the system
#   Increase physical memory or swap space
#   Check if swap backing store is full
#   Use 64 bit Java on a 64 bit OS
#   Decrease Java heap size (-Xmx/-Xms)
#   Decrease number of Java threads
#   Decrease Java thread stack sizes (-Xss)
#   Set larger code cache with -XX:ReservedCodeCacheSize=
# This output file may be truncated or incomplete.
#
#  Out of Memory Error (allocation.cpp:390), pid=33032, tid=0x00000000000034e4
#
# JRE version: Java(TM) SE Runtime Environment (8.0_152-b16) (build 1.8.0_152-b16)
# Java VM: Java HotSpot(TM) 64-Bit Server VM (25.152-b16 mixed mode windows-amd64 compressed oops)
# Failed to write core dump. Minidumps are not enabled by default on client versions of Windows
#

---------------  T H R E A D  ---------------

Current thread (0x000000001ab9e000):  JavaThread "C2 CompilerThread0" daemon [_thread_in_native, id=13540, stack(0x000000001ad60000,0x000000001ae60000)]

Stack: [0x000000001ad60000,0x000000001ae60000]
[error occurred during error reporting (printing stack bounds), id 0xc0000005]

Native frames: (J=compiled Java code, j=interpreted, Vv=VM code, C=native code)


Current CompileTask:
C2:  36855 6079       4       javafx.scene.Node::updateBounds (174 bytes)


---------------  P R O C E S S  ---------------

Java Threads: ( => current thread )
  0x000000001b714800 JavaThread "com.mchange.v2.async.ThreadPoolAsynchronousRunner$PoolThread-#2" daemon [_thread_blocked, id=35180, stack(0x000000002a430000,0x000000002a530000)]
  0x000000001b711000 JavaThread "com.mchange.v2.async.ThreadPoolAsynchronousRunner$PoolThread-#1" daemon [_thread_blocked, id=28016, stack(0x000000002a330000,0x000000002a430000)]
  0x000000001b710000 JavaThread "com.mchange.v2.async.ThreadPoolAsynchronousRunner$PoolThread-#0" daemon [_thread_blocked, id=10836, stack(0x000000002a230000,0x000000002a330000)]
  0x000000001b716000 JavaThread "Timer-0" daemon [_thread_blocked, id=21456, stack(0x000000002a130000,0x000000002a230000)]
  0x000000001b713000 JavaThread "Prism Font Disposer" daemon [_thread_blocked, id=16096, stack(0x0000000024320000,0x0000000024420000)]
  0x000000001b70f800 JavaThread "JavaFX-Launcher" [_thread_blocked, id=13028, stack(0x0000000023360000,0x0000000023460000)]
  0x000000001b685000 JavaThread "AWT-Windows" daemon [_thread_in_native, id=24592, stack(0x0000000023160000,0x0000000023260000)]
  0x000000001b666000 JavaThread "Java2D Disposer" daemon [_thread_blocked, id=37204, stack(0x0000000022f60000,0x0000000023060000)]
  0x000000001b533000 JavaThread "Thread-3" daemon [_thread_in_native, id=17788, stack(0x0000000022a20000,0x0000000022b20000)]
  0x000000001b4f1000 JavaThread "JavaFX Application Thread" [_thread_in_native, id=9532, stack(0x000000001c030000,0x000000001c130000)]
  0x000000001b46b800 JavaThread "Thread-1" daemon [_thread_blocked, id=13100, stack(0x000000001bf30000,0x000000001c030000)]
  0x000000001b454800 JavaThread "QuantumRenderer-0" daemon [_thread_blocked, id=13968, stack(0x000000001bc70000,0x000000001bd70000)]
  0x000000001ac1d800 JavaThread "Service Thread" daemon [_thread_blocked, id=34368, stack(0x000000001b060000,0x000000001b160000)]
  0x000000001abf7800 JavaThread "C1 CompilerThread2" daemon [_thread_blocked, id=29488, stack(0x000000001af60000,0x000000001b060000)]
  0x000000001ab9e800 JavaThread "C2 CompilerThread1" daemon [_thread_blocked, id=14364, stack(0x000000001ae60000,0x000000001af60000)]
=>0x000000001ab9e000 JavaThread "C2 CompilerThread0" daemon [_thread_in_native, id=13540, stack(0x000000001ad60000,0x000000001ae60000)]
  0x000000001ab19800 JavaThread "Monitor Ctrl-Break" daemon [_thread_in_native, id=31844, stack(0x000000001ac60000,0x000000001ad60000)]
  0x000000001920d000 JavaThread "Attach Listener" daemon [_thread_blocked, id=35408, stack(0x000000001a760000,0x000000001a860000)]
  0x000000001920c000 JavaThread "Signal Dispatcher" daemon [_thread_blocked, id=14264, stack(0x000000001a660000,0x000000001a760000)]
  0x00000000191ef800 JavaThread "Finalizer" daemon [_thread_blocked, id=19168, stack(0x000000001a470000,0x000000001a570000)]
  0x00000000046d6000 JavaThread "Reference Handler" daemon [_thread_blocked, id=23716, stack(0x000000001a370000,0x000000001a470000)]
  0x00000000045e5800 JavaThread "main" [_thread_blocked, id=18148, stack(0x0000000004310000,0x0000000004410000)]

Other Threads:
  0x00000000191c6800 VMThread [stack: 0x000000001a270000,0x000000001a370000] [id=21288]
  0x000000001ac08800 WatcherThread [stack: 0x000000001b960000,0x000000001ba60000] [id=36212]

VM state:not at safepoint (normal execution)

VM Mutex/Monitor currently owned by a thread: None

Heap:
 PSYoungGen      total 133632K, used 44057K [0x00000000d5f80000, 0x00000000de780000, 0x0000000100000000)
  eden space 128512K, 34% used [0x00000000d5f80000,0x00000000d8a866f8,0x00000000ddd00000)
  from space 5120K, 0% used [0x00000000ddd80000,0x00000000ddd80000,0x00000000de280000)
  to   space 5120K, 0% used [0x00000000de280000,0x00000000de280000,0x00000000de780000)
 ParOldGen       total 116224K, used 70819K [0x0000000081e00000, 0x0000000088f80000, 0x00000000d5f80000)
  object space 116224K, 60% used [0x0000000081e00000,0x0000000086328f18,0x0000000088f80000)
 Metaspace       used 35403K, capacity 37480K, committed 37632K, reserved 1081344K
  class space    used 4742K, capacity 5095K, committed 5120K, reserved 1048576K

Card table byte_map: [0x0000000013aa0000,0x0000000013ea0000] byte_map_base: 0x0000000013691000

Marking Bits: (ParMarkBitMap*) 0x00000000646e0860
 Begin Bits: [0x0000000014550000, 0x00000000164d8000)
 End Bits:   [0x00000000164d8000, 0x0000000018460000)

Polling page: 0x0000000002700000

CodeCache: size=245760Kb used=19981Kb max_used=19998Kb free=225778Kb
 bounds [0x00000000046e0000, 0x0000000005a80000, 0x00000000136e0000]
 total_blobs=6429 nmethods=5595 adapters=743
 compilation: enabled

Compilation events (10 events):
Event: 36.742 Thread 0x000000001abf7800 nmethod 6137 0x0000000005a6c290 code [0x0000000005a6c540, 0x0000000005a6ddf8]
Event: 36.771 Thread 0x000000001abf7800 6139       3       com.sun.javafx.event.CompositeEventHandler$NormalEventHandlerRecord::handleCapturingEvent (1 bytes)
Event: 36.772 Thread 0x000000001abf7800 nmethod 6139 0x0000000005a6bf50 code [0x0000000005a6c0a0, 0x0000000005a6c1f0]
Event: 36.772 Thread 0x000000001abf7800 6140       1       com.sun.javafx.scene.NodeEventDispatcher::getLastDispatcher (5 bytes)
Event: 36.772 Thread 0x000000001abf7800 nmethod 6140 0x0000000005a6bc90 code [0x0000000005a6bde0, 0x0000000005a6bef0]
Event: 36.787 Thread 0x000000001abf7800 6141       3       com.sun.javafx.event.CompositeEventHandler::dispatchCapturingEvent (40 bytes)
Event: 36.788 Thread 0x000000001abf7800 nmethod 6141 0x0000000005a6b590 code [0x0000000005a6b720, 0x0000000005a6bb48]
Event: 36.791 Thread 0x000000001ab9e800 nmethod 6116 0x0000000005a77010 code [0x0000000005a772a0, 0x0000000005a78d50]
Event: 36.792 Thread 0x000000001ab9e800 6138       4       com.sun.javafx.geom.transform.Identity::transform (20 bytes)
Event: 36.793 Thread 0x000000001ab9e800 nmethod 6138 0x0000000005a6b2d0 code [0x0000000005a6b400, 0x0000000005a6b4b8]

GC Heap History (10 events):
Event: 25.926 GC heap before
{Heap before GC invocations=4 (full 1):
 PSYoungGen      total 71680K, used 66560K [0x00000000d5f80000, 0x00000000daa80000, 0x0000000100000000)
  eden space 66560K, 100% used [0x00000000d5f80000,0x00000000da080000,0x00000000da080000)
  from space 5120K, 0% used [0x00000000da580000,0x00000000da580000,0x00000000daa80000)
  to   space 5120K, 0% used [0x00000000da080000,0x00000000da080000,0x00000000da580000)
 ParOldGen       total 59392K, used 12248K [0x0000000081e00000, 0x0000000085800000, 0x00000000d5f80000)
  object space 59392K, 20% used [0x0000000081e00000,0x00000000829f6148,0x0000000085800000)
 Metaspace       used 29368K, capacity 30310K, committed 30592K, reserved 1075200K
  class space    used 3981K, capacity 4212K, committed 4224K, reserved 1048576K
Event: 25.952 GC heap after
Heap after GC invocations=4 (full 1):
 PSYoungGen      total 71680K, used 5120K [0x00000000d5f80000, 0x00000000de780000, 0x0000000100000000)
  eden space 66560K, 0% used [0x00000000d5f80000,0x00000000d5f80000,0x00000000da080000)
  from space 5120K, 100% used [0x00000000da080000,0x00000000da580000,0x00000000da580000)
  to   space 5120K, 0% used [0x00000000de280000,0x00000000de280000,0x00000000de780000)
 ParOldGen       total 59392K, used 20229K [0x0000000081e00000, 0x0000000085800000, 0x00000000d5f80000)
  object space 59392K, 34% used [0x0000000081e00000,0x00000000831c14c8,0x0000000085800000)
 Metaspace       used 29368K, capacity 30310K, committed 30592K, reserved 1075200K
  class space    used 3981K, capacity 4212K, committed 4224K, reserved 1048576K
}
Event: 28.527 GC heap before
{Heap before GC invocations=5 (full 1):
 PSYoungGen      total 71680K, used 71680K [0x00000000d5f80000, 0x00000000de780000, 0x0000000100000000)
  eden space 66560K, 100% used [0x00000000d5f80000,0x00000000da080000,0x00000000da080000)
  from space 5120K, 100% used [0x00000000da080000,0x00000000da580000,0x00000000da580000)
  to   space 5120K, 0% used [0x00000000de280000,0x00000000de280000,0x00000000de780000)
 ParOldGen       total 59392K, used 20229K [0x0000000081e00000, 0x0000000085800000, 0x00000000d5f80000)
  object space 59392K, 34% used [0x0000000081e00000,0x00000000831c14c8,0x0000000085800000)
 Metaspace       used 31689K, capacity 33030K, committed 33280K, reserved 1077248K
  class space    used 4295K, capacity 4554K, committed 4608K, reserved 1048576K
Event: 28.577 GC heap after
Heap after GC invocations=5 (full 1):
 PSYoungGen      total 133632K, used 5088K [0x00000000d5f80000, 0x00000000de780000, 0x0000000100000000)
  eden space 128512K, 0% used [0x00000000d5f80000,0x00000000d5f80000,0x00000000ddd00000)
  from space 5120K, 99% used [0x00000000de280000,0x00000000de778010,0x00000000de780000)
  to   space 5120K, 0% used [0x00000000ddd80000,0x00000000ddd80000,0x00000000de280000)
 ParOldGen       total 59392K, used 46263K [0x0000000081e00000, 0x0000000085800000, 0x00000000d5f80000)
  object space 59392K, 77% used [0x0000000081e00000,0x0000000084b2dd40,0x0000000085800000)
 Metaspace       used 31689K, capacity 33030K, committed 33280K, reserved 1077248K
  class space    used 4295K, capacity 4554K, committed 4608K, reserved 1048576K
}
Event: 28.577 GC heap before
{Heap before GC invocations=6 (full 2):
 PSYoungGen      total 133632K, used 5088K [0x00000000d5f80000, 0x00000000de780000, 0x0000000100000000)
  eden space 128512K, 0% used [0x00000000d5f80000,0x00000000d5f80000,0x00000000ddd00000)
  from space 5120K, 99% used [0x00000000de280000,0x00000000de778010,0x00000000de780000)
  to   space 5120K, 0% used [0x00000000ddd80000,0x00000000ddd80000,0x00000000de280000)
 ParOldGen       total 59392K, used 46263K [0x0000000081e00000, 0x0000000085800000, 0x00000000d5f80000)
  object space 59392K, 77% used [0x0000000081e00000,0x0000000084b2dd40,0x0000000085800000)
 Metaspace       used 31689K, capacity 33030K, committed 33280K, reserved 1077248K
  class space    used 4295K, capacity 4554K, committed 4608K, reserved 1048576K
Event: 28.793 GC heap after
Heap after GC invocations=6 (full 2):
 PSYoungGen      total 133632K, used 0K [0x00000000d5f80000, 0x00000000de780000, 0x0000000100000000)
  eden space 128512K, 0% used [0x00000000d5f80000,0x00000000d5f80000,0x00000000ddd00000)
  from space 5120K, 0% used [0x00000000de280000,0x00000000de280000,0x00000000de780000)
  to   space 5120K, 0% used [0x00000000ddd80000,0x00000000ddd80000,0x00000000de280000)
 ParOldGen       total 116224K, used 36095K [0x0000000081e00000, 0x0000000088f80000, 0x00000000d5f80000)
  object space 116224K, 31% used [0x0000000081e00000,0x000000008413fc58,0x0000000088f80000)
 Metaspace       used 31689K, capacity 33030K, committed 33280K, reserved 1077248K
  class space    used 4295K, capacity 4554K, committed 4608K, reserved 1048576K
}
Event: 33.244 GC heap before
{Heap before GC invocations=7 (full 2):
 PSYoungGen      total 133632K, used 128512K [0x00000000d5f80000, 0x00000000de780000, 0x0000000100000000)
  eden space 128512K, 100% used [0x00000000d5f80000,0x00000000ddd00000,0x00000000ddd00000)
  from space 5120K, 0% used [0x00000000de280000,0x00000000de280000,0x00000000de780000)
  to   space 5120K, 0% used [0x00000000ddd80000,0x00000000ddd80000,0x00000000de280000)
 ParOldGen       total 116224K, used 36095K [0x0000000081e00000, 0x0000000088f80000, 0x00000000d5f80000)
  object space 116224K, 31% used [0x0000000081e00000,0x000000008413fc58,0x0000000088f80000)
 Metaspace       used 34087K, capacity 36070K, committed 36352K, reserved 1081344K
  class space    used 4649K, capacity 5004K, committed 5120K, reserved 1048576K
Event: 33.391 GC heap after
Heap after GC invocations=7 (full 2):
 PSYoungGen      total 133632K, used 5115K [0x00000000d5f80000, 0x00000000de780000, 0x0000000100000000)
  eden space 128512K, 0% used [0x00000000d5f80000,0x00000000d5f80000,0x00000000ddd00000)
  from space 5120K, 99% used [0x00000000ddd80000,0x00000000de27ef48,0x00000000de280000)
  to   space 5120K, 0% used [0x00000000de280000,0x00000000de280000,0x00000000de780000)
 ParOldGen       total 116224K, used 87660K [0x0000000081e00000, 0x0000000088f80000, 0x00000000d5f80000)
  object space 116224K, 75% used [0x0000000081e00000,0x000000008739b1e8,0x0000000088f80000)
 Metaspace       used 34087K, capacity 36070K, committed 36352K, reserved 1081344K
  class space    used 4649K, capacity 5004K, committed 5120K, reserved 1048576K
}
Event: 33.391 GC heap before
{Heap before GC invocations=8 (full 3):
 PSYoungGen      total 133632K, used 5115K [0x00000000d5f80000, 0x00000000de780000, 0x0000000100000000)
  eden space 128512K, 0% used [0x00000000d5f80000,0x00000000d5f80000,0x00000000ddd00000)
  from space 5120K, 99% used [0x00000000ddd80000,0x00000000de27ef48,0x00000000de280000)
  to   space 5120K, 0% used [0x00000000de280000,0x00000000de280000,0x00000000de780000)
 ParOldGen       total 116224K, used 87660K [0x0000000081e00000, 0x0000000088f80000, 0x00000000d5f80000)
  object space 116224K, 75% used [0x0000000081e00000,0x000000008739b1e8,0x0000000088f80000)
 Metaspace       used 34087K, capacity 36070K, committed 36352K, reserved 1081344K
  class space    used 4649K, capacity 5004K, committed 5120K, reserved 1048576K
Event: 34.060 GC heap after
Heap after GC invocations=8 (full 3):
 PSYoungGen      total 133632K, used 0K [0x00000000d5f80000, 0x00000000de780000, 0x0000000100000000)
  eden space 128512K, 0% used [0x00000000d5f80000,0x00000000d5f80000,0x00000000ddd00000)
  from space 5120K, 0% used [0x00000000ddd80000,0x00000000ddd80000,0x00000000de280000)
  to   space 5120K, 0% used [0x00000000de280000,0x00000000de280000,0x00000000de780000)
 ParOldGen       total 116224K, used 70819K [0x0000000081e00000, 0x0000000088f80000, 0x00000000d5f80000)
  object space 116224K, 60% used [0x0000000081e00000,0x0000000086328f18,0x0000000088f80000)
 Metaspace       used 34087K, capacity 36070K, committed 36352K, reserved 1081344K
  class space    used 4649K, capacity 5004K, committed 5120K, reserved 1048576K
}

Deoptimization events (10 events):
Event: 36.089 Thread 0x000000001b4f1000 Uncommon trap: reason=unstable_if action=reinterpret pc=0x0000000005017584 method=com.sun.javafx.geom.RectBounds.isEmpty()Z @ 21
Event: 36.152 Thread 0x000000001b4f1000 Uncommon trap: reason=null_check action=make_not_entrant pc=0x000000000595ca38 method=javafx.scene.Node$MiscProperties.getEffect()Ljavafx/scene/effect/Effect; @ 20
Event: 36.156 Thread 0x000000001b4f1000 Uncommon trap: reason=unstable_if action=reinterpret pc=0x000000000592a718 method=com.sun.javafx.geom.RectBounds.unionWith(Lcom/sun/javafx/geom/RectBounds;)V @ 12
Event: 36.316 Thread 0x000000001b454800 Uncommon trap: reason=class_check action=maybe_recompile pc=0x00000000058f4f50 method=com.sun.javafx.font.FontStrikeDesc.<init>(FLcom/sun/javafx/geom/transform/BaseTransform;I)V @ 31
Event: 36.318 Thread 0x000000001b454800 Uncommon trap: reason=class_check action=maybe_recompile pc=0x00000000058f4f50 method=com.sun.javafx.font.FontStrikeDesc.<init>(FLcom/sun/javafx/geom/transform/BaseTransform;I)V @ 31
Event: 36.320 Thread 0x000000001b454800 Uncommon trap: reason=class_check action=maybe_recompile pc=0x00000000058f4f50 method=com.sun.javafx.font.FontStrikeDesc.<init>(FLcom/sun/javafx/geom/transform/BaseTransform;I)V @ 31
Event: 36.322 Thread 0x000000001b454800 Uncommon trap: reason=class_check action=maybe_recompile pc=0x00000000058f4f50 method=com.sun.javafx.font.FontStrikeDesc.<init>(FLcom/sun/javafx/geom/transform/BaseTransform;I)V @ 31
Event: 36.325 Thread 0x000000001b454800 Uncommon trap: reason=class_check action=maybe_recompile pc=0x00000000058b55a0 method=com.sun.javafx.font.FontStrikeDesc.<init>(FLcom/sun/javafx/geom/transform/BaseTransform;I)V @ 31
Event: 36.633 Thread 0x000000001b4f1000 Uncommon trap: reason=bimorphic action=maybe_recompile pc=0x0000000004a99760 method=javafx.scene.Node.impl_transformsChanged()V @ 11
Event: 36.634 Thread 0x000000001b4f1000 Uncommon trap: reason=bimorphic action=maybe_recompile pc=0x0000000004a99760 method=javafx.scene.Node.impl_transformsChanged()V @ 11

Classes redefined (0 events):
No events

Internal exceptions (10 events):
Event: 32.784 Thread 0x000000001b711800 Exception <a 'java/net/ConnectException': Connection refused: connect> (0x00000000dc6d0f98) thrown at [C:\re\workspace\8-2-build-windows-amd64-cygwin\jdk8u152\9742\hotspot\src\share\vm\prims\jni.cpp, line 735]
Event: 32.785 Thread 0x000000001b711800 Exception <a 'java/lang/NullPointerException'> (0x00000000dc6d11f0) thrown at [C:\re\workspace\8-2-build-windows-amd64-cygwin\jdk8u152\9742\hotspot\src\share\vm\interpreter\linkResolver.cpp, line 1185]
Event: 32.903 Thread 0x000000001b4f1000 Exception <a 'java/io/FileNotFoundException'> (0x00000000dd7db090) thrown at [C:\re\workspace\8-2-build-windows-amd64-cygwin\jdk8u152\9742\hotspot\src\share\vm\prims\jni.cpp, line 709]
Event: 34.546 Thread 0x000000001b4f1000 Exception <a 'java/io/FileNotFoundException'> (0x00000000d661fab8) thrown at [C:\re\workspace\8-2-build-windows-amd64-cygwin\jdk8u152\9742\hotspot\src\share\vm\prims\jni.cpp, line 709]
Event: 34.546 Thread 0x000000001b4f1000 Exception <a 'java/io/FileNotFoundException'> (0x00000000d6621930) thrown at [C:\re\workspace\8-2-build-windows-amd64-cygwin\jdk8u152\9742\hotspot\src\share\vm\prims\jni.cpp, line 709]
Event: 34.548 Thread 0x000000001b4f1000 Exception <a 'java/io/FileNotFoundException'> (0x00000000d6627fd8) thrown at [C:\re\workspace\8-2-build-windows-amd64-cygwin\jdk8u152\9742\hotspot\src\share\vm\prims\jni.cpp, line 709]
Event: 34.548 Thread 0x000000001b4f1000 Exception <a 'java/io/FileNotFoundException'> (0x00000000d6629dc0) thrown at [C:\re\workspace\8-2-build-windows-amd64-cygwin\jdk8u152\9742\hotspot\src\share\vm\prims\jni.cpp, line 709]
Event: 34.642 Thread 0x000000001b4f1000 Implicit null exception at 0x00000000053e32d1 to 0x00000000053e3461
Event: 34.653 Thread 0x000000001b4f1000 Implicit null exception at 0x00000000053ff974 to 0x00000000053ffac7
Event: 36.151 Thread 0x000000001b4f1000 Implicit null exception at 0x000000000595be0f to 0x000000000595ca05

Events (10 events):
Event: 36.633 Thread 0x000000001b4f1000 DEOPT UNPACKING pc=0x000000000472582a sp=0x000000001c12d390 mode 2
Event: 36.634 Thread 0x000000001b4f1000 Uncommon trap: trap_request=0xffffffc6 fr.pc=0x0000000004a99760
Event: 36.634 Thread 0x000000001b4f1000 DEOPT PACKING pc=0x0000000004a99760 sp=0x000000001c12d380
Event: 36.634 Thread 0x000000001b4f1000 DEOPT UNPACKING pc=0x000000000472582a sp=0x000000001c12d390 mode 2
Event: 36.636 Executing VM operation: RevokeBias
Event: 36.637 Executing VM operation: RevokeBias done
Event: 36.637 Executing VM operation: RevokeBias
Event: 36.637 Executing VM operation: RevokeBias done
Event: 36.637 loading class com/sun/javafx/geom/DirtyRegionPool$PoolItem
Event: 36.637 loading class com/sun/javafx/geom/DirtyRegionPool$PoolItem done


Dynamic libraries:
0x00007ff67d4b0000 - 0x00007ff67d4e7000 	C:\Program Files\Java\jdk1.8.0_152\bin\java.exe
0x00007ffea2310000 - 0x00007ffea24f0000 	C:\WINDOWS\SYSTEM32\ntdll.dll
0x00007ffea1960000 - 0x00007ffea1a0e000 	C:\WINDOWS\System32\KERNEL32.DLL
0x00007ffe9e860000 - 0x00007ffe9eac6000 	C:\WINDOWS\System32\KERNELBASE.dll
0x00007ffea1410000 - 0x00007ffea14b1000 	C:\WINDOWS\System32\ADVAPI32.dll
0x00007ffea14c0000 - 0x00007ffea155d000 	C:\WINDOWS\System32\msvcrt.dll
0x00007ffea12a0000 - 0x00007ffea12fb000 	C:\WINDOWS\System32\sechost.dll
0x00007ffea1bb0000 - 0x00007ffea1ccf000 	C:\WINDOWS\System32\RPCRT4.dll
0x00007ffea2120000 - 0x00007ffea22af000 	C:\WINDOWS\System32\USER32.dll
0x00007ffe9f7c0000 - 0x00007ffe9f7e0000 	C:\WINDOWS\System32\win32u.dll
0x00007ffea22b0000 - 0x00007ffea22d8000 	C:\WINDOWS\System32\GDI32.dll
0x00007ffe9edf0000 - 0x00007ffe9ef83000 	C:\WINDOWS\System32\gdi32full.dll
0x00007ffe9ead0000 - 0x00007ffe9eb6b000 	C:\WINDOWS\System32\msvcp_win.dll
0x00007ffe9e710000 - 0x00007ffe9e806000 	C:\WINDOWS\System32\ucrtbase.dll
0x00007ffe92950000 - 0x00007ffe92bb9000 	C:\WINDOWS\WinSxS\amd64_microsoft.windows.common-controls_6595b64144ccf1df_6.0.16299.431_none_15c7d3ee93659e73\COMCTL32.dll
0x00007ffea0cb0000 - 0x00007ffea0fb8000 	C:\WINDOWS\System32\combase.dll
0x00007ffe9ef90000 - 0x00007ffe9f002000 	C:\WINDOWS\System32\bcryptPrimitives.dll
0x00007ffea1a10000 - 0x00007ffea1a3d000 	C:\WINDOWS\System32\IMM32.DLL
0x0000000064760000 - 0x0000000064832000 	C:\Program Files\Java\jdk1.8.0_152\jre\bin\msvcr100.dll
0x0000000063ec0000 - 0x0000000064760000 	C:\Program Files\Java\jdk1.8.0_152\jre\bin\server\jvm.dll
0x00007ffea1940000 - 0x00007ffea1948000 	C:\WINDOWS\System32\PSAPI.DLL
0x00007ffe87f20000 - 0x00007ffe87f29000 	C:\WINDOWS\SYSTEM32\WSOCK32.dll
0x00007ffea1560000 - 0x00007ffea15cc000 	C:\WINDOWS\System32\WS2_32.dll
0x00007ffe9c6a0000 - 0x00007ffe9c6c3000 	C:\WINDOWS\SYSTEM32\WINMM.dll
0x00007ffe97860000 - 0x00007ffe9786a000 	C:\WINDOWS\SYSTEM32\VERSION.dll
0x00007ffe9c5b0000 - 0x00007ffe9c5da000 	C:\WINDOWS\SYSTEM32\WINMMBASE.dll
0x00007ffe9e810000 - 0x00007ffe9e85a000 	C:\WINDOWS\System32\cfgmgr32.dll
0x0000000063eb0000 - 0x0000000063ebf000 	C:\Program Files\Java\jdk1.8.0_152\jre\bin\verify.dll
0x0000000063e80000 - 0x0000000063ea9000 	C:\Program Files\Java\jdk1.8.0_152\jre\bin\java.dll
0x00000000634a0000 - 0x00000000634c3000 	C:\Program Files\Java\jdk1.8.0_152\jre\bin\instrument.dll
0x0000000063e60000 - 0x0000000063e76000 	C:\Program Files\Java\jdk1.8.0_152\jre\bin\zip.dll
0x00007ffe9f870000 - 0x00007ffea0ca8000 	C:\WINDOWS\System32\SHELL32.dll
0x00007ffea1b00000 - 0x00007ffea1ba6000 	C:\WINDOWS\System32\shcore.dll
0x00007ffe9f010000 - 0x00007ffe9f757000 	C:\WINDOWS\System32\windows.storage.dll
0x00007ffea1770000 - 0x00007ffea17c1000 	C:\WINDOWS\System32\shlwapi.dll
0x00007ffe9e6f0000 - 0x00007ffe9e701000 	C:\WINDOWS\System32\kernel.appcore.dll
0x00007ffe9e660000 - 0x00007ffe9e6ac000 	C:\WINDOWS\System32\powrprof.dll
0x00007ffe9e6b0000 - 0x00007ffe9e6cb000 	C:\WINDOWS\System32\profapi.dll
0x00007ffe8eee0000 - 0x00007ffe8eefa000 	C:\Program Files\JetBrains\IntelliJ IDEA 2017.2\bin\breakgen64.dll
0x0000000063120000 - 0x000000006313a000 	C:\Program Files\Java\jdk1.8.0_152\jre\bin\net.dll
0x00007ffe9def0000 - 0x00007ffe9df56000 	C:\WINDOWS\system32\mswsock.dll
0x0000000004460000 - 0x0000000004463000 	C:\Program Files\Java\jdk1.8.0_152\jre\bin\api-ms-win-core-console-l1-1-0.dll
0x0000000004470000 - 0x0000000004473000 	C:\Program Files\Java\jdk1.8.0_152\jre\bin\api-ms-win-core-datetime-l1-1-0.dll
0x0000000004480000 - 0x0000000004483000 	C:\Program Files\Java\jdk1.8.0_152\jre\bin\api-ms-win-core-debug-l1-1-0.dll
0x0000000004490000 - 0x0000000004493000 	C:\Program Files\Java\jdk1.8.0_152\jre\bin\api-ms-win-core-errorhandling-l1-1-0.dll
0x00000000044a0000 - 0x00000000044a4000 	C:\Program Files\Java\jdk1.8.0_152\jre\bin\api-ms-win-core-file-l1-1-0.dll
0x00000000044b0000 - 0x00000000044b3000 	C:\Program Files\Java\jdk1.8.0_152\jre\bin\api-ms-win-core-file-l1-2-0.dll
0x00000000044c0000 - 0x00000000044c3000 	C:\Program Files\Java\jdk1.8.0_152\jre\bin\api-ms-win-core-file-l2-1-0.dll
0x000000001ba60000 - 0x000000001ba63000 	C:\Program Files\Java\jdk1.8.0_152\jre\bin\api-ms-win-core-handle-l1-1-0.dll
0x000000001ba70000 - 0x000000001ba73000 	C:\Program Files\Java\jdk1.8.0_152\jre\bin\api-ms-win-core-heap-l1-1-0.dll
0x000000001ba80000 - 0x000000001ba83000 	C:\Program Files\Java\jdk1.8.0_152\jre\bin\api-ms-win-core-interlocked-l1-1-0.dll
0x000000001ba90000 - 0x000000001ba93000 	C:\Program Files\Java\jdk1.8.0_152\jre\bin\api-ms-win-core-libraryloader-l1-1-0.dll
0x000000001baa0000 - 0x000000001baa3000 	C:\Program Files\Java\jdk1.8.0_152\jre\bin\api-ms-win-core-localization-l1-2-0.dll
0x000000001bab0000 - 0x000000001bab3000 	C:\Program Files\Java\jdk1.8.0_152\jre\bin\api-ms-win-core-memory-l1-1-0.dll
0x000000001bac0000 - 0x000000001bac3000 	C:\Program Files\Java\jdk1.8.0_152\jre\bin\api-ms-win-core-namedpipe-l1-1-0.dll
0x000000001bad0000 - 0x000000001bad3000 	C:\Program Files\Java\jdk1.8.0_152\jre\bin\api-ms-win-core-processenvironment-l1-1-0.dll
0x000000001bae0000 - 0x000000001bae3000 	C:\Program Files\Java\jdk1.8.0_152\jre\bin\api-ms-win-core-processthreads-l1-1-0.dll
0x000000001baf0000 - 0x000000001baf3000 	C:\Program Files\Java\jdk1.8.0_152\jre\bin\api-ms-win-core-processthreads-l1-1-1.dll
0x000000001bb00000 - 0x000000001bb03000 	C:\Program Files\Java\jdk1.8.0_152\jre\bin\api-ms-win-core-profile-l1-1-0.dll
0x000000001bb10000 - 0x000000001bb13000 	C:\Program Files\Java\jdk1.8.0_152\jre\bin\api-ms-win-core-rtlsupport-l1-1-0.dll
0x000000001bb20000 - 0x000000001bb23000 	C:\Program Files\Java\jdk1.8.0_152\jre\bin\api-ms-win-core-string-l1-1-0.dll
0x000000001bb30000 - 0x000000001bb33000 	C:\Program Files\Java\jdk1.8.0_152\jre\bin\api-ms-win-core-synch-l1-1-0.dll
0x000000001bb40000 - 0x000000001bb43000 	C:\Program Files\Java\jdk1.8.0_152\jre\bin\api-ms-win-core-synch-l1-2-0.dll
0x000000001bb50000 - 0x000000001bb53000 	C:\Program Files\Java\jdk1.8.0_152\jre\bin\api-ms-win-core-sysinfo-l1-1-0.dll
0x000000001bb60000 - 0x000000001bb63000 	C:\Program Files\Java\jdk1.8.0_152\jre\bin\api-ms-win-core-timezone-l1-1-0.dll
0x000000001bb70000 - 0x000000001bb73000 	C:\Program Files\Java\jdk1.8.0_152\jre\bin\api-ms-win-core-util-l1-1-0.dll
0x000000001bb80000 - 0x000000001bb83000 	C:\Program Files\Java\jdk1.8.0_152\jre\bin\api-ms-win-crt-conio-l1-1-0.dll
0x000000001bb90000 - 0x000000001bb94000 	C:\Program Files\Java\jdk1.8.0_152\jre\bin\api-ms-win-crt-convert-l1-1-0.dll
0x000000001bba0000 - 0x000000001bba3000 	C:\Program Files\Java\jdk1.8.0_152\jre\bin\api-ms-win-crt-environment-l1-1-0.dll
0x000000001bbb0000 - 0x000000001bbb3000 	C:\Program Files\Java\jdk1.8.0_152\jre\bin\api-ms-win-crt-filesystem-l1-1-0.dll
0x000000001bbc0000 - 0x000000001bbc3000 	C:\Program Files\Java\jdk1.8.0_152\jre\bin\api-ms-win-crt-heap-l1-1-0.dll
0x000000001bbd0000 - 0x000000001bbd3000 	C:\Program Files\Java\jdk1.8.0_152\jre\bin\api-ms-win-crt-locale-l1-1-0.dll
0x000000001bbe0000 - 0x000000001bbe5000 	C:\Program Files\Java\jdk1.8.0_152\jre\bin\api-ms-win-crt-math-l1-1-0.dll
0x000000001bbf0000 - 0x000000001bbf5000 	C:\Program Files\Java\jdk1.8.0_152\jre\bin\api-ms-win-crt-multibyte-l1-1-0.dll
0x000000001bc00000 - 0x000000001bc10000 	C:\Program Files\Java\jdk1.8.0_152\jre\bin\api-ms-win-crt-private-l1-1-0.dll
0x000000001bc10000 - 0x000000001bc13000 	C:\Program Files\Java\jdk1.8.0_152\jre\bin\api-ms-win-crt-process-l1-1-0.dll
0x000000001bc20000 - 0x000000001bc24000 	C:\Program Files\Java\jdk1.8.0_152\jre\bin\api-ms-win-crt-runtime-l1-1-0.dll
0x000000001bc30000 - 0x000000001bc34000 	C:\Program Files\Java\jdk1.8.0_152\jre\bin\api-ms-win-crt-stdio-l1-1-0.dll
0x000000001bc40000 - 0x000000001bc44000 	C:\Program Files\Java\jdk1.8.0_152\jre\bin\api-ms-win-crt-string-l1-1-0.dll
0x000000001bc50000 - 0x000000001bc53000 	C:\Program Files\Java\jdk1.8.0_152\jre\bin\api-ms-win-crt-time-l1-1-0.dll
0x000000001bc60000 - 0x000000001bc63000 	C:\Program Files\Java\jdk1.8.0_152\jre\bin\api-ms-win-crt-utility-l1-1-0.dll
0x00007ffe69310000 - 0x00007ffe69406000 	C:\Program Files\Java\jdk1.8.0_152\jre\bin\ucrtbase.dll
0x00007ffe6e9b0000 - 0x00007ffe6ea01000 	C:\Program Files\Java\jdk1.8.0_152\jre\bin\concrt140.dll
0x00007ffe69260000 - 0x00007ffe6930a000 	C:\WINDOWS\SYSTEM32\MSVCP140.dll
0x00007ffe89470000 - 0x00007ffe89486000 	C:\WINDOWS\SYSTEM32\VCRUNTIME140.dll
0x00007ffe7ef50000 - 0x00007ffe7ef66000 	C:\Program Files\Java\jdk1.8.0_152\jre\bin\vcruntime140.dll
0x00007ffe61ef0000 - 0x00007ffe61f8c000 	C:\Program Files\Java\jdk1.8.0_152\jre\bin\msvcp140.dll
0x0000000061630000 - 0x0000000061653000 	C:\Program Files\Java\jdk1.8.0_152\jre\bin\prism_d3d.dll
0x00007ffe684e0000 - 0x00007ffe68675000 	C:\WINDOWS\system32\d3d9.dll
0x00007ffe9cc30000 - 0x00007ffe9cc5a000 	C:\WINDOWS\SYSTEM32\dwmapi.dll
0x00007ffe9c830000 - 0x00007ffe9c8c5000 	C:\WINDOWS\system32\uxtheme.dll
0x00007ffe48a00000 - 0x00007ffe4c8b7000 	C:\WINDOWS\System32\DriverStore\FileRepository\igdlh64.inf_amd64_0959185ccf48eaa8\igdumdim64.dll
0x00007ffea0fc0000 - 0x00007ffea1109000 	C:\WINDOWS\System32\ole32.dll
0x00007ffea17d0000 - 0x00007ffea1895000 	C:\WINDOWS\System32\OLEAUT32.dll
0x00007ffea1cd0000 - 0x00007ffea211e000 	C:\WINDOWS\System32\SETUPAPI.dll
0x00000000615e0000 - 0x0000000061629000 	C:\Program Files\Java\jdk1.8.0_152\jre\bin\glass.dll
0x00007ffea1300000 - 0x00007ffea140a000 	C:\WINDOWS\System32\COMDLG32.dll
0x00007ffea1130000 - 0x00007ffea1297000 	C:\WINDOWS\System32\MSCTF.dll
0x00007ffe949e0000 - 0x00007ffe95fd1000 	C:\WINDOWS\System32\DriverStore\FileRepository\igdlh64.inf_amd64_0959185ccf48eaa8\igc64.dll
0x0000000063480000 - 0x0000000063494000 	C:\Program Files\Java\jdk1.8.0_152\jre\bin\javafx_font.dll
0x00007ffe90e90000 - 0x00007ffe911a0000 	C:\WINDOWS\SYSTEM32\dwrite.dll
0x0000000063140000 - 0x00000000632d8000 	C:\Program Files\Java\jdk1.8.0_152\jre\bin\awt.dll
0x00007ffe9c5e0000 - 0x00007ffe9c668000 	C:\WINDOWS\SYSTEM32\apphelp.dll
0x00007ffea18a0000 - 0x00007ffea193e000 	C:\WINDOWS\System32\clbcatq.dll
0x00007ffe98a20000 - 0x00007ffe98bcb000 	C:\WINDOWS\SYSTEM32\WindowsCodecs.dll
0x00007ffe89f30000 - 0x00007ffe89f7f000 	C:\WINDOWS\system32\dataexchange.dll
0x00007ffe9b2e0000 - 0x00007ffe9b5c2000 	C:\WINDOWS\system32\d3d11.dll
0x00007ffe9bd30000 - 0x00007ffe9be72000 	C:\WINDOWS\system32\dcomp.dll
0x00007ffe9d4f0000 - 0x00007ffe9d59f000 	C:\WINDOWS\system32\dxgi.dll
0x00007ffe9cd70000 - 0x00007ffe9ceeb000 	C:\WINDOWS\system32\twinapi.appcore.dll
0x00007ffe9cd20000 - 0x00007ffe9cd40000 	C:\WINDOWS\system32\RMCLIENT.dll
0x00007ffe9e1c0000 - 0x00007ffe9e1e5000 	C:\WINDOWS\system32\bcrypt.dll
0x00007ffe6b2a0000 - 0x00007ffe6b2d4000 	C:\Program Files\Common Files\Microsoft Shared\Ink\rtscom.dll
0x00007ffe96210000 - 0x00007ffe962a8000 	C:\WINDOWS\System32\TextInputFramework.dll
0x00007ffe98560000 - 0x00007ffe9884e000 	C:\WINDOWS\System32\CoreUIComponents.dll
0x00007ffe9d710000 - 0x00007ffe9d741000 	C:\WINDOWS\SYSTEM32\ntmarta.dll
0x00007ffe9bbc0000 - 0x00007ffe9bc9c000 	C:\WINDOWS\System32\CoreMessaging.dll
0x00007ffe9a650000 - 0x00007ffe9a786000 	C:\WINDOWS\SYSTEM32\wintypes.dll
0x0000000062fc0000 - 0x0000000062fd2000 	C:\Program Files\Java\jdk1.8.0_152\jre\bin\prism_common.dll
0x00007ffe9e0c0000 - 0x00007ffe9e0d7000 	C:\WINDOWS\SYSTEM32\CRYPTSP.dll
0x00007ffe9daf0000 - 0x00007ffe9db23000 	C:\WINDOWS\system32\rsaenh.dll
0x00007ffe9e560000 - 0x00007ffe9e589000 	C:\WINDOWS\SYSTEM32\USERENV.dll
0x00007ffe9e0b0000 - 0x00007ffe9e0bb000 	C:\WINDOWS\SYSTEM32\CRYPTBASE.dll
0x00007ffe9dc80000 - 0x00007ffe9dcb9000 	C:\WINDOWS\SYSTEM32\IPHLPAPI.DLL
0x00007ffe9f860000 - 0x00007ffe9f868000 	C:\WINDOWS\System32\NSI.dll
0x00007ffe9a200000 - 0x00007ffe9a216000 	C:\WINDOWS\SYSTEM32\dhcpcsvc6.DLL
0x00007ffe9a180000 - 0x00007ffe9a19a000 	C:\WINDOWS\SYSTEM32\dhcpcsvc.DLL
0x00000000630e0000 - 0x00000000630f1000 	C:\Program Files\Java\jdk1.8.0_152\jre\bin\nio.dll

VM Arguments:
jvm_args: -javaagent:C:\Program Files\JetBrains\IntelliJ IDEA 2017.2\lib\idea_rt.jar=20226:C:\Program Files\JetBrains\IntelliJ IDEA 2017.2\bin -Dfile.encoding=UTF-8 
java_command: com.mainLogin.Main
java_class_path (initial): C:\Program Files\Java\jdk1.8.0_152\jre\lib\charsets.jar;C:\Program Files\Java\jdk1.8.0_152\jre\lib\deploy.jar;C:\Program Files\Java\jdk1.8.0_152\jre\lib\ext\access-bridge-64.jar;C:\Program Files\Java\jdk1.8.0_152\jre\lib\ext\cldrdata.jar;C:\Program Files\Java\jdk1.8.0_152\jre\lib\ext\dnsns.jar;C:\Program Files\Java\jdk1.8.0_152\jre\lib\ext\jaccess.jar;C:\Program Files\Java\jdk1.8.0_152\jre\lib\ext\jfxrt.jar;C:\Program Files\Java\jdk1.8.0_152\jre\lib\ext\localedata.jar;C:\Program Files\Java\jdk1.8.0_152\jre\lib\ext\nashorn.jar;C:\Program Files\Java\jdk1.8.0_152\jre\lib\ext\sunec.jar;C:\Program Files\Java\jdk1.8.0_152\jre\lib\ext\sunjce_provider.jar;C:\Program Files\Java\jdk1.8.0_152\jre\lib\ext\sunmscapi.jar;C:\Program Files\Java\jdk1.8.0_152\jre\lib\ext\sunpkcs11.jar;C:\Program Files\Java\jdk1.8.0_152\jre\lib\ext\zipfs.jar;C:\Program Files\Java\jdk1.8.0_152\jre\lib\javaws.jar;C:\Program Files\Java\jdk1.8.0_152\jre\lib\jce.jar;C:\Program Files\Java\jdk1.8.0_152\jre\lib\jfr.jar;C:\Program Files\Java\jdk1.8.0_152\jre\lib\jfxswt.jar;C:\Program Files\Java\jdk1.8.0_152\jre\lib\jsse.jar;C:\Program Files\Java\jdk1.8.0_152\jre\lib\management-agent.jar;C:\Program Files\Java\jdk1.8.0_152\jre\lib\plugin.jar;C:\Program Files\Java\jdk1.8.0_152\jre\lib\resources.jar;C:\Program Files\Java\jdk1.8.0_152\jre\lib\rt.jar;C:\Users\dobryansky.a\Documents\Github\Communicator\mainPage\target\classes;C:\Users\dobryansky.a\Documents\Github\Communicator\Library\TrayNotification.jar;C:\Users\dobryansky.a\Documents\Github\Communicator\Library\sqljdbc42.jar;C:\Users\dobryansky.a\Documents\Github\Communicator\Library\XR3PlayerUpdater.jar;C:\Users\dobryansky.a\Documents\Github\Communicator\Library\FilterableTableColumns.jar;C:\Users\dobryansky.a\.m2\repository\no\tornado\fxlauncher\1.0.17\fxlauncher-1.0.17.jar;C:\Users\dobryansky.a\.m2\repository\org\controlsfx\controlsfx\8.40.11\controlsfx-8.40.11.jar;C:\Users\dobryansky.a\.m2\repository\org\fxmisc\richtext\richtextfx\
Launcher Type: SUN_STANDARD

Environment Variables:
JAVA_HOME=C:\Program Files\Java\jdk1.8.0_152
PATH=C:\Program Files (x86)\Common Files\Oracle\Java\javapath;C:\ProgramData\Oracle\Java\javapath;C:\WINDOWS\system32;C:\WINDOWS;C:\WINDOWS\System32\Wbem;C:\WINDOWS\System32\WindowsPowerShell\v1.0\;C:\Program Files (x86)\Skype\Phone\;C:\Program Files\Git\cmd;C:\Program Files\Microsoft SQL Server\120\DTS\Binn\;C:\Program Files\Microsoft SQL Server\Client SDK\ODBC\110\Tools\Binn\;C:\Program Files (x86)\Microsoft SQL Server\120\Tools\Binn\;C:\Program Files\Microsoft SQL Server\120\Tools\Binn\;C:\Program Files (x86)\Microsoft SQL Server\120\Tools\Binn\ManagementStudio\;C:\Program Files (x86)\Microsoft SQL Server\120\DTS\Binn\;C:\WINDOWS\system32\config\systemprofile\.dnx\bin;C:\Program Files\Microsoft DNX\Dnvm\;C:\Program Files\Microsoft SQL Server\130\Tools\Binn\;C:\Program Files\apache-maven-3.5.2\bin;%USERPROFILE%\AppData\Local\Microsoft\WindowsApps;
USERNAME=dobryansky.a
OS=Windows_NT
PROCESSOR_IDENTIFIER=Intel64 Family 6 Model 78 Stepping 3, GenuineIntel



---------------  S Y S T E M  ---------------

OS: Windows 10.0 , 64 bit Build 16299 (10.0.16299.431)

CPU:total 4 (initial active 4) (2 cores per cpu, 2 threads per core) family 6 model 78 stepping 3, cmov, cx8, fxsr, mmx, sse, sse2, sse3, ssse3, sse4.1, sse4.2, popcnt, avx, avx2, aes, clmul, erms, 3dnowpref, lzcnt, ht, tsc, tscinvbit, bmi1, bmi2, adx

Memory: 4k page, physical 8260324k(860012k free), swap 23612016k(4520k free)

vm_info: Java HotSpot(TM) 64-Bit Server VM (25.152-b16) for windows-amd64 JRE (1.8.0_152-b16), built on Sep 14 2017 02:29:36 by "java_re" with MS VC++ 10.0 (VS2010)

time: Mon Jul 02 17:29:30 2018
elapsed time: 36 seconds (0d 0h 0m 36s)

