#
# There is insufficient memory for the Java Runtime Environment to continue.
# Native memory allocation (malloc) failed to allocate 930896 bytes for Chunk::new
# Possible reasons:
#   The system is out of physical RAM or swap space
#   In 32 bit mode, the process size limit was hit
# Possible solutions:
#   Reduce memory load on the system
#   Increase physical memory or swap space
#   Check if swap backing store is full
#   Use 64 bit Java on a 64 bit OS
#   Decrease Java heap size (-Xmx/-Xms)
#   Decrease number of Java threads
#   Decrease Java thread stack sizes (-Xss)
#   Set larger code cache with -XX:ReservedCodeCacheSize=
# This output file may be truncated or incomplete.
#
#  Out of Memory Error (allocation.cpp:390), pid=18648, tid=0x0000000000001a1c
#
# JRE version: Java(TM) SE Runtime Environment (8.0_152-b16) (build 1.8.0_152-b16)
# Java VM: Java HotSpot(TM) 64-Bit Server VM (25.152-b16 mixed mode windows-amd64 compressed oops)
# Failed to write core dump. Minidumps are not enabled by default on client versions of Windows
#

---------------  T H R E A D  ---------------

Current thread (0x000000001aeef800):  JavaThread "C2 CompilerThread1" daemon [_thread_in_native, id=6684, stack(0x000000001b1b0000,0x000000001b2b0000)]

Stack: [0x000000001b1b0000,0x000000001b2b0000]
[error occurred during error reporting (printing stack bounds), id 0xc0000005]

Native frames: (J=compiled Java code, j=interpreted, Vv=VM code, C=native code)


Current CompileTask:
C2:  52539 5231       4       javafx.scene.CssStyleHelper::getStyle (162 bytes)


---------------  P R O C E S S  ---------------

Java Threads: ( => current thread )
  0x000000001ba01000 JavaThread "com.mchange.v2.async.ThreadPoolAsynchronousRunner$PoolThread-#2" daemon [_thread_blocked, id=29072, stack(0x000000002a780000,0x000000002a880000)]
  0x000000001ba07000 JavaThread "com.mchange.v2.async.ThreadPoolAsynchronousRunner$PoolThread-#1" daemon [_thread_blocked, id=33088, stack(0x000000002a680000,0x000000002a780000)]
  0x000000001ba06000 JavaThread "com.mchange.v2.async.ThreadPoolAsynchronousRunner$PoolThread-#0" daemon [_thread_blocked, id=11824, stack(0x000000002a580000,0x000000002a680000)]
  0x000000001ba00000 JavaThread "Timer-0" daemon [_thread_blocked, id=32792, stack(0x000000002a480000,0x000000002a580000)]
  0x000000001ba04800 JavaThread "Prism Font Disposer" daemon [_thread_blocked, id=10148, stack(0x0000000024550000,0x0000000024650000)]
  0x000000001ba05800 JavaThread "JavaFX-Launcher" [_thread_blocked, id=35276, stack(0x0000000023590000,0x0000000023690000)]
  0x000000001b94d800 JavaThread "AWT-Windows" daemon [_thread_in_native, id=33788, stack(0x0000000023390000,0x0000000023490000)]
  0x000000001b94c000 JavaThread "Java2D Disposer" daemon [_thread_blocked, id=21176, stack(0x0000000023190000,0x0000000023290000)]
  0x000000001b7d8800 JavaThread "Thread-3" daemon [_thread_in_native, id=23140, stack(0x0000000022850000,0x0000000022950000)]
  0x000000001b734800 JavaThread "JavaFX Application Thread" [_thread_blocked, id=16456, stack(0x000000001c330000,0x000000001c430000)]
  0x000000001b7c3800 JavaThread "Thread-1" daemon [_thread_blocked, id=8296, stack(0x000000001c230000,0x000000001c330000)]
  0x000000001b6fd000 JavaThread "QuantumRenderer-0" daemon [_thread_in_vm, id=33272, stack(0x000000001bee0000,0x000000001bfe0000)]
  0x000000001af52000 JavaThread "Service Thread" daemon [_thread_blocked, id=3504, stack(0x000000001b3b0000,0x000000001b4b0000)]
  0x000000001af4e000 JavaThread "C1 CompilerThread2" daemon [_thread_blocked, id=30648, stack(0x000000001b2b0000,0x000000001b3b0000)]
=>0x000000001aeef800 JavaThread "C2 CompilerThread1" daemon [_thread_in_native, id=6684, stack(0x000000001b1b0000,0x000000001b2b0000)]
  0x000000001aeed800 JavaThread "C2 CompilerThread0" daemon [_thread_in_native, id=14256, stack(0x000000001b0b0000,0x000000001b1b0000)]
  0x000000001ae28000 JavaThread "Monitor Ctrl-Break" daemon [_thread_in_native, id=37552, stack(0x000000001afb0000,0x000000001b0b0000)]
  0x000000001957f000 JavaThread "Attach Listener" daemon [_thread_blocked, id=18996, stack(0x000000001aab0000,0x000000001abb0000)]
  0x000000001957e000 JavaThread "Signal Dispatcher" daemon [_thread_blocked, id=21072, stack(0x000000001a9b0000,0x000000001aab0000)]
  0x0000000004a49800 JavaThread "Finalizer" daemon [_thread_blocked, id=35592, stack(0x000000001a7c0000,0x000000001a8c0000)]
  0x0000000004a44000 JavaThread "Reference Handler" daemon [_thread_blocked, id=24008, stack(0x000000001a6c0000,0x000000001a7c0000)]
  0x0000000004955800 JavaThread "main" [_thread_blocked, id=34628, stack(0x00000000045f0000,0x00000000046f0000)]

Other Threads:
  0x0000000019537800 VMThread [stack: 0x000000001a5c0000,0x000000001a6c0000] [id=21312]
  0x000000001afa6800 WatcherThread [stack: 0x000000001bcb0000,0x000000001bdb0000] [id=18252]

VM state:not at safepoint (normal execution)

VM Mutex/Monitor currently owned by a thread: None

Heap:
 PSYoungGen      total 81408K, used 44416K [0x00000000d5f80000, 0x00000000e1900000, 0x0000000100000000)
  eden space 60416K, 73% used [0x00000000d5f80000,0x00000000d8ae01c8,0x00000000d9a80000)
  from space 20992K, 0% used [0x00000000d9a80000,0x00000000d9a80000,0x00000000daf00000)
  to   space 36352K, 0% used [0x00000000df580000,0x00000000df580000,0x00000000e1900000)
 ParOldGen       total 56832K, used 55419K [0x0000000081e00000, 0x0000000085580000, 0x00000000d5f80000)
  object space 56832K, 97% used [0x0000000081e00000,0x000000008541ef40,0x0000000085580000)
 Metaspace       used 36281K, capacity 38680K, committed 38784K, reserved 1083392K
  class space    used 4818K, capacity 5227K, committed 5248K, reserved 1048576K

Card table byte_map: [0x0000000013e10000,0x0000000014210000] byte_map_base: 0x0000000013a01000

Marking Bits: (ParMarkBitMap*) 0x0000000060fb0860
 Begin Bits: [0x00000000148c0000, 0x0000000016848000)
 End Bits:   [0x0000000016848000, 0x00000000187d0000)

Polling page: 0x0000000002d80000

CodeCache: size=245760Kb used=18398Kb max_used=18398Kb free=227361Kb
 bounds [0x0000000004a50000, 0x0000000005c60000, 0x0000000013a50000]
 total_blobs=6816 nmethods=5983 adapters=743
 compilation: enabled

Compilation events (10 events):
Event: 52.495 Thread 0x000000001af4e000 6687       1       com.sun.prism.impl.BaseTexture::getMaxContentWidth (5 bytes)
Event: 52.496 Thread 0x000000001af4e000 nmethod 6687 0x0000000005c56490 code [0x0000000005c565e0, 0x0000000005c566f0]
Event: 52.496 Thread 0x000000001af4e000 6688       1       com.sun.prism.impl.BaseTexture::getMaxContentHeight (5 bytes)
Event: 52.496 Thread 0x000000001af4e000 nmethod 6688 0x0000000005c56750 code [0x0000000005c568a0, 0x0000000005c569b0]
Event: 52.496 Thread 0x000000001af4e000 6689       2       com.sun.prism.impl.ps.BaseShaderContext::validateTextureOp (196 bytes)
Event: 52.498 Thread 0x000000001af4e000 nmethod 6689 0x0000000005c56a10 code [0x0000000005c56c20, 0x0000000005c57338]
Event: 52.498 Thread 0x000000001af4e000 6690       2       com.sun.prism.impl.ps.BaseShaderContext::validateTextureOp (15 bytes)
Event: 52.498 Thread 0x000000001af4e000 nmethod 6690 0x0000000005c578d0 code [0x0000000005c57a40, 0x0000000005c57be8]
Event: 52.526 Thread 0x000000001af4e000 6692       2       com.sun.javafx.font.directwrite.IUnknown::Release (26 bytes)
Event: 52.527 Thread 0x000000001af4e000 nmethod 6692 0x0000000005c58050 code [0x0000000005c581c0, 0x0000000005c58388]

GC Heap History (10 events):
Event: 44.844 GC heap before
{Heap before GC invocations=8 (full 1):
 PSYoungGen      total 78848K, used 76672K [0x00000000d5f80000, 0x00000000dc780000, 0x0000000100000000)
  eden space 60416K, 100% used [0x00000000d5f80000,0x00000000d9a80000,0x00000000d9a80000)
  from space 18432K, 88% used [0x00000000daf00000,0x00000000dbee00e0,0x00000000dc100000)
  to   space 20992K, 0% used [0x00000000d9a80000,0x00000000d9a80000,0x00000000daf00000)
 ParOldGen       total 56832K, used 25922K [0x0000000081e00000, 0x0000000085580000, 0x00000000d5f80000)
  object space 56832K, 45% used [0x0000000081e00000,0x0000000083750958,0x0000000085580000)
 Metaspace       used 32615K, capacity 34180K, committed 34432K, reserved 1079296K
  class space    used 4359K, capacity 4675K, committed 4736K, reserved 1048576K
Event: 44.904 GC heap after
Heap after GC invocations=8 (full 1):
 PSYoungGen      total 81408K, used 20962K [0x00000000d5f80000, 0x00000000e1900000, 0x0000000100000000)
  eden space 60416K, 0% used [0x00000000d5f80000,0x00000000d5f80000,0x00000000d9a80000)
  from space 20992K, 99% used [0x00000000d9a80000,0x00000000daef8a60,0x00000000daf00000)
  to   space 36352K, 0% used [0x00000000df580000,0x00000000df580000,0x00000000e1900000)
 ParOldGen       total 56832K, used 49343K [0x0000000081e00000, 0x0000000085580000, 0x00000000d5f80000)
  object space 56832K, 86% used [0x0000000081e00000,0x0000000084e2ffa8,0x0000000085580000)
 Metaspace       used 32615K, capacity 34180K, committed 34432K, reserved 1079296K
  class space    used 4359K, capacity 4675K, committed 4736K, reserved 1048576K
}
Event: 44.905 GC heap before
{Heap before GC invocations=9 (full 2):
 PSYoungGen      total 81408K, used 20962K [0x00000000d5f80000, 0x00000000e1900000, 0x0000000100000000)
  eden space 60416K, 0% used [0x00000000d5f80000,0x00000000d5f80000,0x00000000d9a80000)
  from space 20992K, 99% used [0x00000000d9a80000,0x00000000daef8a60,0x00000000daf00000)
  to   space 36352K, 0% used [0x00000000df580000,0x00000000df580000,0x00000000e1900000)
 ParOldGen       total 56832K, used 49343K [0x0000000081e00000, 0x0000000085580000, 0x00000000d5f80000)
  object space 56832K, 86% used [0x0000000081e00000,0x0000000084e2ffa8,0x0000000085580000)
 Metaspace       used 32615K, capacity 34180K, committed 34432K, reserved 1079296K
  class space    used 4359K, capacity 4675K, committed 4736K, reserved 1048576K
Event: 45.209 GC heap after
Heap after GC invocations=9 (full 2):
 PSYoungGen      total 81408K, used 0K [0x00000000d5f80000, 0x00000000e1900000, 0x0000000100000000)
  eden space 60416K, 0% used [0x00000000d5f80000,0x00000000d5f80000,0x00000000d9a80000)
  from space 20992K, 0% used [0x00000000d9a80000,0x00000000d9a80000,0x00000000daf00000)
  to   space 36352K, 0% used [0x00000000df580000,0x00000000df580000,0x00000000e1900000)
 ParOldGen       total 56832K, used 49780K [0x0000000081e00000, 0x0000000085580000, 0x00000000d5f80000)
  object space 56832K, 87% used [0x0000000081e00000,0x0000000084e9d288,0x0000000085580000)
 Metaspace       used 32615K, capacity 34180K, committed 34432K, reserved 1079296K
  class space    used 4359K, capacity 4675K, committed 4736K, reserved 1048576K
}
Event: 46.863 GC heap before
{Heap before GC invocations=10 (full 3):
 PSYoungGen      total 81408K, used 60416K [0x00000000d5f80000, 0x00000000e1900000, 0x0000000100000000)
  eden space 60416K, 100% used [0x00000000d5f80000,0x00000000d9a80000,0x00000000d9a80000)
  from space 20992K, 0% used [0x00000000d9a80000,0x00000000d9a80000,0x00000000daf00000)
  to   space 36352K, 0% used [0x00000000df580000,0x00000000df580000,0x00000000e1900000)
 ParOldGen       total 56832K, used 49780K [0x0000000081e00000, 0x0000000085580000, 0x00000000d5f80000)
  object space 56832K, 87% used [0x0000000081e00000,0x0000000084e9d288,0x0000000085580000)
 Metaspace       used 33239K, capacity 35062K, committed 35328K, reserved 1079296K
  class space    used 4429K, capacity 4780K, committed 4864K, reserved 1048576K
Event: 47.286 GC heap after
Heap after GC invocations=10 (full 3):
 PSYoungGen      total 81408K, used 7578K [0x00000000d5f80000, 0x00000000e1900000, 0x0000000100000000)
  eden space 60416K, 12% used [0x00000000d5f80000,0x00000000d66e6990,0x00000000d9a80000)
  from space 20992K, 0% used [0x00000000d9a80000,0x00000000d9a80000,0x00000000daf00000)
  to   space 36352K, 0% used [0x00000000df580000,0x00000000df580000,0x00000000e1900000)
 ParOldGen       total 56832K, used 56815K [0x0000000081e00000, 0x0000000085580000, 0x00000000d5f80000)
  object space 56832K, 99% used [0x0000000081e00000,0x000000008557bc18,0x0000000085580000)
 Metaspace       used 33239K, capacity 35062K, committed 35328K, reserved 1079296K
  class space    used 4429K, capacity 4780K, committed 4864K, reserved 1048576K
}
Event: 49.294 GC heap before
{Heap before GC invocations=11 (full 4):
 PSYoungGen      total 81408K, used 60416K [0x00000000d5f80000, 0x00000000e1900000, 0x0000000100000000)
  eden space 60416K, 100% used [0x00000000d5f80000,0x00000000d9a80000,0x00000000d9a80000)
  from space 20992K, 0% used [0x00000000d9a80000,0x00000000d9a80000,0x00000000daf00000)
  to   space 36352K, 0% used [0x00000000df580000,0x00000000df580000,0x00000000e1900000)
 ParOldGen       total 56832K, used 56815K [0x0000000081e00000, 0x0000000085580000, 0x00000000d5f80000)
  object space 56832K, 99% used [0x0000000081e00000,0x000000008557bc18,0x0000000085580000)
 Metaspace       used 35671K, capacity 38138K, committed 38272K, reserved 1083392K
  class space    used 4795K, capacity 5220K, committed 5248K, reserved 1048576K
Event: 50.231 GC heap after
Heap after GC invocations=11 (full 4):
 PSYoungGen      total 81408K, used 21360K [0x00000000d5f80000, 0x00000000e1900000, 0x0000000100000000)
  eden space 60416K, 35% used [0x00000000d5f80000,0x00000000d745c100,0x00000000d9a80000)
  from space 20992K, 0% used [0x00000000d9a80000,0x00000000d9a80000,0x00000000daf00000)
  to   space 36352K, 0% used [0x00000000df580000,0x00000000df580000,0x00000000e1900000)
 ParOldGen       total 56832K, used 55426K [0x0000000081e00000, 0x0000000085580000, 0x00000000d5f80000)
  object space 56832K, 97% used [0x0000000081e00000,0x0000000085420a38,0x0000000085580000)
 Metaspace       used 35671K, capacity 38138K, committed 38272K, reserved 1083392K
  class space    used 4795K, capacity 5220K, committed 5248K, reserved 1048576K
}
Event: 51.272 GC heap before
{Heap before GC invocations=12 (full 5):
 PSYoungGen      total 81408K, used 60416K [0x00000000d5f80000, 0x00000000e1900000, 0x0000000100000000)
  eden space 60416K, 100% used [0x00000000d5f80000,0x00000000d9a80000,0x00000000d9a80000)
  from space 20992K, 0% used [0x00000000d9a80000,0x00000000d9a80000,0x00000000daf00000)
  to   space 36352K, 0% used [0x00000000df580000,0x00000000df580000,0x00000000e1900000)
 ParOldGen       total 56832K, used 55426K [0x0000000081e00000, 0x0000000085580000, 0x00000000d5f80000)
  object space 56832K, 97% used [0x0000000081e00000,0x0000000085420a38,0x0000000085580000)
 Metaspace       used 35967K, capacity 38348K, committed 38528K, reserved 1083392K
  class space    used 4806K, capacity 5225K, committed 5248K, reserved 1048576K
Event: 51.902 GC heap after
Heap after GC invocations=12 (full 5):
 PSYoungGen      total 81408K, used 33170K [0x00000000d5f80000, 0x00000000e1900000, 0x0000000100000000)
  eden space 60416K, 54% used [0x00000000d5f80000,0x00000000d7fe4ac8,0x00000000d9a80000)
  from space 20992K, 0% used [0x00000000d9a80000,0x00000000d9a80000,0x00000000daf00000)
  to   space 36352K, 0% used [0x00000000df580000,0x00000000df580000,0x00000000e1900000)
 ParOldGen       total 56832K, used 55419K [0x0000000081e00000, 0x0000000085580000, 0x00000000d5f80000)
  object space 56832K, 97% used [0x0000000081e00000,0x000000008541ef40,0x0000000085580000)
 Metaspace       used 35967K, capacity 38348K, committed 38528K, reserved 1083392K
  class space    used 4806K, capacity 5225K, committed 5248K, reserved 1048576K
}

Deoptimization events (10 events):
Event: 48.964 Thread 0x000000001b734800 Uncommon trap: reason=bimorphic action=maybe_recompile pc=0x00000000058d8688 method=com.sun.javafx.collections.SourceAdapterChange.reset()V @ 4
Event: 48.974 Thread 0x000000001b734800 Uncommon trap: reason=bimorphic action=maybe_recompile pc=0x00000000058d8688 method=com.sun.javafx.collections.SourceAdapterChange.reset()V @ 4
Event: 50.313 Thread 0x000000001b734800 Uncommon trap: reason=bimorphic action=maybe_recompile pc=0x00000000058d8688 method=com.sun.javafx.collections.SourceAdapterChange.reset()V @ 4
Event: 50.635 Thread 0x000000001b734800 Uncommon trap: reason=unstable_if action=reinterpret pc=0x000000000550059c method=java.util.logging.Logger.isLoggable(Ljava/util/logging/Level;)Z @ 8
Event: 51.979 Thread 0x000000001b734800 Uncommon trap: reason=unstable_if action=reinterpret pc=0x00000000059e4d14 method=javafx.scene.Node.markDirtyLayoutBranch()V @ 16
Event: 52.037 Thread 0x000000001b734800 Uncommon trap: reason=bimorphic action=maybe_recompile pc=0x0000000005853b10 method=javafx.scene.Node.getGeomBounds(Lcom/sun/javafx/geom/BaseBounds;Lcom/sun/javafx/geom/transform/BaseTransform;)Lcom/sun/javafx/geom/BaseBounds; @ 123
Event: 52.037 Thread 0x000000001b734800 Uncommon trap: reason=bimorphic action=maybe_recompile pc=0x0000000005853b10 method=javafx.scene.Node.getGeomBounds(Lcom/sun/javafx/geom/BaseBounds;Lcom/sun/javafx/geom/transform/BaseTransform;)Lcom/sun/javafx/geom/BaseBounds; @ 123
Event: 52.037 Thread 0x000000001b734800 Uncommon trap: reason=bimorphic action=maybe_recompile pc=0x0000000005853b10 method=javafx.scene.Node.getGeomBounds(Lcom/sun/javafx/geom/BaseBounds;Lcom/sun/javafx/geom/transform/BaseTransform;)Lcom/sun/javafx/geom/BaseBounds; @ 123
Event: 52.037 Thread 0x000000001b734800 Uncommon trap: reason=bimorphic action=maybe_recompile pc=0x0000000005853b10 method=javafx.scene.Node.getGeomBounds(Lcom/sun/javafx/geom/BaseBounds;Lcom/sun/javafx/geom/transform/BaseTransform;)Lcom/sun/javafx/geom/BaseBounds; @ 123
Event: 52.038 Thread 0x000000001b734800 Uncommon trap: reason=unstable_if action=reinterpret pc=0x0000000005022744 method=com.sun.javafx.geom.RectBounds.isEmpty()Z @ 21

Classes redefined (0 events):
No events

Internal exceptions (10 events):
Event: 47.443 Thread 0x000000001b734800 Exception <a 'java/io/FileNotFoundException'> (0x00000000d6b658b0) thrown at [C:\re\workspace\8-2-build-windows-amd64-cygwin\jdk8u152\9742\hotspot\src\share\vm\prims\jni.cpp, line 709]
Event: 47.461 Thread 0x000000001b734800 Implicit null exception at 0x000000000541fe78 to 0x0000000005422e05
Event: 48.026 Thread 0x000000001b734800 Implicit null exception at 0x0000000005492d2b to 0x00000000054932ed
Event: 48.204 Thread 0x000000001b734800 Exception <a 'java/io/FileNotFoundException'> (0x00000000d7ed6d98) thrown at [C:\re\workspace\8-2-build-windows-amd64-cygwin\jdk8u152\9742\hotspot\src\share\vm\prims\jni.cpp, line 709]
Event: 48.439 Thread 0x000000001ba03000 Exception <a 'java/net/ConnectException': Connection refused: connect> (0x00000000d6a90890) thrown at [C:\re\workspace\8-2-build-windows-amd64-cygwin\jdk8u152\9742\hotspot\src\share\vm\prims\jni.cpp, line 735]
Event: 48.440 Thread 0x000000001ba03000 Exception <a 'java/lang/NullPointerException'> (0x00000000d6a90ae8) thrown at [C:\re\workspace\8-2-build-windows-amd64-cygwin\jdk8u152\9742\hotspot\src\share\vm\interpreter\linkResolver.cpp, line 1185]
Event: 48.782 Thread 0x000000001b734800 Exception <a 'java/io/FileNotFoundException'> (0x00000000d8cf0aa8) thrown at [C:\re\workspace\8-2-build-windows-amd64-cygwin\jdk8u152\9742\hotspot\src\share\vm\prims\jni.cpp, line 709]
Event: 48.782 Thread 0x000000001b734800 Exception <a 'java/io/FileNotFoundException'> (0x00000000d8cf2920) thrown at [C:\re\workspace\8-2-build-windows-amd64-cygwin\jdk8u152\9742\hotspot\src\share\vm\prims\jni.cpp, line 709]
Event: 48.785 Thread 0x000000001b734800 Exception <a 'java/io/FileNotFoundException'> (0x00000000d8d19288) thrown at [C:\re\workspace\8-2-build-windows-amd64-cygwin\jdk8u152\9742\hotspot\src\share\vm\prims\jni.cpp, line 709]
Event: 48.785 Thread 0x000000001b734800 Exception <a 'java/io/FileNotFoundException'> (0x00000000d8d1b070) thrown at [C:\re\workspace\8-2-build-windows-amd64-cygwin\jdk8u152\9742\hotspot\src\share\vm\prims\jni.cpp, line 709]

Events (10 events):
Event: 52.347 loading class com/sun/scenario/effect/impl/state/RenderState$2
Event: 52.347 loading class com/sun/scenario/effect/impl/state/RenderState$2 done
Event: 52.347 loading class com/sun/scenario/effect/impl/state/RenderState$3
Event: 52.347 loading class com/sun/scenario/effect/impl/state/RenderState$3 done
Event: 52.348 loading class com/sun/scenario/effect/impl/prism/ps/PPSBlend_MULTIPLYPeer
Event: 52.348 loading class com/sun/scenario/effect/impl/prism/ps/PPSBlend_MULTIPLYPeer done
Event: 52.348 loading class com/sun/scenario/effect/impl/prism/ps/PPSTwoSamplerPeer
Event: 52.348 loading class com/sun/scenario/effect/impl/prism/ps/PPSTwoSamplerPeer done
Event: 52.378 Executing VM operation: ForceSafepoint
Event: 52.378 Executing VM operation: ForceSafepoint done


Dynamic libraries:
0x00007ff706a60000 - 0x00007ff706a97000 	C:\Program Files\Java\jdk1.8.0_152\bin\java.exe
0x00007ffea2310000 - 0x00007ffea24f0000 	C:\WINDOWS\SYSTEM32\ntdll.dll
0x00007ffea1960000 - 0x00007ffea1a0e000 	C:\WINDOWS\System32\KERNEL32.DLL
0x00007ffe9e860000 - 0x00007ffe9eac6000 	C:\WINDOWS\System32\KERNELBASE.dll
0x00007ffea1410000 - 0x00007ffea14b1000 	C:\WINDOWS\System32\ADVAPI32.dll
0x00007ffea14c0000 - 0x00007ffea155d000 	C:\WINDOWS\System32\msvcrt.dll
0x00007ffea12a0000 - 0x00007ffea12fb000 	C:\WINDOWS\System32\sechost.dll
0x00007ffea1bb0000 - 0x00007ffea1ccf000 	C:\WINDOWS\System32\RPCRT4.dll
0x00007ffea2120000 - 0x00007ffea22af000 	C:\WINDOWS\System32\USER32.dll
0x00007ffe9f7c0000 - 0x00007ffe9f7e0000 	C:\WINDOWS\System32\win32u.dll
0x00007ffea22b0000 - 0x00007ffea22d8000 	C:\WINDOWS\System32\GDI32.dll
0x00007ffe9edf0000 - 0x00007ffe9ef83000 	C:\WINDOWS\System32\gdi32full.dll
0x00007ffe9ead0000 - 0x00007ffe9eb6b000 	C:\WINDOWS\System32\msvcp_win.dll
0x00007ffe9e710000 - 0x00007ffe9e806000 	C:\WINDOWS\System32\ucrtbase.dll
0x00007ffe92950000 - 0x00007ffe92bb9000 	C:\WINDOWS\WinSxS\amd64_microsoft.windows.common-controls_6595b64144ccf1df_6.0.16299.431_none_15c7d3ee93659e73\COMCTL32.dll
0x00007ffea0cb0000 - 0x00007ffea0fb8000 	C:\WINDOWS\System32\combase.dll
0x00007ffe9ef90000 - 0x00007ffe9f002000 	C:\WINDOWS\System32\bcryptPrimitives.dll
0x00007ffea1a10000 - 0x00007ffea1a3d000 	C:\WINDOWS\System32\IMM32.DLL
0x0000000064760000 - 0x0000000064832000 	C:\Program Files\Java\jdk1.8.0_152\jre\bin\msvcr100.dll
0x0000000060790000 - 0x0000000061030000 	C:\Program Files\Java\jdk1.8.0_152\jre\bin\server\jvm.dll
0x00007ffea1940000 - 0x00007ffea1948000 	C:\WINDOWS\System32\PSAPI.DLL
0x00007ffe87f20000 - 0x00007ffe87f29000 	C:\WINDOWS\SYSTEM32\WSOCK32.dll
0x00007ffea1560000 - 0x00007ffea15cc000 	C:\WINDOWS\System32\WS2_32.dll
0x00007ffe9c6a0000 - 0x00007ffe9c6c3000 	C:\WINDOWS\SYSTEM32\WINMM.dll
0x00007ffe97860000 - 0x00007ffe9786a000 	C:\WINDOWS\SYSTEM32\VERSION.dll
0x00007ffe9c5b0000 - 0x00007ffe9c5da000 	C:\WINDOWS\SYSTEM32\WINMMBASE.dll
0x00007ffe9e810000 - 0x00007ffe9e85a000 	C:\WINDOWS\System32\cfgmgr32.dll
0x0000000064750000 - 0x000000006475f000 	C:\Program Files\Java\jdk1.8.0_152\jre\bin\verify.dll
0x0000000064720000 - 0x0000000064749000 	C:\Program Files\Java\jdk1.8.0_152\jre\bin\java.dll
0x0000000063f30000 - 0x0000000063f53000 	C:\Program Files\Java\jdk1.8.0_152\jre\bin\instrument.dll
0x00000000646b0000 - 0x00000000646c6000 	C:\Program Files\Java\jdk1.8.0_152\jre\bin\zip.dll
0x00007ffe9f870000 - 0x00007ffea0ca8000 	C:\WINDOWS\System32\SHELL32.dll
0x00007ffea1b00000 - 0x00007ffea1ba6000 	C:\WINDOWS\System32\shcore.dll
0x00007ffe9f010000 - 0x00007ffe9f757000 	C:\WINDOWS\System32\windows.storage.dll
0x00007ffea1770000 - 0x00007ffea17c1000 	C:\WINDOWS\System32\shlwapi.dll
0x00007ffe9e6f0000 - 0x00007ffe9e701000 	C:\WINDOWS\System32\kernel.appcore.dll
0x00007ffe9e660000 - 0x00007ffe9e6ac000 	C:\WINDOWS\System32\powrprof.dll
0x00007ffe9e6b0000 - 0x00007ffe9e6cb000 	C:\WINDOWS\System32\profapi.dll
0x00007ffe8a140000 - 0x00007ffe8a15a000 	C:\Program Files\JetBrains\IntelliJ IDEA 2017.2\bin\breakgen64.dll
0x0000000064680000 - 0x000000006469a000 	C:\Program Files\Java\jdk1.8.0_152\jre\bin\net.dll
0x00007ffe9def0000 - 0x00007ffe9df56000 	C:\WINDOWS\system32\mswsock.dll
0x0000000002e20000 - 0x0000000002e23000 	C:\Program Files\Java\jdk1.8.0_152\jre\bin\api-ms-win-core-console-l1-1-0.dll
0x0000000002e30000 - 0x0000000002e33000 	C:\Program Files\Java\jdk1.8.0_152\jre\bin\api-ms-win-core-datetime-l1-1-0.dll
0x00000000046f0000 - 0x00000000046f3000 	C:\Program Files\Java\jdk1.8.0_152\jre\bin\api-ms-win-core-debug-l1-1-0.dll
0x0000000004700000 - 0x0000000004703000 	C:\Program Files\Java\jdk1.8.0_152\jre\bin\api-ms-win-core-errorhandling-l1-1-0.dll
0x0000000004710000 - 0x0000000004714000 	C:\Program Files\Java\jdk1.8.0_152\jre\bin\api-ms-win-core-file-l1-1-0.dll
0x0000000004720000 - 0x0000000004723000 	C:\Program Files\Java\jdk1.8.0_152\jre\bin\api-ms-win-core-file-l1-2-0.dll
0x0000000004730000 - 0x0000000004733000 	C:\Program Files\Java\jdk1.8.0_152\jre\bin\api-ms-win-core-file-l2-1-0.dll
0x0000000004740000 - 0x0000000004743000 	C:\Program Files\Java\jdk1.8.0_152\jre\bin\api-ms-win-core-handle-l1-1-0.dll
0x0000000004750000 - 0x0000000004753000 	C:\Program Files\Java\jdk1.8.0_152\jre\bin\api-ms-win-core-heap-l1-1-0.dll
0x0000000004760000 - 0x0000000004763000 	C:\Program Files\Java\jdk1.8.0_152\jre\bin\api-ms-win-core-interlocked-l1-1-0.dll
0x0000000004770000 - 0x0000000004773000 	C:\Program Files\Java\jdk1.8.0_152\jre\bin\api-ms-win-core-libraryloader-l1-1-0.dll
0x0000000004780000 - 0x0000000004783000 	C:\Program Files\Java\jdk1.8.0_152\jre\bin\api-ms-win-core-localization-l1-2-0.dll
0x00000000048b0000 - 0x00000000048b3000 	C:\Program Files\Java\jdk1.8.0_152\jre\bin\api-ms-win-core-memory-l1-1-0.dll
0x00000000048c0000 - 0x00000000048c3000 	C:\Program Files\Java\jdk1.8.0_152\jre\bin\api-ms-win-core-namedpipe-l1-1-0.dll
0x00000000048d0000 - 0x00000000048d3000 	C:\Program Files\Java\jdk1.8.0_152\jre\bin\api-ms-win-core-processenvironment-l1-1-0.dll
0x00000000048e0000 - 0x00000000048e3000 	C:\Program Files\Java\jdk1.8.0_152\jre\bin\api-ms-win-core-processthreads-l1-1-0.dll
0x00000000048f0000 - 0x00000000048f3000 	C:\Program Files\Java\jdk1.8.0_152\jre\bin\api-ms-win-core-processthreads-l1-1-1.dll
0x0000000004900000 - 0x0000000004903000 	C:\Program Files\Java\jdk1.8.0_152\jre\bin\api-ms-win-core-profile-l1-1-0.dll
0x0000000004910000 - 0x0000000004913000 	C:\Program Files\Java\jdk1.8.0_152\jre\bin\api-ms-win-core-rtlsupport-l1-1-0.dll
0x0000000004920000 - 0x0000000004923000 	C:\Program Files\Java\jdk1.8.0_152\jre\bin\api-ms-win-core-string-l1-1-0.dll
0x0000000004930000 - 0x0000000004933000 	C:\Program Files\Java\jdk1.8.0_152\jre\bin\api-ms-win-core-synch-l1-1-0.dll
0x000000001bdb0000 - 0x000000001bdb3000 	C:\Program Files\Java\jdk1.8.0_152\jre\bin\api-ms-win-core-synch-l1-2-0.dll
0x000000001bdc0000 - 0x000000001bdc3000 	C:\Program Files\Java\jdk1.8.0_152\jre\bin\api-ms-win-core-sysinfo-l1-1-0.dll
0x000000001bdd0000 - 0x000000001bdd3000 	C:\Program Files\Java\jdk1.8.0_152\jre\bin\api-ms-win-core-timezone-l1-1-0.dll
0x000000001bde0000 - 0x000000001bde3000 	C:\Program Files\Java\jdk1.8.0_152\jre\bin\api-ms-win-core-util-l1-1-0.dll
0x000000001bdf0000 - 0x000000001bdf3000 	C:\Program Files\Java\jdk1.8.0_152\jre\bin\api-ms-win-crt-conio-l1-1-0.dll
0x000000001be00000 - 0x000000001be04000 	C:\Program Files\Java\jdk1.8.0_152\jre\bin\api-ms-win-crt-convert-l1-1-0.dll
0x000000001be10000 - 0x000000001be13000 	C:\Program Files\Java\jdk1.8.0_152\jre\bin\api-ms-win-crt-environment-l1-1-0.dll
0x000000001be20000 - 0x000000001be23000 	C:\Program Files\Java\jdk1.8.0_152\jre\bin\api-ms-win-crt-filesystem-l1-1-0.dll
0x000000001be30000 - 0x000000001be33000 	C:\Program Files\Java\jdk1.8.0_152\jre\bin\api-ms-win-crt-heap-l1-1-0.dll
0x000000001be40000 - 0x000000001be43000 	C:\Program Files\Java\jdk1.8.0_152\jre\bin\api-ms-win-crt-locale-l1-1-0.dll
0x000000001be50000 - 0x000000001be55000 	C:\Program Files\Java\jdk1.8.0_152\jre\bin\api-ms-win-crt-math-l1-1-0.dll
0x000000001be60000 - 0x000000001be65000 	C:\Program Files\Java\jdk1.8.0_152\jre\bin\api-ms-win-crt-multibyte-l1-1-0.dll
0x000000001be70000 - 0x000000001be80000 	C:\Program Files\Java\jdk1.8.0_152\jre\bin\api-ms-win-crt-private-l1-1-0.dll
0x000000001be80000 - 0x000000001be83000 	C:\Program Files\Java\jdk1.8.0_152\jre\bin\api-ms-win-crt-process-l1-1-0.dll
0x000000001be90000 - 0x000000001be94000 	C:\Program Files\Java\jdk1.8.0_152\jre\bin\api-ms-win-crt-runtime-l1-1-0.dll
0x000000001bea0000 - 0x000000001bea4000 	C:\Program Files\Java\jdk1.8.0_152\jre\bin\api-ms-win-crt-stdio-l1-1-0.dll
0x000000001beb0000 - 0x000000001beb4000 	C:\Program Files\Java\jdk1.8.0_152\jre\bin\api-ms-win-crt-string-l1-1-0.dll
0x000000001bec0000 - 0x000000001bec3000 	C:\Program Files\Java\jdk1.8.0_152\jre\bin\api-ms-win-crt-time-l1-1-0.dll
0x000000001bed0000 - 0x000000001bed3000 	C:\Program Files\Java\jdk1.8.0_152\jre\bin\api-ms-win-crt-utility-l1-1-0.dll
0x00007ffe81e10000 - 0x00007ffe81f06000 	C:\Program Files\Java\jdk1.8.0_152\jre\bin\ucrtbase.dll
0x00007ffe8e5d0000 - 0x00007ffe8e621000 	C:\Program Files\Java\jdk1.8.0_152\jre\bin\concrt140.dll
0x00007ffe6f300000 - 0x00007ffe6f3aa000 	C:\WINDOWS\SYSTEM32\MSVCP140.dll
0x00007ffe90120000 - 0x00007ffe90136000 	C:\WINDOWS\SYSTEM32\VCRUNTIME140.dll
0x00007ffe8fef0000 - 0x00007ffe8ff06000 	C:\Program Files\Java\jdk1.8.0_152\jre\bin\vcruntime140.dll
0x00007ffe6f190000 - 0x00007ffe6f22c000 	C:\Program Files\Java\jdk1.8.0_152\jre\bin\msvcp140.dll
0x0000000064630000 - 0x0000000064653000 	C:\Program Files\Java\jdk1.8.0_152\jre\bin\prism_d3d.dll
0x00007ffe684e0000 - 0x00007ffe68675000 	C:\WINDOWS\system32\d3d9.dll
0x00007ffe9cc30000 - 0x00007ffe9cc5a000 	C:\WINDOWS\SYSTEM32\dwmapi.dll
0x00007ffe9c830000 - 0x00007ffe9c8c5000 	C:\WINDOWS\system32\uxtheme.dll
0x00007ffe3db40000 - 0x00007ffe419f7000 	C:\WINDOWS\System32\DriverStore\FileRepository\igdlh64.inf_amd64_0959185ccf48eaa8\igdumdim64.dll
0x00007ffea0fc0000 - 0x00007ffea1109000 	C:\WINDOWS\System32\ole32.dll
0x00007ffea17d0000 - 0x00007ffea1895000 	C:\WINDOWS\System32\OLEAUT32.dll
0x00007ffea1cd0000 - 0x00007ffea211e000 	C:\WINDOWS\System32\SETUPAPI.dll
0x00000000645e0000 - 0x0000000064629000 	C:\Program Files\Java\jdk1.8.0_152\jre\bin\glass.dll
0x00007ffea1300000 - 0x00007ffea140a000 	C:\WINDOWS\System32\COMDLG32.dll
0x00007ffea1130000 - 0x00007ffea1297000 	C:\WINDOWS\System32\MSCTF.dll
0x00007ffe949e0000 - 0x00007ffe95fd1000 	C:\WINDOWS\System32\DriverStore\FileRepository\igdlh64.inf_amd64_0959185ccf48eaa8\igc64.dll
0x00000000645c0000 - 0x00000000645d4000 	C:\Program Files\Java\jdk1.8.0_152\jre\bin\javafx_font.dll
0x00007ffe90e90000 - 0x00007ffe911a0000 	C:\WINDOWS\SYSTEM32\dwrite.dll
0x00000000642d0000 - 0x0000000064468000 	C:\Program Files\Java\jdk1.8.0_152\jre\bin\awt.dll
0x00007ffe9c5e0000 - 0x00007ffe9c668000 	C:\WINDOWS\SYSTEM32\apphelp.dll
0x00007ffea18a0000 - 0x00007ffea193e000 	C:\WINDOWS\System32\clbcatq.dll
0x00007ffe98a20000 - 0x00007ffe98bcb000 	C:\WINDOWS\SYSTEM32\WindowsCodecs.dll
0x00007ffe89f30000 - 0x00007ffe89f7f000 	C:\WINDOWS\system32\dataexchange.dll
0x00007ffe9b2e0000 - 0x00007ffe9b5c2000 	C:\WINDOWS\system32\d3d11.dll
0x00007ffe9bd30000 - 0x00007ffe9be72000 	C:\WINDOWS\system32\dcomp.dll
0x00007ffe9d4f0000 - 0x00007ffe9d59f000 	C:\WINDOWS\system32\dxgi.dll
0x00007ffe9cd70000 - 0x00007ffe9ceeb000 	C:\WINDOWS\system32\twinapi.appcore.dll
0x00007ffe9cd20000 - 0x00007ffe9cd40000 	C:\WINDOWS\system32\RMCLIENT.dll
0x00007ffe9e1c0000 - 0x00007ffe9e1e5000 	C:\WINDOWS\system32\bcrypt.dll
0x00007ffe8d090000 - 0x00007ffe8d0c4000 	C:\Program Files\Common Files\Microsoft Shared\Ink\rtscom.dll
0x00000000645a0000 - 0x00000000645b2000 	C:\Program Files\Java\jdk1.8.0_152\jre\bin\prism_common.dll
0x00007ffe96210000 - 0x00007ffe962a8000 	C:\WINDOWS\System32\TextInputFramework.dll
0x00007ffe9bbc0000 - 0x00007ffe9bc9c000 	C:\WINDOWS\System32\CoreMessaging.dll
0x00007ffe98560000 - 0x00007ffe9884e000 	C:\WINDOWS\System32\CoreUIComponents.dll
0x00007ffe9d710000 - 0x00007ffe9d741000 	C:\WINDOWS\SYSTEM32\ntmarta.dll
0x00007ffe9a650000 - 0x00007ffe9a786000 	C:\WINDOWS\SYSTEM32\wintypes.dll
0x00007ffe9e0c0000 - 0x00007ffe9e0d7000 	C:\WINDOWS\SYSTEM32\CRYPTSP.dll
0x00007ffe9daf0000 - 0x00007ffe9db23000 	C:\WINDOWS\system32\rsaenh.dll
0x00007ffe9e560000 - 0x00007ffe9e589000 	C:\WINDOWS\SYSTEM32\USERENV.dll
0x00007ffe9e0b0000 - 0x00007ffe9e0bb000 	C:\WINDOWS\SYSTEM32\CRYPTBASE.dll
0x00007ffe9dc80000 - 0x00007ffe9dcb9000 	C:\WINDOWS\SYSTEM32\IPHLPAPI.DLL
0x00007ffe9f860000 - 0x00007ffe9f868000 	C:\WINDOWS\System32\NSI.dll
0x00007ffe9a200000 - 0x00007ffe9a216000 	C:\WINDOWS\SYSTEM32\dhcpcsvc6.DLL
0x00007ffe9a180000 - 0x00007ffe9a19a000 	C:\WINDOWS\SYSTEM32\dhcpcsvc.DLL
0x0000000064660000 - 0x0000000064671000 	C:\Program Files\Java\jdk1.8.0_152\jre\bin\nio.dll

VM Arguments:
jvm_args: -javaagent:C:\Program Files\JetBrains\IntelliJ IDEA 2017.2\lib\idea_rt.jar=37184:C:\Program Files\JetBrains\IntelliJ IDEA 2017.2\bin -Dfile.encoding=UTF-8 
java_command: com.mainLogin.Main
java_class_path (initial): C:\Program Files\Java\jdk1.8.0_152\jre\lib\charsets.jar;C:\Program Files\Java\jdk1.8.0_152\jre\lib\deploy.jar;C:\Program Files\Java\jdk1.8.0_152\jre\lib\ext\access-bridge-64.jar;C:\Program Files\Java\jdk1.8.0_152\jre\lib\ext\cldrdata.jar;C:\Program Files\Java\jdk1.8.0_152\jre\lib\ext\dnsns.jar;C:\Program Files\Java\jdk1.8.0_152\jre\lib\ext\jaccess.jar;C:\Program Files\Java\jdk1.8.0_152\jre\lib\ext\jfxrt.jar;C:\Program Files\Java\jdk1.8.0_152\jre\lib\ext\localedata.jar;C:\Program Files\Java\jdk1.8.0_152\jre\lib\ext\nashorn.jar;C:\Program Files\Java\jdk1.8.0_152\jre\lib\ext\sunec.jar;C:\Program Files\Java\jdk1.8.0_152\jre\lib\ext\sunjce_provider.jar;C:\Program Files\Java\jdk1.8.0_152\jre\lib\ext\sunmscapi.jar;C:\Program Files\Java\jdk1.8.0_152\jre\lib\ext\sunpkcs11.jar;C:\Program Files\Java\jdk1.8.0_152\jre\lib\ext\zipfs.jar;C:\Program Files\Java\jdk1.8.0_152\jre\lib\javaws.jar;C:\Program Files\Java\jdk1.8.0_152\jre\lib\jce.jar;C:\Program Files\Java\jdk1.8.0_152\jre\lib\jfr.jar;C:\Program Files\Java\jdk1.8.0_152\jre\lib\jfxswt.jar;C:\Program Files\Java\jdk1.8.0_152\jre\lib\jsse.jar;C:\Program Files\Java\jdk1.8.0_152\jre\lib\management-agent.jar;C:\Program Files\Java\jdk1.8.0_152\jre\lib\plugin.jar;C:\Program Files\Java\jdk1.8.0_152\jre\lib\resources.jar;C:\Program Files\Java\jdk1.8.0_152\jre\lib\rt.jar;C:\Users\dobryansky.a\Documents\Github\Communicator\mainPage\target\classes;C:\Users\dobryansky.a\Documents\Github\Communicator\Library\TrayNotification.jar;C:\Users\dobryansky.a\Documents\Github\Communicator\Library\sqljdbc42.jar;C:\Users\dobryansky.a\Documents\Github\Communicator\Library\XR3PlayerUpdater.jar;C:\Users\dobryansky.a\Documents\Github\Communicator\Library\FilterableTableColumns.jar;C:\Users\dobryansky.a\.m2\repository\no\tornado\fxlauncher\1.0.17\fxlauncher-1.0.17.jar;C:\Users\dobryansky.a\.m2\repository\org\controlsfx\controlsfx\8.40.11\controlsfx-8.40.11.jar;C:\Users\dobryansky.a\.m2\repository\org\fxmisc\richtext\richtextfx\
Launcher Type: SUN_STANDARD

Environment Variables:
JAVA_HOME=C:\Program Files\Java\jdk1.8.0_152
PATH=C:\Program Files (x86)\Common Files\Oracle\Java\javapath;C:\ProgramData\Oracle\Java\javapath;C:\WINDOWS\system32;C:\WINDOWS;C:\WINDOWS\System32\Wbem;C:\WINDOWS\System32\WindowsPowerShell\v1.0\;C:\Program Files (x86)\Skype\Phone\;C:\Program Files\Git\cmd;C:\Program Files\Microsoft SQL Server\120\DTS\Binn\;C:\Program Files\Microsoft SQL Server\Client SDK\ODBC\110\Tools\Binn\;C:\Program Files (x86)\Microsoft SQL Server\120\Tools\Binn\;C:\Program Files\Microsoft SQL Server\120\Tools\Binn\;C:\Program Files (x86)\Microsoft SQL Server\120\Tools\Binn\ManagementStudio\;C:\Program Files (x86)\Microsoft SQL Server\120\DTS\Binn\;C:\WINDOWS\system32\config\systemprofile\.dnx\bin;C:\Program Files\Microsoft DNX\Dnvm\;C:\Program Files\Microsoft SQL Server\130\Tools\Binn\;C:\Program Files\apache-maven-3.5.2\bin;%USERPROFILE%\AppData\Local\Microsoft\WindowsApps;
USERNAME=dobryansky.a
OS=Windows_NT
PROCESSOR_IDENTIFIER=Intel64 Family 6 Model 78 Stepping 3, GenuineIntel



---------------  S Y S T E M  ---------------

OS: Windows 10.0 , 64 bit Build 16299 (10.0.16299.431)

CPU:total 4 (initial active 4) (2 cores per cpu, 2 threads per core) family 6 model 78 stepping 3, cmov, cx8, fxsr, mmx, sse, sse2, sse3, ssse3, sse4.1, sse4.2, popcnt, avx, avx2, aes, clmul, erms, 3dnowpref, lzcnt, ht, tsc, tscinvbit, bmi1, bmi2, adx

Memory: 4k page, physical 8260324k(1198556k free), swap 21507588k(5228k free)

vm_info: Java HotSpot(TM) 64-Bit Server VM (25.152-b16) for windows-amd64 JRE (1.8.0_152-b16), built on Sep 14 2017 02:29:36 by "java_re" with MS VC++ 10.0 (VS2010)

time: Tue Jul 10 12:57:31 2018
elapsed time: 52 seconds (0d 0h 0m 52s)

