#
# There is insufficient memory for the Java Runtime Environment to continue.
# Native memory allocation (malloc) failed to allocate 1048576 bytes for AllocateHeap
# Possible reasons:
#   The system is out of physical RAM or swap space
#   In 32 bit mode, the process size limit was hit
# Possible solutions:
#   Reduce memory load on the system
#   Increase physical memory or swap space
#   Check if swap backing store is full
#   Use 64 bit Java on a 64 bit OS
#   Decrease Java heap size (-Xmx/-Xms)
#   Decrease number of Java threads
#   Decrease Java thread stack sizes (-Xss)
#   Set larger code cache with -XX:ReservedCodeCacheSize=
# This output file may be truncated or incomplete.
#
#  Out of Memory Error (memory/allocation.inline.hpp:61), pid=5980, tid=0x0000000000001804
#
# JRE version:  (8.0_144-b01) (build )
# Java VM: Java HotSpot(TM) 64-Bit Server VM (25.144-b01 mixed mode windows-amd64 compressed oops)
# Failed to write core dump. Minidumps are not enabled by default on client versions of Windows
#

---------------  T H R E A D  ---------------

Current thread (0x0000000002d12800):  JavaThread "Unknown thread" [_thread_in_vm, id=6148, stack(0x0000000002a10000,0x0000000002b10000)]

Stack: [0x0000000002a10000,0x0000000002b10000]
[error occurred during error reporting (printing stack bounds), id 0xc0000005]

Native frames: (J=compiled Java code, j=interpreted, Vv=VM code, C=native code)


---------------  P R O C E S S  ---------------

Java Threads: ( => current thread )

Other Threads:

=>0x0000000002d12800 (exited) JavaThread "Unknown thread" [_thread_in_vm, id=6148, stack(0x0000000002a10000,0x0000000002b10000)]

VM state:not at safepoint (normal execution)

VM Mutex/Monitor currently owned by a thread: None

Heap:
 PSYoungGen      total 76288K, used 1310K [0x000000076af00000, 0x0000000770400000, 0x00000007c0000000)
  eden space 65536K, 2% used [0x000000076af00000,0x000000076b047af0,0x000000076ef00000)
  from space 10752K, 0% used [0x000000076f980000,0x000000076f980000,0x0000000770400000)
  to   space 10752K, 0% used [0x000000076ef00000,0x000000076ef00000,0x000000076f980000)
 ParOldGen       total 175104K, used 0K [0x00000006c0c00000, 0x00000006cb700000, 0x000000076af00000)
  object space 175104K, 0% used [0x00000006c0c00000,0x00000006c0c00000,0x00000006cb700000)
 Metaspace       used 770K, capacity 4480K, committed 4480K, reserved 1056768K
  class space    used 75K, capacity 384K, committed 384K, reserved 1048576K

Card table byte_map: [0x00000000121d0000,0x00000000129d0000] byte_map_base: 0x000000000ebca000

Marking Bits: (ParMarkBitMap*) 0x000000005258d850
 Begin Bits: [0x0000000013530000, 0x0000000017500000)
 End Bits:   [0x0000000017500000, 0x000000001b4d0000)

Polling page: 0x00000000029c0000

CodeCache: size=245760Kb used=327Kb max_used=327Kb free=245432Kb
 bounds [0x0000000002e10000, 0x0000000003080000, 0x0000000011e10000]
 total_blobs=57 nmethods=0 adapters=38
 compilation: enabled

Compilation events (0 events):
No events

GC Heap History (0 events):
No events

Deoptimization events (0 events):
No events

Internal exceptions (0 events):
No events

Events (10 events):
Event: 0.034 loading class java/lang/Short
Event: 0.034 loading class java/lang/Short done
Event: 0.034 loading class java/lang/Integer
Event: 0.035 loading class java/lang/Integer done
Event: 0.035 loading class java/lang/Long
Event: 0.035 loading class java/lang/Long done
Event: 0.036 loading class java/lang/NullPointerException
Event: 0.036 loading class java/lang/NullPointerException done
Event: 0.036 loading class java/lang/ArithmeticException
Event: 0.036 loading class java/lang/ArithmeticException done


Dynamic libraries:
0x00007ff63dcb0000 - 0x00007ff63dce7000 	C:\Program Files\Java\jdk1.8.0_144\bin\java.exe
0x00007ffe16400000 - 0x00007ffe165db000 	C:\Windows\SYSTEM32\ntdll.dll
0x00007ffe15ca0000 - 0x00007ffe15d4e000 	C:\Windows\System32\KERNEL32.DLL
0x00007ffe129a0000 - 0x00007ffe12be9000 	C:\Windows\System32\KERNELBASE.dll
0x00007ffe152d0000 - 0x00007ffe15371000 	C:\Windows\System32\ADVAPI32.dll
0x00007ffe16050000 - 0x00007ffe160ed000 	C:\Windows\System32\msvcrt.dll
0x00007ffe161a0000 - 0x00007ffe161f9000 	C:\Windows\System32\sechost.dll
0x00007ffe15d50000 - 0x00007ffe15e75000 	C:\Windows\System32\RPCRT4.dll
0x00007ffe15710000 - 0x00007ffe1585a000 	C:\Windows\System32\USER32.dll
0x00007ffe12980000 - 0x00007ffe1299e000 	C:\Windows\System32\win32u.dll
0x00007ffe14f80000 - 0x00007ffe14fa7000 	C:\Windows\System32\GDI32.dll
0x00007ffe12db0000 - 0x00007ffe12f38000 	C:\Windows\System32\gdi32full.dll
0x00007ffe12bf0000 - 0x00007ffe12c8a000 	C:\Windows\System32\msvcp_win.dll
0x00007ffe13810000 - 0x00007ffe13906000 	C:\Windows\System32\ucrtbase.dll
0x00007ffe08a20000 - 0x00007ffe08c87000 	C:\Windows\WinSxS\amd64_microsoft.windows.common-controls_6595b64144ccf1df_6.0.15063.483_none_26002d27e7c744a2\COMCTL32.dll
0x00007ffe14fc0000 - 0x00007ffe152b9000 	C:\Windows\System32\combase.dll
0x00007ffe12c90000 - 0x00007ffe12cfa000 	C:\Windows\System32\bcryptPrimitives.dll
0x00007ffe16170000 - 0x00007ffe1619d000 	C:\Windows\System32\IMM32.DLL
0x0000000052610000 - 0x00000000526e2000 	C:\Program Files\Java\jdk1.8.0_144\jre\bin\msvcr100.dll
0x0000000051d70000 - 0x000000005260d000 	C:\Program Files\Java\jdk1.8.0_144\jre\bin\server\jvm.dll
0x00007ffe152c0000 - 0x00007ffe152c8000 	C:\Windows\System32\PSAPI.DLL
0x00007ffe10aa0000 - 0x00007ffe10ac3000 	C:\Windows\SYSTEM32\WINMM.dll
0x00007ffe0cbe0000 - 0x00007ffe0cbea000 	C:\Windows\SYSTEM32\VERSION.dll
0x00007ffe0c820000 - 0x00007ffe0c829000 	C:\Windows\SYSTEM32\WSOCK32.dll
0x00007ffe14f10000 - 0x00007ffe14f7c000 	C:\Windows\System32\WS2_32.dll
0x00007ffe10a40000 - 0x00007ffe10a6b000 	C:\Windows\SYSTEM32\WINMMBASE.dll
0x00007ffe13910000 - 0x00007ffe13959000 	C:\Windows\System32\cfgmgr32.dll
0x0000000051d60000 - 0x0000000051d6f000 	C:\Program Files\Java\jdk1.8.0_144\jre\bin\verify.dll
0x0000000051d30000 - 0x0000000051d59000 	C:\Program Files\Java\jdk1.8.0_144\jre\bin\java.dll
0x0000000051c40000 - 0x0000000051c63000 	C:\Program Files\Java\jdk1.8.0_144\jre\bin\instrument.dll
0x0000000051d10000 - 0x0000000051d26000 	C:\Program Files\Java\jdk1.8.0_144\jre\bin\zip.dll

VM Arguments:
jvm_args: -javaagent:C:\Program Files\JetBrains\IntelliJ IDEA 2017.2.1\lib\idea_rt.jar=57369:C:\Program Files\JetBrains\IntelliJ IDEA 2017.2.1\bin -Dfile.encoding=UTF-8 
java_command: sample.Main
java_class_path (initial): C:\Program Files\Java\jdk1.8.0_144\jre\lib\charsets.jar;C:\Program Files\Java\jdk1.8.0_144\jre\lib\deploy.jar;C:\Program Files\Java\jdk1.8.0_144\jre\lib\ext\access-bridge-64.jar;C:\Program Files\Java\jdk1.8.0_144\jre\lib\ext\cldrdata.jar;C:\Program Files\Java\jdk1.8.0_144\jre\lib\ext\dnsns.jar;C:\Program Files\Java\jdk1.8.0_144\jre\lib\ext\jaccess.jar;C:\Program Files\Java\jdk1.8.0_144\jre\lib\ext\jfxrt.jar;C:\Program Files\Java\jdk1.8.0_144\jre\lib\ext\localedata.jar;C:\Program Files\Java\jdk1.8.0_144\jre\lib\ext\nashorn.jar;C:\Program Files\Java\jdk1.8.0_144\jre\lib\ext\sunec.jar;C:\Program Files\Java\jdk1.8.0_144\jre\lib\ext\sunjce_provider.jar;C:\Program Files\Java\jdk1.8.0_144\jre\lib\ext\sunmscapi.jar;C:\Program Files\Java\jdk1.8.0_144\jre\lib\ext\sunpkcs11.jar;C:\Program Files\Java\jdk1.8.0_144\jre\lib\ext\zipfs.jar;C:\Program Files\Java\jdk1.8.0_144\jre\lib\javaws.jar;C:\Program Files\Java\jdk1.8.0_144\jre\lib\jce.jar;C:\Program Files\Java\jdk1.8.0_144\jre\lib\jfr.jar;C:\Program Files\Java\jdk1.8.0_144\jre\lib\jfxswt.jar;C:\Program Files\Java\jdk1.8.0_144\jre\lib\jsse.jar;C:\Program Files\Java\jdk1.8.0_144\jre\lib\management-agent.jar;C:\Program Files\Java\jdk1.8.0_144\jre\lib\plugin.jar;C:\Program Files\Java\jdk1.8.0_144\jre\lib\resources.jar;C:\Program Files\Java\jdk1.8.0_144\jre\lib\rt.jar;D:\новий комунікатор\CommunicatorOrigin\out\production\.IntelliJIdea2017.2;C:\Users\Admin\Desktop\sqljdbc4-3.0.jar;C:\Users\Admin\Desktop\Добрянський Андрій\jar_files\jfoenix-1.2.0.jar;C:\Users\Admin\Desktop\Добрянський Андрій\jar_files\commons-dbutils-1.5.jar;C:\Users\Admin\Desktop\Добрянський Андрій\Desctop\sqljdbc4-3.0.jar;C:\Users\Admin\Desktop\Добрянський Андрій\Desctop\commons-dbutils-1.5.jar;D:\новий комунікатор\Library\sqljdbc4-3.0.jar;D:\новий комунікатор\Library\jfoenix-1.2.0.jar;D:\новий комунікатор\Library\commons-dbutils-1.4.jar;C:\Users\Admin\Desktop\com.springsource.com.mchange.v2.c3p0-0.9.1.2.jar;C:\Users\Admin\Desktop\messag
Launcher Type: SUN_STANDARD

Environment Variables:
PATH=C:\ProgramData\Oracle\Java\javapath;C:\Windows\system32;C:\Windows;C:\Windows\System32\Wbem;C:\Windows\System32\WindowsPowerShell\v1.0\;C:\Program Files (x86)\Skype\Phone\;C:\Program Files\Microsoft SQL Server\120\DTS\Binn\;C:\Program Files\Microsoft SQL Server\Client SDK\ODBC\110\Tools\Binn\;C:\Program Files (x86)\Microsoft SQL Server\120\Tools\Binn\;C:\Program Files\Microsoft SQL Server\120\Tools\Binn\;C:\Program Files (x86)\Microsoft SQL Server\120\Tools\Binn\ManagementStudio\;C:\Program Files (x86)\Microsoft SQL Server\120\DTS\Binn\;C:\Program Files\Microsoft SQL Server\130\Tools\Binn\;C:\Program Files (x86)\nodejs\;C:\Program Files (x86)\Windows Kits\10\Windows Performance Toolkit\;C:\Program Files\MySQL\MySQL Utilities 1.6\;C:\Windows\system32\config\systemprofile\.dnx\bin;C:\Program Files\Microsoft DNX\Dnvm\;C:\Program Files (x86)\Microsoft Emulator Manager\1.0\;C:\Users\Admin\AppData\Local\Microsoft\WindowsApps;C:\Users\Admin\AppData\Roaming\npm
USERNAME=Зеленін Максим
OS=Windows_NT
PROCESSOR_IDENTIFIER=AMD64 Family 21 Model 2 Stepping 0, AuthenticAMD



---------------  S Y S T E M  ---------------

OS: Windows 10.0 , 64 bit Build 15063 (10.0.15063.296)

CPU:total 6 (initial active 6) (6 cores per cpu, 1 threads per core) family 21 model 2 stepping 0, cmov, cx8, fxsr, mmx, sse, sse2, sse3, ssse3, sse4.1, sse4.2, popcnt, avx, aes, clmul, mmxext, 3dnowpref, lzcnt, sse4a, tsc, tscinvbit, tscinv, bmi1

Memory: 4k page, physical 16724268k(6297812k free), swap 23157724k(300176k free)

vm_info: Java HotSpot(TM) 64-Bit Server VM (25.144-b01) for windows-amd64 JRE (1.8.0_144-b01), built on Jul 21 2017 21:57:33 by "java_re" with MS VC++ 10.0 (VS2010)

time: Thu Oct 12 16:05:33 2017
elapsed time: 0 seconds (0d 0h 0m 0s)

