#
# There is insufficient memory for the Java Runtime Environment to continue.
# Native memory allocation (malloc) failed to allocate 1029968 bytes for Chunk::new
# Possible reasons:
#   The system is out of physical RAM or swap space
#   In 32 bit mode, the process size limit was hit
# Possible solutions:
#   Reduce memory load on the system
#   Increase physical memory or swap space
#   Check if swap backing store is full
#   Use 64 bit Java on a 64 bit OS
#   Decrease Java heap size (-Xmx/-Xms)
#   Decrease number of Java threads
#   Decrease Java thread stack sizes (-Xss)
#   Set larger code cache with -XX:ReservedCodeCacheSize=
# This output file may be truncated or incomplete.
#
#  Out of Memory Error (allocation.cpp:390), pid=9912, tid=0x0000000000003bec
#
# JRE version: Java(TM) SE Runtime Environment (8.0_152-b16) (build 1.8.0_152-b16)
# Java VM: Java HotSpot(TM) 64-Bit Server VM (25.152-b16 mixed mode windows-amd64 compressed oops)
# Failed to write core dump. Minidumps are not enabled by default on client versions of Windows
#

---------------  T H R E A D  ---------------

Current thread (0x000000001b18d800):  JavaThread "C2 CompilerThread1" daemon [_thread_in_native, id=15340, stack(0x000000001b450000,0x000000001b550000)]

Stack: [0x000000001b450000,0x000000001b550000]
[error occurred during error reporting (printing stack bounds), id 0xc0000005]

Native frames: (J=compiled Java code, j=interpreted, Vv=VM code, C=native code)


Current CompileTask:
C2:  42499 5435       4       javafx.scene.Node$1::invalidated (236 bytes)


---------------  P R O C E S S  ---------------

Java Threads: ( => current thread )
  0x000000001be23000 JavaThread "Thread-10" [_thread_in_native, id=7504, stack(0x000000002ac60000,0x000000002ad60000)]
  0x000000001be24800 JavaThread "com.mchange.v2.async.ThreadPoolAsynchronousRunner$PoolThread-#2" daemon [_thread_blocked, id=18440, stack(0x000000002a960000,0x000000002aa60000)]
  0x000000001be28000 JavaThread "com.mchange.v2.async.ThreadPoolAsynchronousRunner$PoolThread-#1" daemon [_thread_blocked, id=23760, stack(0x000000002a860000,0x000000002a960000)]
  0x000000001be26800 JavaThread "com.mchange.v2.async.ThreadPoolAsynchronousRunner$PoolThread-#0" daemon [_thread_blocked, id=35572, stack(0x000000002a760000,0x000000002a860000)]
  0x000000001be26000 JavaThread "Timer-0" daemon [_thread_blocked, id=19248, stack(0x000000002a660000,0x000000002a760000)]
  0x000000001be25000 JavaThread "Prism Font Disposer" daemon [_thread_blocked, id=13476, stack(0x0000000027060000,0x0000000027160000)]
  0x000000001be21800 JavaThread "JavaFX-Launcher" [_thread_blocked, id=21380, stack(0x00000000237b0000,0x00000000238b0000)]
  0x000000001be0f800 JavaThread "AWT-Windows" daemon [_thread_in_native, id=4328, stack(0x00000000235b0000,0x00000000236b0000)]
  0x000000001bdfd800 JavaThread "Java2D Disposer" daemon [_thread_blocked, id=34692, stack(0x00000000233b0000,0x00000000234b0000)]
  0x000000001bae7800 JavaThread "Thread-2" daemon [_thread_in_native, id=23840, stack(0x0000000022e70000,0x0000000022f70000)]
  0x000000001bab9000 JavaThread "JavaFX Application Thread" [_thread_in_vm, id=3896, stack(0x000000001c470000,0x000000001c570000)]
  0x000000001bab8800 JavaThread "Thread-1" daemon [_thread_blocked, id=26048, stack(0x000000001c370000,0x000000001c470000)]
  0x000000001ba4a000 JavaThread "QuantumRenderer-0" daemon [_thread_blocked, id=37044, stack(0x000000001c130000,0x000000001c230000)]
  0x000000001b207800 JavaThread "Service Thread" daemon [_thread_blocked, id=23744, stack(0x000000001b650000,0x000000001b750000)]
  0x000000001b1e6000 JavaThread "C1 CompilerThread2" daemon [_thread_blocked, id=31484, stack(0x000000001b550000,0x000000001b650000)]
=>0x000000001b18d800 JavaThread "C2 CompilerThread1" daemon [_thread_in_native, id=15340, stack(0x000000001b450000,0x000000001b550000)]
  0x000000001b18d000 JavaThread "C2 CompilerThread0" daemon [_thread_in_native, id=16612, stack(0x000000001b350000,0x000000001b450000)]
  0x000000001b10f000 JavaThread "Monitor Ctrl-Break" daemon [_thread_in_native, id=26200, stack(0x000000001b250000,0x000000001b350000)]
  0x000000001980d800 JavaThread "Attach Listener" daemon [_thread_blocked, id=16020, stack(0x000000001ad50000,0x000000001ae50000)]
  0x0000000019809800 JavaThread "Signal Dispatcher" daemon [_thread_blocked, id=13688, stack(0x000000001ac50000,0x000000001ad50000)]
  0x00000000197ef800 JavaThread "Finalizer" daemon [_thread_blocked, id=1372, stack(0x000000001aa60000,0x000000001ab60000)]
  0x0000000004cd4000 JavaThread "Reference Handler" daemon [_thread_blocked, id=8312, stack(0x000000001a960000,0x000000001aa60000)]
  0x0000000004be5800 JavaThread "main" [_thread_blocked, id=22300, stack(0x00000000049a0000,0x0000000004aa0000)]

Other Threads:
  0x00000000197c7800 VMThread [stack: 0x000000001a860000,0x000000001a960000] [id=5544]
  0x000000001b7b7000 WatcherThread [stack: 0x000000001bf50000,0x000000001c050000] [id=11784]

VM state:not at safepoint (normal execution)

VM Mutex/Monitor currently owned by a thread: None

Heap:
 PSYoungGen      total 491520K, used 160260K [0x00000000d5f80000, 0x00000000fa100000, 0x0000000100000000)
  eden space 403968K, 39% used [0x00000000d5f80000,0x00000000dfc012e0,0x00000000eea00000)
  from space 87552K, 0% used [0x00000000f3f80000,0x00000000f3f80000,0x00000000f9500000)
  to   space 87552K, 0% used [0x00000000eea00000,0x00000000eea00000,0x00000000f3f80000)
 ParOldGen       total 365056K, used 212814K [0x0000000081e00000, 0x0000000098280000, 0x00000000d5f80000)
  object space 365056K, 58% used [0x0000000081e00000,0x000000008edd3bd0,0x0000000098280000)
 Metaspace       used 34719K, capacity 36910K, committed 37120K, reserved 1081344K
  class space    used 4710K, capacity 5110K, committed 5120K, reserved 1048576K

Card table byte_map: [0x00000000140a0000,0x00000000144a0000] byte_map_base: 0x0000000013c91000

Marking Bits: (ParMarkBitMap*) 0x0000000062170860
 Begin Bits: [0x0000000014b50000, 0x0000000016ad8000)
 End Bits:   [0x0000000016ad8000, 0x0000000018a60000)

Polling page: 0x00000000007f0000

CodeCache: size=245760Kb used=16884Kb max_used=16884Kb free=228875Kb
 bounds [0x0000000004ce0000, 0x0000000005d70000, 0x0000000013ce0000]
 total_blobs=5859 nmethods=5027 adapters=741
 compilation: enabled

Compilation events (10 events):
Event: 42.464 Thread 0x000000001b1e6000 5637       1       javafx.scene.text.Font::getFamily (5 bytes)
Event: 42.464 Thread 0x000000001b1e6000 nmethod 5637 0x0000000005d6be50 code [0x0000000005d6bfa0, 0x0000000005d6c0b0]
Event: 42.466 Thread 0x000000001b1e6000 5638       1       javafx.scene.text.Text::access$2300 (5 bytes)
Event: 42.466 Thread 0x000000001b1e6000 nmethod 5638 0x0000000005d6c110 code [0x0000000005d6c260, 0x0000000005d6c350]
Event: 42.466 Thread 0x000000001b1e6000 5639       2       com.sun.javafx.font.LogicalFont::getCanonicalFamilyName (23 bytes)
Event: 42.467 Thread 0x000000001b1e6000 nmethod 5639 0x0000000005d6c3d0 code [0x0000000005d6c560, 0x0000000005d6c7a8]
Event: 42.471 Thread 0x000000001b1e6000 5640       2       javafx.scene.shape.Shape::getStroke (22 bytes)
Event: 42.471 Thread 0x000000001b1e6000 nmethod 5640 0x0000000005d6c990 code [0x0000000005d6cb00, 0x0000000005d6ccc8]
Event: 42.479 Thread 0x000000001b1e6000 5642       2       javafx.scene.Parent::setNeedsLayout (109 bytes)
Event: 42.480 Thread 0x000000001b1e6000 nmethod 5642 0x0000000005d6cd90 code [0x0000000005d6cf40, 0x0000000005d6d318]

GC Heap History (10 events):
Event: 35.715 GC heap before
{Heap before GC invocations=19 (full 4):
 PSYoungGen      total 343040K, used 45913K [0x00000000d5f80000, 0x00000000f5500000, 0x0000000100000000)
  eden space 278528K, 0% used [0x00000000d5f80000,0x00000000d5f80000,0x00000000e6f80000)
  from space 64512K, 71% used [0x00000000e6f80000,0x00000000e9c56520,0x00000000eae80000)
  to   space 67584K, 0% used [0x00000000f1300000,0x00000000f1300000,0x00000000f5500000)
 ParOldGen       total 179712K, used 174610K [0x0000000081e00000, 0x000000008cd80000, 0x00000000d5f80000)
  object space 179712K, 97% used [0x0000000081e00000,0x000000008c884ad8,0x000000008cd80000)
 Metaspace       used 33030K, capacity 34618K, committed 34816K, reserved 1079296K
  class space    used 4408K, capacity 4748K, committed 4864K, reserved 1048576K
Event: 37.234 GC heap after
Heap after GC invocations=19 (full 4):
 PSYoungGen      total 343040K, used 23830K [0x00000000d5f80000, 0x00000000f5500000, 0x0000000100000000)
  eden space 278528K, 0% used [0x00000000d5f80000,0x00000000d5f80000,0x00000000e6f80000)
  from space 64512K, 36% used [0x00000000e6f80000,0x00000000e86c5a78,0x00000000eae80000)
  to   space 67584K, 0% used [0x00000000f1300000,0x00000000f1300000,0x00000000f5500000)
 ParOldGen       total 296960K, used 179498K [0x0000000081e00000, 0x0000000094000000, 0x00000000d5f80000)
  object space 296960K, 60% used [0x0000000081e00000,0x000000008cd4aa08,0x0000000094000000)
 Metaspace       used 33030K, capacity 34618K, committed 34816K, reserved 1079296K
  class space    used 4408K, capacity 4748K, committed 4864K, reserved 1048576K
}
Event: 38.299 GC heap before
{Heap before GC invocations=20 (full 4):
 PSYoungGen      total 343040K, used 302358K [0x00000000d5f80000, 0x00000000f5500000, 0x0000000100000000)
  eden space 278528K, 100% used [0x00000000d5f80000,0x00000000e6f80000,0x00000000e6f80000)
  from space 64512K, 36% used [0x00000000e6f80000,0x00000000e86c5a78,0x00000000eae80000)
  to   space 67584K, 0% used [0x00000000f1300000,0x00000000f1300000,0x00000000f5500000)
 ParOldGen       total 296960K, used 179498K [0x0000000081e00000, 0x0000000094000000, 0x00000000d5f80000)
  object space 296960K, 60% used [0x0000000081e00000,0x000000008cd4aa08,0x0000000094000000)
 Metaspace       used 33037K, capacity 34624K, committed 34816K, reserved 1079296K
  class space    used 4409K, capacity 4749K, committed 4864K, reserved 1048576K
Event: 38.497 GC heap after
Heap after GC invocations=20 (full 4):
 PSYoungGen      total 386048K, used 42833K [0x00000000d5f80000, 0x00000000f3d00000, 0x0000000100000000)
  eden space 343040K, 0% used [0x00000000d5f80000,0x00000000d5f80000,0x00000000eae80000)
  from space 43008K, 99% used [0x00000000f1300000,0x00000000f3cd46c8,0x00000000f3d00000)
  to   space 69120K, 0% used [0x00000000eb600000,0x00000000eb600000,0x00000000ef980000)
 ParOldGen       total 296960K, used 203466K [0x0000000081e00000, 0x0000000094000000, 0x00000000d5f80000)
  object space 296960K, 68% used [0x0000000081e00000,0x000000008e4b2a08,0x0000000094000000)
 Metaspace       used 33037K, capacity 34624K, committed 34816K, reserved 1079296K
  class space    used 4409K, capacity 4749K, committed 4864K, reserved 1048576K
}
Event: 39.221 GC heap before
{Heap before GC invocations=21 (full 4):
 PSYoungGen      total 386048K, used 385873K [0x00000000d5f80000, 0x00000000f3d00000, 0x0000000100000000)
  eden space 343040K, 100% used [0x00000000d5f80000,0x00000000eae80000,0x00000000eae80000)
  from space 43008K, 99% used [0x00000000f1300000,0x00000000f3cd46c8,0x00000000f3d00000)
  to   space 69120K, 0% used [0x00000000eb600000,0x00000000eb600000,0x00000000ef980000)
 ParOldGen       total 296960K, used 203466K [0x0000000081e00000, 0x0000000094000000, 0x00000000d5f80000)
  object space 296960K, 68% used [0x0000000081e00000,0x000000008e4b2a08,0x0000000094000000)
 Metaspace       used 33037K, capacity 34624K, committed 34816K, reserved 1079296K
  class space    used 4409K, capacity 4749K, committed 4864K, reserved 1048576K
Event: 39.408 GC heap after
Heap after GC invocations=21 (full 4):
 PSYoungGen      total 419840K, used 69099K [0x00000000d5f80000, 0x00000000f9500000, 0x0000000100000000)
  eden space 350720K, 0% used [0x00000000d5f80000,0x00000000d5f80000,0x00000000eb600000)
  from space 69120K, 99% used [0x00000000eb600000,0x00000000ef97ae90,0x00000000ef980000)
  to   space 87552K, 0% used [0x00000000f3f80000,0x00000000f3f80000,0x00000000f9500000)
 ParOldGen       total 296960K, used 225882K [0x0000000081e00000, 0x0000000094000000, 0x00000000d5f80000)
  object space 296960K, 76% used [0x0000000081e00000,0x000000008fa96a08,0x0000000094000000)
 Metaspace       used 33037K, capacity 34624K, committed 34816K, reserved 1079296K
  class space    used 4409K, capacity 4749K, committed 4864K, reserved 1048576K
}
Event: 40.119 GC heap before
{Heap before GC invocations=22 (full 4):
 PSYoungGen      total 419840K, used 419819K [0x00000000d5f80000, 0x00000000f9500000, 0x0000000100000000)
  eden space 350720K, 100% used [0x00000000d5f80000,0x00000000eb600000,0x00000000eb600000)
  from space 69120K, 99% used [0x00000000eb600000,0x00000000ef97ae90,0x00000000ef980000)
  to   space 87552K, 0% used [0x00000000f3f80000,0x00000000f3f80000,0x00000000f9500000)
 ParOldGen       total 296960K, used 225882K [0x0000000081e00000, 0x0000000094000000, 0x00000000d5f80000)
  object space 296960K, 76% used [0x0000000081e00000,0x000000008fa96a08,0x0000000094000000)
 Metaspace       used 33037K, capacity 34624K, committed 34816K, reserved 1079296K
  class space    used 4409K, capacity 4749K, committed 4864K, reserved 1048576K
Event: 40.268 GC heap after
Heap after GC invocations=22 (full 4):
 PSYoungGen      total 491520K, used 49945K [0x00000000d5f80000, 0x00000000fa100000, 0x0000000100000000)
  eden space 403968K, 0% used [0x00000000d5f80000,0x00000000d5f80000,0x00000000eea00000)
  from space 87552K, 57% used [0x00000000f3f80000,0x00000000f7046520,0x00000000f9500000)
  to   space 87552K, 0% used [0x00000000eea00000,0x00000000eea00000,0x00000000f3f80000)
 ParOldGen       total 296960K, used 295101K [0x0000000081e00000, 0x0000000094000000, 0x00000000d5f80000)
  object space 296960K, 99% used [0x0000000081e00000,0x0000000093e2f488,0x0000000094000000)
 Metaspace       used 33037K, capacity 34624K, committed 34816K, reserved 1079296K
  class space    used 4409K, capacity 4749K, committed 4864K, reserved 1048576K
}
Event: 40.268 GC heap before
{Heap before GC invocations=23 (full 5):
 PSYoungGen      total 491520K, used 49945K [0x00000000d5f80000, 0x00000000fa100000, 0x0000000100000000)
  eden space 403968K, 0% used [0x00000000d5f80000,0x00000000d5f80000,0x00000000eea00000)
  from space 87552K, 57% used [0x00000000f3f80000,0x00000000f7046520,0x00000000f9500000)
  to   space 87552K, 0% used [0x00000000eea00000,0x00000000eea00000,0x00000000f3f80000)
 ParOldGen       total 296960K, used 295101K [0x0000000081e00000, 0x0000000094000000, 0x00000000d5f80000)
  object space 296960K, 99% used [0x0000000081e00000,0x0000000093e2f488,0x0000000094000000)
 Metaspace       used 33037K, capacity 34624K, committed 34816K, reserved 1079296K
  class space    used 4409K, capacity 4749K, committed 4864K, reserved 1048576K
Event: 41.104 GC heap after
Heap after GC invocations=23 (full 5):
 PSYoungGen      total 491520K, used 0K [0x00000000d5f80000, 0x00000000fa100000, 0x0000000100000000)
  eden space 403968K, 0% used [0x00000000d5f80000,0x00000000d5f80000,0x00000000eea00000)
  from space 87552K, 0% used [0x00000000f3f80000,0x00000000f3f80000,0x00000000f9500000)
  to   space 87552K, 0% used [0x00000000eea00000,0x00000000eea00000,0x00000000f3f80000)
 ParOldGen       total 365056K, used 212814K [0x0000000081e00000, 0x0000000098280000, 0x00000000d5f80000)
  object space 365056K, 58% used [0x0000000081e00000,0x000000008edd3bd0,0x0000000098280000)
 Metaspace       used 33037K, capacity 34624K, committed 34816K, reserved 1079296K
  class space    used 4409K, capacity 4749K, committed 4864K, reserved 1048576K
}

Deoptimization events (10 events):
Event: 41.970 Thread 0x000000001bab9000 Uncommon trap: reason=unstable_if action=reinterpret pc=0x0000000005c82b44 method=javafx.scene.CssStyleHelper.updateParentTriggerStates(Ljavafx/css/Styleable;I[Lcom/sun/javafx/css/PseudoClassState;)V @ 55
Event: 41.986 Thread 0x000000001bab9000 Uncommon trap: reason=unstable_if action=reinterpret pc=0x0000000005c3cde8 method=javafx.scene.CssStyleHelper.updateParentTriggerStates(Ljavafx/css/Styleable;I[Lcom/sun/javafx/css/PseudoClassState;)V @ 55
Event: 42.148 Thread 0x000000001bab9000 Uncommon trap: reason=unstable_if action=reinterpret pc=0x0000000005003fdc method=com.sun.javafx.event.CompositeEventHandler$NormalEventHandlerRecord.stores(Ljavafx/event/EventHandler;Z)Z @ 1
Event: 42.184 Thread 0x000000001bab9000 Uncommon trap: reason=unstable_if action=reinterpret pc=0x0000000004f16794 method=javafx.scene.layout.Pane.setConstraint(Ljavafx/scene/Node;Ljava/lang/Object;Ljava/lang/Object;)V @ 34
Event: 42.383 Thread 0x000000001bab9000 Uncommon trap: reason=unstable_if action=reinterpret pc=0x0000000005c53554 method=javafx.scene.Node.nodeResolvedOrientationInvalidated()V @ 37
Event: 42.407 Thread 0x000000001bab9000 Uncommon trap: reason=null_check action=make_not_entrant pc=0x0000000005cbb500 method=com.sun.javafx.css.SimpleSelector.applies(Ljavafx/css/Styleable;)Z @ 77
Event: 42.479 Thread 0x000000001bab9000 Uncommon trap: reason=bimorphic action=maybe_recompile pc=0x0000000005c7d85c method=com.sun.javafx.binding.ExpressionHelperBase.trim(I[Ljava/lang/Object;)I @ 22
Event: 42.479 Thread 0x000000001bab9000 Uncommon trap: reason=bimorphic action=maybe_recompile pc=0x0000000005c7d85c method=com.sun.javafx.binding.ExpressionHelperBase.trim(I[Ljava/lang/Object;)I @ 22
Event: 42.480 Thread 0x000000001bab9000 Uncommon trap: reason=bimorphic action=maybe_recompile pc=0x0000000005c7d85c method=com.sun.javafx.binding.ExpressionHelperBase.trim(I[Ljava/lang/Object;)I @ 22
Event: 42.480 Thread 0x000000001bab9000 Uncommon trap: reason=bimorphic action=maybe_recompile pc=0x0000000005c7d85c method=com.sun.javafx.binding.ExpressionHelperBase.trim(I[Ljava/lang/Object;)I @ 22

Classes redefined (0 events):
No events

Internal exceptions (10 events):
Event: 41.463 Thread 0x000000001bab9000 Exception <a 'java/security/PrivilegedActionException'> (0x00000000dcbdbec0) thrown at [C:\re\workspace\8-2-build-windows-amd64-cygwin\jdk8u152\9742\hotspot\src\share\vm\prims\jvm.cpp, line 1390]
Event: 41.470 Thread 0x000000001bab9000 Exception <a 'java/security/PrivilegedActionException'> (0x00000000dcc63870) thrown at [C:\re\workspace\8-2-build-windows-amd64-cygwin\jdk8u152\9742\hotspot\src\share\vm\prims\jvm.cpp, line 1390]
Event: 41.470 Thread 0x000000001bab9000 Exception <a 'java/security/PrivilegedActionException'> (0x00000000dcc64038) thrown at [C:\re\workspace\8-2-build-windows-amd64-cygwin\jdk8u152\9742\hotspot\src\share\vm\prims\jvm.cpp, line 1390]
Event: 41.490 Thread 0x000000001bab9000 Implicit null exception at 0x00000000056caa20 to 0x00000000056cd701
Event: 41.496 Thread 0x000000001bab9000 Exception <a 'java/security/PrivilegedActionException'> (0x00000000dcd877c8) thrown at [C:\re\workspace\8-2-build-windows-amd64-cygwin\jdk8u152\9742\hotspot\src\share\vm\prims\jvm.cpp, line 1390]
Event: 41.496 Thread 0x000000001bab9000 Exception <a 'java/security/PrivilegedActionException'> (0x00000000dcd87da8) thrown at [C:\re\workspace\8-2-build-windows-amd64-cygwin\jdk8u152\9742\hotspot\src\share\vm\prims\jvm.cpp, line 1390]
Event: 41.707 Thread 0x000000001bab9000 Implicit null exception at 0x00000000059a1333 to 0x00000000059a4281
Event: 41.795 Thread 0x000000001bab9000 Implicit null exception at 0x00000000059e56e6 to 0x00000000059e8ee9
Event: 41.803 Thread 0x000000001bab9000 Exception <a 'java/io/FileNotFoundException'> (0x00000000dd48ee50) thrown at [C:\re\workspace\8-2-build-windows-amd64-cygwin\jdk8u152\9742\hotspot\src\share\vm\prims\jni.cpp, line 709]
Event: 42.407 Thread 0x000000001bab9000 Implicit null exception at 0x0000000005cbaf2b to 0x0000000005cbb4f5

Events (10 events):
Event: 42.485 loading class com/sun/javafx/scene/control/skin/MenuButtonSkinBase
Event: 42.485 loading class com/sun/javafx/scene/control/skin/MenuButtonSkinBase done
Event: 42.486 loading class com/sun/javafx/scene/control/behavior/MenuButtonBehaviorBase
Event: 42.486 loading class com/sun/javafx/scene/control/behavior/MenuButtonBehaviorBase done
Event: 42.486 loading class com/sun/javafx/scene/control/skin/LabeledImpl
Event: 42.486 loading class com/sun/javafx/scene/control/skin/LabeledImpl done
Event: 42.487 Executing VM operation: Deoptimize
Event: 42.488 Executing VM operation: Deoptimize done
Event: 42.488 loading class com/sun/javafx/scene/control/skin/MenuButtonSkinBase$MenuLabeledImpl
Event: 42.488 loading class com/sun/javafx/scene/control/skin/MenuButtonSkinBase$MenuLabeledImpl done


Dynamic libraries:
0x00007ff67d4b0000 - 0x00007ff67d4e7000 	C:\Program Files\Java\jdk1.8.0_152\bin\java.exe
0x00007ffea2310000 - 0x00007ffea24f0000 	C:\WINDOWS\SYSTEM32\ntdll.dll
0x00007ffea1960000 - 0x00007ffea1a0e000 	C:\WINDOWS\System32\KERNEL32.DLL
0x00007ffe9e860000 - 0x00007ffe9eac6000 	C:\WINDOWS\System32\KERNELBASE.dll
0x00007ffea1410000 - 0x00007ffea14b1000 	C:\WINDOWS\System32\ADVAPI32.dll
0x00007ffea14c0000 - 0x00007ffea155d000 	C:\WINDOWS\System32\msvcrt.dll
0x00007ffea12a0000 - 0x00007ffea12fb000 	C:\WINDOWS\System32\sechost.dll
0x00007ffea1bb0000 - 0x00007ffea1ccf000 	C:\WINDOWS\System32\RPCRT4.dll
0x00007ffea2120000 - 0x00007ffea22af000 	C:\WINDOWS\System32\USER32.dll
0x00007ffe9f7c0000 - 0x00007ffe9f7e0000 	C:\WINDOWS\System32\win32u.dll
0x00007ffea22b0000 - 0x00007ffea22d8000 	C:\WINDOWS\System32\GDI32.dll
0x00007ffe9edf0000 - 0x00007ffe9ef83000 	C:\WINDOWS\System32\gdi32full.dll
0x00007ffe9ead0000 - 0x00007ffe9eb6b000 	C:\WINDOWS\System32\msvcp_win.dll
0x00007ffe9e710000 - 0x00007ffe9e806000 	C:\WINDOWS\System32\ucrtbase.dll
0x00007ffe92950000 - 0x00007ffe92bb9000 	C:\WINDOWS\WinSxS\amd64_microsoft.windows.common-controls_6595b64144ccf1df_6.0.16299.431_none_15c7d3ee93659e73\COMCTL32.dll
0x00007ffea0cb0000 - 0x00007ffea0fb8000 	C:\WINDOWS\System32\combase.dll
0x00007ffe9ef90000 - 0x00007ffe9f002000 	C:\WINDOWS\System32\bcryptPrimitives.dll
0x00007ffea1a10000 - 0x00007ffea1a3d000 	C:\WINDOWS\System32\IMM32.DLL
0x0000000063f20000 - 0x0000000063ff2000 	C:\Program Files\Java\jdk1.8.0_152\jre\bin\msvcr100.dll
0x0000000061950000 - 0x00000000621f0000 	C:\Program Files\Java\jdk1.8.0_152\jre\bin\server\jvm.dll
0x00007ffea1940000 - 0x00007ffea1948000 	C:\WINDOWS\System32\PSAPI.DLL
0x00007ffe87f20000 - 0x00007ffe87f29000 	C:\WINDOWS\SYSTEM32\WSOCK32.dll
0x00007ffea1560000 - 0x00007ffea15cc000 	C:\WINDOWS\System32\WS2_32.dll
0x00007ffe97860000 - 0x00007ffe9786a000 	C:\WINDOWS\SYSTEM32\VERSION.dll
0x00007ffe9c6a0000 - 0x00007ffe9c6c3000 	C:\WINDOWS\SYSTEM32\WINMM.dll
0x00007ffe9c5b0000 - 0x00007ffe9c5da000 	C:\WINDOWS\SYSTEM32\winmmbase.dll
0x00007ffe9e810000 - 0x00007ffe9e85a000 	C:\WINDOWS\System32\cfgmgr32.dll
0x0000000063f10000 - 0x0000000063f1f000 	C:\Program Files\Java\jdk1.8.0_152\jre\bin\verify.dll
0x0000000063ee0000 - 0x0000000063f09000 	C:\Program Files\Java\jdk1.8.0_152\jre\bin\java.dll
0x00000000634a0000 - 0x00000000634c3000 	C:\Program Files\Java\jdk1.8.0_152\jre\bin\instrument.dll
0x0000000063ec0000 - 0x0000000063ed6000 	C:\Program Files\Java\jdk1.8.0_152\jre\bin\zip.dll
0x00007ffe9f870000 - 0x00007ffea0ca8000 	C:\WINDOWS\System32\SHELL32.dll
0x00007ffea1b00000 - 0x00007ffea1ba6000 	C:\WINDOWS\System32\shcore.dll
0x00007ffe9f010000 - 0x00007ffe9f757000 	C:\WINDOWS\System32\windows.storage.dll
0x00007ffea1770000 - 0x00007ffea17c1000 	C:\WINDOWS\System32\shlwapi.dll
0x00007ffe9e6f0000 - 0x00007ffe9e701000 	C:\WINDOWS\System32\kernel.appcore.dll
0x00007ffe9e660000 - 0x00007ffe9e6ac000 	C:\WINDOWS\System32\powrprof.dll
0x00007ffe9e6b0000 - 0x00007ffe9e6cb000 	C:\WINDOWS\System32\profapi.dll
0x00007ffe8edf0000 - 0x00007ffe8ee0a000 	C:\Program Files\JetBrains\IntelliJ IDEA 2017.2\bin\breakgen64.dll
0x0000000063ea0000 - 0x0000000063eba000 	C:\Program Files\Java\jdk1.8.0_152\jre\bin\net.dll
0x00007ffe9def0000 - 0x00007ffe9df56000 	C:\WINDOWS\system32\mswsock.dll
0x0000000002c70000 - 0x0000000002c73000 	C:\Program Files\Java\jdk1.8.0_152\jre\bin\api-ms-win-core-console-l1-1-0.dll
0x0000000002c80000 - 0x0000000002c83000 	C:\Program Files\Java\jdk1.8.0_152\jre\bin\api-ms-win-core-datetime-l1-1-0.dll
0x0000000002f90000 - 0x0000000002f93000 	C:\Program Files\Java\jdk1.8.0_152\jre\bin\api-ms-win-core-debug-l1-1-0.dll
0x0000000002fa0000 - 0x0000000002fa3000 	C:\Program Files\Java\jdk1.8.0_152\jre\bin\api-ms-win-core-errorhandling-l1-1-0.dll
0x0000000002fb0000 - 0x0000000002fb4000 	C:\Program Files\Java\jdk1.8.0_152\jre\bin\api-ms-win-core-file-l1-1-0.dll
0x0000000002fc0000 - 0x0000000002fc3000 	C:\Program Files\Java\jdk1.8.0_152\jre\bin\api-ms-win-core-file-l1-2-0.dll
0x0000000002fd0000 - 0x0000000002fd3000 	C:\Program Files\Java\jdk1.8.0_152\jre\bin\api-ms-win-core-file-l2-1-0.dll
0x0000000002fe0000 - 0x0000000002fe3000 	C:\Program Files\Java\jdk1.8.0_152\jre\bin\api-ms-win-core-handle-l1-1-0.dll
0x0000000002ff0000 - 0x0000000002ff3000 	C:\Program Files\Java\jdk1.8.0_152\jre\bin\api-ms-win-core-heap-l1-1-0.dll
0x0000000003000000 - 0x0000000003003000 	C:\Program Files\Java\jdk1.8.0_152\jre\bin\api-ms-win-core-interlocked-l1-1-0.dll
0x0000000003010000 - 0x0000000003013000 	C:\Program Files\Java\jdk1.8.0_152\jre\bin\api-ms-win-core-libraryloader-l1-1-0.dll
0x0000000003020000 - 0x0000000003023000 	C:\Program Files\Java\jdk1.8.0_152\jre\bin\api-ms-win-core-localization-l1-2-0.dll
0x0000000003030000 - 0x0000000003033000 	C:\Program Files\Java\jdk1.8.0_152\jre\bin\api-ms-win-core-memory-l1-1-0.dll
0x0000000003040000 - 0x0000000003043000 	C:\Program Files\Java\jdk1.8.0_152\jre\bin\api-ms-win-core-namedpipe-l1-1-0.dll
0x0000000004900000 - 0x0000000004903000 	C:\Program Files\Java\jdk1.8.0_152\jre\bin\api-ms-win-core-processenvironment-l1-1-0.dll
0x0000000004910000 - 0x0000000004913000 	C:\Program Files\Java\jdk1.8.0_152\jre\bin\api-ms-win-core-processthreads-l1-1-0.dll
0x0000000004920000 - 0x0000000004923000 	C:\Program Files\Java\jdk1.8.0_152\jre\bin\api-ms-win-core-processthreads-l1-1-1.dll
0x0000000004930000 - 0x0000000004933000 	C:\Program Files\Java\jdk1.8.0_152\jre\bin\api-ms-win-core-profile-l1-1-0.dll
0x0000000004940000 - 0x0000000004943000 	C:\Program Files\Java\jdk1.8.0_152\jre\bin\api-ms-win-core-rtlsupport-l1-1-0.dll
0x0000000004950000 - 0x0000000004953000 	C:\Program Files\Java\jdk1.8.0_152\jre\bin\api-ms-win-core-string-l1-1-0.dll
0x0000000004960000 - 0x0000000004963000 	C:\Program Files\Java\jdk1.8.0_152\jre\bin\api-ms-win-core-synch-l1-1-0.dll
0x0000000004970000 - 0x0000000004973000 	C:\Program Files\Java\jdk1.8.0_152\jre\bin\api-ms-win-core-synch-l1-2-0.dll
0x0000000004980000 - 0x0000000004983000 	C:\Program Files\Java\jdk1.8.0_152\jre\bin\api-ms-win-core-sysinfo-l1-1-0.dll
0x0000000004ba0000 - 0x0000000004ba3000 	C:\Program Files\Java\jdk1.8.0_152\jre\bin\api-ms-win-core-timezone-l1-1-0.dll
0x0000000004bb0000 - 0x0000000004bb3000 	C:\Program Files\Java\jdk1.8.0_152\jre\bin\api-ms-win-core-util-l1-1-0.dll
0x0000000004bc0000 - 0x0000000004bc3000 	C:\Program Files\Java\jdk1.8.0_152\jre\bin\api-ms-win-crt-conio-l1-1-0.dll
0x000000001c050000 - 0x000000001c054000 	C:\Program Files\Java\jdk1.8.0_152\jre\bin\api-ms-win-crt-convert-l1-1-0.dll
0x000000001c060000 - 0x000000001c063000 	C:\Program Files\Java\jdk1.8.0_152\jre\bin\api-ms-win-crt-environment-l1-1-0.dll
0x000000001c070000 - 0x000000001c073000 	C:\Program Files\Java\jdk1.8.0_152\jre\bin\api-ms-win-crt-filesystem-l1-1-0.dll
0x000000001c080000 - 0x000000001c083000 	C:\Program Files\Java\jdk1.8.0_152\jre\bin\api-ms-win-crt-heap-l1-1-0.dll
0x000000001c090000 - 0x000000001c093000 	C:\Program Files\Java\jdk1.8.0_152\jre\bin\api-ms-win-crt-locale-l1-1-0.dll
0x000000001c0a0000 - 0x000000001c0a5000 	C:\Program Files\Java\jdk1.8.0_152\jre\bin\api-ms-win-crt-math-l1-1-0.dll
0x000000001c0b0000 - 0x000000001c0b5000 	C:\Program Files\Java\jdk1.8.0_152\jre\bin\api-ms-win-crt-multibyte-l1-1-0.dll
0x000000001c0c0000 - 0x000000001c0d0000 	C:\Program Files\Java\jdk1.8.0_152\jre\bin\api-ms-win-crt-private-l1-1-0.dll
0x000000001c0d0000 - 0x000000001c0d3000 	C:\Program Files\Java\jdk1.8.0_152\jre\bin\api-ms-win-crt-process-l1-1-0.dll
0x000000001c0e0000 - 0x000000001c0e4000 	C:\Program Files\Java\jdk1.8.0_152\jre\bin\api-ms-win-crt-runtime-l1-1-0.dll
0x000000001c0f0000 - 0x000000001c0f4000 	C:\Program Files\Java\jdk1.8.0_152\jre\bin\api-ms-win-crt-stdio-l1-1-0.dll
0x000000001c100000 - 0x000000001c104000 	C:\Program Files\Java\jdk1.8.0_152\jre\bin\api-ms-win-crt-string-l1-1-0.dll
0x000000001c110000 - 0x000000001c113000 	C:\Program Files\Java\jdk1.8.0_152\jre\bin\api-ms-win-crt-time-l1-1-0.dll
0x000000001c120000 - 0x000000001c123000 	C:\Program Files\Java\jdk1.8.0_152\jre\bin\api-ms-win-crt-utility-l1-1-0.dll
0x00007ffe68fd0000 - 0x00007ffe690c6000 	C:\Program Files\Java\jdk1.8.0_152\jre\bin\ucrtbase.dll
0x00007ffe6f000000 - 0x00007ffe6f051000 	C:\Program Files\Java\jdk1.8.0_152\jre\bin\concrt140.dll
0x00007ffe6ee90000 - 0x00007ffe6ef3a000 	C:\WINDOWS\SYSTEM32\MSVCP140.dll
0x00007ffe89700000 - 0x00007ffe89716000 	C:\WINDOWS\SYSTEM32\VCRUNTIME140.dll
0x00007ffe896a0000 - 0x00007ffe896b6000 	C:\Program Files\Java\jdk1.8.0_152\jre\bin\vcruntime140.dll
0x00007ffe633d0000 - 0x00007ffe6346c000 	C:\Program Files\Java\jdk1.8.0_152\jre\bin\msvcp140.dll
0x00000000632b0000 - 0x00000000632d3000 	C:\Program Files\Java\jdk1.8.0_152\jre\bin\prism_d3d.dll
0x00007ffe684e0000 - 0x00007ffe68675000 	C:\WINDOWS\system32\d3d9.dll
0x00007ffe9cc30000 - 0x00007ffe9cc5a000 	C:\WINDOWS\SYSTEM32\dwmapi.dll
0x00007ffe9c830000 - 0x00007ffe9c8c5000 	C:\WINDOWS\system32\uxtheme.dll
0x00007ffe48bd0000 - 0x00007ffe4ca87000 	C:\WINDOWS\System32\DriverStore\FileRepository\igdlh64.inf_amd64_0959185ccf48eaa8\igdumdim64.dll
0x00007ffea0fc0000 - 0x00007ffea1109000 	C:\WINDOWS\System32\ole32.dll
0x00007ffea17d0000 - 0x00007ffea1895000 	C:\WINDOWS\System32\OLEAUT32.dll
0x00007ffea1cd0000 - 0x00007ffea211e000 	C:\WINDOWS\System32\SETUPAPI.dll
0x0000000063260000 - 0x00000000632a9000 	C:\Program Files\Java\jdk1.8.0_152\jre\bin\glass.dll
0x00007ffea1300000 - 0x00007ffea140a000 	C:\WINDOWS\System32\COMDLG32.dll
0x00007ffea1130000 - 0x00007ffea1297000 	C:\WINDOWS\System32\MSCTF.dll
0x00007ffe949e0000 - 0x00007ffe95fd1000 	C:\WINDOWS\System32\DriverStore\FileRepository\igdlh64.inf_amd64_0959185ccf48eaa8\igc64.dll
0x0000000063e60000 - 0x0000000063e74000 	C:\Program Files\Java\jdk1.8.0_152\jre\bin\javafx_font.dll
0x00007ffe90e90000 - 0x00007ffe911a0000 	C:\WINDOWS\SYSTEM32\dwrite.dll
0x00000000617b0000 - 0x0000000061948000 	C:\Program Files\Java\jdk1.8.0_152\jre\bin\awt.dll
0x00007ffe9c5e0000 - 0x00007ffe9c668000 	C:\WINDOWS\SYSTEM32\apphelp.dll
0x00007ffea18a0000 - 0x00007ffea193e000 	C:\WINDOWS\System32\clbcatq.dll
0x00007ffe98a20000 - 0x00007ffe98bcb000 	C:\WINDOWS\SYSTEM32\WindowsCodecs.dll
0x00007ffe89f30000 - 0x00007ffe89f7f000 	C:\WINDOWS\system32\dataexchange.dll
0x00007ffe9bd30000 - 0x00007ffe9be72000 	C:\WINDOWS\system32\dcomp.dll
0x00007ffe9b2e0000 - 0x00007ffe9b5c2000 	C:\WINDOWS\system32\d3d11.dll
0x00007ffe9d4f0000 - 0x00007ffe9d59f000 	C:\WINDOWS\system32\dxgi.dll
0x00007ffe9cd70000 - 0x00007ffe9ceeb000 	C:\WINDOWS\system32\twinapi.appcore.dll
0x00007ffe9cd20000 - 0x00007ffe9cd40000 	C:\WINDOWS\system32\RMCLIENT.dll
0x00007ffe9e1c0000 - 0x00007ffe9e1e5000 	C:\WINDOWS\system32\bcrypt.dll
0x00007ffe81dc0000 - 0x00007ffe81df4000 	C:\Program Files\Common Files\Microsoft Shared\Ink\rtscom.dll
0x00007ffe96210000 - 0x00007ffe962a8000 	C:\WINDOWS\System32\TextInputFramework.dll
0x00007ffe98560000 - 0x00007ffe9884e000 	C:\WINDOWS\System32\CoreUIComponents.dll
0x00007ffe9bbc0000 - 0x00007ffe9bc9c000 	C:\WINDOWS\System32\CoreMessaging.dll
0x00007ffe9d710000 - 0x00007ffe9d741000 	C:\WINDOWS\SYSTEM32\ntmarta.dll
0x00007ffe9a650000 - 0x00007ffe9a786000 	C:\WINDOWS\SYSTEM32\wintypes.dll
0x0000000063480000 - 0x0000000063492000 	C:\Program Files\Java\jdk1.8.0_152\jre\bin\prism_common.dll
0x00007ffe9e0c0000 - 0x00007ffe9e0d7000 	C:\WINDOWS\SYSTEM32\CRYPTSP.dll
0x00007ffe9daf0000 - 0x00007ffe9db23000 	C:\WINDOWS\system32\rsaenh.dll
0x00007ffe9e560000 - 0x00007ffe9e589000 	C:\WINDOWS\SYSTEM32\USERENV.dll
0x00007ffe9e0b0000 - 0x00007ffe9e0bb000 	C:\WINDOWS\SYSTEM32\CRYPTBASE.dll
0x00007ffe9dc80000 - 0x00007ffe9dcb9000 	C:\WINDOWS\SYSTEM32\IPHLPAPI.DLL
0x00007ffe9f860000 - 0x00007ffe9f868000 	C:\WINDOWS\System32\NSI.dll
0x00007ffe9a200000 - 0x00007ffe9a216000 	C:\WINDOWS\SYSTEM32\dhcpcsvc6.DLL
0x00007ffe9a180000 - 0x00007ffe9a19a000 	C:\WINDOWS\SYSTEM32\dhcpcsvc.DLL
0x0000000063e80000 - 0x0000000063e91000 	C:\Program Files\Java\jdk1.8.0_152\jre\bin\nio.dll

VM Arguments:
jvm_args: -javaagent:C:\Program Files\JetBrains\IntelliJ IDEA 2017.2\lib\idea_rt.jar=12014:C:\Program Files\JetBrains\IntelliJ IDEA 2017.2\bin -Dfile.encoding=UTF-8 
java_command: com.mainLogin.Main
java_class_path (initial): C:\Program Files\Java\jdk1.8.0_152\jre\lib\charsets.jar;C:\Program Files\Java\jdk1.8.0_152\jre\lib\deploy.jar;C:\Program Files\Java\jdk1.8.0_152\jre\lib\ext\access-bridge-64.jar;C:\Program Files\Java\jdk1.8.0_152\jre\lib\ext\cldrdata.jar;C:\Program Files\Java\jdk1.8.0_152\jre\lib\ext\dnsns.jar;C:\Program Files\Java\jdk1.8.0_152\jre\lib\ext\jaccess.jar;C:\Program Files\Java\jdk1.8.0_152\jre\lib\ext\jfxrt.jar;C:\Program Files\Java\jdk1.8.0_152\jre\lib\ext\localedata.jar;C:\Program Files\Java\jdk1.8.0_152\jre\lib\ext\nashorn.jar;C:\Program Files\Java\jdk1.8.0_152\jre\lib\ext\sunec.jar;C:\Program Files\Java\jdk1.8.0_152\jre\lib\ext\sunjce_provider.jar;C:\Program Files\Java\jdk1.8.0_152\jre\lib\ext\sunmscapi.jar;C:\Program Files\Java\jdk1.8.0_152\jre\lib\ext\sunpkcs11.jar;C:\Program Files\Java\jdk1.8.0_152\jre\lib\ext\zipfs.jar;C:\Program Files\Java\jdk1.8.0_152\jre\lib\javaws.jar;C:\Program Files\Java\jdk1.8.0_152\jre\lib\jce.jar;C:\Program Files\Java\jdk1.8.0_152\jre\lib\jfr.jar;C:\Program Files\Java\jdk1.8.0_152\jre\lib\jfxswt.jar;C:\Program Files\Java\jdk1.8.0_152\jre\lib\jsse.jar;C:\Program Files\Java\jdk1.8.0_152\jre\lib\management-agent.jar;C:\Program Files\Java\jdk1.8.0_152\jre\lib\plugin.jar;C:\Program Files\Java\jdk1.8.0_152\jre\lib\resources.jar;C:\Program Files\Java\jdk1.8.0_152\jre\lib\rt.jar;C:\Users\dobryansky.a\Documents\Github\Communicator\mainPage\target\classes;C:\Users\dobryansky.a\Documents\Github\Communicator\Library\TrayNotification.jar;C:\Users\dobryansky.a\Documents\Github\Communicator\Library\sqljdbc42.jar;C:\Users\dobryansky.a\Documents\Github\Communicator\Library\XR3PlayerUpdater.jar;C:\Users\dobryansky.a\Documents\Github\Communicator\Library\FilterableTableColumns.jar;C:\Users\dobryansky.a\.m2\repository\no\tornado\fxlauncher\1.0.17\fxlauncher-1.0.17.jar;C:\Users\dobryansky.a\.m2\repository\org\controlsfx\controlsfx\8.40.11\controlsfx-8.40.11.jar;C:\Users\dobryansky.a\.m2\repository\org\fxmisc\richtext\richtextfx\
Launcher Type: SUN_STANDARD

Environment Variables:
JAVA_HOME=C:\Program Files\Java\jdk1.8.0_152
PATH=C:\Program Files (x86)\Common Files\Oracle\Java\javapath;C:\ProgramData\Oracle\Java\javapath;C:\WINDOWS\system32;C:\WINDOWS;C:\WINDOWS\System32\Wbem;C:\WINDOWS\System32\WindowsPowerShell\v1.0\;C:\Program Files (x86)\Skype\Phone\;C:\Program Files\Git\cmd;C:\Program Files\Microsoft SQL Server\120\DTS\Binn\;C:\Program Files\Microsoft SQL Server\Client SDK\ODBC\110\Tools\Binn\;C:\Program Files (x86)\Microsoft SQL Server\120\Tools\Binn\;C:\Program Files\Microsoft SQL Server\120\Tools\Binn\;C:\Program Files (x86)\Microsoft SQL Server\120\Tools\Binn\ManagementStudio\;C:\Program Files (x86)\Microsoft SQL Server\120\DTS\Binn\;C:\WINDOWS\system32\config\systemprofile\.dnx\bin;C:\Program Files\Microsoft DNX\Dnvm\;C:\Program Files\Microsoft SQL Server\130\Tools\Binn\;C:\Program Files\apache-maven-3.5.2\bin;%USERPROFILE%\AppData\Local\Microsoft\WindowsApps;
USERNAME=dobryansky.a
OS=Windows_NT
PROCESSOR_IDENTIFIER=Intel64 Family 6 Model 78 Stepping 3, GenuineIntel



---------------  S Y S T E M  ---------------

OS: Windows 10.0 , 64 bit Build 16299 (10.0.16299.431)

CPU:total 4 (initial active 4) (2 cores per cpu, 2 threads per core) family 6 model 78 stepping 3, cmov, cx8, fxsr, mmx, sse, sse2, sse3, ssse3, sse4.1, sse4.2, popcnt, avx, avx2, aes, clmul, erms, 3dnowpref, lzcnt, ht, tsc, tscinvbit, bmi1, bmi2, adx

Memory: 4k page, physical 8260324k(611004k free), swap 23312928k(5332k free)

vm_info: Java HotSpot(TM) 64-Bit Server VM (25.152-b16) for windows-amd64 JRE (1.8.0_152-b16), built on Sep 14 2017 02:29:36 by "java_re" with MS VC++ 10.0 (VS2010)

time: Thu Jul 05 16:39:50 2018
elapsed time: 42 seconds (0d 0h 0m 42s)

