#
# There is insufficient memory for the Java Runtime Environment to continue.
# Native memory allocation (malloc) failed to allocate 352976 bytes for Chunk::new
# Possible reasons:
#   The system is out of physical RAM or swap space
#   In 32 bit mode, the process size limit was hit
# Possible solutions:
#   Reduce memory load on the system
#   Increase physical memory or swap space
#   Check if swap backing store is full
#   Use 64 bit Java on a 64 bit OS
#   Decrease Java heap size (-Xmx/-Xms)
#   Decrease number of Java threads
#   Decrease Java thread stack sizes (-Xss)
#   Set larger code cache with -XX:ReservedCodeCacheSize=
# This output file may be truncated or incomplete.
#
#  Out of Memory Error (allocation.cpp:390), pid=20824, tid=0x0000000000001a58
#
# JRE version: Java(TM) SE Runtime Environment (8.0_152-b16) (build 1.8.0_152-b16)
# Java VM: Java HotSpot(TM) 64-Bit Server VM (25.152-b16 mixed mode windows-amd64 compressed oops)
# Failed to write core dump. Minidumps are not enabled by default on client versions of Windows
#

---------------  T H R E A D  ---------------

Current thread (0x000000001ad34800):  JavaThread "C2 CompilerThread0" daemon [_thread_in_native, id=6744, stack(0x000000001af00000,0x000000001b000000)]

Stack: [0x000000001af00000,0x000000001b000000]
[error occurred during error reporting (printing stack bounds), id 0xc0000005]

Native frames: (J=compiled Java code, j=interpreted, Vv=VM code, C=native code)


Current CompileTask:
C2:   1350  602   !   4       sun.misc.URLClassPath$JarLoader::getResource (85 bytes)


---------------  P R O C E S S  ---------------

Java Threads: ( => current thread )
  0x000000001b69e000 JavaThread "Thread-2" daemon [_thread_in_native, id=13468, stack(0x00000000223d0000,0x00000000224d0000)]
  0x000000001b665000 JavaThread "JavaFX Application Thread" [_thread_in_vm, id=1784, stack(0x000000001c1c0000,0x000000001c2c0000)]
  0x000000001b664800 JavaThread "Thread-1" daemon [_thread_blocked, id=20632, stack(0x000000001c0c0000,0x000000001c1c0000)]
  0x000000001b600000 JavaThread "QuantumRenderer-0" daemon [_thread_blocked, id=21124, stack(0x000000001be80000,0x000000001bf80000)]
  0x000000001adb9800 JavaThread "Service Thread" daemon [_thread_blocked, id=10828, stack(0x000000001b200000,0x000000001b300000)]
  0x000000001ad8e800 JavaThread "C1 CompilerThread2" daemon [_thread_in_native, id=7108, stack(0x000000001b100000,0x000000001b200000)]
  0x000000001ad35000 JavaThread "C2 CompilerThread1" daemon [_thread_in_native, id=1056, stack(0x000000001b000000,0x000000001b100000)]
=>0x000000001ad34800 JavaThread "C2 CompilerThread0" daemon [_thread_in_native, id=6744, stack(0x000000001af00000,0x000000001b000000)]
  0x000000001ad26000 JavaThread "Monitor Ctrl-Break" daemon [_thread_in_native, id=6684, stack(0x000000001ae00000,0x000000001af00000)]
  0x00000000193ae800 JavaThread "Attach Listener" daemon [_thread_blocked, id=7780, stack(0x000000001a8f0000,0x000000001a9f0000)]
  0x00000000193ab800 JavaThread "Signal Dispatcher" daemon [_thread_blocked, id=7280, stack(0x000000001a7f0000,0x000000001a8f0000)]
  0x000000001938a800 JavaThread "Finalizer" daemon [_thread_blocked, id=6648, stack(0x000000001a5f0000,0x000000001a6f0000)]
  0x0000000004844000 JavaThread "Reference Handler" daemon [_thread_blocked, id=19696, stack(0x000000001a4f0000,0x000000001a5f0000)]
  0x0000000004755800 JavaThread "main" [_thread_blocked, id=7436, stack(0x0000000004500000,0x0000000004600000)]

Other Threads:
  0x0000000019367800 VMThread [stack: 0x000000001a3f0000,0x000000001a4f0000] [id=19912]
  0x000000001adea000 WatcherThread [stack: 0x000000001bb00000,0x000000001bc00000] [id=11132]

VM state:not at safepoint (normal execution)

VM Mutex/Monitor currently owned by a thread: None

Heap:
 PSYoungGen      total 38400K, used 25482K [0x00000000d5f80000, 0x00000000d8a00000, 0x0000000100000000)
  eden space 33280K, 76% used [0x00000000d5f80000,0x00000000d78628a0,0x00000000d8000000)
  from space 5120K, 0% used [0x00000000d8500000,0x00000000d8500000,0x00000000d8a00000)
  to   space 5120K, 0% used [0x00000000d8000000,0x00000000d8000000,0x00000000d8500000)
 ParOldGen       total 87552K, used 0K [0x0000000081e00000, 0x0000000087380000, 0x00000000d5f80000)
  object space 87552K, 0% used [0x0000000081e00000,0x0000000081e00000,0x0000000087380000)
 Metaspace       used 11126K, capacity 11472K, committed 11648K, reserved 1058816K
  class space    used 1432K, capacity 1554K, committed 1664K, reserved 1048576K

Card table byte_map: [0x0000000013c10000,0x0000000014010000] byte_map_base: 0x0000000013801000

Marking Bits: (ParMarkBitMap*) 0x0000000060480860
 Begin Bits: [0x00000000146c0000, 0x0000000016648000)
 End Bits:   [0x0000000016648000, 0x00000000185d0000)

Polling page: 0x0000000002c40000

CodeCache: size=245760Kb used=2738Kb max_used=2738Kb free=243021Kb
 bounds [0x0000000004850000, 0x0000000004b00000, 0x0000000013850000]
 total_blobs=1063 nmethods=626 adapters=350
 compilation: enabled

Compilation events (10 events):
Event: 1.343 Thread 0x000000001ad8e800  621       3       java.lang.String::trim (77 bytes)
Event: 1.343 Thread 0x000000001ad8e800 nmethod 621 0x0000000004af3250 code [0x0000000004af33e0, 0x0000000004af3888]
Event: 1.343 Thread 0x000000001ad8e800  622       3       com.sun.javafx.css.BitSet::add (125 bytes)
Event: 1.344 Thread 0x000000001ad8e800 nmethod 622 0x0000000004af61d0 code [0x0000000004af63c0, 0x0000000004af6ec8]
Event: 1.344 Thread 0x000000001ad8e800  626       3       com.sun.javafx.css.Selector::<init> (10 bytes)
Event: 1.345 Thread 0x000000001ad8e800 nmethod 626 0x0000000004af2e90 code [0x0000000004af2fe0, 0x0000000004af3190]
Event: 1.345 Thread 0x000000001ad8e800  623       3       com.sun.javafx.collections.SetListenerHelper::hasListeners (10 bytes)
Event: 1.345 Thread 0x000000001ad8e800 nmethod 623 0x0000000004af73d0 code [0x0000000004af7520, 0x0000000004af76b0]
Event: 1.345 Thread 0x000000001ad8e800  625       3       com.sun.javafx.css.Selector::readBinary (24 bytes)
Event: 1.345 Thread 0x000000001ad8e800 nmethod 625 0x0000000004af7750 code [0x0000000004af7900, 0x0000000004af7d98]

GC Heap History (0 events):
No events

Deoptimization events (3 events):
Event: 0.565 Thread 0x0000000004755800 Uncommon trap: reason=null_check action=make_not_entrant pc=0x000000000495c5e8 method=java.lang.String.equals(Ljava/lang/Object;)Z @ 8
Event: 0.856 Thread 0x000000001b665000 Uncommon trap: reason=unstable_if action=reinterpret pc=0x0000000004a29f8c method=java.lang.String.replace(CC)Ljava/lang/String; @ 26
Event: 0.872 Thread 0x000000001b665000 Uncommon trap: reason=unstable_if action=reinterpret pc=0x00000000049fb7fc method=java.lang.String.indexOf([CII[CIII)I @ 3

Classes redefined (0 events):
No events

Internal exceptions (10 events):
Event: 0.493 Thread 0x0000000004755800 Exception <a 'java/security/PrivilegedActionException'> (0x00000000d6613ca0) thrown at [C:\re\workspace\8-2-build-windows-amd64-cygwin\jdk8u152\9742\hotspot\src\share\vm\prims\jvm.cpp, line 1390]
Event: 0.493 Thread 0x0000000004755800 Exception <a 'java/security/PrivilegedActionException'> (0x00000000d6613eb0) thrown at [C:\re\workspace\8-2-build-windows-amd64-cygwin\jdk8u152\9742\hotspot\src\share\vm\prims\jvm.cpp, line 1390]
Event: 0.494 Thread 0x0000000004755800 Exception <a 'java/security/PrivilegedActionException'> (0x00000000d6617dc0) thrown at [C:\re\workspace\8-2-build-windows-amd64-cygwin\jdk8u152\9742\hotspot\src\share\vm\prims\jvm.cpp, line 1390]
Event: 0.494 Thread 0x0000000004755800 Exception <a 'java/security/PrivilegedActionException'> (0x00000000d6617fd0) thrown at [C:\re\workspace\8-2-build-windows-amd64-cygwin\jdk8u152\9742\hotspot\src\share\vm\prims\jvm.cpp, line 1390]
Event: 0.494 Thread 0x0000000004755800 Exception <a 'java/lang/NullPointerException'> (0x00000000d66189d8) thrown at [C:\re\workspace\8-2-build-windows-amd64-cygwin\jdk8u152\9742\hotspot\src\share\vm\interpreter\linkResolver.cpp, line 1185]
Event: 0.565 Thread 0x0000000004755800 Implicit null exception at 0x000000000495c415 to 0x000000000495c5d9
Event: 0.934 Thread 0x000000001b665000 Exception <a 'java/lang/NullPointerException'> (0x00000000d6ec5a30) thrown at [C:\re\workspace\8-2-build-windows-amd64-cygwin\jdk8u152\9742\hotspot\src\share\vm\interpreter\linkResolver.cpp, line 1185]
Event: 0.934 Thread 0x000000001b665000 Exception <a 'java/lang/NullPointerException'> (0x00000000d6ec5a30) thrown at [C:\re\workspace\8-2-build-windows-amd64-cygwin\jdk8u152\9742\hotspot\src\share\vm\prims\jvm.cpp, line 1394]
Event: 1.193 Thread 0x000000001b665000 Exception <a 'java/security/PrivilegedActionException'> (0x00000000d74b95f8) thrown at [C:\re\workspace\8-2-build-windows-amd64-cygwin\jdk8u152\9742\hotspot\src\share\vm\prims\jvm.cpp, line 1390]
Event: 1.193 Thread 0x000000001b665000 Exception <a 'java/security/PrivilegedActionException'> (0x00000000d74b99f0) thrown at [C:\re\workspace\8-2-build-windows-amd64-cygwin\jdk8u152\9742\hotspot\src\share\vm\prims\jvm.cpp, line 1390]

Events (10 events):
Event: 1.336 loading class com/sun/javafx/collections/SetListenerHelper$SingleChange
Event: 1.336 loading class com/sun/javafx/collections/SetListenerHelper$SingleChange done
Event: 1.336 loading class com/sun/javafx/collections/SetListenerHelper$SingleInvalidation
Event: 1.336 loading class com/sun/javafx/collections/SetListenerHelper$SingleInvalidation done
Event: 1.338 loading class com/sun/javafx/css/Combinator
Event: 1.338 loading class com/sun/javafx/css/Combinator done
Event: 1.338 loading class com/sun/javafx/css/Combinator$1
Event: 1.338 loading class com/sun/javafx/css/Combinator$1 done
Event: 1.339 loading class com/sun/javafx/css/Combinator$2
Event: 1.339 loading class com/sun/javafx/css/Combinator$2 done


Dynamic libraries:
0x00007ff643c00000 - 0x00007ff643c37000 	C:\Program Files\Java\jdk1.8.0_152\bin\java.exe
0x00007fffefd10000 - 0x00007fffefef0000 	C:\WINDOWS\SYSTEM32\ntdll.dll
0x00007fffefb90000 - 0x00007fffefc3e000 	C:\WINDOWS\System32\KERNEL32.DLL
0x00007fffec230000 - 0x00007fffec496000 	C:\WINDOWS\System32\KERNELBASE.dll
0x00007fffed540000 - 0x00007fffed5e1000 	C:\WINDOWS\System32\ADVAPI32.dll
0x00007fffefc40000 - 0x00007fffefcdd000 	C:\WINDOWS\System32\msvcrt.dll
0x00007fffed5f0000 - 0x00007fffed64b000 	C:\WINDOWS\System32\sechost.dll
0x00007fffef290000 - 0x00007fffef3af000 	C:\WINDOWS\System32\RPCRT4.dll
0x00007fffeef90000 - 0x00007fffef11f000 	C:\WINDOWS\System32\USER32.dll
0x00007fffec4a0000 - 0x00007fffec4c0000 	C:\WINDOWS\System32\win32u.dll
0x00007fffef260000 - 0x00007fffef288000 	C:\WINDOWS\System32\GDI32.dll
0x00007fffed040000 - 0x00007fffed1d3000 	C:\WINDOWS\System32\gdi32full.dll
0x00007fffec190000 - 0x00007fffec22b000 	C:\WINDOWS\System32\msvcp_win.dll
0x00007fffecf40000 - 0x00007fffed036000 	C:\WINDOWS\System32\ucrtbase.dll
0x00007fffc6250000 - 0x00007fffc64b9000 	C:\WINDOWS\WinSxS\amd64_microsoft.windows.common-controls_6595b64144ccf1df_6.0.16299.125_none_15cbcf8893620c09\COMCTL32.dll
0x00007fffef3b0000 - 0x00007fffef6b8000 	C:\WINDOWS\System32\combase.dll
0x00007fffec110000 - 0x00007fffec182000 	C:\WINDOWS\System32\bcryptPrimitives.dll
0x00007fffed650000 - 0x00007fffed67d000 	C:\WINDOWS\System32\IMM32.DLL
0x0000000061050000 - 0x0000000061122000 	C:\Program Files\Java\jdk1.8.0_152\jre\bin\msvcr100.dll
0x000000005fc60000 - 0x0000000060500000 	C:\Program Files\Java\jdk1.8.0_152\jre\bin\server\jvm.dll
0x00007fffed530000 - 0x00007fffed538000 	C:\WINDOWS\System32\PSAPI.DLL
0x00007fffe5a50000 - 0x00007fffe5a59000 	C:\WINDOWS\SYSTEM32\WSOCK32.dll
0x00007fffef130000 - 0x00007fffef19c000 	C:\WINDOWS\System32\WS2_32.dll
0x00007fffe5dc0000 - 0x00007fffe5dca000 	C:\WINDOWS\SYSTEM32\VERSION.dll
0x00007fffda7c0000 - 0x00007fffda7e3000 	C:\WINDOWS\SYSTEM32\WINMM.dll
0x00007fffda730000 - 0x00007fffda75a000 	C:\WINDOWS\SYSTEM32\WINMMBASE.dll
0x00007fffece90000 - 0x00007fffeceda000 	C:\WINDOWS\System32\cfgmgr32.dll
0x0000000061d30000 - 0x0000000061d3f000 	C:\Program Files\Java\jdk1.8.0_152\jre\bin\verify.dll
0x0000000061020000 - 0x0000000061049000 	C:\Program Files\Java\jdk1.8.0_152\jre\bin\java.dll
0x0000000060fb0000 - 0x0000000060fd3000 	C:\Program Files\Java\jdk1.8.0_152\jre\bin\instrument.dll
0x0000000061d10000 - 0x0000000061d26000 	C:\Program Files\Java\jdk1.8.0_152\jre\bin\zip.dll
0x00007fffedb50000 - 0x00007fffeef86000 	C:\WINDOWS\System32\SHELL32.dll
0x00007fffef6c0000 - 0x00007fffef766000 	C:\WINDOWS\System32\shcore.dll
0x00007fffec570000 - 0x00007fffeccb7000 	C:\WINDOWS\System32\windows.storage.dll
0x00007fffef9c0000 - 0x00007fffefa11000 	C:\WINDOWS\System32\shlwapi.dll
0x00007fffec0f0000 - 0x00007fffec101000 	C:\WINDOWS\System32\kernel.appcore.dll
0x00007fffec060000 - 0x00007fffec0ac000 	C:\WINDOWS\System32\powrprof.dll
0x00007fffec0b0000 - 0x00007fffec0cb000 	C:\WINDOWS\System32\profapi.dll
0x00007fffcd330000 - 0x00007fffcd34a000 	C:\Program Files\JetBrains\IntelliJ IDEA 2017.2\bin\breakgen64.dll
0x0000000061000000 - 0x000000006101a000 	C:\Program Files\Java\jdk1.8.0_152\jre\bin\net.dll
0x00007fffeb8f0000 - 0x00007fffeb956000 	C:\WINDOWS\system32\mswsock.dll
0x000000001bc00000 - 0x000000001bc03000 	C:\Program Files\Java\jdk1.8.0_152\jre\bin\api-ms-win-core-console-l1-1-0.dll
0x000000001bc10000 - 0x000000001bc13000 	C:\Program Files\Java\jdk1.8.0_152\jre\bin\api-ms-win-core-datetime-l1-1-0.dll
0x000000001bc20000 - 0x000000001bc23000 	C:\Program Files\Java\jdk1.8.0_152\jre\bin\api-ms-win-core-debug-l1-1-0.dll
0x000000001bc30000 - 0x000000001bc33000 	C:\Program Files\Java\jdk1.8.0_152\jre\bin\api-ms-win-core-errorhandling-l1-1-0.dll
0x000000001bc40000 - 0x000000001bc44000 	C:\Program Files\Java\jdk1.8.0_152\jre\bin\api-ms-win-core-file-l1-1-0.dll
0x000000001bc50000 - 0x000000001bc53000 	C:\Program Files\Java\jdk1.8.0_152\jre\bin\api-ms-win-core-file-l1-2-0.dll
0x000000001bc60000 - 0x000000001bc63000 	C:\Program Files\Java\jdk1.8.0_152\jre\bin\api-ms-win-core-file-l2-1-0.dll
0x000000001bc70000 - 0x000000001bc73000 	C:\Program Files\Java\jdk1.8.0_152\jre\bin\api-ms-win-core-handle-l1-1-0.dll
0x000000001bc80000 - 0x000000001bc83000 	C:\Program Files\Java\jdk1.8.0_152\jre\bin\api-ms-win-core-heap-l1-1-0.dll
0x000000001bc90000 - 0x000000001bc93000 	C:\Program Files\Java\jdk1.8.0_152\jre\bin\api-ms-win-core-interlocked-l1-1-0.dll
0x000000001bca0000 - 0x000000001bca3000 	C:\Program Files\Java\jdk1.8.0_152\jre\bin\api-ms-win-core-libraryloader-l1-1-0.dll
0x000000001bcb0000 - 0x000000001bcb3000 	C:\Program Files\Java\jdk1.8.0_152\jre\bin\api-ms-win-core-localization-l1-2-0.dll
0x000000001bcc0000 - 0x000000001bcc3000 	C:\Program Files\Java\jdk1.8.0_152\jre\bin\api-ms-win-core-memory-l1-1-0.dll
0x000000001bcd0000 - 0x000000001bcd3000 	C:\Program Files\Java\jdk1.8.0_152\jre\bin\api-ms-win-core-namedpipe-l1-1-0.dll
0x000000001bce0000 - 0x000000001bce3000 	C:\Program Files\Java\jdk1.8.0_152\jre\bin\api-ms-win-core-processenvironment-l1-1-0.dll
0x000000001bcf0000 - 0x000000001bcf3000 	C:\Program Files\Java\jdk1.8.0_152\jre\bin\api-ms-win-core-processthreads-l1-1-0.dll
0x000000001bd00000 - 0x000000001bd03000 	C:\Program Files\Java\jdk1.8.0_152\jre\bin\api-ms-win-core-processthreads-l1-1-1.dll
0x000000001bd10000 - 0x000000001bd13000 	C:\Program Files\Java\jdk1.8.0_152\jre\bin\api-ms-win-core-profile-l1-1-0.dll
0x000000001bd20000 - 0x000000001bd23000 	C:\Program Files\Java\jdk1.8.0_152\jre\bin\api-ms-win-core-rtlsupport-l1-1-0.dll
0x000000001bd30000 - 0x000000001bd33000 	C:\Program Files\Java\jdk1.8.0_152\jre\bin\api-ms-win-core-string-l1-1-0.dll
0x000000001bd40000 - 0x000000001bd43000 	C:\Program Files\Java\jdk1.8.0_152\jre\bin\api-ms-win-core-synch-l1-1-0.dll
0x000000001bd50000 - 0x000000001bd53000 	C:\Program Files\Java\jdk1.8.0_152\jre\bin\api-ms-win-core-synch-l1-2-0.dll
0x000000001bd60000 - 0x000000001bd63000 	C:\Program Files\Java\jdk1.8.0_152\jre\bin\api-ms-win-core-sysinfo-l1-1-0.dll
0x000000001bd70000 - 0x000000001bd73000 	C:\Program Files\Java\jdk1.8.0_152\jre\bin\api-ms-win-core-timezone-l1-1-0.dll
0x000000001bd80000 - 0x000000001bd83000 	C:\Program Files\Java\jdk1.8.0_152\jre\bin\api-ms-win-core-util-l1-1-0.dll
0x000000001bd90000 - 0x000000001bd93000 	C:\Program Files\Java\jdk1.8.0_152\jre\bin\api-ms-win-crt-conio-l1-1-0.dll
0x000000001bda0000 - 0x000000001bda4000 	C:\Program Files\Java\jdk1.8.0_152\jre\bin\api-ms-win-crt-convert-l1-1-0.dll
0x000000001bdb0000 - 0x000000001bdb3000 	C:\Program Files\Java\jdk1.8.0_152\jre\bin\api-ms-win-crt-environment-l1-1-0.dll
0x000000001bdc0000 - 0x000000001bdc3000 	C:\Program Files\Java\jdk1.8.0_152\jre\bin\api-ms-win-crt-filesystem-l1-1-0.dll
0x000000001bdd0000 - 0x000000001bdd3000 	C:\Program Files\Java\jdk1.8.0_152\jre\bin\api-ms-win-crt-heap-l1-1-0.dll
0x000000001bde0000 - 0x000000001bde3000 	C:\Program Files\Java\jdk1.8.0_152\jre\bin\api-ms-win-crt-locale-l1-1-0.dll
0x000000001bdf0000 - 0x000000001bdf5000 	C:\Program Files\Java\jdk1.8.0_152\jre\bin\api-ms-win-crt-math-l1-1-0.dll
0x000000001be00000 - 0x000000001be05000 	C:\Program Files\Java\jdk1.8.0_152\jre\bin\api-ms-win-crt-multibyte-l1-1-0.dll
0x000000001be10000 - 0x000000001be20000 	C:\Program Files\Java\jdk1.8.0_152\jre\bin\api-ms-win-crt-private-l1-1-0.dll
0x000000001be20000 - 0x000000001be23000 	C:\Program Files\Java\jdk1.8.0_152\jre\bin\api-ms-win-crt-process-l1-1-0.dll
0x000000001be30000 - 0x000000001be34000 	C:\Program Files\Java\jdk1.8.0_152\jre\bin\api-ms-win-crt-runtime-l1-1-0.dll
0x000000001be40000 - 0x000000001be44000 	C:\Program Files\Java\jdk1.8.0_152\jre\bin\api-ms-win-crt-stdio-l1-1-0.dll
0x000000001be50000 - 0x000000001be54000 	C:\Program Files\Java\jdk1.8.0_152\jre\bin\api-ms-win-crt-string-l1-1-0.dll
0x000000001be60000 - 0x000000001be63000 	C:\Program Files\Java\jdk1.8.0_152\jre\bin\api-ms-win-crt-time-l1-1-0.dll
0x000000001be70000 - 0x000000001be73000 	C:\Program Files\Java\jdk1.8.0_152\jre\bin\api-ms-win-crt-utility-l1-1-0.dll
0x00007fffc66d0000 - 0x00007fffc67c6000 	C:\Program Files\Java\jdk1.8.0_152\jre\bin\ucrtbase.dll
0x00007fffc9e30000 - 0x00007fffc9e81000 	C:\Program Files\Java\jdk1.8.0_152\jre\bin\concrt140.dll
0x00007fffcc990000 - 0x00007fffcc9a6000 	C:\WINDOWS\SYSTEM32\VCRUNTIME140.dll
0x00007fffc41e0000 - 0x00007fffc428a000 	C:\WINDOWS\SYSTEM32\MSVCP140.dll
0x00007fffcc540000 - 0x00007fffcc556000 	C:\Program Files\Java\jdk1.8.0_152\jre\bin\vcruntime140.dll
0x00007fffc3a70000 - 0x00007fffc3b0c000 	C:\Program Files\Java\jdk1.8.0_152\jre\bin\msvcp140.dll
0x0000000060f80000 - 0x0000000060fa3000 	C:\Program Files\Java\jdk1.8.0_152\jre\bin\prism_d3d.dll
0x00007fffb84d0000 - 0x00007fffb8665000 	C:\WINDOWS\system32\d3d9.dll
0x00007fffea500000 - 0x00007fffea52a000 	C:\WINDOWS\SYSTEM32\dwmapi.dll
0x00007fffea290000 - 0x00007fffea325000 	C:\WINDOWS\system32\uxtheme.dll
0x00007fff944d0000 - 0x00007fff98387000 	C:\WINDOWS\System32\DriverStore\FileRepository\igdlh64.inf_amd64_0959185ccf48eaa8\igdumdim64.dll
0x00007fffed3e0000 - 0x00007fffed529000 	C:\WINDOWS\System32\ole32.dll
0x00007fffef8e0000 - 0x00007fffef9a5000 	C:\WINDOWS\System32\OLEAUT32.dll
0x00007fffed680000 - 0x00007fffedace000 	C:\WINDOWS\System32\SETUPAPI.dll
0x0000000060f30000 - 0x0000000060f79000 	C:\Program Files\Java\jdk1.8.0_152\jre\bin\glass.dll
0x00007fffef770000 - 0x00007fffef87a000 	C:\WINDOWS\System32\COMDLG32.dll
0x00007fffefa20000 - 0x00007fffefb87000 	C:\WINDOWS\System32\MSCTF.dll
0x0000000061fa0000 - 0x0000000061fb4000 	C:\Program Files\Java\jdk1.8.0_152\jre\bin\javafx_font.dll
0x00007fffd8090000 - 0x00007fffd839f000 	C:\WINDOWS\SYSTEM32\dwrite.dll

VM Arguments:
jvm_args: -javaagent:C:\Program Files\JetBrains\IntelliJ IDEA 2017.2\lib\idea_rt.jar=6618:C:\Program Files\JetBrains\IntelliJ IDEA 2017.2\bin -Dfile.encoding=UTF-8 
java_command: com.mainLogin.Main
java_class_path (initial): C:\Program Files\Java\jdk1.8.0_152\jre\lib\charsets.jar;C:\Program Files\Java\jdk1.8.0_152\jre\lib\deploy.jar;C:\Program Files\Java\jdk1.8.0_152\jre\lib\ext\access-bridge-64.jar;C:\Program Files\Java\jdk1.8.0_152\jre\lib\ext\cldrdata.jar;C:\Program Files\Java\jdk1.8.0_152\jre\lib\ext\dnsns.jar;C:\Program Files\Java\jdk1.8.0_152\jre\lib\ext\jaccess.jar;C:\Program Files\Java\jdk1.8.0_152\jre\lib\ext\jfxrt.jar;C:\Program Files\Java\jdk1.8.0_152\jre\lib\ext\localedata.jar;C:\Program Files\Java\jdk1.8.0_152\jre\lib\ext\nashorn.jar;C:\Program Files\Java\jdk1.8.0_152\jre\lib\ext\sunec.jar;C:\Program Files\Java\jdk1.8.0_152\jre\lib\ext\sunjce_provider.jar;C:\Program Files\Java\jdk1.8.0_152\jre\lib\ext\sunmscapi.jar;C:\Program Files\Java\jdk1.8.0_152\jre\lib\ext\sunpkcs11.jar;C:\Program Files\Java\jdk1.8.0_152\jre\lib\ext\zipfs.jar;C:\Program Files\Java\jdk1.8.0_152\jre\lib\javaws.jar;C:\Program Files\Java\jdk1.8.0_152\jre\lib\jce.jar;C:\Program Files\Java\jdk1.8.0_152\jre\lib\jfr.jar;C:\Program Files\Java\jdk1.8.0_152\jre\lib\jfxswt.jar;C:\Program Files\Java\jdk1.8.0_152\jre\lib\jsse.jar;C:\Program Files\Java\jdk1.8.0_152\jre\lib\management-agent.jar;C:\Program Files\Java\jdk1.8.0_152\jre\lib\plugin.jar;C:\Program Files\Java\jdk1.8.0_152\jre\lib\resources.jar;C:\Program Files\Java\jdk1.8.0_152\jre\lib\rt.jar;C:\Users\dobryansky.a\Documents\Github\Communicator\mainPage\target\classes;C:\Users\dobryansky.a\Documents\Github\Communicator\Library\TrayNotification.jar;C:\Users\dobryansky.a\Documents\Github\Communicator\Library\sqljdbc42.jar;C:\Users\dobryansky.a\Documents\Github\Communicator\Library\FilterableTableColumns.jar;C:\Users\dobryansky.a\Documents\Github\Communicator\Library\XR3PlayerUpdater.jar;C:\Users\dobryansky.a\.m2\repository\no\tornado\fxlauncher\1.0.17\fxlauncher-1.0.17.jar;C:\Users\dobryansky.a\.m2\repository\org\controlsfx\controlsfx\8.40.11\controlsfx-8.40.11.jar;C:\Users\dobryansky.a\.m2\repository\org\fxmisc\richtext\richtextfx\
Launcher Type: SUN_STANDARD

Environment Variables:
JAVA_HOME=C:\Program Files\Java\jdk1.8.0_152
PATH=C:\ProgramData\Oracle\Java\javapath;C:\WINDOWS\system32;C:\WINDOWS;C:\WINDOWS\System32\Wbem;C:\WINDOWS\System32\WindowsPowerShell\v1.0\;C:\Program Files (x86)\Skype\Phone\;C:\Program Files\Git\cmd;C:\Program Files\Microsoft SQL Server\120\DTS\Binn\;C:\Program Files\Microsoft SQL Server\Client SDK\ODBC\110\Tools\Binn\;C:\Program Files (x86)\Microsoft SQL Server\120\Tools\Binn\;C:\Program Files\Microsoft SQL Server\120\Tools\Binn\;C:\Program Files (x86)\Microsoft SQL Server\120\Tools\Binn\ManagementStudio\;C:\Program Files (x86)\Microsoft SQL Server\120\DTS\Binn\;C:\WINDOWS\system32\config\systemprofile\.dnx\bin;C:\Program Files\Microsoft DNX\Dnvm\;C:\Program Files\Microsoft SQL Server\130\Tools\Binn\;C:\Program Files\apache-maven-3.5.2\bin;%USERPROFILE%\AppData\Local\Microsoft\WindowsApps;
USERNAME=dobryansky.a
OS=Windows_NT
PROCESSOR_IDENTIFIER=Intel64 Family 6 Model 78 Stepping 3, GenuineIntel



---------------  S Y S T E M  ---------------

OS: Windows 10.0 , 64 bit Build 16299 (10.0.16299.15)

CPU:total 4 (initial active 4) (2 cores per cpu, 2 threads per core) family 6 model 78 stepping 3, cmov, cx8, fxsr, mmx, sse, sse2, sse3, ssse3, sse4.1, sse4.2, popcnt, avx, avx2, aes, clmul, erms, 3dnowpref, lzcnt, ht, tsc, tscinvbit, bmi1, bmi2, adx

Memory: 4k page, physical 8260324k(1334476k free), swap 33426148k(4472k free)

vm_info: Java HotSpot(TM) 64-Bit Server VM (25.152-b16) for windows-amd64 JRE (1.8.0_152-b16), built on Sep 14 2017 02:29:36 by "java_re" with MS VC++ 10.0 (VS2010)

time: Fri Mar 02 14:20:42 2018
elapsed time: 1 seconds (0d 0h 0m 1s)

