#
# There is insufficient memory for the Java Runtime Environment to continue.
# Native memory allocation (malloc) failed to allocate 1283760 bytes for Chunk::new
# Possible reasons:
#   The system is out of physical RAM or swap space
#   In 32 bit mode, the process size limit was hit
# Possible solutions:
#   Reduce memory load on the system
#   Increase physical memory or swap space
#   Check if swap backing store is full
#   Use 64 bit Java on a 64 bit OS
#   Decrease Java heap size (-Xmx/-Xms)
#   Decrease number of Java threads
#   Decrease Java thread stack sizes (-Xss)
#   Set larger code cache with -XX:ReservedCodeCacheSize=
# This output file may be truncated or incomplete.
#
#  Out of Memory Error (allocation.cpp:390), pid=17424, tid=0x0000000000000308
#
# JRE version: Java(TM) SE Runtime Environment (8.0_152-b16) (build 1.8.0_152-b16)
# Java VM: Java HotSpot(TM) 64-Bit Server VM (25.152-b16 mixed mode windows-amd64 compressed oops)
# Failed to write core dump. Minidumps are not enabled by default on client versions of Windows
#

---------------  T H R E A D  ---------------

Current thread (0x000000001b849800):  JavaThread "C2 CompilerThread1" daemon [_thread_in_native, id=776, stack(0x000000001bb10000,0x000000001bc10000)]

Stack: [0x000000001bb10000,0x000000001bc10000]
[error occurred during error reporting (printing stack bounds), id 0xc0000005]

Native frames: (J=compiled Java code, j=interpreted, Vv=VM code, C=native code)


Current CompileTask:
C2:  23778 5024   !   4       com.sun.javafx.css.StyleManager::findMatchingStyles (1260 bytes)


---------------  P R O C E S S  ---------------

Java Threads: ( => current thread )
  0x000000001c307000 JavaThread "com.mchange.v2.async.ThreadPoolAsynchronousRunner$PoolThread-#2" daemon [_thread_blocked, id=31184, stack(0x000000002aed0000,0x000000002afd0000)]
  0x000000001c30a000 JavaThread "com.mchange.v2.async.ThreadPoolAsynchronousRunner$PoolThread-#1" daemon [_thread_blocked, id=32832, stack(0x000000002add0000,0x000000002aed0000)]
  0x000000001c306800 JavaThread "com.mchange.v2.async.ThreadPoolAsynchronousRunner$PoolThread-#0" daemon [_thread_blocked, id=30476, stack(0x000000002acd0000,0x000000002add0000)]
  0x000000001c309800 JavaThread "Timer-0" daemon [_thread_blocked, id=25124, stack(0x000000002abd0000,0x000000002acd0000)]
  0x000000001c305000 JavaThread "Prism Font Disposer" daemon [_thread_blocked, id=13912, stack(0x0000000026ed0000,0x0000000026fd0000)]
  0x000000001c308800 JavaThread "JavaFX-Launcher" [_thread_blocked, id=26776, stack(0x0000000023f20000,0x0000000024020000)]
  0x000000001c49b000 JavaThread "AWT-Windows" daemon [_thread_in_native, id=20224, stack(0x0000000023d20000,0x0000000023e20000)]
  0x000000001c499800 JavaThread "Java2D Disposer" daemon [_thread_blocked, id=37240, stack(0x0000000023b20000,0x0000000023c20000)]
  0x000000001c126800 JavaThread "Thread-3" daemon [_thread_in_native, id=26356, stack(0x00000000231e0000,0x00000000232e0000)]
  0x000000001c097800 JavaThread "JavaFX Application Thread" [_thread_in_Java, id=15628, stack(0x000000001ccd0000,0x000000001cdd0000)]
  0x000000001c096800 JavaThread "Thread-1" daemon [_thread_blocked, id=21832, stack(0x000000001cbd0000,0x000000001ccd0000)]
  0x000000001c061000 JavaThread "QuantumRenderer-0" daemon [_thread_blocked, id=23640, stack(0x000000001c840000,0x000000001c940000)]
  0x000000001b8c0000 JavaThread "Service Thread" daemon [_thread_blocked, id=6440, stack(0x000000001bd10000,0x000000001be10000)]
  0x000000001b8b0800 JavaThread "C1 CompilerThread2" daemon [_thread_blocked, id=28484, stack(0x000000001bc10000,0x000000001bd10000)]
=>0x000000001b849800 JavaThread "C2 CompilerThread1" daemon [_thread_in_native, id=776, stack(0x000000001bb10000,0x000000001bc10000)]
  0x000000001b848800 JavaThread "C2 CompilerThread0" daemon [_thread_in_vm, id=4500, stack(0x000000001ba10000,0x000000001bb10000)]
  0x000000001b7d8800 JavaThread "Monitor Ctrl-Break" daemon [_thread_in_native, id=13080, stack(0x000000001b910000,0x000000001ba10000)]
  0x0000000019ebd000 JavaThread "Attach Listener" daemon [_thread_blocked, id=21360, stack(0x000000001b410000,0x000000001b510000)]
  0x0000000019ebc000 JavaThread "Signal Dispatcher" daemon [_thread_blocked, id=11656, stack(0x000000001b310000,0x000000001b410000)]
  0x0000000019e98800 JavaThread "Finalizer" daemon [_thread_blocked, id=17756, stack(0x000000001b120000,0x000000001b220000)]
  0x0000000005386000 JavaThread "Reference Handler" daemon [_thread_blocked, id=35192, stack(0x000000001b020000,0x000000001b120000)]
  0x0000000005295800 JavaThread "main" [_thread_blocked, id=35040, stack(0x00000000036e0000,0x00000000037e0000)]

Other Threads:
  0x0000000019e76800 VMThread [stack: 0x000000001af20000,0x000000001b020000] [id=4816]
  0x000000001be43000 WatcherThread [stack: 0x000000001c610000,0x000000001c710000] [id=37308]

VM state:not at safepoint (normal execution)

VM Mutex/Monitor currently owned by a thread:  ([mutex/lock_event])
[0x000000000528ed20] CodeCache_lock - owner thread: 0x0000000000000000

Heap:
 PSYoungGen      total 79360K, used 19586K [0x00000000d5f80000, 0x00000000e1680000, 0x0000000100000000)
  eden space 57856K, 33% used [0x00000000d5f80000,0x00000000d72a0bf0,0x00000000d9800000)
  from space 21504K, 0% used [0x00000000d9800000,0x00000000d9800000,0x00000000dad00000)
  to   space 37888K, 0% used [0x00000000df180000,0x00000000df180000,0x00000000e1680000)
 ParOldGen       total 56832K, used 56441K [0x0000000081e00000, 0x0000000085580000, 0x00000000d5f80000)
  object space 56832K, 99% used [0x0000000081e00000,0x000000008551e4d8,0x0000000085580000)
 Metaspace       used 34257K, capacity 36198K, committed 36352K, reserved 1081344K
  class space    used 4664K, capacity 5004K, committed 5120K, reserved 1048576K

Card table byte_map: [0x0000000014750000,0x0000000014b50000] byte_map_base: 0x0000000014341000

Marking Bits: (ParMarkBitMap*) 0x00000000646e0860
 Begin Bits: [0x0000000015200000, 0x0000000017188000)
 End Bits:   [0x0000000017188000, 0x0000000019110000)

Polling page: 0x00000000032c0000

CodeCache: size=245760Kb used=16512Kb max_used=16512Kb free=229247Kb
 bounds [0x0000000005390000, 0x00000000063c0000, 0x0000000014390000]
 total_blobs=5599 nmethods=4767 adapters=742
 compilation: enabled

Compilation events (10 events):
Event: 23.761 Thread 0x000000001b8b0800 nmethod 5227 0x00000000063baad0 code [0x00000000063bac40, 0x00000000063baf28]
Event: 23.762 Thread 0x000000001b8b0800 5232       1       javafx.scene.layout.StackPane::access$100 (5 bytes)
Event: 23.762 Thread 0x000000001b8b0800 nmethod 5232 0x00000000063bb010 code [0x00000000063bb160, 0x00000000063bb250]
Event: 23.763 Thread 0x000000001b8b0800 5233       3       javafx.beans.property.ObjectPropertyBase::unbind (39 bytes)
Event: 23.763 Thread 0x000000001b8b0800 nmethod 5233 0x00000000063bb2d0 code [0x00000000063bb440, 0x00000000063bb798]
Event: 23.764 Thread 0x000000001b8b0800 5234       1       com.sun.javafx.UnmodifiableArrayList::get (7 bytes)
Event: 23.764 Thread 0x000000001b8b0800 nmethod 5234 0x00000000063bb890 code [0x00000000063bb9e0, 0x00000000063bbb10]
Event: 23.766 Thread 0x000000001b8b0800 5235       2       java.util.AbstractCollection::toArray (70 bytes)
Event: 23.766 Thread 0x000000001b8b0800 nmethod 5235 0x00000000063bbbd0 code [0x00000000063bbda0, 0x00000000063bc1c8]
Event: 23.770 Thread 0x000000001b8b0800 5236       3       javafx.beans.property.SimpleDoubleProperty::<init> (11 bytes)

GC Heap History (10 events):
Event: 16.931 GC heap before
{Heap before GC invocations=6 (full 1):
 PSYoungGen      total 38400K, used 38400K [0x00000000d5f80000, 0x00000000d8a00000, 0x0000000100000000)
  eden space 33280K, 100% used [0x00000000d5f80000,0x00000000d8000000,0x00000000d8000000)
  from space 5120K, 100% used [0x00000000d8500000,0x00000000d8a00000,0x00000000d8a00000)
  to   space 5120K, 0% used [0x00000000d8000000,0x00000000d8000000,0x00000000d8500000)
 ParOldGen       total 56832K, used 15714K [0x0000000081e00000, 0x0000000085580000, 0x00000000d5f80000)
  object space 56832K, 27% used [0x0000000081e00000,0x0000000082d58b00,0x0000000085580000)
 Metaspace       used 31067K, capacity 32184K, committed 32384K, reserved 1077248K
  class space    used 4195K, capacity 4437K, committed 4480K, reserved 1048576K
Event: 16.958 GC heap after
Heap after GC invocations=6 (full 1):
 PSYoungGen      total 38400K, used 5088K [0x00000000d5f80000, 0x00000000dbf80000, 0x0000000100000000)
  eden space 33280K, 0% used [0x00000000d5f80000,0x00000000d5f80000,0x00000000d8000000)
  from space 5120K, 99% used [0x00000000d8000000,0x00000000d84f8010,0x00000000d8500000)
  to   space 18944K, 0% used [0x00000000dad00000,0x00000000dad00000,0x00000000dbf80000)
 ParOldGen       total 56832K, used 27179K [0x0000000081e00000, 0x0000000085580000, 0x00000000d5f80000)
  object space 56832K, 47% used [0x0000000081e00000,0x000000008388af90,0x0000000085580000)
 Metaspace       used 31067K, capacity 32184K, committed 32384K, reserved 1077248K
  class space    used 4195K, capacity 4437K, committed 4480K, reserved 1048576K
}
Event: 17.833 GC heap before
{Heap before GC invocations=7 (full 1):
 PSYoungGen      total 38400K, used 38368K [0x00000000d5f80000, 0x00000000dbf80000, 0x0000000100000000)
  eden space 33280K, 100% used [0x00000000d5f80000,0x00000000d8000000,0x00000000d8000000)
  from space 5120K, 99% used [0x00000000d8000000,0x00000000d84f8010,0x00000000d8500000)
  to   space 18944K, 0% used [0x00000000dad00000,0x00000000dad00000,0x00000000dbf80000)
 ParOldGen       total 56832K, used 27179K [0x0000000081e00000, 0x0000000085580000, 0x00000000d5f80000)
  object space 56832K, 47% used [0x0000000081e00000,0x000000008388af90,0x0000000085580000)
 Metaspace       used 31932K, capacity 33222K, committed 33280K, reserved 1077248K
  class space    used 4311K, capacity 4554K, committed 4608K, reserved 1048576K
Event: 17.882 GC heap after
Heap after GC invocations=7 (full 1):
 PSYoungGen      total 76800K, used 17053K [0x00000000d5f80000, 0x00000000dc700000, 0x0000000100000000)
  eden space 57856K, 0% used [0x00000000d5f80000,0x00000000d5f80000,0x00000000d9800000)
  from space 18944K, 90% used [0x00000000dad00000,0x00000000dbda7600,0x00000000dbf80000)
  to   space 21504K, 0% used [0x00000000d9800000,0x00000000d9800000,0x00000000dad00000)
 ParOldGen       total 56832K, used 27179K [0x0000000081e00000, 0x0000000085580000, 0x00000000d5f80000)
  object space 56832K, 47% used [0x0000000081e00000,0x000000008388af90,0x0000000085580000)
 Metaspace       used 31932K, capacity 33222K, committed 33280K, reserved 1077248K
  class space    used 4311K, capacity 4554K, committed 4608K, reserved 1048576K
}
Event: 19.649 GC heap before
{Heap before GC invocations=8 (full 1):
 PSYoungGen      total 76800K, used 74909K [0x00000000d5f80000, 0x00000000dc700000, 0x0000000100000000)
  eden space 57856K, 100% used [0x00000000d5f80000,0x00000000d9800000,0x00000000d9800000)
  from space 18944K, 90% used [0x00000000dad00000,0x00000000dbda7600,0x00000000dbf80000)
  to   space 21504K, 0% used [0x00000000d9800000,0x00000000d9800000,0x00000000dad00000)
 ParOldGen       total 56832K, used 27179K [0x0000000081e00000, 0x0000000085580000, 0x00000000d5f80000)
  object space 56832K, 47% used [0x0000000081e00000,0x000000008388af90,0x0000000085580000)
 Metaspace       used 32303K, capacity 33674K, committed 33920K, reserved 1079296K
  class space    used 4345K, capacity 4624K, committed 4736K, reserved 1048576K
Event: 19.776 GC heap after
Heap after GC invocations=8 (full 1):
 PSYoungGen      total 79360K, used 21474K [0x00000000d5f80000, 0x00000000e1680000, 0x0000000100000000)
  eden space 57856K, 0% used [0x00000000d5f80000,0x00000000d5f80000,0x00000000d9800000)
  from space 21504K, 99% used [0x00000000d9800000,0x00000000dacf88d0,0x00000000dad00000)
  to   space 37888K, 0% used [0x00000000df180000,0x00000000df180000,0x00000000e1680000)
 ParOldGen       total 56832K, used 51728K [0x0000000081e00000, 0x0000000085580000, 0x00000000d5f80000)
  object space 56832K, 91% used [0x0000000081e00000,0x0000000085084160,0x0000000085580000)
 Metaspace       used 32303K, capacity 33674K, committed 33920K, reserved 1079296K
  class space    used 4345K, capacity 4624K, committed 4736K, reserved 1048576K
}
Event: 19.777 GC heap before
{Heap before GC invocations=9 (full 2):
 PSYoungGen      total 79360K, used 21474K [0x00000000d5f80000, 0x00000000e1680000, 0x0000000100000000)
  eden space 57856K, 0% used [0x00000000d5f80000,0x00000000d5f80000,0x00000000d9800000)
  from space 21504K, 99% used [0x00000000d9800000,0x00000000dacf88d0,0x00000000dad00000)
  to   space 37888K, 0% used [0x00000000df180000,0x00000000df180000,0x00000000e1680000)
 ParOldGen       total 56832K, used 51728K [0x0000000081e00000, 0x0000000085580000, 0x00000000d5f80000)
  object space 56832K, 91% used [0x0000000081e00000,0x0000000085084160,0x0000000085580000)
 Metaspace       used 32303K, capacity 33674K, committed 33920K, reserved 1079296K
  class space    used 4345K, capacity 4624K, committed 4736K, reserved 1048576K
Event: 20.256 GC heap after
Heap after GC invocations=9 (full 2):
 PSYoungGen      total 79360K, used 0K [0x00000000d5f80000, 0x00000000e1680000, 0x0000000100000000)
  eden space 57856K, 0% used [0x00000000d5f80000,0x00000000d5f80000,0x00000000d9800000)
  from space 21504K, 0% used [0x00000000d9800000,0x00000000d9800000,0x00000000dad00000)
  to   space 37888K, 0% used [0x00000000df180000,0x00000000df180000,0x00000000e1680000)
 ParOldGen       total 56832K, used 52232K [0x0000000081e00000, 0x0000000085580000, 0x00000000d5f80000)
  object space 56832K, 91% used [0x0000000081e00000,0x0000000085102270,0x0000000085580000)
 Metaspace       used 32299K, capacity 33668K, committed 33920K, reserved 1079296K
  class space    used 4345K, capacity 4623K, committed 4736K, reserved 1048576K
}
Event: 22.691 GC heap before
{Heap before GC invocations=10 (full 3):
 PSYoungGen      total 79360K, used 57856K [0x00000000d5f80000, 0x00000000e1680000, 0x0000000100000000)
  eden space 57856K, 100% used [0x00000000d5f80000,0x00000000d9800000,0x00000000d9800000)
  from space 21504K, 0% used [0x00000000d9800000,0x00000000d9800000,0x00000000dad00000)
  to   space 37888K, 0% used [0x00000000df180000,0x00000000df180000,0x00000000e1680000)
 ParOldGen       total 56832K, used 52232K [0x0000000081e00000, 0x0000000085580000, 0x00000000d5f80000)
  object space 56832K, 91% used [0x0000000081e00000,0x0000000085102270,0x0000000085580000)
 Metaspace       used 33932K, capacity 35814K, committed 35968K, reserved 1081344K
  class space    used 4617K, capacity 4972K, committed 4992K, reserved 1048576K
Event: 23.338 GC heap after
Heap after GC invocations=10 (full 3):
 PSYoungGen      total 79360K, used 8588K [0x00000000d5f80000, 0x00000000e1680000, 0x0000000100000000)
  eden space 57856K, 14% used [0x00000000d5f80000,0x00000000d67e3240,0x00000000d9800000)
  from space 21504K, 0% used [0x00000000d9800000,0x00000000d9800000,0x00000000dad00000)
  to   space 37888K, 0% used [0x00000000df180000,0x00000000df180000,0x00000000e1680000)
 ParOldGen       total 56832K, used 56441K [0x0000000081e00000, 0x0000000085580000, 0x00000000d5f80000)
  object space 56832K, 99% used [0x0000000081e00000,0x000000008551e4d8,0x0000000085580000)
 Metaspace       used 33932K, capacity 35814K, committed 35968K, reserved 1081344K
  class space    used 4617K, capacity 4972K, committed 4992K, reserved 1048576K
}

Deoptimization events (10 events):
Event: 22.571 Thread 0x000000001c097800 Uncommon trap: reason=class_check action=maybe_recompile pc=0x000000000577dcac method=javafx.collections.ObservableListBase.setAll([Ljava/lang/Object;)Z @ 5
Event: 22.688 Thread 0x000000001c097800 Uncommon trap: reason=bimorphic action=maybe_recompile pc=0x00000000055bc98c method=java.util.AbstractCollection.toArray()[Ljava/lang/Object; @ 1
Event: 23.353 Thread 0x000000001c097800 Uncommon trap: reason=bimorphic action=maybe_recompile pc=0x00000000055bc98c method=java.util.AbstractCollection.toArray()[Ljava/lang/Object; @ 1
Event: 23.364 Thread 0x000000001c097800 Uncommon trap: reason=unstable_if action=reinterpret pc=0x0000000006054850 method=javafx.beans.property.BooleanPropertyBase.isBound()Z @ 4
Event: 23.452 Thread 0x000000001c097800 Uncommon trap: reason=unstable_if action=reinterpret pc=0x00000000062a0700 method=javafx.scene.CssStyleHelper.getStyle(Ljavafx/css/Styleable;Ljava/lang/String;Lcom/sun/javafx/css/StyleMap;Ljava/util/Set;)Lcom/sun/javafx/css/CascadingStyle; @ 8
Event: 23.457 Thread 0x000000001c097800 Uncommon trap: reason=null_check action=make_not_entrant pc=0x00000000062764a4 method=com.sun.javafx.css.SimpleSelector.applies(Ljavafx/css/Styleable;)Z @ 77
Event: 23.461 Thread 0x000000001c097800 Uncommon trap: reason=unstable_if action=reinterpret pc=0x000000000632be4c method=com.sun.javafx.css.ParsedValueImpl.containsFontRelativeSize(Ljavafx/css/ParsedValue;Z)Z @ 193
Event: 23.461 Thread 0x000000001c097800 Uncommon trap: reason=unstable_if action=reinterpret pc=0x00000000062f9da4 method=javafx.scene.CssStyleHelper.lookup(Ljavafx/css/Styleable;Ljavafx/css/CssMetaData;Lcom/sun/javafx/css/StyleMap;Ljava/util/Set;Ljavafx/css/Styleable;Lcom/sun/javafx/css/Calcul
Event: 23.568 Thread 0x000000001c097800 Uncommon trap: reason=bimorphic action=maybe_recompile pc=0x00000000055bc98c method=java.util.AbstractCollection.toArray()[Ljava/lang/Object; @ 1
Event: 23.764 Thread 0x000000001c097800 Uncommon trap: reason=bimorphic action=maybe_recompile pc=0x00000000055bc98c method=java.util.AbstractCollection.toArray()[Ljava/lang/Object; @ 1

Classes redefined (0 events):
No events

Internal exceptions (10 events):
Event: 21.530 Thread 0x000000001c097800 Exception <a 'java/security/PrivilegedActionException'> (0x00000000d8462f00) thrown at [C:\re\workspace\8-2-build-windows-amd64-cygwin\jdk8u152\9742\hotspot\src\share\vm\prims\jvm.cpp, line 1390]
Event: 21.714 Thread 0x000000001c097800 Implicit null exception at 0x000000000608a210 to 0x000000000608ab75
Event: 21.819 Thread 0x000000001c097800 Implicit null exception at 0x0000000005f46023 to 0x0000000005f4b161
Event: 21.825 Thread 0x000000001c097800 Implicit null exception at 0x00000000060ce578 to 0x00000000060ce9d9
Event: 21.832 Thread 0x000000001c097800 Exception <a 'java/io/FileNotFoundException'> (0x00000000d8dd0730) thrown at [C:\re\workspace\8-2-build-windows-amd64-cygwin\jdk8u152\9742\hotspot\src\share\vm\prims\jni.cpp, line 709]
Event: 21.852 Thread 0x000000001c097800 Implicit null exception at 0x0000000005d363b8 to 0x0000000005d39311
Event: 23.340 Thread 0x000000001c30b800 Exception <a 'java/net/ConnectException': Connection refused: connect> (0x00000000d69166e8) thrown at [C:\re\workspace\8-2-build-windows-amd64-cygwin\jdk8u152\9742\hotspot\src\share\vm\prims\jni.cpp, line 735]
Event: 23.340 Thread 0x000000001c30b800 Exception <a 'java/lang/NullPointerException'> (0x00000000d6916940) thrown at [C:\re\workspace\8-2-build-windows-amd64-cygwin\jdk8u152\9742\hotspot\src\share\vm\interpreter\linkResolver.cpp, line 1185]
Event: 23.457 Thread 0x000000001c097800 Implicit null exception at 0x0000000006275eab to 0x0000000006276499
Event: 23.708 Thread 0x000000001c097800 Exception <a 'java/io/FileNotFoundException'> (0x00000000d6f9e5e8) thrown at [C:\re\workspace\8-2-build-windows-amd64-cygwin\jdk8u152\9742\hotspot\src\share\vm\prims\jni.cpp, line 709]

Events (10 events):
Event: 23.583 loading class com/sun/javafx/scene/control/skin/MenuButtonSkin done
Event: 23.584 loading class javafx/scene/control/MenuButton
Event: 23.584 loading class javafx/scene/control/MenuButton done
Event: 23.584 loading class javafx/event/ActionEvent
Event: 23.584 loading class javafx/event/ActionEvent done
Event: 23.584 loading class javafx/scene/control/MenuButton
Event: 23.584 loading class javafx/scene/control/MenuButton done
Event: 23.764 Thread 0x000000001c097800 Uncommon trap: trap_request=0xffffffc6 fr.pc=0x00000000055bc98c
Event: 23.764 Thread 0x000000001c097800 DEOPT PACKING pc=0x00000000055bc98c sp=0x000000001cdca770
Event: 23.764 Thread 0x000000001c097800 DEOPT UNPACKING pc=0x00000000053d582a sp=0x000000001cdca718 mode 2


Dynamic libraries:
0x00007ff67d4b0000 - 0x00007ff67d4e7000 	C:\Program Files\Java\jdk1.8.0_152\bin\java.exe
0x00007ffea2310000 - 0x00007ffea24f0000 	C:\WINDOWS\SYSTEM32\ntdll.dll
0x00007ffea1960000 - 0x00007ffea1a0e000 	C:\WINDOWS\System32\KERNEL32.DLL
0x00007ffe9e860000 - 0x00007ffe9eac6000 	C:\WINDOWS\System32\KERNELBASE.dll
0x00007ffea1410000 - 0x00007ffea14b1000 	C:\WINDOWS\System32\ADVAPI32.dll
0x00007ffea14c0000 - 0x00007ffea155d000 	C:\WINDOWS\System32\msvcrt.dll
0x00007ffea12a0000 - 0x00007ffea12fb000 	C:\WINDOWS\System32\sechost.dll
0x00007ffea1bb0000 - 0x00007ffea1ccf000 	C:\WINDOWS\System32\RPCRT4.dll
0x00007ffea2120000 - 0x00007ffea22af000 	C:\WINDOWS\System32\USER32.dll
0x00007ffe9f7c0000 - 0x00007ffe9f7e0000 	C:\WINDOWS\System32\win32u.dll
0x00007ffea22b0000 - 0x00007ffea22d8000 	C:\WINDOWS\System32\GDI32.dll
0x00007ffe9edf0000 - 0x00007ffe9ef83000 	C:\WINDOWS\System32\gdi32full.dll
0x00007ffe9ead0000 - 0x00007ffe9eb6b000 	C:\WINDOWS\System32\msvcp_win.dll
0x00007ffe9e710000 - 0x00007ffe9e806000 	C:\WINDOWS\System32\ucrtbase.dll
0x00007ffe92950000 - 0x00007ffe92bb9000 	C:\WINDOWS\WinSxS\amd64_microsoft.windows.common-controls_6595b64144ccf1df_6.0.16299.431_none_15c7d3ee93659e73\COMCTL32.dll
0x00007ffea0cb0000 - 0x00007ffea0fb8000 	C:\WINDOWS\System32\combase.dll
0x00007ffe9ef90000 - 0x00007ffe9f002000 	C:\WINDOWS\System32\bcryptPrimitives.dll
0x00007ffea1a10000 - 0x00007ffea1a3d000 	C:\WINDOWS\System32\IMM32.DLL
0x0000000064760000 - 0x0000000064832000 	C:\Program Files\Java\jdk1.8.0_152\jre\bin\msvcr100.dll
0x0000000063ec0000 - 0x0000000064760000 	C:\Program Files\Java\jdk1.8.0_152\jre\bin\server\jvm.dll
0x00007ffea1940000 - 0x00007ffea1948000 	C:\WINDOWS\System32\PSAPI.DLL
0x00007ffe87f20000 - 0x00007ffe87f29000 	C:\WINDOWS\SYSTEM32\WSOCK32.dll
0x00007ffea1560000 - 0x00007ffea15cc000 	C:\WINDOWS\System32\WS2_32.dll
0x00007ffe9c6a0000 - 0x00007ffe9c6c3000 	C:\WINDOWS\SYSTEM32\WINMM.dll
0x00007ffe97860000 - 0x00007ffe9786a000 	C:\WINDOWS\SYSTEM32\VERSION.dll
0x00007ffe9c5b0000 - 0x00007ffe9c5da000 	C:\WINDOWS\SYSTEM32\WINMMBASE.dll
0x00007ffe9e810000 - 0x00007ffe9e85a000 	C:\WINDOWS\System32\cfgmgr32.dll
0x0000000063eb0000 - 0x0000000063ebf000 	C:\Program Files\Java\jdk1.8.0_152\jre\bin\verify.dll
0x0000000063e80000 - 0x0000000063ea9000 	C:\Program Files\Java\jdk1.8.0_152\jre\bin\java.dll
0x00000000634a0000 - 0x00000000634c3000 	C:\Program Files\Java\jdk1.8.0_152\jre\bin\instrument.dll
0x0000000063e60000 - 0x0000000063e76000 	C:\Program Files\Java\jdk1.8.0_152\jre\bin\zip.dll
0x00007ffe9f870000 - 0x00007ffea0ca8000 	C:\WINDOWS\System32\SHELL32.dll
0x00007ffea1b00000 - 0x00007ffea1ba6000 	C:\WINDOWS\System32\shcore.dll
0x00007ffe9f010000 - 0x00007ffe9f757000 	C:\WINDOWS\System32\windows.storage.dll
0x00007ffea1770000 - 0x00007ffea17c1000 	C:\WINDOWS\System32\shlwapi.dll
0x00007ffe9e6f0000 - 0x00007ffe9e701000 	C:\WINDOWS\System32\kernel.appcore.dll
0x00007ffe9e660000 - 0x00007ffe9e6ac000 	C:\WINDOWS\System32\powrprof.dll
0x00007ffe9e6b0000 - 0x00007ffe9e6cb000 	C:\WINDOWS\System32\profapi.dll
0x00007ffe89490000 - 0x00007ffe894aa000 	C:\Program Files\JetBrains\IntelliJ IDEA 2017.2\bin\breakgen64.dll
0x0000000063120000 - 0x000000006313a000 	C:\Program Files\Java\jdk1.8.0_152\jre\bin\net.dll
0x00007ffe9def0000 - 0x00007ffe9df56000 	C:\WINDOWS\system32\mswsock.dll
0x0000000005010000 - 0x0000000005013000 	C:\Program Files\Java\jdk1.8.0_152\jre\bin\api-ms-win-core-console-l1-1-0.dll
0x0000000005020000 - 0x0000000005023000 	C:\Program Files\Java\jdk1.8.0_152\jre\bin\api-ms-win-core-datetime-l1-1-0.dll
0x0000000005030000 - 0x0000000005033000 	C:\Program Files\Java\jdk1.8.0_152\jre\bin\api-ms-win-core-debug-l1-1-0.dll
0x0000000005040000 - 0x0000000005043000 	C:\Program Files\Java\jdk1.8.0_152\jre\bin\api-ms-win-core-errorhandling-l1-1-0.dll
0x0000000005050000 - 0x0000000005054000 	C:\Program Files\Java\jdk1.8.0_152\jre\bin\api-ms-win-core-file-l1-1-0.dll
0x0000000005070000 - 0x0000000005073000 	C:\Program Files\Java\jdk1.8.0_152\jre\bin\api-ms-win-core-file-l1-2-0.dll
0x0000000005080000 - 0x0000000005083000 	C:\Program Files\Java\jdk1.8.0_152\jre\bin\api-ms-win-core-file-l2-1-0.dll
0x0000000005090000 - 0x0000000005093000 	C:\Program Files\Java\jdk1.8.0_152\jre\bin\api-ms-win-core-handle-l1-1-0.dll
0x00000000050a0000 - 0x00000000050a3000 	C:\Program Files\Java\jdk1.8.0_152\jre\bin\api-ms-win-core-heap-l1-1-0.dll
0x00000000050b0000 - 0x00000000050b3000 	C:\Program Files\Java\jdk1.8.0_152\jre\bin\api-ms-win-core-interlocked-l1-1-0.dll
0x00000000050c0000 - 0x00000000050c3000 	C:\Program Files\Java\jdk1.8.0_152\jre\bin\api-ms-win-core-libraryloader-l1-1-0.dll
0x00000000050d0000 - 0x00000000050d3000 	C:\Program Files\Java\jdk1.8.0_152\jre\bin\api-ms-win-core-localization-l1-2-0.dll
0x00000000050e0000 - 0x00000000050e3000 	C:\Program Files\Java\jdk1.8.0_152\jre\bin\api-ms-win-core-memory-l1-1-0.dll
0x00000000050f0000 - 0x00000000050f3000 	C:\Program Files\Java\jdk1.8.0_152\jre\bin\api-ms-win-core-namedpipe-l1-1-0.dll
0x0000000005100000 - 0x0000000005103000 	C:\Program Files\Java\jdk1.8.0_152\jre\bin\api-ms-win-core-processenvironment-l1-1-0.dll
0x0000000005110000 - 0x0000000005113000 	C:\Program Files\Java\jdk1.8.0_152\jre\bin\api-ms-win-core-processthreads-l1-1-0.dll
0x0000000005230000 - 0x0000000005233000 	C:\Program Files\Java\jdk1.8.0_152\jre\bin\api-ms-win-core-processthreads-l1-1-1.dll
0x0000000005240000 - 0x0000000005243000 	C:\Program Files\Java\jdk1.8.0_152\jre\bin\api-ms-win-core-profile-l1-1-0.dll
0x0000000005250000 - 0x0000000005253000 	C:\Program Files\Java\jdk1.8.0_152\jre\bin\api-ms-win-core-rtlsupport-l1-1-0.dll
0x0000000005260000 - 0x0000000005263000 	C:\Program Files\Java\jdk1.8.0_152\jre\bin\api-ms-win-core-string-l1-1-0.dll
0x0000000005270000 - 0x0000000005273000 	C:\Program Files\Java\jdk1.8.0_152\jre\bin\api-ms-win-core-synch-l1-1-0.dll
0x000000001c710000 - 0x000000001c713000 	C:\Program Files\Java\jdk1.8.0_152\jre\bin\api-ms-win-core-synch-l1-2-0.dll
0x000000001c720000 - 0x000000001c723000 	C:\Program Files\Java\jdk1.8.0_152\jre\bin\api-ms-win-core-sysinfo-l1-1-0.dll
0x000000001c730000 - 0x000000001c733000 	C:\Program Files\Java\jdk1.8.0_152\jre\bin\api-ms-win-core-timezone-l1-1-0.dll
0x000000001c740000 - 0x000000001c743000 	C:\Program Files\Java\jdk1.8.0_152\jre\bin\api-ms-win-core-util-l1-1-0.dll
0x000000001c750000 - 0x000000001c753000 	C:\Program Files\Java\jdk1.8.0_152\jre\bin\api-ms-win-crt-conio-l1-1-0.dll
0x000000001c760000 - 0x000000001c764000 	C:\Program Files\Java\jdk1.8.0_152\jre\bin\api-ms-win-crt-convert-l1-1-0.dll
0x000000001c770000 - 0x000000001c773000 	C:\Program Files\Java\jdk1.8.0_152\jre\bin\api-ms-win-crt-environment-l1-1-0.dll
0x000000001c780000 - 0x000000001c783000 	C:\Program Files\Java\jdk1.8.0_152\jre\bin\api-ms-win-crt-filesystem-l1-1-0.dll
0x000000001c790000 - 0x000000001c793000 	C:\Program Files\Java\jdk1.8.0_152\jre\bin\api-ms-win-crt-heap-l1-1-0.dll
0x000000001c7a0000 - 0x000000001c7a3000 	C:\Program Files\Java\jdk1.8.0_152\jre\bin\api-ms-win-crt-locale-l1-1-0.dll
0x000000001c7b0000 - 0x000000001c7b5000 	C:\Program Files\Java\jdk1.8.0_152\jre\bin\api-ms-win-crt-math-l1-1-0.dll
0x000000001c7c0000 - 0x000000001c7c5000 	C:\Program Files\Java\jdk1.8.0_152\jre\bin\api-ms-win-crt-multibyte-l1-1-0.dll
0x000000001c7d0000 - 0x000000001c7e0000 	C:\Program Files\Java\jdk1.8.0_152\jre\bin\api-ms-win-crt-private-l1-1-0.dll
0x000000001c7e0000 - 0x000000001c7e3000 	C:\Program Files\Java\jdk1.8.0_152\jre\bin\api-ms-win-crt-process-l1-1-0.dll
0x000000001c7f0000 - 0x000000001c7f4000 	C:\Program Files\Java\jdk1.8.0_152\jre\bin\api-ms-win-crt-runtime-l1-1-0.dll
0x000000001c800000 - 0x000000001c804000 	C:\Program Files\Java\jdk1.8.0_152\jre\bin\api-ms-win-crt-stdio-l1-1-0.dll
0x000000001c810000 - 0x000000001c814000 	C:\Program Files\Java\jdk1.8.0_152\jre\bin\api-ms-win-crt-string-l1-1-0.dll
0x000000001c820000 - 0x000000001c823000 	C:\Program Files\Java\jdk1.8.0_152\jre\bin\api-ms-win-crt-time-l1-1-0.dll
0x000000001c830000 - 0x000000001c833000 	C:\Program Files\Java\jdk1.8.0_152\jre\bin\api-ms-win-crt-utility-l1-1-0.dll
0x00007ffe69310000 - 0x00007ffe69406000 	C:\Program Files\Java\jdk1.8.0_152\jre\bin\ucrtbase.dll
0x00007ffe6e9b0000 - 0x00007ffe6ea01000 	C:\Program Files\Java\jdk1.8.0_152\jre\bin\concrt140.dll
0x00007ffe69260000 - 0x00007ffe6930a000 	C:\WINDOWS\SYSTEM32\MSVCP140.dll
0x00007ffe89470000 - 0x00007ffe89486000 	C:\WINDOWS\SYSTEM32\VCRUNTIME140.dll
0x00007ffe7ef50000 - 0x00007ffe7ef66000 	C:\Program Files\Java\jdk1.8.0_152\jre\bin\vcruntime140.dll
0x00007ffe61ef0000 - 0x00007ffe61f8c000 	C:\Program Files\Java\jdk1.8.0_152\jre\bin\msvcp140.dll
0x0000000061630000 - 0x0000000061653000 	C:\Program Files\Java\jdk1.8.0_152\jre\bin\prism_d3d.dll
0x00007ffe684e0000 - 0x00007ffe68675000 	C:\WINDOWS\system32\d3d9.dll
0x00007ffe9cc30000 - 0x00007ffe9cc5a000 	C:\WINDOWS\SYSTEM32\dwmapi.dll
0x00007ffe9c830000 - 0x00007ffe9c8c5000 	C:\WINDOWS\system32\uxtheme.dll
0x00007ffe48a00000 - 0x00007ffe4c8b7000 	C:\WINDOWS\System32\DriverStore\FileRepository\igdlh64.inf_amd64_0959185ccf48eaa8\igdumdim64.dll
0x00007ffea0fc0000 - 0x00007ffea1109000 	C:\WINDOWS\System32\ole32.dll
0x00007ffea17d0000 - 0x00007ffea1895000 	C:\WINDOWS\System32\OLEAUT32.dll
0x00007ffea1cd0000 - 0x00007ffea211e000 	C:\WINDOWS\System32\SETUPAPI.dll
0x00000000615e0000 - 0x0000000061629000 	C:\Program Files\Java\jdk1.8.0_152\jre\bin\glass.dll
0x00007ffea1300000 - 0x00007ffea140a000 	C:\WINDOWS\System32\COMDLG32.dll
0x00007ffea1130000 - 0x00007ffea1297000 	C:\WINDOWS\System32\MSCTF.dll
0x00007ffe949e0000 - 0x00007ffe95fd1000 	C:\WINDOWS\System32\DriverStore\FileRepository\igdlh64.inf_amd64_0959185ccf48eaa8\igc64.dll
0x0000000063480000 - 0x0000000063494000 	C:\Program Files\Java\jdk1.8.0_152\jre\bin\javafx_font.dll
0x00007ffe90e90000 - 0x00007ffe911a0000 	C:\WINDOWS\SYSTEM32\dwrite.dll
0x0000000063140000 - 0x00000000632d8000 	C:\Program Files\Java\jdk1.8.0_152\jre\bin\awt.dll
0x00007ffe9c5e0000 - 0x00007ffe9c668000 	C:\WINDOWS\SYSTEM32\apphelp.dll
0x00007ffea18a0000 - 0x00007ffea193e000 	C:\WINDOWS\System32\clbcatq.dll
0x00007ffe98a20000 - 0x00007ffe98bcb000 	C:\WINDOWS\SYSTEM32\WindowsCodecs.dll
0x00007ffe89f30000 - 0x00007ffe89f7f000 	C:\WINDOWS\system32\dataexchange.dll
0x00007ffe9bd30000 - 0x00007ffe9be72000 	C:\WINDOWS\system32\dcomp.dll
0x00007ffe9b2e0000 - 0x00007ffe9b5c2000 	C:\WINDOWS\system32\d3d11.dll
0x00007ffe9d4f0000 - 0x00007ffe9d59f000 	C:\WINDOWS\system32\dxgi.dll
0x00007ffe9cd70000 - 0x00007ffe9ceeb000 	C:\WINDOWS\system32\twinapi.appcore.dll
0x00007ffe9cd20000 - 0x00007ffe9cd40000 	C:\WINDOWS\system32\RMCLIENT.dll
0x00007ffe9e1c0000 - 0x00007ffe9e1e5000 	C:\WINDOWS\system32\bcrypt.dll
0x00007ffe6b2a0000 - 0x00007ffe6b2d4000 	C:\Program Files\Common Files\Microsoft Shared\Ink\rtscom.dll
0x0000000062fc0000 - 0x0000000062fd2000 	C:\Program Files\Java\jdk1.8.0_152\jre\bin\prism_common.dll
0x00007ffe96210000 - 0x00007ffe962a8000 	C:\WINDOWS\System32\TextInputFramework.dll
0x00007ffe9bbc0000 - 0x00007ffe9bc9c000 	C:\WINDOWS\System32\CoreMessaging.dll
0x00007ffe98560000 - 0x00007ffe9884e000 	C:\WINDOWS\System32\CoreUIComponents.dll
0x00007ffe9d710000 - 0x00007ffe9d741000 	C:\WINDOWS\SYSTEM32\ntmarta.dll
0x00007ffe9a650000 - 0x00007ffe9a786000 	C:\WINDOWS\SYSTEM32\wintypes.dll
0x00007ffe9e0c0000 - 0x00007ffe9e0d7000 	C:\WINDOWS\SYSTEM32\CRYPTSP.dll
0x00007ffe9daf0000 - 0x00007ffe9db23000 	C:\WINDOWS\system32\rsaenh.dll
0x00007ffe9e560000 - 0x00007ffe9e589000 	C:\WINDOWS\SYSTEM32\USERENV.dll
0x00007ffe9e0b0000 - 0x00007ffe9e0bb000 	C:\WINDOWS\SYSTEM32\CRYPTBASE.dll
0x00007ffe9dc80000 - 0x00007ffe9dcb9000 	C:\WINDOWS\SYSTEM32\IPHLPAPI.DLL
0x00007ffe9f860000 - 0x00007ffe9f868000 	C:\WINDOWS\System32\NSI.dll
0x00007ffe9a200000 - 0x00007ffe9a216000 	C:\WINDOWS\SYSTEM32\dhcpcsvc6.DLL
0x00007ffe9a180000 - 0x00007ffe9a19a000 	C:\WINDOWS\SYSTEM32\dhcpcsvc.DLL
0x00000000630e0000 - 0x00000000630f1000 	C:\Program Files\Java\jdk1.8.0_152\jre\bin\nio.dll

VM Arguments:
jvm_args: -javaagent:C:\Program Files\JetBrains\IntelliJ IDEA 2017.2\lib\idea_rt.jar=10024:C:\Program Files\JetBrains\IntelliJ IDEA 2017.2\bin -Dfile.encoding=UTF-8 
java_command: com.mainLogin.Main
java_class_path (initial): C:\Program Files\Java\jdk1.8.0_152\jre\lib\charsets.jar;C:\Program Files\Java\jdk1.8.0_152\jre\lib\deploy.jar;C:\Program Files\Java\jdk1.8.0_152\jre\lib\ext\access-bridge-64.jar;C:\Program Files\Java\jdk1.8.0_152\jre\lib\ext\cldrdata.jar;C:\Program Files\Java\jdk1.8.0_152\jre\lib\ext\dnsns.jar;C:\Program Files\Java\jdk1.8.0_152\jre\lib\ext\jaccess.jar;C:\Program Files\Java\jdk1.8.0_152\jre\lib\ext\jfxrt.jar;C:\Program Files\Java\jdk1.8.0_152\jre\lib\ext\localedata.jar;C:\Program Files\Java\jdk1.8.0_152\jre\lib\ext\nashorn.jar;C:\Program Files\Java\jdk1.8.0_152\jre\lib\ext\sunec.jar;C:\Program Files\Java\jdk1.8.0_152\jre\lib\ext\sunjce_provider.jar;C:\Program Files\Java\jdk1.8.0_152\jre\lib\ext\sunmscapi.jar;C:\Program Files\Java\jdk1.8.0_152\jre\lib\ext\sunpkcs11.jar;C:\Program Files\Java\jdk1.8.0_152\jre\lib\ext\zipfs.jar;C:\Program Files\Java\jdk1.8.0_152\jre\lib\javaws.jar;C:\Program Files\Java\jdk1.8.0_152\jre\lib\jce.jar;C:\Program Files\Java\jdk1.8.0_152\jre\lib\jfr.jar;C:\Program Files\Java\jdk1.8.0_152\jre\lib\jfxswt.jar;C:\Program Files\Java\jdk1.8.0_152\jre\lib\jsse.jar;C:\Program Files\Java\jdk1.8.0_152\jre\lib\management-agent.jar;C:\Program Files\Java\jdk1.8.0_152\jre\lib\plugin.jar;C:\Program Files\Java\jdk1.8.0_152\jre\lib\resources.jar;C:\Program Files\Java\jdk1.8.0_152\jre\lib\rt.jar;C:\Users\dobryansky.a\Documents\Github\Communicator\mainPage\target\classes;C:\Users\dobryansky.a\Documents\Github\Communicator\Library\TrayNotification.jar;C:\Users\dobryansky.a\Documents\Github\Communicator\Library\sqljdbc42.jar;C:\Users\dobryansky.a\Documents\Github\Communicator\Library\XR3PlayerUpdater.jar;C:\Users\dobryansky.a\Documents\Github\Communicator\Library\FilterableTableColumns.jar;C:\Users\dobryansky.a\.m2\repository\no\tornado\fxlauncher\1.0.17\fxlauncher-1.0.17.jar;C:\Users\dobryansky.a\.m2\repository\org\controlsfx\controlsfx\8.40.11\controlsfx-8.40.11.jar;C:\Users\dobryansky.a\.m2\repository\org\fxmisc\richtext\richtextfx\
Launcher Type: SUN_STANDARD

Environment Variables:
JAVA_HOME=C:\Program Files\Java\jdk1.8.0_152
PATH=C:\Program Files (x86)\Common Files\Oracle\Java\javapath;C:\ProgramData\Oracle\Java\javapath;C:\WINDOWS\system32;C:\WINDOWS;C:\WINDOWS\System32\Wbem;C:\WINDOWS\System32\WindowsPowerShell\v1.0\;C:\Program Files (x86)\Skype\Phone\;C:\Program Files\Git\cmd;C:\Program Files\Microsoft SQL Server\120\DTS\Binn\;C:\Program Files\Microsoft SQL Server\Client SDK\ODBC\110\Tools\Binn\;C:\Program Files (x86)\Microsoft SQL Server\120\Tools\Binn\;C:\Program Files\Microsoft SQL Server\120\Tools\Binn\;C:\Program Files (x86)\Microsoft SQL Server\120\Tools\Binn\ManagementStudio\;C:\Program Files (x86)\Microsoft SQL Server\120\DTS\Binn\;C:\WINDOWS\system32\config\systemprofile\.dnx\bin;C:\Program Files\Microsoft DNX\Dnvm\;C:\Program Files\Microsoft SQL Server\130\Tools\Binn\;C:\Program Files\apache-maven-3.5.2\bin;%USERPROFILE%\AppData\Local\Microsoft\WindowsApps;
USERNAME=dobryansky.a
OS=Windows_NT
PROCESSOR_IDENTIFIER=Intel64 Family 6 Model 78 Stepping 3, GenuineIntel



---------------  S Y S T E M  ---------------

OS: Windows 10.0 , 64 bit Build 16299 (10.0.16299.431)

CPU:total 4 (initial active 4) (2 cores per cpu, 2 threads per core) family 6 model 78 stepping 3, cmov, cx8, fxsr, mmx, sse, sse2, sse3, ssse3, sse4.1, sse4.2, popcnt, avx, avx2, aes, clmul, erms, 3dnowpref, lzcnt, ht, tsc, tscinvbit, bmi1, bmi2, adx

Memory: 4k page, physical 8260324k(452040k free), swap 23600612k(5332k free)

vm_info: Java HotSpot(TM) 64-Bit Server VM (25.152-b16) for windows-amd64 JRE (1.8.0_152-b16), built on Sep 14 2017 02:29:36 by "java_re" with MS VC++ 10.0 (VS2010)

time: Mon Jul 02 15:55:28 2018
elapsed time: 23 seconds (0d 0h 0m 23s)

