#
# There is insufficient memory for the Java Runtime Environment to continue.
# Native memory allocation (malloc) failed to allocate 606576 bytes for Chunk::new
# Possible reasons:
#   The system is out of physical RAM or swap space
#   In 32 bit mode, the process size limit was hit
# Possible solutions:
#   Reduce memory load on the system
#   Increase physical memory or swap space
#   Check if swap backing store is full
#   Use 64 bit Java on a 64 bit OS
#   Decrease Java heap size (-Xmx/-Xms)
#   Decrease number of Java threads
#   Decrease Java thread stack sizes (-Xss)
#   Set larger code cache with -XX:ReservedCodeCacheSize=
# This output file may be truncated or incomplete.
#
#  Out of Memory Error (allocation.cpp:390), pid=3384, tid=0x0000000000002cb4
#
# JRE version: Java(TM) SE Runtime Environment (8.0_152-b16) (build 1.8.0_152-b16)
# Java VM: Java HotSpot(TM) 64-Bit Server VM (25.152-b16 mixed mode windows-amd64 compressed oops)
# Failed to write core dump. Minidumps are not enabled by default on client versions of Windows
#

---------------  T H R E A D  ---------------

Current thread (0x000000001afc5000):  JavaThread "C2 CompilerThread1" daemon [_thread_in_native, id=11444, stack(0x000000001b280000,0x000000001b380000)]

Stack: [0x000000001b280000,0x000000001b380000]
[error occurred during error reporting (printing stack bounds), id 0xc0000005]

Native frames: (J=compiled Java code, j=interpreted, Vv=VM code, C=native code)


Current CompileTask:
C2:  14876 6662 % !   4       javafx.scene.CssStyleHelper::transitionToState @ 289 (1075 bytes)


---------------  P R O C E S S  ---------------

Java Threads: ( => current thread )
  0x0000000023361000 JavaThread "Thread-12" [_thread_in_native, id=12856, stack(0x000000002cbd0000,0x000000002ccd0000)]
  0x0000000023364800 JavaThread "Thread-11" [_thread_in_native, id=19748, stack(0x000000002b430000,0x000000002b530000)]
  0x0000000023360000 JavaThread "com.mchange.v2.async.ThreadPoolAsynchronousRunner$PoolThread-#2" daemon [_thread_blocked, id=18864, stack(0x0000000028a70000,0x0000000028b70000)]
  0x000000002335f800 JavaThread "com.mchange.v2.async.ThreadPoolAsynchronousRunner$PoolThread-#1" daemon [_thread_blocked, id=5532, stack(0x0000000028970000,0x0000000028a70000)]
  0x0000000023362800 JavaThread "com.mchange.v2.async.ThreadPoolAsynchronousRunner$PoolThread-#0" daemon [_thread_blocked, id=20980, stack(0x0000000028870000,0x0000000028970000)]
  0x0000000023366000 JavaThread "Timer-0" daemon [_thread_blocked, id=9844, stack(0x0000000028770000,0x0000000028870000)]
  0x0000000023365800 JavaThread "Prism Font Disposer" daemon [_thread_blocked, id=5612, stack(0x00000000258f0000,0x00000000259f0000)]
  0x0000000023364000 JavaThread "JavaFX-Launcher" [_thread_blocked, id=12508, stack(0x0000000024940000,0x0000000024a40000)]
  0x000000001bc3b800 JavaThread "AWT-Windows" daemon [_thread_in_native, id=14024, stack(0x0000000024740000,0x0000000024840000)]
  0x000000001bcc0800 JavaThread "Java2D Disposer" daemon [_thread_blocked, id=20176, stack(0x0000000024540000,0x0000000024640000)]
  0x000000001b968000 JavaThread "Thread-2" daemon [_thread_in_native, id=9416, stack(0x0000000022e30000,0x0000000022f30000)]
  0x000000001b900800 JavaThread "JavaFX Application Thread" [_thread_in_native, id=6216, stack(0x000000001c450000,0x000000001c550000)]
  0x000000001b8f6800 JavaThread "Thread-1" daemon [_thread_blocked, id=15384, stack(0x000000001c350000,0x000000001c450000)]
  0x000000001b87c000 JavaThread "QuantumRenderer-0" daemon [_thread_in_native, id=21376, stack(0x000000001c0c0000,0x000000001c1c0000)]
  0x000000001b03e800 JavaThread "Service Thread" daemon [_thread_blocked, id=19772, stack(0x000000001b480000,0x000000001b580000)]
  0x000000001b01f800 JavaThread "C1 CompilerThread2" daemon [_thread_blocked, id=19820, stack(0x000000001b380000,0x000000001b480000)]
=>0x000000001afc5000 JavaThread "C2 CompilerThread1" daemon [_thread_in_native, id=11444, stack(0x000000001b280000,0x000000001b380000)]
  0x000000001afca800 JavaThread "C2 CompilerThread0" daemon [_thread_in_native, id=19868, stack(0x000000001b180000,0x000000001b280000)]
  0x000000001af81000 JavaThread "Monitor Ctrl-Break" daemon [_thread_in_native, id=9056, stack(0x000000001b080000,0x000000001b180000)]
  0x0000000019639800 JavaThread "Attach Listener" daemon [_thread_blocked, id=12976, stack(0x000000001ab80000,0x000000001ac80000)]
  0x0000000019638800 JavaThread "Signal Dispatcher" daemon [_thread_blocked, id=5128, stack(0x000000001aa80000,0x000000001ab80000)]
  0x000000001961a800 JavaThread "Finalizer" daemon [_thread_blocked, id=1428, stack(0x000000001a890000,0x000000001a990000)]
  0x0000000004b04000 JavaThread "Reference Handler" daemon [_thread_blocked, id=11440, stack(0x000000001a790000,0x000000001a890000)]
  0x0000000004a15800 JavaThread "main" [_thread_blocked, id=8700, stack(0x0000000004810000,0x0000000004910000)]

Other Threads:
  0x00000000195f7800 VMThread [stack: 0x000000001a690000,0x000000001a790000] [id=6004]
  0x000000001b5a3000 WatcherThread [stack: 0x000000001bd80000,0x000000001be80000] [id=8584]

VM state:not at safepoint (normal execution)

VM Mutex/Monitor currently owned by a thread: None

Heap:
 PSYoungGen      total 130048K, used 32098K [0x00000000d5f80000, 0x00000000dfe80000, 0x0000000100000000)
  eden space 103424K, 8% used [0x00000000d5f80000,0x00000000d6832ff8,0x00000000dc480000)
  from space 26624K, 87% used [0x00000000dca80000,0x00000000de125b38,0x00000000de480000)
  to   space 17920K, 0% used [0x00000000ded00000,0x00000000ded00000,0x00000000dfe80000)
 ParOldGen       total 98304K, used 98178K [0x0000000081e00000, 0x0000000087e00000, 0x00000000d5f80000)
  object space 98304K, 99% used [0x0000000081e00000,0x0000000087de08d0,0x0000000087e00000)
 Metaspace       used 36138K, capacity 38636K, committed 38784K, reserved 1083392K
  class space    used 4787K, capacity 5225K, committed 5248K, reserved 1048576K

Card table byte_map: [0x0000000013ed0000,0x00000000142d0000] byte_map_base: 0x0000000013ac1000

Marking Bits: (ParMarkBitMap*) 0x0000000060480860
 Begin Bits: [0x0000000014980000, 0x0000000016908000)
 End Bits:   [0x0000000016908000, 0x0000000018890000)

Polling page: 0x0000000002e50000

CodeCache: size=245760Kb used=19749Kb max_used=19756Kb free=226010Kb
 bounds [0x0000000004b10000, 0x0000000005e70000, 0x0000000013b10000]
 total_blobs=7078 nmethods=6244 adapters=744
 compilation: enabled

Compilation events (10 events):
Event: 14.857 Thread 0x000000001b01f800 6723       3       com.sun.javafx.sg.prism.NGText::setFont (39 bytes)
Event: 14.857 Thread 0x000000001b01f800 nmethod 6723 0x0000000005e64910 code [0x0000000005e64aa0, 0x0000000005e64f58]
Event: 14.858 Thread 0x000000001b01f800 6724       3       com.sun.javafx.sg.prism.NGRegion::updateBackgroundInsets (219 bytes)
Event: 14.860 Thread 0x000000001b01f800 nmethod 6724 0x0000000005e65f50 code [0x0000000005e662a0, 0x0000000005e67d48]
Event: 14.864 Thread 0x000000001afca800 nmethod 6692 0x0000000005e6ba90 code [0x0000000005e6bc00, 0x0000000005e6c1d8]
Event: 14.864 Thread 0x000000001afca800 6696       4       javafx.beans.property.ReadOnlyObjectWrapper::fireValueChangedEvent (19 bytes)
Event: 14.865 Thread 0x000000001afca800 nmethod 6696 0x0000000005e68ad0 code [0x0000000005e68c20, 0x0000000005e68cd8]
Event: 14.865 Thread 0x000000001afca800 6725       4       javafx.scene.Node::updateBounds (174 bytes)
Event: 14.866 Thread 0x000000001b01f800 6726       3       com.sun.javafx.sg.prism.NGShape::renderContent2D (173 bytes)
Event: 14.868 Thread 0x000000001b01f800 nmethod 6726 0x0000000005e6a610 code [0x0000000005e6a820, 0x0000000005e6b698]

GC Heap History (10 events):
Event: 8.078 GC heap before
{Heap before GC invocations=8 (full 1):
 PSYoungGen      total 87552K, used 65790K [0x00000000d5f80000, 0x00000000dcd00000, 0x0000000100000000)
  eden space 71168K, 71% used [0x00000000d5f80000,0x00000000d916e4d0,0x00000000da500000)
  from space 16384K, 89% used [0x00000000db700000,0x00000000dc551660,0x00000000dc700000)
  to   space 18432K, 0% used [0x00000000da500000,0x00000000da500000,0x00000000db700000)
 ParOldGen       total 79360K, used 22440K [0x0000000081e00000, 0x0000000086b80000, 0x00000000d5f80000)
  object space 79360K, 28% used [0x0000000081e00000,0x00000000833ea3d0,0x0000000086b80000)
 Metaspace       used 33528K, capacity 35412K, committed 35456K, reserved 1079296K
  class space    used 4566K, capacity 4961K, committed 4992K, reserved 1048576K
Event: 8.104 GC heap after
Heap after GC invocations=8 (full 1):
 PSYoungGen      total 89600K, used 18423K [0x00000000d5f80000, 0x00000000e0600000, 0x0000000100000000)
  eden space 71168K, 0% used [0x00000000d5f80000,0x00000000d5f80000,0x00000000da500000)
  from space 18432K, 99% used [0x00000000da500000,0x00000000db6fdc48,0x00000000db700000)
  to   space 25600K, 0% used [0x00000000ded00000,0x00000000ded00000,0x00000000e0600000)
 ParOldGen       total 79360K, used 30850K [0x0000000081e00000, 0x0000000086b80000, 0x00000000d5f80000)
  object space 79360K, 38% used [0x0000000081e00000,0x0000000083c20bf8,0x0000000086b80000)
 Metaspace       used 33528K, capacity 35412K, committed 35456K, reserved 1079296K
  class space    used 4566K, capacity 4961K, committed 4992K, reserved 1048576K
}
Event: 8.104 GC heap before
{Heap before GC invocations=9 (full 2):
 PSYoungGen      total 89600K, used 18423K [0x00000000d5f80000, 0x00000000e0600000, 0x0000000100000000)
  eden space 71168K, 0% used [0x00000000d5f80000,0x00000000d5f80000,0x00000000da500000)
  from space 18432K, 99% used [0x00000000da500000,0x00000000db6fdc48,0x00000000db700000)
  to   space 25600K, 0% used [0x00000000ded00000,0x00000000ded00000,0x00000000e0600000)
 ParOldGen       total 79360K, used 30850K [0x0000000081e00000, 0x0000000086b80000, 0x00000000d5f80000)
  object space 79360K, 38% used [0x0000000081e00000,0x0000000083c20bf8,0x0000000086b80000)
 Metaspace       used 33528K, capacity 35412K, committed 35456K, reserved 1079296K
  class space    used 4566K, capacity 4961K, committed 4992K, reserved 1048576K
Event: 8.274 GC heap after
Heap after GC invocations=9 (full 2):
 PSYoungGen      total 89600K, used 0K [0x00000000d5f80000, 0x00000000e0600000, 0x0000000100000000)
  eden space 71168K, 0% used [0x00000000d5f80000,0x00000000d5f80000,0x00000000da500000)
  from space 18432K, 0% used [0x00000000da500000,0x00000000da500000,0x00000000db700000)
  to   space 25600K, 0% used [0x00000000ded00000,0x00000000ded00000,0x00000000e0600000)
 ParOldGen       total 79360K, used 45664K [0x0000000081e00000, 0x0000000086b80000, 0x00000000d5f80000)
  object space 79360K, 57% used [0x0000000081e00000,0x0000000084a981e8,0x0000000086b80000)
 Metaspace       used 33528K, capacity 35412K, committed 35456K, reserved 1079296K
  class space    used 4566K, capacity 4961K, committed 4992K, reserved 1048576K
}
Event: 9.903 GC heap before
{Heap before GC invocations=10 (full 2):
 PSYoungGen      total 89600K, used 71168K [0x00000000d5f80000, 0x00000000e0600000, 0x0000000100000000)
  eden space 71168K, 100% used [0x00000000d5f80000,0x00000000da500000,0x00000000da500000)
  from space 18432K, 0% used [0x00000000da500000,0x00000000da500000,0x00000000db700000)
  to   space 25600K, 0% used [0x00000000ded00000,0x00000000ded00000,0x00000000e0600000)
 ParOldGen       total 79360K, used 45664K [0x0000000081e00000, 0x0000000086b80000, 0x00000000d5f80000)
  object space 79360K, 57% used [0x0000000081e00000,0x0000000084a981e8,0x0000000086b80000)
 Metaspace       used 35094K, capacity 37494K, committed 37760K, reserved 1081344K
  class space    used 4736K, capacity 5180K, committed 5248K, reserved 1048576K
Event: 9.959 GC heap after
Heap after GC invocations=10 (full 2):
 PSYoungGen      total 121344K, used 17760K [0x00000000d5f80000, 0x00000000dfe80000, 0x0000000100000000)
  eden space 103424K, 0% used [0x00000000d5f80000,0x00000000d5f80000,0x00000000dc480000)
  from space 17920K, 99% used [0x00000000ded00000,0x00000000dfe58000,0x00000000dfe80000)
  to   space 26624K, 0% used [0x00000000dca80000,0x00000000dca80000,0x00000000de480000)
 ParOldGen       total 79360K, used 45672K [0x0000000081e00000, 0x0000000086b80000, 0x00000000d5f80000)
  object space 79360K, 57% used [0x0000000081e00000,0x0000000084a9a1e8,0x0000000086b80000)
 Metaspace       used 35094K, capacity 37494K, committed 37760K, reserved 1081344K
  class space    used 4736K, capacity 5180K, committed 5248K, reserved 1048576K
}
Event: 14.199 GC heap before
{Heap before GC invocations=11 (full 2):
 PSYoungGen      total 121344K, used 121090K [0x00000000d5f80000, 0x00000000dfe80000, 0x0000000100000000)
  eden space 103424K, 99% used [0x00000000d5f80000,0x00000000dc468ac0,0x00000000dc480000)
  from space 17920K, 99% used [0x00000000ded00000,0x00000000dfe58000,0x00000000dfe80000)
  to   space 26624K, 0% used [0x00000000dca80000,0x00000000dca80000,0x00000000de480000)
 ParOldGen       total 79360K, used 45672K [0x0000000081e00000, 0x0000000086b80000, 0x00000000d5f80000)
  object space 79360K, 57% used [0x0000000081e00000,0x0000000084a9a1e8,0x0000000086b80000)
 Metaspace       used 36100K, capacity 38572K, committed 38784K, reserved 1083392K
  class space    used 4786K, capacity 5225K, committed 5248K, reserved 1048576K
Event: 14.267 GC heap after
Heap after GC invocations=11 (full 2):
 PSYoungGen      total 130048K, used 26616K [0x00000000d5f80000, 0x00000000dfe80000, 0x0000000100000000)
  eden space 103424K, 0% used [0x00000000d5f80000,0x00000000d5f80000,0x00000000dc480000)
  from space 26624K, 99% used [0x00000000dca80000,0x00000000de47e350,0x00000000de480000)
  to   space 17920K, 0% used [0x00000000ded00000,0x00000000ded00000,0x00000000dfe80000)
 ParOldGen       total 98304K, used 98254K [0x0000000081e00000, 0x0000000087e00000, 0x00000000d5f80000)
  object space 98304K, 99% used [0x0000000081e00000,0x0000000087df3bc0,0x0000000087e00000)
 Metaspace       used 36100K, capacity 38572K, committed 38784K, reserved 1083392K
  class space    used 4786K, capacity 5225K, committed 5248K, reserved 1048576K
}
Event: 14.267 GC heap before
{Heap before GC invocations=12 (full 3):
 PSYoungGen      total 130048K, used 26616K [0x00000000d5f80000, 0x00000000dfe80000, 0x0000000100000000)
  eden space 103424K, 0% used [0x00000000d5f80000,0x00000000d5f80000,0x00000000dc480000)
  from space 26624K, 99% used [0x00000000dca80000,0x00000000de47e350,0x00000000de480000)
  to   space 17920K, 0% used [0x00000000ded00000,0x00000000ded00000,0x00000000dfe80000)
 ParOldGen       total 98304K, used 98254K [0x0000000081e00000, 0x0000000087e00000, 0x00000000d5f80000)
  object space 98304K, 99% used [0x0000000081e00000,0x0000000087df3bc0,0x0000000087e00000)
 Metaspace       used 36100K, capacity 38572K, committed 38784K, reserved 1083392K
  class space    used 4786K, capacity 5225K, committed 5248K, reserved 1048576K
Event: 14.728 GC heap after
Heap after GC invocations=12 (full 3):
 PSYoungGen      total 130048K, used 23190K [0x00000000d5f80000, 0x00000000dfe80000, 0x0000000100000000)
  eden space 103424K, 0% used [0x00000000d5f80000,0x00000000d5f80000,0x00000000dc480000)
  from space 26624K, 87% used [0x00000000dca80000,0x00000000de125b38,0x00000000de480000)
  to   space 17920K, 0% used [0x00000000ded00000,0x00000000ded00000,0x00000000dfe80000)
 ParOldGen       total 98304K, used 98178K [0x0000000081e00000, 0x0000000087e00000, 0x00000000d5f80000)
  object space 98304K, 99% used [0x0000000081e00000,0x0000000087de08d0,0x0000000087e00000)
 Metaspace       used 36100K, capacity 38572K, committed 38784K, reserved 1083392K
  class space    used 4786K, capacity 5225K, committed 5248K, reserved 1048576K
}

Deoptimization events (10 events):
Event: 11.850 Thread 0x000000001b87c000 Uncommon trap: reason=unstable_if action=reinterpret pc=0x0000000005b784e8 method=com.sun.javafx.geom.transform.AffineBase.updateState2D()V @ 6
Event: 11.850 Thread 0x000000001b87c000 Uncommon trap: reason=unstable_if action=reinterpret pc=0x0000000005bfed38 method=com.sun.javafx.geom.transform.AffineBase.updateState2D()V @ 6
Event: 11.984 Thread 0x000000001b87c000 Uncommon trap: reason=unstable_if action=reinterpret pc=0x0000000005c12acc method=com.sun.javafx.geom.transform.AffineBase.updateState2D()V @ 6
Event: 12.615 Thread 0x000000001b900800 Uncommon trap: reason=unstable_if action=reinterpret pc=0x0000000005b9d168 method=javafx.scene.CssStyleHelper.transitionToState(Ljavafx/scene/Node;)V @ 778
Event: 12.683 Thread 0x000000001b900800 Uncommon trap: reason=unstable_if action=reinterpret pc=0x0000000005ac1168 method=javafx.scene.Node.updateBounds()V @ 47
Event: 12.684 Thread 0x000000001b900800 Uncommon trap: reason=null_check action=make_not_entrant pc=0x0000000005ad309c method=javafx.scene.Node$MiscProperties.getClip()Ljavafx/scene/Node; @ 20
Event: 12.684 Thread 0x000000001b900800 Uncommon trap: reason=null_check action=make_not_entrant pc=0x0000000005b79fb0 method=javafx.scene.Node$MiscProperties.getClip()Ljavafx/scene/Node; @ 20
Event: 12.722 Thread 0x000000001b87c000 Uncommon trap: reason=unstable_if action=reinterpret pc=0x0000000005c6234c method=com.sun.javafx.font.directwrite.DWFontStrike.getQuantizedPosition(Lcom/sun/javafx/geom/Point2D;)I @ 23
Event: 12.740 Thread 0x000000001b87c000 Uncommon trap: reason=unstable_if action=reinterpret pc=0x0000000005c536d4 method=com.sun.prism.impl.GlyphCache.addDataToQuad(Lcom/sun/prism/impl/GlyphCache$GlyphData;Lcom/sun/prism/impl/VertexBuffer;Lcom/sun/prism/Texture;FFFF)V @ 149
Event: 12.740 Thread 0x000000001b87c000 Uncommon trap: reason=unstable_if action=reinterpret pc=0x0000000005c51760 method=com.sun.javafx.font.directwrite.DWFontStrike.getQuantizedPosition(Lcom/sun/javafx/geom/Point2D;)I @ 23

Classes redefined (0 events):
No events

Internal exceptions (10 events):
Event: 7.945 Thread 0x000000001b900800 Exception <a 'java/io/FileNotFoundException'> (0x00000000d8c1dd50) thrown at [C:\re\workspace\8-2-build-windows-amd64-cygwin\jdk8u152\9742\hotspot\src\share\vm\prims\jni.cpp, line 709]
Event: 8.006 Thread 0x000000001b900800 Implicit null exception at 0x000000000577c44f to 0x000000000577cb25
Event: 8.069 Thread 0x000000001b900800 Implicit null exception at 0x000000000542f8bc to 0x0000000005432909
Event: 8.460 Thread 0x000000001b900800 Exception <a 'java/io/FileNotFoundException'> (0x00000000d6725dd0) thrown at [C:\re\workspace\8-2-build-windows-amd64-cygwin\jdk8u152\9742\hotspot\src\share\vm\prims\jni.cpp, line 709]
Event: 8.703 Thread 0x000000001b900800 Implicit null exception at 0x00000000057ff3bd to 0x00000000057ffa89
Event: 12.617 Thread 0x0000000023364800 Exception <a 'java/lang/NoSuchMethodError': <clinit>> (0x00000000d8cddc70) thrown at [C:\re\workspace\8-2-build-windows-amd64-cygwin\jdk8u152\9742\hotspot\src\share\vm\prims\jni.cpp, line 1613]
Event: 12.684 Thread 0x000000001b900800 Implicit null exception at 0x0000000005ad3047 to 0x0000000005ad3091
Event: 12.684 Thread 0x000000001b900800 Implicit null exception at 0x0000000005b791f8 to 0x0000000005b79f99
Event: 14.841 Thread 0x000000001b87c000 Implicit null exception at 0x0000000005c34a07 to 0x0000000005c3547a
Event: 14.841 Thread 0x000000001b87c000 Exception <a 'java/lang/NullPointerException'> (0x00000000d65e5b28) thrown at [C:\re\workspace\8-2-build-windows-amd64-cygwin\jdk8u152\9742\hotspot\src\share\vm\runtime\sharedRuntime.cpp, line 605]

Events (10 events):
Event: 13.341 loading class com/sun/javafx/scene/control/behavior/TreeTableCellBehavior done
Event: 13.449 loading class com/sun/javafx/binding/ExpressionHelper$1
Event: 13.449 loading class com/sun/javafx/binding/ExpressionHelper$1 done
Event: 13.846 loading class javafx/beans/property/ReadOnlyObjectWrapper$1
Event: 13.846 loading class javafx/beans/property/ReadOnlyObjectWrapper$1 done
Event: 14.199 Executing VM operation: ParallelGCFailedAllocation
Event: 14.728 Executing VM operation: ParallelGCFailedAllocation done
Event: 14.774 Thread 0x0000000023361000 Thread added: 0x0000000023361000
Event: 14.802 loading class com/mainPage/InProcessing/InProcessingRequest/InProcessingRequest
Event: 14.802 loading class com/mainPage/InProcessing/InProcessingRequest/InProcessingRequest done


Dynamic libraries:
0x00007ff643c00000 - 0x00007ff643c37000 	C:\Program Files\Java\jdk1.8.0_152\bin\java.exe
0x00007fffefd10000 - 0x00007fffefef0000 	C:\WINDOWS\SYSTEM32\ntdll.dll
0x00007fffefb90000 - 0x00007fffefc3e000 	C:\WINDOWS\System32\KERNEL32.DLL
0x00007fffec230000 - 0x00007fffec496000 	C:\WINDOWS\System32\KERNELBASE.dll
0x00007fffed540000 - 0x00007fffed5e1000 	C:\WINDOWS\System32\ADVAPI32.dll
0x00007fffefc40000 - 0x00007fffefcdd000 	C:\WINDOWS\System32\msvcrt.dll
0x00007fffed5f0000 - 0x00007fffed64b000 	C:\WINDOWS\System32\sechost.dll
0x00007fffef290000 - 0x00007fffef3af000 	C:\WINDOWS\System32\RPCRT4.dll
0x00007fffeef90000 - 0x00007fffef11f000 	C:\WINDOWS\System32\USER32.dll
0x00007fffec4a0000 - 0x00007fffec4c0000 	C:\WINDOWS\System32\win32u.dll
0x00007fffef260000 - 0x00007fffef288000 	C:\WINDOWS\System32\GDI32.dll
0x00007fffed040000 - 0x00007fffed1d3000 	C:\WINDOWS\System32\gdi32full.dll
0x00007fffec190000 - 0x00007fffec22b000 	C:\WINDOWS\System32\msvcp_win.dll
0x00007fffecf40000 - 0x00007fffed036000 	C:\WINDOWS\System32\ucrtbase.dll
0x00007fffc6250000 - 0x00007fffc64b9000 	C:\WINDOWS\WinSxS\amd64_microsoft.windows.common-controls_6595b64144ccf1df_6.0.16299.125_none_15cbcf8893620c09\COMCTL32.dll
0x00007fffef3b0000 - 0x00007fffef6b8000 	C:\WINDOWS\System32\combase.dll
0x00007fffec110000 - 0x00007fffec182000 	C:\WINDOWS\System32\bcryptPrimitives.dll
0x00007fffed650000 - 0x00007fffed67d000 	C:\WINDOWS\System32\IMM32.DLL
0x0000000061050000 - 0x0000000061122000 	C:\Program Files\Java\jdk1.8.0_152\jre\bin\msvcr100.dll
0x000000005fc60000 - 0x0000000060500000 	C:\Program Files\Java\jdk1.8.0_152\jre\bin\server\jvm.dll
0x00007fffed530000 - 0x00007fffed538000 	C:\WINDOWS\System32\PSAPI.DLL
0x00007fffda7c0000 - 0x00007fffda7e3000 	C:\WINDOWS\SYSTEM32\WINMM.dll
0x00007fffe5dc0000 - 0x00007fffe5dca000 	C:\WINDOWS\SYSTEM32\VERSION.dll
0x00007fffda730000 - 0x00007fffda75a000 	C:\WINDOWS\SYSTEM32\WINMMBASE.dll
0x00007fffece90000 - 0x00007fffeceda000 	C:\WINDOWS\System32\cfgmgr32.dll
0x00007fffe5a50000 - 0x00007fffe5a59000 	C:\WINDOWS\SYSTEM32\WSOCK32.dll
0x00007fffef130000 - 0x00007fffef19c000 	C:\WINDOWS\System32\WS2_32.dll
0x0000000061d30000 - 0x0000000061d3f000 	C:\Program Files\Java\jdk1.8.0_152\jre\bin\verify.dll
0x0000000061020000 - 0x0000000061049000 	C:\Program Files\Java\jdk1.8.0_152\jre\bin\java.dll
0x0000000060fb0000 - 0x0000000060fd3000 	C:\Program Files\Java\jdk1.8.0_152\jre\bin\instrument.dll
0x0000000061d10000 - 0x0000000061d26000 	C:\Program Files\Java\jdk1.8.0_152\jre\bin\zip.dll
0x00007fffedb50000 - 0x00007fffeef86000 	C:\WINDOWS\System32\SHELL32.dll
0x00007fffef6c0000 - 0x00007fffef766000 	C:\WINDOWS\System32\shcore.dll
0x00007fffec570000 - 0x00007fffeccb7000 	C:\WINDOWS\System32\windows.storage.dll
0x00007fffef9c0000 - 0x00007fffefa11000 	C:\WINDOWS\System32\shlwapi.dll
0x00007fffec0f0000 - 0x00007fffec101000 	C:\WINDOWS\System32\kernel.appcore.dll
0x00007fffec060000 - 0x00007fffec0ac000 	C:\WINDOWS\System32\powrprof.dll
0x00007fffec0b0000 - 0x00007fffec0cb000 	C:\WINDOWS\System32\profapi.dll
0x00007fffcd330000 - 0x00007fffcd34a000 	C:\Program Files\JetBrains\IntelliJ IDEA 2017.2\bin\breakgen64.dll
0x0000000061000000 - 0x000000006101a000 	C:\Program Files\Java\jdk1.8.0_152\jre\bin\net.dll
0x00007fffeb8f0000 - 0x00007fffeb956000 	C:\WINDOWS\system32\mswsock.dll
0x00000000046c0000 - 0x00000000046c3000 	C:\Program Files\Java\jdk1.8.0_152\jre\bin\api-ms-win-core-console-l1-1-0.dll
0x00000000046d0000 - 0x00000000046d3000 	C:\Program Files\Java\jdk1.8.0_152\jre\bin\api-ms-win-core-datetime-l1-1-0.dll
0x00000000046e0000 - 0x00000000046e3000 	C:\Program Files\Java\jdk1.8.0_152\jre\bin\api-ms-win-core-debug-l1-1-0.dll
0x00000000046f0000 - 0x00000000046f3000 	C:\Program Files\Java\jdk1.8.0_152\jre\bin\api-ms-win-core-errorhandling-l1-1-0.dll
0x000000001be80000 - 0x000000001be84000 	C:\Program Files\Java\jdk1.8.0_152\jre\bin\api-ms-win-core-file-l1-1-0.dll
0x000000001be90000 - 0x000000001be93000 	C:\Program Files\Java\jdk1.8.0_152\jre\bin\api-ms-win-core-file-l1-2-0.dll
0x000000001bea0000 - 0x000000001bea3000 	C:\Program Files\Java\jdk1.8.0_152\jre\bin\api-ms-win-core-file-l2-1-0.dll
0x000000001beb0000 - 0x000000001beb3000 	C:\Program Files\Java\jdk1.8.0_152\jre\bin\api-ms-win-core-handle-l1-1-0.dll
0x000000001bec0000 - 0x000000001bec3000 	C:\Program Files\Java\jdk1.8.0_152\jre\bin\api-ms-win-core-heap-l1-1-0.dll
0x000000001bed0000 - 0x000000001bed3000 	C:\Program Files\Java\jdk1.8.0_152\jre\bin\api-ms-win-core-interlocked-l1-1-0.dll
0x000000001bee0000 - 0x000000001bee3000 	C:\Program Files\Java\jdk1.8.0_152\jre\bin\api-ms-win-core-libraryloader-l1-1-0.dll
0x000000001bef0000 - 0x000000001bef3000 	C:\Program Files\Java\jdk1.8.0_152\jre\bin\api-ms-win-core-localization-l1-2-0.dll
0x000000001bf00000 - 0x000000001bf03000 	C:\Program Files\Java\jdk1.8.0_152\jre\bin\api-ms-win-core-memory-l1-1-0.dll
0x000000001bf10000 - 0x000000001bf13000 	C:\Program Files\Java\jdk1.8.0_152\jre\bin\api-ms-win-core-namedpipe-l1-1-0.dll
0x000000001bf20000 - 0x000000001bf23000 	C:\Program Files\Java\jdk1.8.0_152\jre\bin\api-ms-win-core-processenvironment-l1-1-0.dll
0x000000001bf30000 - 0x000000001bf33000 	C:\Program Files\Java\jdk1.8.0_152\jre\bin\api-ms-win-core-processthreads-l1-1-0.dll
0x000000001bf40000 - 0x000000001bf43000 	C:\Program Files\Java\jdk1.8.0_152\jre\bin\api-ms-win-core-processthreads-l1-1-1.dll
0x000000001bf50000 - 0x000000001bf53000 	C:\Program Files\Java\jdk1.8.0_152\jre\bin\api-ms-win-core-profile-l1-1-0.dll
0x000000001bf60000 - 0x000000001bf63000 	C:\Program Files\Java\jdk1.8.0_152\jre\bin\api-ms-win-core-rtlsupport-l1-1-0.dll
0x000000001bf70000 - 0x000000001bf73000 	C:\Program Files\Java\jdk1.8.0_152\jre\bin\api-ms-win-core-string-l1-1-0.dll
0x000000001bf80000 - 0x000000001bf83000 	C:\Program Files\Java\jdk1.8.0_152\jre\bin\api-ms-win-core-synch-l1-1-0.dll
0x000000001bf90000 - 0x000000001bf93000 	C:\Program Files\Java\jdk1.8.0_152\jre\bin\api-ms-win-core-synch-l1-2-0.dll
0x000000001bfa0000 - 0x000000001bfa3000 	C:\Program Files\Java\jdk1.8.0_152\jre\bin\api-ms-win-core-sysinfo-l1-1-0.dll
0x000000001bfb0000 - 0x000000001bfb3000 	C:\Program Files\Java\jdk1.8.0_152\jre\bin\api-ms-win-core-timezone-l1-1-0.dll
0x000000001bfc0000 - 0x000000001bfc3000 	C:\Program Files\Java\jdk1.8.0_152\jre\bin\api-ms-win-core-util-l1-1-0.dll
0x000000001bfd0000 - 0x000000001bfd3000 	C:\Program Files\Java\jdk1.8.0_152\jre\bin\api-ms-win-crt-conio-l1-1-0.dll
0x000000001bfe0000 - 0x000000001bfe4000 	C:\Program Files\Java\jdk1.8.0_152\jre\bin\api-ms-win-crt-convert-l1-1-0.dll
0x000000001bff0000 - 0x000000001bff3000 	C:\Program Files\Java\jdk1.8.0_152\jre\bin\api-ms-win-crt-environment-l1-1-0.dll
0x000000001c000000 - 0x000000001c003000 	C:\Program Files\Java\jdk1.8.0_152\jre\bin\api-ms-win-crt-filesystem-l1-1-0.dll
0x000000001c010000 - 0x000000001c013000 	C:\Program Files\Java\jdk1.8.0_152\jre\bin\api-ms-win-crt-heap-l1-1-0.dll
0x000000001c020000 - 0x000000001c023000 	C:\Program Files\Java\jdk1.8.0_152\jre\bin\api-ms-win-crt-locale-l1-1-0.dll
0x000000001c030000 - 0x000000001c035000 	C:\Program Files\Java\jdk1.8.0_152\jre\bin\api-ms-win-crt-math-l1-1-0.dll
0x000000001c040000 - 0x000000001c045000 	C:\Program Files\Java\jdk1.8.0_152\jre\bin\api-ms-win-crt-multibyte-l1-1-0.dll
0x000000001c050000 - 0x000000001c060000 	C:\Program Files\Java\jdk1.8.0_152\jre\bin\api-ms-win-crt-private-l1-1-0.dll
0x000000001c060000 - 0x000000001c063000 	C:\Program Files\Java\jdk1.8.0_152\jre\bin\api-ms-win-crt-process-l1-1-0.dll
0x000000001c070000 - 0x000000001c074000 	C:\Program Files\Java\jdk1.8.0_152\jre\bin\api-ms-win-crt-runtime-l1-1-0.dll
0x000000001c080000 - 0x000000001c084000 	C:\Program Files\Java\jdk1.8.0_152\jre\bin\api-ms-win-crt-stdio-l1-1-0.dll
0x000000001c090000 - 0x000000001c094000 	C:\Program Files\Java\jdk1.8.0_152\jre\bin\api-ms-win-crt-string-l1-1-0.dll
0x000000001c0a0000 - 0x000000001c0a3000 	C:\Program Files\Java\jdk1.8.0_152\jre\bin\api-ms-win-crt-time-l1-1-0.dll
0x000000001c0b0000 - 0x000000001c0b3000 	C:\Program Files\Java\jdk1.8.0_152\jre\bin\api-ms-win-crt-utility-l1-1-0.dll
0x00007fffc66d0000 - 0x00007fffc67c6000 	C:\Program Files\Java\jdk1.8.0_152\jre\bin\ucrtbase.dll
0x00007fffc9e30000 - 0x00007fffc9e81000 	C:\Program Files\Java\jdk1.8.0_152\jre\bin\concrt140.dll
0x00007fffc41e0000 - 0x00007fffc428a000 	C:\WINDOWS\SYSTEM32\MSVCP140.dll
0x00007fffcc990000 - 0x00007fffcc9a6000 	C:\WINDOWS\SYSTEM32\VCRUNTIME140.dll
0x00007fffcc540000 - 0x00007fffcc556000 	C:\Program Files\Java\jdk1.8.0_152\jre\bin\vcruntime140.dll
0x00007fffc3a70000 - 0x00007fffc3b0c000 	C:\Program Files\Java\jdk1.8.0_152\jre\bin\msvcp140.dll
0x0000000060f80000 - 0x0000000060fa3000 	C:\Program Files\Java\jdk1.8.0_152\jre\bin\prism_d3d.dll
0x00007fffb84d0000 - 0x00007fffb8665000 	C:\WINDOWS\system32\d3d9.dll
0x00007fffea500000 - 0x00007fffea52a000 	C:\WINDOWS\SYSTEM32\dwmapi.dll
0x00007fffea290000 - 0x00007fffea325000 	C:\WINDOWS\system32\uxtheme.dll
0x00007fff944d0000 - 0x00007fff98387000 	C:\WINDOWS\System32\DriverStore\FileRepository\igdlh64.inf_amd64_0959185ccf48eaa8\igdumdim64.dll
0x00007fffed3e0000 - 0x00007fffed529000 	C:\WINDOWS\System32\ole32.dll
0x00007fffef8e0000 - 0x00007fffef9a5000 	C:\WINDOWS\System32\OLEAUT32.dll
0x00007fffed680000 - 0x00007fffedace000 	C:\WINDOWS\System32\SETUPAPI.dll
0x0000000060f30000 - 0x0000000060f79000 	C:\Program Files\Java\jdk1.8.0_152\jre\bin\glass.dll
0x00007fffef770000 - 0x00007fffef87a000 	C:\WINDOWS\System32\COMDLG32.dll
0x00007fffefa20000 - 0x00007fffefb87000 	C:\WINDOWS\System32\MSCTF.dll
0x00007fffc4900000 - 0x00007fffc5ef1000 	C:\WINDOWS\System32\DriverStore\FileRepository\igdlh64.inf_amd64_0959185ccf48eaa8\igc64.dll
0x0000000060f10000 - 0x0000000060f24000 	C:\Program Files\Java\jdk1.8.0_152\jre\bin\javafx_font.dll
0x00007fffd8090000 - 0x00007fffd839f000 	C:\WINDOWS\SYSTEM32\dwrite.dll
0x0000000060d70000 - 0x0000000060f08000 	C:\Program Files\Java\jdk1.8.0_152\jre\bin\awt.dll
0x00007fffe9d70000 - 0x00007fffe9df8000 	C:\WINDOWS\SYSTEM32\apphelp.dll
0x00007fffef1a0000 - 0x00007fffef23e000 	C:\WINDOWS\System32\clbcatq.dll
0x00007fffd8ca0000 - 0x00007fffd8e4b000 	C:\WINDOWS\SYSTEM32\WindowsCodecs.dll
0x00007fffd5540000 - 0x00007fffd558f000 	C:\WINDOWS\system32\dataexchange.dll
0x00007fffe95d0000 - 0x00007fffe9712000 	C:\WINDOWS\system32\dcomp.dll
0x00007fffe8790000 - 0x00007fffe8a71000 	C:\WINDOWS\system32\d3d11.dll
0x00007fffeaf90000 - 0x00007fffeb03f000 	C:\WINDOWS\system32\dxgi.dll
0x00007fffea530000 - 0x00007fffea6ab000 	C:\WINDOWS\system32\twinapi.appcore.dll
0x00007fffea720000 - 0x00007fffea740000 	C:\WINDOWS\system32\RMCLIENT.dll
0x00007fffebbc0000 - 0x00007fffebbe5000 	C:\WINDOWS\system32\bcrypt.dll
0x00007fffcd280000 - 0x00007fffcd2b4000 	C:\Program Files\Common Files\Microsoft Shared\Ink\rtscom.dll
0x00007fffe56e0000 - 0x00007fffe5778000 	C:\WINDOWS\System32\TextInputFramework.dll
0x00007fffe8f20000 - 0x00007fffe8ffd000 	C:\WINDOWS\System32\CoreMessaging.dll
0x00007fffd8e50000 - 0x00007fffd913e000 	C:\WINDOWS\System32\CoreUIComponents.dll
0x00007fffeb100000 - 0x00007fffeb131000 	C:\WINDOWS\SYSTEM32\ntmarta.dll
0x00007fffe8120000 - 0x00007fffe8256000 	C:\WINDOWS\SYSTEM32\wintypes.dll
0x0000000060d50000 - 0x0000000060d62000 	C:\Program Files\Java\jdk1.8.0_152\jre\bin\prism_common.dll
0x00007fffebac0000 - 0x00007fffebad7000 	C:\WINDOWS\SYSTEM32\CRYPTSP.dll
0x00007fffeb500000 - 0x00007fffeb533000 	C:\WINDOWS\system32\rsaenh.dll
0x00007fffebf90000 - 0x00007fffebfb9000 	C:\WINDOWS\SYSTEM32\USERENV.dll
0x00007fffebab0000 - 0x00007fffebabb000 	C:\WINDOWS\SYSTEM32\CRYPTBASE.dll
0x00007fffeb680000 - 0x00007fffeb6b9000 	C:\WINDOWS\SYSTEM32\IPHLPAPI.DLL
0x00007fffef120000 - 0x00007fffef128000 	C:\WINDOWS\System32\NSI.dll
0x00007fffe8100000 - 0x00007fffe8116000 	C:\WINDOWS\SYSTEM32\dhcpcsvc6.DLL
0x00007fffe80c0000 - 0x00007fffe80da000 	C:\WINDOWS\SYSTEM32\dhcpcsvc.DLL
0x0000000060fe0000 - 0x0000000060ff1000 	C:\Program Files\Java\jdk1.8.0_152\jre\bin\nio.dll

VM Arguments:
jvm_args: -javaagent:C:\Program Files\JetBrains\IntelliJ IDEA 2017.2\lib\idea_rt.jar=5984:C:\Program Files\JetBrains\IntelliJ IDEA 2017.2\bin -Dfile.encoding=UTF-8 
java_command: com.mainLogin.Main
java_class_path (initial): C:\Program Files\Java\jdk1.8.0_152\jre\lib\charsets.jar;C:\Program Files\Java\jdk1.8.0_152\jre\lib\deploy.jar;C:\Program Files\Java\jdk1.8.0_152\jre\lib\ext\access-bridge-64.jar;C:\Program Files\Java\jdk1.8.0_152\jre\lib\ext\cldrdata.jar;C:\Program Files\Java\jdk1.8.0_152\jre\lib\ext\dnsns.jar;C:\Program Files\Java\jdk1.8.0_152\jre\lib\ext\jaccess.jar;C:\Program Files\Java\jdk1.8.0_152\jre\lib\ext\jfxrt.jar;C:\Program Files\Java\jdk1.8.0_152\jre\lib\ext\localedata.jar;C:\Program Files\Java\jdk1.8.0_152\jre\lib\ext\nashorn.jar;C:\Program Files\Java\jdk1.8.0_152\jre\lib\ext\sunec.jar;C:\Program Files\Java\jdk1.8.0_152\jre\lib\ext\sunjce_provider.jar;C:\Program Files\Java\jdk1.8.0_152\jre\lib\ext\sunmscapi.jar;C:\Program Files\Java\jdk1.8.0_152\jre\lib\ext\sunpkcs11.jar;C:\Program Files\Java\jdk1.8.0_152\jre\lib\ext\zipfs.jar;C:\Program Files\Java\jdk1.8.0_152\jre\lib\javaws.jar;C:\Program Files\Java\jdk1.8.0_152\jre\lib\jce.jar;C:\Program Files\Java\jdk1.8.0_152\jre\lib\jfr.jar;C:\Program Files\Java\jdk1.8.0_152\jre\lib\jfxswt.jar;C:\Program Files\Java\jdk1.8.0_152\jre\lib\jsse.jar;C:\Program Files\Java\jdk1.8.0_152\jre\lib\management-agent.jar;C:\Program Files\Java\jdk1.8.0_152\jre\lib\plugin.jar;C:\Program Files\Java\jdk1.8.0_152\jre\lib\resources.jar;C:\Program Files\Java\jdk1.8.0_152\jre\lib\rt.jar;C:\Users\dobryansky.a\Documents\Github\Communicator\mainPage\target\classes;C:\Users\dobryansky.a\Documents\Github\Communicator\Library\TrayNotification.jar;C:\Users\dobryansky.a\Documents\Github\Communicator\Library\sqljdbc42.jar;C:\Users\dobryansky.a\Documents\Github\Communicator\Library\FilterableTableColumns.jar;C:\Users\dobryansky.a\Documents\Github\Communicator\Library\XR3PlayerUpdater.jar;C:\Users\dobryansky.a\.m2\repository\no\tornado\fxlauncher\1.0.17\fxlauncher-1.0.17.jar;C:\Users\dobryansky.a\.m2\repository\org\controlsfx\controlsfx\8.40.11\controlsfx-8.40.11.jar;C:\Users\dobryansky.a\.m2\repository\org\fxmisc\richtext\richtextfx\
Launcher Type: SUN_STANDARD

Environment Variables:
JAVA_HOME=C:\Program Files\Java\jdk1.8.0_152
PATH=C:\ProgramData\Oracle\Java\javapath;C:\WINDOWS\system32;C:\WINDOWS;C:\WINDOWS\System32\Wbem;C:\WINDOWS\System32\WindowsPowerShell\v1.0\;C:\Program Files (x86)\Skype\Phone\;C:\Program Files\Git\cmd;C:\Program Files\Microsoft SQL Server\120\DTS\Binn\;C:\Program Files\Microsoft SQL Server\Client SDK\ODBC\110\Tools\Binn\;C:\Program Files (x86)\Microsoft SQL Server\120\Tools\Binn\;C:\Program Files\Microsoft SQL Server\120\Tools\Binn\;C:\Program Files (x86)\Microsoft SQL Server\120\Tools\Binn\ManagementStudio\;C:\Program Files (x86)\Microsoft SQL Server\120\DTS\Binn\;C:\WINDOWS\system32\config\systemprofile\.dnx\bin;C:\Program Files\Microsoft DNX\Dnvm\;C:\Program Files\Microsoft SQL Server\130\Tools\Binn\;C:\Program Files\apache-maven-3.5.2\bin;%USERPROFILE%\AppData\Local\Microsoft\WindowsApps;
USERNAME=dobryansky.a
OS=Windows_NT
PROCESSOR_IDENTIFIER=Intel64 Family 6 Model 78 Stepping 3, GenuineIntel



---------------  S Y S T E M  ---------------

OS: Windows 10.0 , 64 bit Build 16299 (10.0.16299.15)

CPU:total 4 (initial active 4) (2 cores per cpu, 2 threads per core) family 6 model 78 stepping 3, cmov, cx8, fxsr, mmx, sse, sse2, sse3, ssse3, sse4.1, sse4.2, popcnt, avx, avx2, aes, clmul, erms, 3dnowpref, lzcnt, ht, tsc, tscinvbit, bmi1, bmi2, adx

Memory: 4k page, physical 8260324k(1003124k free), swap 33426148k(4308k free)

vm_info: Java HotSpot(TM) 64-Bit Server VM (25.152-b16) for windows-amd64 JRE (1.8.0_152-b16), built on Sep 14 2017 02:29:36 by "java_re" with MS VC++ 10.0 (VS2010)

time: Fri Mar 02 13:58:24 2018
elapsed time: 14 seconds (0d 0h 0m 14s)

