#
# There is insufficient memory for the Java Runtime Environment to continue.
# Native memory allocation (malloc) failed to allocate 79056 bytes for Chunk::new
# Possible reasons:
#   The system is out of physical RAM or swap space
#   In 32 bit mode, the process size limit was hit
# Possible solutions:
#   Reduce memory load on the system
#   Increase physical memory or swap space
#   Check if swap backing store is full
#   Use 64 bit Java on a 64 bit OS
#   Decrease Java heap size (-Xmx/-Xms)
#   Decrease number of Java threads
#   Decrease Java thread stack sizes (-Xss)
#   Set larger code cache with -XX:ReservedCodeCacheSize=
# This output file may be truncated or incomplete.
#
#  Out of Memory Error (allocation.cpp:390), pid=32140, tid=0x0000000000009070
#
# JRE version: Java(TM) SE Runtime Environment (8.0_152-b16) (build 1.8.0_152-b16)
# Java VM: Java HotSpot(TM) 64-Bit Server VM (25.152-b16 mixed mode windows-amd64 compressed oops)
# Failed to write core dump. Minidumps are not enabled by default on client versions of Windows
#

---------------  T H R E A D  ---------------

Current thread (0x000000001ae9a800):  JavaThread "C2 CompilerThread1" daemon [_thread_in_native, id=36976, stack(0x000000001b160000,0x000000001b260000)]

Stack: [0x000000001b160000,0x000000001b260000]
[error occurred during error reporting (printing stack bounds), id 0xc0000005]

Native frames: (J=compiled Java code, j=interpreted, Vv=VM code, C=native code)


Current CompileTask:
C2:  46373 7567   !   4       javafx.scene.CssStyleHelper::transitionToState (1075 bytes)


---------------  P R O C E S S  ---------------

Java Threads: ( => current thread )
  0x000000001ba12800 JavaThread "com.mchange.v2.async.ThreadPoolAsynchronousRunner$PoolThread-#2" daemon [_thread_blocked, id=37496, stack(0x000000002a5a0000,0x000000002a6a0000)]
  0x000000001ba0e800 JavaThread "com.mchange.v2.async.ThreadPoolAsynchronousRunner$PoolThread-#1" daemon [_thread_blocked, id=19212, stack(0x000000002a4a0000,0x000000002a5a0000)]
  0x000000001ba11800 JavaThread "com.mchange.v2.async.ThreadPoolAsynchronousRunner$PoolThread-#0" daemon [_thread_blocked, id=34520, stack(0x000000002a3a0000,0x000000002a4a0000)]
  0x000000001ba10800 JavaThread "Timer-0" daemon [_thread_blocked, id=24984, stack(0x000000002a2a0000,0x000000002a3a0000)]
  0x000000001ba13000 JavaThread "Prism Font Disposer" daemon [_thread_blocked, id=10800, stack(0x00000000265a0000,0x00000000266a0000)]
  0x000000001ba0f000 JavaThread "JavaFX-Launcher" [_thread_blocked, id=26664, stack(0x0000000023560000,0x0000000023660000)]
  0x000000001b8b0000 JavaThread "AWT-Windows" daemon [_thread_in_native, id=19220, stack(0x0000000023350000,0x0000000023450000)]
  0x000000001b9ba800 JavaThread "Java2D Disposer" daemon [_thread_blocked, id=11172, stack(0x0000000023150000,0x0000000023250000)]
  0x000000001b788800 JavaThread "Thread-2" daemon [_thread_in_native, id=21772, stack(0x0000000022bf0000,0x0000000022cf0000)]
  0x000000001b708800 JavaThread "JavaFX Application Thread" [_thread_in_Java, id=19612, stack(0x000000001c260000,0x000000001c360000)]
  0x000000001b707800 JavaThread "Thread-1" daemon [_thread_blocked, id=14920, stack(0x000000001c160000,0x000000001c260000)]
  0x000000001b6d2000 JavaThread "QuantumRenderer-0" daemon [_thread_blocked, id=9200, stack(0x000000001bf00000,0x000000001c000000)]
  0x000000001af25800 JavaThread "Service Thread" daemon [_thread_blocked, id=34644, stack(0x000000001b360000,0x000000001b460000)]
  0x000000001aed9000 JavaThread "C1 CompilerThread2" daemon [_thread_blocked, id=21696, stack(0x000000001b260000,0x000000001b360000)]
=>0x000000001ae9a800 JavaThread "C2 CompilerThread1" daemon [_thread_in_native, id=36976, stack(0x000000001b160000,0x000000001b260000)]
  0x000000001ae99800 JavaThread "C2 CompilerThread0" daemon [_thread_in_native, id=35448, stack(0x000000001b060000,0x000000001b160000)]
  0x000000001ae8c800 JavaThread "Monitor Ctrl-Break" daemon [_thread_in_native, id=2848, stack(0x000000001af60000,0x000000001b060000)]
  0x000000001952d000 JavaThread "Attach Listener" daemon [_thread_blocked, id=19592, stack(0x000000001aa60000,0x000000001ab60000)]
  0x000000001952c000 JavaThread "Signal Dispatcher" daemon [_thread_blocked, id=34008, stack(0x000000001a960000,0x000000001aa60000)]
  0x0000000019508800 JavaThread "Finalizer" daemon [_thread_blocked, id=9784, stack(0x000000001a770000,0x000000001a870000)]
  0x00000000049f6000 JavaThread "Reference Handler" daemon [_thread_blocked, id=1512, stack(0x000000001a670000,0x000000001a770000)]
  0x0000000004905800 JavaThread "main" [_thread_blocked, id=16512, stack(0x0000000004700000,0x0000000004800000)]

Other Threads:
  0x00000000194e6800 VMThread [stack: 0x000000001a570000,0x000000001a670000] [id=30260]
  0x000000001b468800 WatcherThread [stack: 0x000000001bc60000,0x000000001bd60000] [id=28444]

VM state:not at safepoint (normal execution)

VM Mutex/Monitor currently owned by a thread: None

Heap:
 PSYoungGen      total 490496K, used 286610K [0x00000000d5f80000, 0x00000000fa000000, 0x0000000100000000)
  eden space 406528K, 70% used [0x00000000d5f80000,0x00000000e7764850,0x00000000eec80000)
  from space 83968K, 0% used [0x00000000f3f00000,0x00000000f3f00000,0x00000000f9100000)
  to   space 84480K, 0% used [0x00000000eec80000,0x00000000eec80000,0x00000000f3f00000)
 ParOldGen       total 355840K, used 207376K [0x0000000081e00000, 0x0000000097980000, 0x00000000d5f80000)
  object space 355840K, 58% used [0x0000000081e00000,0x000000008e8842c0,0x0000000097980000)
 Metaspace       used 36619K, capacity 39092K, committed 39424K, reserved 1083392K
  class space    used 4842K, capacity 5253K, committed 5376K, reserved 1048576K

Card table byte_map: [0x0000000013dc0000,0x00000000141c0000] byte_map_base: 0x00000000139b1000

Marking Bits: (ParMarkBitMap*) 0x00000000646e0860
 Begin Bits: [0x0000000014870000, 0x00000000167f8000)
 End Bits:   [0x00000000167f8000, 0x0000000018780000)

Polling page: 0x00000000005c0000

CodeCache: size=245760Kb used=20463Kb max_used=20463Kb free=225296Kb
 bounds [0x0000000004a00000, 0x0000000005e20000, 0x0000000013a00000]
 total_blobs=7361 nmethods=6527 adapters=744
 compilation: enabled

Compilation events (10 events):
Event: 46.325 Thread 0x000000001aed9000 7582       2       javafx.scene.layout.Region::layoutInArea (28 bytes)
Event: 46.326 Thread 0x000000001aed9000 nmethod 7582 0x0000000004d8b490 code [0x0000000004d8b600, 0x0000000004d8b7a8]
Event: 46.326 Thread 0x000000001aed9000 7583       2       javafx.scene.layout.StackPane::getAlignmentInternal (17 bytes)
Event: 46.326 Thread 0x000000001aed9000 nmethod 7583 0x0000000004ba8c10 code [0x0000000004ba8d80, 0x0000000004ba8f68]
Event: 46.326 Thread 0x000000001aed9000 7584       2       javafx.scene.layout.StackPane::getAlignment (24 bytes)
Event: 46.326 Thread 0x000000001aed9000 nmethod 7584 0x0000000004ba8810 code [0x0000000004ba8980, 0x0000000004ba8b48]
Event: 46.326 Thread 0x000000001aed9000 7580       1       com.sun.javafx.scene.control.skin.TableRowSkinBase::isIndentationRequired (2 bytes)
Event: 46.326 Thread 0x000000001aed9000 nmethod 7580 0x0000000004ba8550 code [0x0000000004ba86a0, 0x0000000004ba87b0]
Event: 46.326 Thread 0x000000001aed9000 7581       1       com.sun.javafx.scene.control.skin.TableRowSkinBase::isDisclosureNodeVisible (2 bytes)
Event: 46.327 Thread 0x000000001aed9000 nmethod 7581 0x0000000004ba8290 code [0x0000000004ba83e0, 0x0000000004ba84f0]

GC Heap History (10 events):
Event: 32.823 GC heap before
{Heap before GC invocations=19 (full 4):
 PSYoungGen      total 335360K, used 39291K [0x00000000d5f80000, 0x00000000f3800000, 0x0000000100000000)
  eden space 275456K, 0% used [0x00000000d5f80000,0x00000000d5f80000,0x00000000e6c80000)
  from space 59904K, 65% used [0x00000000e6c80000,0x00000000e92dee18,0x00000000ea700000)
  to   space 61440K, 0% used [0x00000000efc00000,0x00000000efc00000,0x00000000f3800000)
 ParOldGen       total 174080K, used 161008K [0x0000000081e00000, 0x000000008c800000, 0x00000000d5f80000)
  object space 174080K, 92% used [0x0000000081e00000,0x000000008bb3c2f8,0x000000008c800000)
 Metaspace       used 33067K, capacity 34678K, committed 34816K, reserved 1079296K
  class space    used 4407K, capacity 4748K, committed 4864K, reserved 1048576K
Event: 33.726 GC heap after
Heap after GC invocations=19 (full 4):
 PSYoungGen      total 335360K, used 25349K [0x00000000d5f80000, 0x00000000f3800000, 0x0000000100000000)
  eden space 275456K, 0% used [0x00000000d5f80000,0x00000000d5f80000,0x00000000e6c80000)
  from space 59904K, 42% used [0x00000000e6c80000,0x00000000e8541578,0x00000000ea700000)
  to   space 61440K, 0% used [0x00000000efc00000,0x00000000efc00000,0x00000000f3800000)
 ParOldGen       total 287232K, used 173628K [0x0000000081e00000, 0x0000000093680000, 0x00000000d5f80000)
  object space 287232K, 60% used [0x0000000081e00000,0x000000008c78f008,0x0000000093680000)
 Metaspace       used 33067K, capacity 34678K, committed 34816K, reserved 1079296K
  class space    used 4407K, capacity 4748K, committed 4864K, reserved 1048576K
}
Event: 34.945 GC heap before
{Heap before GC invocations=20 (full 4):
 PSYoungGen      total 335360K, used 300805K [0x00000000d5f80000, 0x00000000f3800000, 0x0000000100000000)
  eden space 275456K, 100% used [0x00000000d5f80000,0x00000000e6c80000,0x00000000e6c80000)
  from space 59904K, 42% used [0x00000000e6c80000,0x00000000e8541578,0x00000000ea700000)
  to   space 61440K, 0% used [0x00000000efc00000,0x00000000efc00000,0x00000000f3800000)
 ParOldGen       total 287232K, used 173628K [0x0000000081e00000, 0x0000000093680000, 0x00000000d5f80000)
  object space 287232K, 60% used [0x0000000081e00000,0x000000008c78f008,0x0000000093680000)
 Metaspace       used 33074K, capacity 34684K, committed 34816K, reserved 1079296K
  class space    used 4408K, capacity 4749K, committed 4864K, reserved 1048576K
Event: 35.081 GC heap after
Heap after GC invocations=20 (full 4):
 PSYoungGen      total 400896K, used 43090K [0x00000000d5f80000, 0x00000000f3000000, 0x0000000100000000)
  eden space 347648K, 0% used [0x00000000d5f80000,0x00000000d5f80000,0x00000000eb300000)
  from space 53248K, 80% used [0x00000000efc00000,0x00000000f2614a40,0x00000000f3000000)
  to   space 64000K, 0% used [0x00000000eb300000,0x00000000eb300000,0x00000000ef180000)
 ParOldGen       total 287232K, used 199124K [0x0000000081e00000, 0x0000000093680000, 0x00000000d5f80000)
  object space 287232K, 69% used [0x0000000081e00000,0x000000008e075008,0x0000000093680000)
 Metaspace       used 33074K, capacity 34684K, committed 34816K, reserved 1079296K
  class space    used 4408K, capacity 4749K, committed 4864K, reserved 1048576K
}
Event: 36.090 GC heap before
{Heap before GC invocations=21 (full 4):
 PSYoungGen      total 400896K, used 390738K [0x00000000d5f80000, 0x00000000f3000000, 0x0000000100000000)
  eden space 347648K, 100% used [0x00000000d5f80000,0x00000000eb300000,0x00000000eb300000)
  from space 53248K, 80% used [0x00000000efc00000,0x00000000f2614a40,0x00000000f3000000)
  to   space 64000K, 0% used [0x00000000eb300000,0x00000000eb300000,0x00000000ef180000)
 ParOldGen       total 287232K, used 199124K [0x0000000081e00000, 0x0000000093680000, 0x00000000d5f80000)
  object space 287232K, 69% used [0x0000000081e00000,0x000000008e075008,0x0000000093680000)
 Metaspace       used 33074K, capacity 34684K, committed 34816K, reserved 1079296K
  class space    used 4408K, capacity 4749K, committed 4864K, reserved 1048576K
Event: 36.191 GC heap after
Heap after GC invocations=21 (full 4):
 PSYoungGen      total 411648K, used 63972K [0x00000000d5f80000, 0x00000000f9100000, 0x0000000100000000)
  eden space 347648K, 0% used [0x00000000d5f80000,0x00000000d5f80000,0x00000000eb300000)
  from space 64000K, 99% used [0x00000000eb300000,0x00000000ef1793b0,0x00000000ef180000)
  to   space 83968K, 0% used [0x00000000f3f00000,0x00000000f3f00000,0x00000000f9100000)
 ParOldGen       total 287232K, used 227668K [0x0000000081e00000, 0x0000000093680000, 0x00000000d5f80000)
  object space 287232K, 79% used [0x0000000081e00000,0x000000008fc55008,0x0000000093680000)
 Metaspace       used 33074K, capacity 34684K, committed 34816K, reserved 1079296K
  class space    used 4408K, capacity 4749K, committed 4864K, reserved 1048576K
}
Event: 36.821 GC heap before
{Heap before GC invocations=22 (full 4):
 PSYoungGen      total 411648K, used 411620K [0x00000000d5f80000, 0x00000000f9100000, 0x0000000100000000)
  eden space 347648K, 100% used [0x00000000d5f80000,0x00000000eb300000,0x00000000eb300000)
  from space 64000K, 99% used [0x00000000eb300000,0x00000000ef1793b0,0x00000000ef180000)
  to   space 83968K, 0% used [0x00000000f3f00000,0x00000000f3f00000,0x00000000f9100000)
 ParOldGen       total 287232K, used 227668K [0x0000000081e00000, 0x0000000093680000, 0x00000000d5f80000)
  object space 287232K, 79% used [0x0000000081e00000,0x000000008fc55008,0x0000000093680000)
 Metaspace       used 33074K, capacity 34684K, committed 34816K, reserved 1079296K
  class space    used 4408K, capacity 4749K, committed 4864K, reserved 1048576K
Event: 37.120 GC heap after
Heap after GC invocations=22 (full 4):
 PSYoungGen      total 490496K, used 49529K [0x00000000d5f80000, 0x00000000fa000000, 0x0000000100000000)
  eden space 406528K, 0% used [0x00000000d5f80000,0x00000000d5f80000,0x00000000eec80000)
  from space 83968K, 58% used [0x00000000f3f00000,0x00000000f6f5e520,0x00000000f9100000)
  to   space 84480K, 0% used [0x00000000eec80000,0x00000000eec80000,0x00000000f3f00000)
 ParOldGen       total 291840K, used 291722K [0x0000000081e00000, 0x0000000093b00000, 0x00000000d5f80000)
  object space 291840K, 99% used [0x0000000081e00000,0x0000000093ae2958,0x0000000093b00000)
 Metaspace       used 33074K, capacity 34684K, committed 34816K, reserved 1079296K
  class space    used 4408K, capacity 4749K, committed 4864K, reserved 1048576K
}
Event: 37.120 GC heap before
{Heap before GC invocations=23 (full 5):
 PSYoungGen      total 490496K, used 49529K [0x00000000d5f80000, 0x00000000fa000000, 0x0000000100000000)
  eden space 406528K, 0% used [0x00000000d5f80000,0x00000000d5f80000,0x00000000eec80000)
  from space 83968K, 58% used [0x00000000f3f00000,0x00000000f6f5e520,0x00000000f9100000)
  to   space 84480K, 0% used [0x00000000eec80000,0x00000000eec80000,0x00000000f3f00000)
 ParOldGen       total 291840K, used 291722K [0x0000000081e00000, 0x0000000093b00000, 0x00000000d5f80000)
  object space 291840K, 99% used [0x0000000081e00000,0x0000000093ae2958,0x0000000093b00000)
 Metaspace       used 33074K, capacity 34684K, committed 34816K, reserved 1079296K
  class space    used 4408K, capacity 4749K, committed 4864K, reserved 1048576K
Event: 38.197 GC heap after
Heap after GC invocations=23 (full 5):
 PSYoungGen      total 490496K, used 0K [0x00000000d5f80000, 0x00000000fa000000, 0x0000000100000000)
  eden space 406528K, 0% used [0x00000000d5f80000,0x00000000d5f80000,0x00000000eec80000)
  from space 83968K, 0% used [0x00000000f3f00000,0x00000000f3f00000,0x00000000f9100000)
  to   space 84480K, 0% used [0x00000000eec80000,0x00000000eec80000,0x00000000f3f00000)
 ParOldGen       total 355840K, used 207376K [0x0000000081e00000, 0x0000000097980000, 0x00000000d5f80000)
  object space 355840K, 58% used [0x0000000081e00000,0x000000008e8842c0,0x0000000097980000)
 Metaspace       used 33074K, capacity 34684K, committed 34816K, reserved 1079296K
  class space    used 4408K, capacity 4749K, committed 4864K, reserved 1048576K
}

Deoptimization events (10 events):
Event: 44.029 Thread 0x000000001b708800 Uncommon trap: reason=unstable_if action=reinterpret pc=0x0000000005c8f370 method=javafx.scene.Node.updateBounds()V @ 47
Event: 44.029 Thread 0x000000001b708800 Uncommon trap: reason=unstable_if action=reinterpret pc=0x0000000005c8f370 method=javafx.scene.Node.updateBounds()V @ 47
Event: 44.029 Thread 0x000000001b708800 Uncommon trap: reason=unstable_if action=reinterpret pc=0x0000000005c643e8 method=javafx.scene.Node.updateBounds()V @ 47
Event: 44.029 Thread 0x000000001b708800 Uncommon trap: reason=unstable_if action=reinterpret pc=0x0000000005c8f370 method=javafx.scene.Node.updateBounds()V @ 47
Event: 45.077 Thread 0x000000001b708800 Uncommon trap: reason=unstable_if action=reinterpret pc=0x0000000005db68f8 method=javafx.scene.Node.impl_intersectsBounds(Lcom/sun/javafx/geom/PickRay;)D @ 902
Event: 45.752 Thread 0x000000001b708800 Uncommon trap: reason=unstable_if action=reinterpret pc=0x0000000004e1875c method=javafx.scene.Node.notifyParentOfBoundsChange()V @ 18
Event: 45.784 Thread 0x000000001b708800 Uncommon trap: reason=bimorphic action=maybe_recompile pc=0x0000000005b5e508 method=com.sun.javafx.binding.ExpressionHelperBase.trim(I[Ljava/lang/Object;)I @ 22
Event: 45.785 Thread 0x000000001b708800 Uncommon trap: reason=bimorphic action=maybe_recompile pc=0x0000000005b5e508 method=com.sun.javafx.binding.ExpressionHelperBase.trim(I[Ljava/lang/Object;)I @ 22
Event: 45.785 Thread 0x000000001b708800 Uncommon trap: reason=bimorphic action=maybe_recompile pc=0x0000000005b5e508 method=com.sun.javafx.binding.ExpressionHelperBase.trim(I[Ljava/lang/Object;)I @ 22
Event: 45.785 Thread 0x000000001b708800 Uncommon trap: reason=bimorphic action=maybe_recompile pc=0x0000000005b5e508 method=com.sun.javafx.binding.ExpressionHelperBase.trim(I[Ljava/lang/Object;)I @ 22

Classes redefined (0 events):
No events

Internal exceptions (10 events):
Event: 38.792 Thread 0x000000001b708800 Exception <a 'java/io/FileNotFoundException'> (0x00000000dede9330) thrown at [C:\re\workspace\8-2-build-windows-amd64-cygwin\jdk8u152\9742\hotspot\src\share\vm\prims\jni.cpp, line 709]
Event: 38.827 Thread 0x000000001b708800 Implicit null exception at 0x00000000053c14f8 to 0x00000000053c447d
Event: 39.440 Thread 0x000000001b708800 Implicit null exception at 0x00000000059a802b to 0x00000000059a85f1
Event: 39.634 Thread 0x000000001b708800 Exception <a 'java/io/FileNotFoundException'> (0x00000000e0d5f070) thrown at [C:\re\workspace\8-2-build-windows-amd64-cygwin\jdk8u152\9742\hotspot\src\share\vm\prims\jni.cpp, line 709]
Event: 39.706 Thread 0x000000001ba0d800 Exception <a 'java/net/ConnectException': Connection refused: connect> (0x00000000df085058) thrown at [C:\re\workspace\8-2-build-windows-amd64-cygwin\jdk8u152\9742\hotspot\src\share\vm\prims\jni.cpp, line 735]
Event: 39.706 Thread 0x000000001ba0d800 Exception <a 'java/lang/NullPointerException'> (0x00000000df0852b0) thrown at [C:\re\workspace\8-2-build-windows-amd64-cygwin\jdk8u152\9742\hotspot\src\share\vm\interpreter\linkResolver.cpp, line 1185]
Event: 40.294 Thread 0x000000001b708800 Exception <a 'java/io/FileNotFoundException'> (0x00000000e1c320f0) thrown at [C:\re\workspace\8-2-build-windows-amd64-cygwin\jdk8u152\9742\hotspot\src\share\vm\prims\jni.cpp, line 709]
Event: 40.294 Thread 0x000000001b708800 Exception <a 'java/io/FileNotFoundException'> (0x00000000e1c33f68) thrown at [C:\re\workspace\8-2-build-windows-amd64-cygwin\jdk8u152\9742\hotspot\src\share\vm\prims\jni.cpp, line 709]
Event: 40.297 Thread 0x000000001b708800 Exception <a 'java/io/FileNotFoundException'> (0x00000000e1c3a610) thrown at [C:\re\workspace\8-2-build-windows-amd64-cygwin\jdk8u152\9742\hotspot\src\share\vm\prims\jni.cpp, line 709]
Event: 40.297 Thread 0x000000001b708800 Exception <a 'java/io/FileNotFoundException'> (0x00000000e1c3c3f8) thrown at [C:\re\workspace\8-2-build-windows-amd64-cygwin\jdk8u152\9742\hotspot\src\share\vm\prims\jni.cpp, line 709]

Events (10 events):
Event: 46.306 Thread 0x000000001b708800 DEOPT PACKING pc=0x00000000053c09e2 sp=0x000000001c35a340
Event: 46.306 Thread 0x000000001b708800 DEOPT UNPACKING pc=0x0000000004a4787f sp=0x000000001c35a058 mode 0
Event: 46.306 Thread 0x000000001b708800 DEOPT PACKING pc=0x00000000053c09e2 sp=0x000000001c35a050
Event: 46.306 Thread 0x000000001b708800 DEOPT UNPACKING pc=0x0000000004a4787f sp=0x000000001c359d68 mode 0
Event: 46.307 Thread 0x000000001b708800 DEOPT PACKING pc=0x00000000053c09e2 sp=0x000000001c359d60
Event: 46.307 Thread 0x000000001b708800 DEOPT UNPACKING pc=0x0000000004a4787f sp=0x000000001c359a78 mode 0
Event: 46.315 Thread 0x000000001b708800 DEOPT PACKING pc=0x00000000053c09e2 sp=0x000000001c35a220
Event: 46.315 Thread 0x000000001b708800 DEOPT UNPACKING pc=0x0000000004a4787f sp=0x000000001c359f38 mode 0
Event: 46.315 Thread 0x000000001b708800 DEOPT PACKING pc=0x00000000053c09e2 sp=0x000000001c359f30
Event: 46.315 Thread 0x000000001b708800 DEOPT UNPACKING pc=0x0000000004a4787f sp=0x000000001c359c48 mode 0


Dynamic libraries:
0x00007ff67d4b0000 - 0x00007ff67d4e7000 	C:\Program Files\Java\jdk1.8.0_152\bin\java.exe
0x00007ffea2310000 - 0x00007ffea24f0000 	C:\WINDOWS\SYSTEM32\ntdll.dll
0x00007ffea1960000 - 0x00007ffea1a0e000 	C:\WINDOWS\System32\KERNEL32.DLL
0x00007ffe9e860000 - 0x00007ffe9eac6000 	C:\WINDOWS\System32\KERNELBASE.dll
0x00007ffea1410000 - 0x00007ffea14b1000 	C:\WINDOWS\System32\ADVAPI32.dll
0x00007ffea14c0000 - 0x00007ffea155d000 	C:\WINDOWS\System32\msvcrt.dll
0x00007ffea12a0000 - 0x00007ffea12fb000 	C:\WINDOWS\System32\sechost.dll
0x00007ffea1bb0000 - 0x00007ffea1ccf000 	C:\WINDOWS\System32\RPCRT4.dll
0x00007ffea2120000 - 0x00007ffea22af000 	C:\WINDOWS\System32\USER32.dll
0x00007ffe9f7c0000 - 0x00007ffe9f7e0000 	C:\WINDOWS\System32\win32u.dll
0x00007ffea22b0000 - 0x00007ffea22d8000 	C:\WINDOWS\System32\GDI32.dll
0x00007ffe9edf0000 - 0x00007ffe9ef83000 	C:\WINDOWS\System32\gdi32full.dll
0x00007ffe9ead0000 - 0x00007ffe9eb6b000 	C:\WINDOWS\System32\msvcp_win.dll
0x00007ffe9e710000 - 0x00007ffe9e806000 	C:\WINDOWS\System32\ucrtbase.dll
0x00007ffe92950000 - 0x00007ffe92bb9000 	C:\WINDOWS\WinSxS\amd64_microsoft.windows.common-controls_6595b64144ccf1df_6.0.16299.431_none_15c7d3ee93659e73\COMCTL32.dll
0x00007ffea0cb0000 - 0x00007ffea0fb8000 	C:\WINDOWS\System32\combase.dll
0x00007ffe9ef90000 - 0x00007ffe9f002000 	C:\WINDOWS\System32\bcryptPrimitives.dll
0x00007ffea1a10000 - 0x00007ffea1a3d000 	C:\WINDOWS\System32\IMM32.DLL
0x0000000064760000 - 0x0000000064832000 	C:\Program Files\Java\jdk1.8.0_152\jre\bin\msvcr100.dll
0x0000000063ec0000 - 0x0000000064760000 	C:\Program Files\Java\jdk1.8.0_152\jre\bin\server\jvm.dll
0x00007ffea1940000 - 0x00007ffea1948000 	C:\WINDOWS\System32\PSAPI.DLL
0x00007ffe87f20000 - 0x00007ffe87f29000 	C:\WINDOWS\SYSTEM32\WSOCK32.dll
0x00007ffea1560000 - 0x00007ffea15cc000 	C:\WINDOWS\System32\WS2_32.dll
0x00007ffe9c6a0000 - 0x00007ffe9c6c3000 	C:\WINDOWS\SYSTEM32\WINMM.dll
0x00007ffe97860000 - 0x00007ffe9786a000 	C:\WINDOWS\SYSTEM32\VERSION.dll
0x00007ffe9c5b0000 - 0x00007ffe9c5da000 	C:\WINDOWS\SYSTEM32\WINMMBASE.dll
0x00007ffe9e810000 - 0x00007ffe9e85a000 	C:\WINDOWS\System32\cfgmgr32.dll
0x0000000063eb0000 - 0x0000000063ebf000 	C:\Program Files\Java\jdk1.8.0_152\jre\bin\verify.dll
0x0000000063e80000 - 0x0000000063ea9000 	C:\Program Files\Java\jdk1.8.0_152\jre\bin\java.dll
0x00000000634a0000 - 0x00000000634c3000 	C:\Program Files\Java\jdk1.8.0_152\jre\bin\instrument.dll
0x0000000063e60000 - 0x0000000063e76000 	C:\Program Files\Java\jdk1.8.0_152\jre\bin\zip.dll
0x00007ffe9f870000 - 0x00007ffea0ca8000 	C:\WINDOWS\System32\SHELL32.dll
0x00007ffea1b00000 - 0x00007ffea1ba6000 	C:\WINDOWS\System32\shcore.dll
0x00007ffe9f010000 - 0x00007ffe9f757000 	C:\WINDOWS\System32\windows.storage.dll
0x00007ffea1770000 - 0x00007ffea17c1000 	C:\WINDOWS\System32\shlwapi.dll
0x00007ffe9e6f0000 - 0x00007ffe9e701000 	C:\WINDOWS\System32\kernel.appcore.dll
0x00007ffe9e660000 - 0x00007ffe9e6ac000 	C:\WINDOWS\System32\powrprof.dll
0x00007ffe9e6b0000 - 0x00007ffe9e6cb000 	C:\WINDOWS\System32\profapi.dll
0x00007ffe9c700000 - 0x00007ffe9c71a000 	C:\Program Files\JetBrains\IntelliJ IDEA 2017.2\bin\breakgen64.dll
0x0000000063120000 - 0x000000006313a000 	C:\Program Files\Java\jdk1.8.0_152\jre\bin\net.dll
0x00007ffe9def0000 - 0x00007ffe9df56000 	C:\WINDOWS\system32\mswsock.dll
0x0000000002a60000 - 0x0000000002a63000 	C:\Program Files\Java\jdk1.8.0_152\jre\bin\api-ms-win-core-console-l1-1-0.dll
0x0000000004610000 - 0x0000000004613000 	C:\Program Files\Java\jdk1.8.0_152\jre\bin\api-ms-win-core-datetime-l1-1-0.dll
0x0000000004620000 - 0x0000000004623000 	C:\Program Files\Java\jdk1.8.0_152\jre\bin\api-ms-win-core-debug-l1-1-0.dll
0x0000000004630000 - 0x0000000004633000 	C:\Program Files\Java\jdk1.8.0_152\jre\bin\api-ms-win-core-errorhandling-l1-1-0.dll
0x0000000004640000 - 0x0000000004644000 	C:\Program Files\Java\jdk1.8.0_152\jre\bin\api-ms-win-core-file-l1-1-0.dll
0x0000000004660000 - 0x0000000004663000 	C:\Program Files\Java\jdk1.8.0_152\jre\bin\api-ms-win-core-file-l1-2-0.dll
0x0000000004670000 - 0x0000000004673000 	C:\Program Files\Java\jdk1.8.0_152\jre\bin\api-ms-win-core-file-l2-1-0.dll
0x0000000004680000 - 0x0000000004683000 	C:\Program Files\Java\jdk1.8.0_152\jre\bin\api-ms-win-core-handle-l1-1-0.dll
0x0000000004690000 - 0x0000000004693000 	C:\Program Files\Java\jdk1.8.0_152\jre\bin\api-ms-win-core-heap-l1-1-0.dll
0x00000000046a0000 - 0x00000000046a3000 	C:\Program Files\Java\jdk1.8.0_152\jre\bin\api-ms-win-core-interlocked-l1-1-0.dll
0x00000000046b0000 - 0x00000000046b3000 	C:\Program Files\Java\jdk1.8.0_152\jre\bin\api-ms-win-core-libraryloader-l1-1-0.dll
0x00000000046c0000 - 0x00000000046c3000 	C:\Program Files\Java\jdk1.8.0_152\jre\bin\api-ms-win-core-localization-l1-2-0.dll
0x00000000046d0000 - 0x00000000046d3000 	C:\Program Files\Java\jdk1.8.0_152\jre\bin\api-ms-win-core-memory-l1-1-0.dll
0x00000000046e0000 - 0x00000000046e3000 	C:\Program Files\Java\jdk1.8.0_152\jre\bin\api-ms-win-core-namedpipe-l1-1-0.dll
0x000000001bd60000 - 0x000000001bd63000 	C:\Program Files\Java\jdk1.8.0_152\jre\bin\api-ms-win-core-processenvironment-l1-1-0.dll
0x000000001bd70000 - 0x000000001bd73000 	C:\Program Files\Java\jdk1.8.0_152\jre\bin\api-ms-win-core-processthreads-l1-1-0.dll
0x000000001bd80000 - 0x000000001bd83000 	C:\Program Files\Java\jdk1.8.0_152\jre\bin\api-ms-win-core-processthreads-l1-1-1.dll
0x000000001bd90000 - 0x000000001bd93000 	C:\Program Files\Java\jdk1.8.0_152\jre\bin\api-ms-win-core-profile-l1-1-0.dll
0x000000001bda0000 - 0x000000001bda3000 	C:\Program Files\Java\jdk1.8.0_152\jre\bin\api-ms-win-core-rtlsupport-l1-1-0.dll
0x000000001bdb0000 - 0x000000001bdb3000 	C:\Program Files\Java\jdk1.8.0_152\jre\bin\api-ms-win-core-string-l1-1-0.dll
0x000000001bdc0000 - 0x000000001bdc3000 	C:\Program Files\Java\jdk1.8.0_152\jre\bin\api-ms-win-core-synch-l1-1-0.dll
0x000000001bdd0000 - 0x000000001bdd3000 	C:\Program Files\Java\jdk1.8.0_152\jre\bin\api-ms-win-core-synch-l1-2-0.dll
0x000000001bde0000 - 0x000000001bde3000 	C:\Program Files\Java\jdk1.8.0_152\jre\bin\api-ms-win-core-sysinfo-l1-1-0.dll
0x000000001bdf0000 - 0x000000001bdf3000 	C:\Program Files\Java\jdk1.8.0_152\jre\bin\api-ms-win-core-timezone-l1-1-0.dll
0x000000001be00000 - 0x000000001be03000 	C:\Program Files\Java\jdk1.8.0_152\jre\bin\api-ms-win-core-util-l1-1-0.dll
0x000000001be10000 - 0x000000001be13000 	C:\Program Files\Java\jdk1.8.0_152\jre\bin\api-ms-win-crt-conio-l1-1-0.dll
0x000000001be20000 - 0x000000001be24000 	C:\Program Files\Java\jdk1.8.0_152\jre\bin\api-ms-win-crt-convert-l1-1-0.dll
0x000000001be30000 - 0x000000001be33000 	C:\Program Files\Java\jdk1.8.0_152\jre\bin\api-ms-win-crt-environment-l1-1-0.dll
0x000000001be40000 - 0x000000001be43000 	C:\Program Files\Java\jdk1.8.0_152\jre\bin\api-ms-win-crt-filesystem-l1-1-0.dll
0x000000001be50000 - 0x000000001be53000 	C:\Program Files\Java\jdk1.8.0_152\jre\bin\api-ms-win-crt-heap-l1-1-0.dll
0x000000001be60000 - 0x000000001be63000 	C:\Program Files\Java\jdk1.8.0_152\jre\bin\api-ms-win-crt-locale-l1-1-0.dll
0x000000001be70000 - 0x000000001be75000 	C:\Program Files\Java\jdk1.8.0_152\jre\bin\api-ms-win-crt-math-l1-1-0.dll
0x000000001be80000 - 0x000000001be85000 	C:\Program Files\Java\jdk1.8.0_152\jre\bin\api-ms-win-crt-multibyte-l1-1-0.dll
0x000000001be90000 - 0x000000001bea0000 	C:\Program Files\Java\jdk1.8.0_152\jre\bin\api-ms-win-crt-private-l1-1-0.dll
0x000000001bea0000 - 0x000000001bea3000 	C:\Program Files\Java\jdk1.8.0_152\jre\bin\api-ms-win-crt-process-l1-1-0.dll
0x000000001beb0000 - 0x000000001beb4000 	C:\Program Files\Java\jdk1.8.0_152\jre\bin\api-ms-win-crt-runtime-l1-1-0.dll
0x000000001bec0000 - 0x000000001bec4000 	C:\Program Files\Java\jdk1.8.0_152\jre\bin\api-ms-win-crt-stdio-l1-1-0.dll
0x000000001bed0000 - 0x000000001bed4000 	C:\Program Files\Java\jdk1.8.0_152\jre\bin\api-ms-win-crt-string-l1-1-0.dll
0x000000001bee0000 - 0x000000001bee3000 	C:\Program Files\Java\jdk1.8.0_152\jre\bin\api-ms-win-crt-time-l1-1-0.dll
0x000000001bef0000 - 0x000000001bef3000 	C:\Program Files\Java\jdk1.8.0_152\jre\bin\api-ms-win-crt-utility-l1-1-0.dll
0x00007ffe894a0000 - 0x00007ffe89596000 	C:\Program Files\Java\jdk1.8.0_152\jre\bin\ucrtbase.dll
0x00007ffe8ecc0000 - 0x00007ffe8ed11000 	C:\Program Files\Java\jdk1.8.0_152\jre\bin\concrt140.dll
0x00007ffe8e570000 - 0x00007ffe8e61a000 	C:\WINDOWS\SYSTEM32\MSVCP140.dll
0x00007ffe98e60000 - 0x00007ffe98e76000 	C:\WINDOWS\SYSTEM32\VCRUNTIME140.dll
0x00007ffe93830000 - 0x00007ffe93846000 	C:\Program Files\Java\jdk1.8.0_152\jre\bin\vcruntime140.dll
0x00007ffe81e70000 - 0x00007ffe81f0c000 	C:\Program Files\Java\jdk1.8.0_152\jre\bin\msvcp140.dll
0x0000000062260000 - 0x0000000062283000 	C:\Program Files\Java\jdk1.8.0_152\jre\bin\prism_d3d.dll
0x00007ffe684e0000 - 0x00007ffe68675000 	C:\WINDOWS\system32\d3d9.dll
0x00007ffe9cc30000 - 0x00007ffe9cc5a000 	C:\WINDOWS\SYSTEM32\dwmapi.dll
0x00007ffe9c830000 - 0x00007ffe9c8c5000 	C:\WINDOWS\system32\uxtheme.dll
0x00007ffe48a00000 - 0x00007ffe4c8b7000 	C:\WINDOWS\System32\DriverStore\FileRepository\igdlh64.inf_amd64_0959185ccf48eaa8\igdumdim64.dll
0x00007ffea0fc0000 - 0x00007ffea1109000 	C:\WINDOWS\System32\ole32.dll
0x00007ffea17d0000 - 0x00007ffea1895000 	C:\WINDOWS\System32\OLEAUT32.dll
0x00007ffea1cd0000 - 0x00007ffea211e000 	C:\WINDOWS\System32\SETUPAPI.dll
0x0000000062210000 - 0x0000000062259000 	C:\Program Files\Java\jdk1.8.0_152\jre\bin\glass.dll
0x00007ffea1300000 - 0x00007ffea140a000 	C:\WINDOWS\System32\COMDLG32.dll
0x00007ffea1130000 - 0x00007ffea1297000 	C:\WINDOWS\System32\MSCTF.dll
0x00007ffe949e0000 - 0x00007ffe95fd1000 	C:\WINDOWS\System32\DriverStore\FileRepository\igdlh64.inf_amd64_0959185ccf48eaa8\igc64.dll
0x0000000063480000 - 0x0000000063494000 	C:\Program Files\Java\jdk1.8.0_152\jre\bin\javafx_font.dll
0x00007ffe90e90000 - 0x00007ffe911a0000 	C:\WINDOWS\SYSTEM32\dwrite.dll
0x0000000063140000 - 0x00000000632d8000 	C:\Program Files\Java\jdk1.8.0_152\jre\bin\awt.dll
0x00007ffe9c5e0000 - 0x00007ffe9c668000 	C:\WINDOWS\SYSTEM32\apphelp.dll
0x00007ffea18a0000 - 0x00007ffea193e000 	C:\WINDOWS\System32\clbcatq.dll
0x00007ffe98a20000 - 0x00007ffe98bcb000 	C:\WINDOWS\SYSTEM32\WindowsCodecs.dll
0x00007ffe89f30000 - 0x00007ffe89f7f000 	C:\WINDOWS\system32\dataexchange.dll
0x00007ffe9b2e0000 - 0x00007ffe9b5c2000 	C:\WINDOWS\system32\d3d11.dll
0x00007ffe9bd30000 - 0x00007ffe9be72000 	C:\WINDOWS\system32\dcomp.dll
0x00007ffe9d4f0000 - 0x00007ffe9d59f000 	C:\WINDOWS\system32\dxgi.dll
0x00007ffe9cd70000 - 0x00007ffe9ceeb000 	C:\WINDOWS\system32\twinapi.appcore.dll
0x00007ffe9cd20000 - 0x00007ffe9cd40000 	C:\WINDOWS\system32\RMCLIENT.dll
0x00007ffe9e1c0000 - 0x00007ffe9e1e5000 	C:\WINDOWS\system32\bcrypt.dll
0x00007ffe8e6f0000 - 0x00007ffe8e724000 	C:\Program Files\Common Files\Microsoft Shared\Ink\rtscom.dll
0x0000000062fc0000 - 0x0000000062fd2000 	C:\Program Files\Java\jdk1.8.0_152\jre\bin\prism_common.dll
0x00007ffe96210000 - 0x00007ffe962a8000 	C:\WINDOWS\System32\TextInputFramework.dll
0x00007ffe9bbc0000 - 0x00007ffe9bc9c000 	C:\WINDOWS\System32\CoreMessaging.dll
0x00007ffe98560000 - 0x00007ffe9884e000 	C:\WINDOWS\System32\CoreUIComponents.dll
0x00007ffe9d710000 - 0x00007ffe9d741000 	C:\WINDOWS\SYSTEM32\ntmarta.dll
0x00007ffe9a650000 - 0x00007ffe9a786000 	C:\WINDOWS\SYSTEM32\wintypes.dll
0x00007ffe9e0c0000 - 0x00007ffe9e0d7000 	C:\WINDOWS\SYSTEM32\CRYPTSP.dll
0x00007ffe9daf0000 - 0x00007ffe9db23000 	C:\WINDOWS\system32\rsaenh.dll
0x00007ffe9e560000 - 0x00007ffe9e589000 	C:\WINDOWS\SYSTEM32\USERENV.dll
0x00007ffe9e0b0000 - 0x00007ffe9e0bb000 	C:\WINDOWS\SYSTEM32\CRYPTBASE.dll
0x00007ffe9dc80000 - 0x00007ffe9dcb9000 	C:\WINDOWS\SYSTEM32\IPHLPAPI.DLL
0x00007ffe9f860000 - 0x00007ffe9f868000 	C:\WINDOWS\System32\NSI.dll
0x00007ffe9a200000 - 0x00007ffe9a216000 	C:\WINDOWS\SYSTEM32\dhcpcsvc6.DLL
0x00007ffe9a180000 - 0x00007ffe9a19a000 	C:\WINDOWS\SYSTEM32\dhcpcsvc.DLL
0x00000000630e0000 - 0x00000000630f1000 	C:\Program Files\Java\jdk1.8.0_152\jre\bin\nio.dll

VM Arguments:
jvm_args: -javaagent:C:\Program Files\JetBrains\IntelliJ IDEA 2017.2\lib\idea_rt.jar=5107:C:\Program Files\JetBrains\IntelliJ IDEA 2017.2\bin -Dfile.encoding=UTF-8 
java_command: com.mainLogin.Main
java_class_path (initial): C:\Program Files\Java\jdk1.8.0_152\jre\lib\charsets.jar;C:\Program Files\Java\jdk1.8.0_152\jre\lib\deploy.jar;C:\Program Files\Java\jdk1.8.0_152\jre\lib\ext\access-bridge-64.jar;C:\Program Files\Java\jdk1.8.0_152\jre\lib\ext\cldrdata.jar;C:\Program Files\Java\jdk1.8.0_152\jre\lib\ext\dnsns.jar;C:\Program Files\Java\jdk1.8.0_152\jre\lib\ext\jaccess.jar;C:\Program Files\Java\jdk1.8.0_152\jre\lib\ext\jfxrt.jar;C:\Program Files\Java\jdk1.8.0_152\jre\lib\ext\localedata.jar;C:\Program Files\Java\jdk1.8.0_152\jre\lib\ext\nashorn.jar;C:\Program Files\Java\jdk1.8.0_152\jre\lib\ext\sunec.jar;C:\Program Files\Java\jdk1.8.0_152\jre\lib\ext\sunjce_provider.jar;C:\Program Files\Java\jdk1.8.0_152\jre\lib\ext\sunmscapi.jar;C:\Program Files\Java\jdk1.8.0_152\jre\lib\ext\sunpkcs11.jar;C:\Program Files\Java\jdk1.8.0_152\jre\lib\ext\zipfs.jar;C:\Program Files\Java\jdk1.8.0_152\jre\lib\javaws.jar;C:\Program Files\Java\jdk1.8.0_152\jre\lib\jce.jar;C:\Program Files\Java\jdk1.8.0_152\jre\lib\jfr.jar;C:\Program Files\Java\jdk1.8.0_152\jre\lib\jfxswt.jar;C:\Program Files\Java\jdk1.8.0_152\jre\lib\jsse.jar;C:\Program Files\Java\jdk1.8.0_152\jre\lib\management-agent.jar;C:\Program Files\Java\jdk1.8.0_152\jre\lib\plugin.jar;C:\Program Files\Java\jdk1.8.0_152\jre\lib\resources.jar;C:\Program Files\Java\jdk1.8.0_152\jre\lib\rt.jar;C:\Users\dobryansky.a\Documents\Github\Communicator\mainPage\target\classes;C:\Users\dobryansky.a\Documents\Github\Communicator\Library\TrayNotification.jar;C:\Users\dobryansky.a\Documents\Github\Communicator\Library\sqljdbc42.jar;C:\Users\dobryansky.a\Documents\Github\Communicator\Library\XR3PlayerUpdater.jar;C:\Users\dobryansky.a\Documents\Github\Communicator\Library\FilterableTableColumns.jar;C:\Users\dobryansky.a\.m2\repository\no\tornado\fxlauncher\1.0.17\fxlauncher-1.0.17.jar;C:\Users\dobryansky.a\.m2\repository\org\controlsfx\controlsfx\8.40.11\controlsfx-8.40.11.jar;C:\Users\dobryansky.a\.m2\repository\org\fxmisc\richtext\richtextfx\
Launcher Type: SUN_STANDARD

Environment Variables:
JAVA_HOME=C:\Program Files\Java\jdk1.8.0_152
PATH=C:\Program Files (x86)\Common Files\Oracle\Java\javapath;C:\ProgramData\Oracle\Java\javapath;C:\WINDOWS\system32;C:\WINDOWS;C:\WINDOWS\System32\Wbem;C:\WINDOWS\System32\WindowsPowerShell\v1.0\;C:\Program Files (x86)\Skype\Phone\;C:\Program Files\Git\cmd;C:\Program Files\Microsoft SQL Server\120\DTS\Binn\;C:\Program Files\Microsoft SQL Server\Client SDK\ODBC\110\Tools\Binn\;C:\Program Files (x86)\Microsoft SQL Server\120\Tools\Binn\;C:\Program Files\Microsoft SQL Server\120\Tools\Binn\;C:\Program Files (x86)\Microsoft SQL Server\120\Tools\Binn\ManagementStudio\;C:\Program Files (x86)\Microsoft SQL Server\120\DTS\Binn\;C:\WINDOWS\system32\config\systemprofile\.dnx\bin;C:\Program Files\Microsoft DNX\Dnvm\;C:\Program Files\Microsoft SQL Server\130\Tools\Binn\;C:\Program Files\apache-maven-3.5.2\bin;%USERPROFILE%\AppData\Local\Microsoft\WindowsApps;
USERNAME=dobryansky.a
OS=Windows_NT
PROCESSOR_IDENTIFIER=Intel64 Family 6 Model 78 Stepping 3, GenuineIntel



---------------  S Y S T E M  ---------------

OS: Windows 10.0 , 64 bit Build 16299 (10.0.16299.431)

CPU:total 4 (initial active 4) (2 cores per cpu, 2 threads per core) family 6 model 78 stepping 3, cmov, cx8, fxsr, mmx, sse, sse2, sse3, ssse3, sse4.1, sse4.2, popcnt, avx, avx2, aes, clmul, erms, 3dnowpref, lzcnt, ht, tsc, tscinvbit, bmi1, bmi2, adx

Memory: 4k page, physical 8260324k(381136k free), swap 23497892k(5000k free)

vm_info: Java HotSpot(TM) 64-Bit Server VM (25.152-b16) for windows-amd64 JRE (1.8.0_152-b16), built on Sep 14 2017 02:29:36 by "java_re" with MS VC++ 10.0 (VS2010)

time: Thu Jul 05 12:14:05 2018
elapsed time: 46 seconds (0d 0h 0m 46s)

