#
# There is insufficient memory for the Java Runtime Environment to continue.
# Native memory allocation (malloc) failed to allocate 429776 bytes for Chunk::new
# Possible reasons:
#   The system is out of physical RAM or swap space
#   In 32 bit mode, the process size limit was hit
# Possible solutions:
#   Reduce memory load on the system
#   Increase physical memory or swap space
#   Check if swap backing store is full
#   Use 64 bit Java on a 64 bit OS
#   Decrease Java heap size (-Xmx/-Xms)
#   Decrease number of Java threads
#   Decrease Java thread stack sizes (-Xss)
#   Set larger code cache with -XX:ReservedCodeCacheSize=
# This output file may be truncated or incomplete.
#
#  Out of Memory Error (allocation.cpp:390), pid=13120, tid=0x0000000000001cb0
#
# JRE version: Java(TM) SE Runtime Environment (8.0_144-b01) (build 1.8.0_144-b01)
# Java VM: Java HotSpot(TM) 64-Bit Server VM (25.144-b01 mixed mode windows-amd64 compressed oops)
# Failed to write core dump. Minidumps are not enabled by default on client versions of Windows
#

---------------  T H R E A D  ---------------

Current thread (0x000000001e209000):  JavaThread "C2 CompilerThread0" daemon [_thread_in_native, id=7344, stack(0x000000001e620000,0x000000001e720000)]

Stack: [0x000000001e620000,0x000000001e720000]
[error occurred during error reporting (printing stack bounds), id 0xc0000005]

Native frames: (J=compiled Java code, j=interpreted, Vv=VM code, C=native code)


Current CompileTask:
C2:  21683 6929       4       javafx.scene.layout.Region::impl_updatePeer (540 bytes)


---------------  P R O C E S S  ---------------

Java Threads: ( => current thread )
  0x000000002a643800 JavaThread "Thread-18" [_thread_in_native, id=12976, stack(0x00000000360c0000,0x00000000361c0000)]
  0x000000002a63f800 JavaThread "Thread-17" [_thread_in_native, id=12968, stack(0x0000000035fc0000,0x00000000360c0000)]
  0x000000002a63e800 JavaThread "Thread-16" [_thread_in_native, id=12904, stack(0x0000000035ec0000,0x0000000035fc0000)]
  0x000000002b34b000 JavaThread "Thread-15" [_thread_in_native, id=12956, stack(0x0000000035dc0000,0x0000000035ec0000)]
  0x000000002b34a800 JavaThread "Thread-14" [_thread_in_native, id=12988, stack(0x0000000035cc0000,0x0000000035dc0000)]
  0x000000002b34d800 JavaThread "Thread-13" [_thread_in_native, id=12616, stack(0x0000000035bc0000,0x0000000035cc0000)]
  0x000000002b349000 JavaThread "Thread-12" [_thread_in_native, id=12240, stack(0x0000000035ac0000,0x0000000035bc0000)]
  0x000000002b34e000 JavaThread "Thread-11" [_thread_in_native, id=2520, stack(0x00000000359c0000,0x0000000035ac0000)]
  0x000000002b348000 JavaThread "Thread-10" [_thread_in_native, id=480, stack(0x00000000358c0000,0x00000000359c0000)]
  0x000000002b349800 JavaThread "Thread-9" [_thread_in_native, id=13172, stack(0x00000000357c0000,0x00000000358c0000)]
  0x000000002b34f000 JavaThread "Thread-8" [_thread_in_native, id=3712, stack(0x00000000336c0000,0x00000000337c0000)]
  0x000000002b34c000 JavaThread "Thread-7" [_thread_in_native, id=7672, stack(0x00000000335c0000,0x00000000336c0000)]
  0x0000000028ce1800 JavaThread "Thread-6" [_thread_in_native, id=3288, stack(0x000000002abf0000,0x000000002acf0000)]
  0x000000001eef3000 JavaThread "Prism Font Disposer" daemon [_thread_blocked, id=13124, stack(0x0000000025450000,0x0000000025550000)]
  0x000000001ed29800 JavaThread "Thread-3" daemon [_thread_in_native, id=13016, stack(0x0000000022be0000,0x0000000022ce0000)]
  0x000000001ed29000 JavaThread "JavaFX-Launcher" [_thread_blocked, id=12764, stack(0x0000000022ce0000,0x0000000022de0000)]
  0x000000001ec19800 JavaThread "JavaFX Application Thread" [_thread_in_native, id=12760, stack(0x000000001faa0000,0x000000001fba0000)]
  0x000000001ebff800 JavaThread "Thread-1" daemon [_thread_blocked, id=12424, stack(0x000000001f9a0000,0x000000001faa0000)]
  0x000000001ec35000 JavaThread "QuantumRenderer-0" daemon [_thread_in_Java, id=3324, stack(0x000000001f320000,0x000000001f420000)]
  0x000000001e2c8000 JavaThread "Service Thread" daemon [_thread_blocked, id=7804, stack(0x000000001e920000,0x000000001ea20000)]
  0x000000001e235800 JavaThread "C1 CompilerThread2" daemon [_thread_blocked, id=536, stack(0x000000001e820000,0x000000001e920000)]
  0x000000001e231000 JavaThread "C2 CompilerThread1" daemon [_thread_in_native, id=8200, stack(0x000000001e720000,0x000000001e820000)]
=>0x000000001e209000 JavaThread "C2 CompilerThread0" daemon [_thread_in_native, id=7344, stack(0x000000001e620000,0x000000001e720000)]
  0x000000001e22d800 JavaThread "Monitor Ctrl-Break" daemon [_thread_in_native, id=12768, stack(0x000000001e520000,0x000000001e620000)]
  0x000000001c4ba800 JavaThread "Attach Listener" daemon [_thread_blocked, id=13028, stack(0x000000001e020000,0x000000001e120000)]
  0x0000000002c0e800 JavaThread "Signal Dispatcher" daemon [_thread_blocked, id=4584, stack(0x000000001df20000,0x000000001e020000)]
  0x0000000002c09800 JavaThread "Finalizer" daemon [_thread_blocked, id=13260, stack(0x000000001dd30000,0x000000001de30000)]
  0x0000000002c06000 JavaThread "Reference Handler" daemon [_thread_blocked, id=13308, stack(0x000000001dc30000,0x000000001dd30000)]
  0x0000000002b12800 JavaThread "main" [_thread_blocked, id=8524, stack(0x0000000002830000,0x0000000002930000)]

Other Threads:
  0x000000001c478000 VMThread [stack: 0x000000001db30000,0x000000001dc30000] [id=13296]
  0x000000001e33b800 WatcherThread [stack: 0x000000001ea20000,0x000000001eb20000] [id=6140]

VM state:not at safepoint (normal execution)

VM Mutex/Monitor currently owned by a thread: None

Heap:
 PSYoungGen      total 115712K, used 60273K [0x000000076af00000, 0x0000000772c00000, 0x00000007c0000000)
  eden space 104960K, 47% used [0x000000076af00000,0x000000076df63b00,0x0000000771580000)
  from space 10752K, 99% used [0x0000000771700000,0x0000000772178940,0x0000000772180000)
  to   space 10752K, 0% used [0x0000000772180000,0x0000000772180000,0x0000000772c00000)
 ParOldGen       total 100352K, used 46582K [0x00000006c0c00000, 0x00000006c6e00000, 0x000000076af00000)
  object space 100352K, 46% used [0x00000006c0c00000,0x00000006c397d818,0x00000006c6e00000)
 Metaspace       used 28827K, capacity 30790K, committed 30848K, reserved 1075200K
  class space    used 3827K, capacity 4180K, committed 4224K, reserved 1048576K

Card table byte_map: [0x0000000011fd0000,0x00000000127d0000] byte_map_base: 0x000000000e9ca000

Marking Bits: (ParMarkBitMap*) 0x000000005258d850
 Begin Bits: [0x0000000013330000, 0x0000000017300000)
 End Bits:   [0x0000000017300000, 0x000000001b2d0000)

Polling page: 0x0000000000a50000

CodeCache: size=245760Kb used=20336Kb max_used=20336Kb free=225423Kb
 bounds [0x0000000002c10000, 0x0000000004010000, 0x0000000011c10000]
 total_blobs=6791 nmethods=6049 adapters=652
 compilation: enabled

Compilation events (10 events):
Event: 21.652 Thread 0x000000001e231000 nmethod 6966 0x0000000003fe3b90 code [0x0000000003fe3ce0, 0x0000000003fe3db8]
Event: 21.666 Thread 0x000000001e235800 6970       3       java.nio.MappedByteBuffer::<init> (15 bytes)
Event: 21.667 Thread 0x000000001e235800 nmethod 6970 0x0000000003ffaed0 code [0x0000000003ffb040, 0x0000000003ffb268]
Event: 21.667 Thread 0x000000001e235800 6971       3       java.nio.ByteBuffer::<init> (12 bytes)
Event: 21.667 Thread 0x000000001e235800 nmethod 6971 0x0000000003ffab10 code [0x0000000003ffac80, 0x0000000003ffae28]
Event: 21.669 Thread 0x000000001e231000 6972       4       com.sun.javafx.geom.transform.AffineBase::is2D (24 bytes)
Event: 21.670 Thread 0x000000001e231000 nmethod 6972 0x00000000039cc310 code [0x00000000039cc440, 0x00000000039cc4b8]
Event: 21.677 Thread 0x000000001e235800 6974       3       sun.misc.Cleaner::create (19 bytes)
Event: 21.677 Thread 0x000000001e235800 nmethod 6974 0x0000000003ff9c90 code [0x0000000003ff9e20, 0x0000000003ffa4d0]
Event: 21.677 Thread 0x000000001e235800 6978       3       com.sun.scenario.effect.impl.state.BoxRenderState::validateWeights (477 bytes)

GC Heap History (10 events):
Event: 3.151 GC heap before
{Heap before GC invocations=2 (full 0):
 PSYoungGen      total 76288K, used 25802K [0x000000076af00000, 0x0000000770400000, 0x00000007c0000000)
  eden space 65536K, 22% used [0x000000076af00000,0x000000076bdb4258,0x000000076ef00000)
  from space 10752K, 99% used [0x000000076ef00000,0x000000076f97e8b8,0x000000076f980000)
  to   space 10752K, 0% used [0x000000076f980000,0x000000076f980000,0x0000000770400000)
 ParOldGen       total 175104K, used 507K [0x00000006c0c00000, 0x00000006cb700000, 0x000000076af00000)
  object space 175104K, 0% used [0x00000006c0c00000,0x00000006c0c7ee68,0x00000006cb700000)
 Metaspace       used 20458K, capacity 21208K, committed 21296K, reserved 1067008K
  class space    used 2823K, capacity 3031K, committed 3072K, reserved 1048576K
Event: 3.167 GC heap after
Heap after GC invocations=2 (full 0):
 PSYoungGen      total 76288K, used 10728K [0x000000076af00000, 0x0000000774400000, 0x00000007c0000000)
  eden space 65536K, 0% used [0x000000076af00000,0x000000076af00000,0x000000076ef00000)
  from space 10752K, 99% used [0x000000076f980000,0x00000007703fa050,0x0000000770400000)
  to   space 10752K, 0% used [0x000000076ef00000,0x000000076ef00000,0x000000076f980000)
 ParOldGen       total 175104K, used 1854K [0x00000006c0c00000, 0x00000006cb700000, 0x000000076af00000)
  object space 175104K, 1% used [0x00000006c0c00000,0x00000006c0dcf8e8,0x00000006cb700000)
 Metaspace       used 20458K, capacity 21208K, committed 21296K, reserved 1067008K
  class space    used 2823K, capacity 3031K, committed 3072K, reserved 1048576K
}
Event: 3.167 GC heap before
{Heap before GC invocations=3 (full 1):
 PSYoungGen      total 76288K, used 10728K [0x000000076af00000, 0x0000000774400000, 0x00000007c0000000)
  eden space 65536K, 0% used [0x000000076af00000,0x000000076af00000,0x000000076ef00000)
  from space 10752K, 99% used [0x000000076f980000,0x00000007703fa050,0x0000000770400000)
  to   space 10752K, 0% used [0x000000076ef00000,0x000000076ef00000,0x000000076f980000)
 ParOldGen       total 175104K, used 1854K [0x00000006c0c00000, 0x00000006cb700000, 0x000000076af00000)
  object space 175104K, 1% used [0x00000006c0c00000,0x00000006c0dcf8e8,0x00000006cb700000)
 Metaspace       used 20458K, capacity 21208K, committed 21296K, reserved 1067008K
  class space    used 2823K, capacity 3031K, committed 3072K, reserved 1048576K
Event: 3.216 GC heap after
Heap after GC invocations=3 (full 1):
 PSYoungGen      total 76288K, used 0K [0x000000076af00000, 0x0000000774400000, 0x00000007c0000000)
  eden space 65536K, 0% used [0x000000076af00000,0x000000076af00000,0x000000076ef00000)
  from space 10752K, 0% used [0x000000076f980000,0x000000076f980000,0x0000000770400000)
  to   space 10752K, 0% used [0x000000076ef00000,0x000000076ef00000,0x000000076f980000)
 ParOldGen       total 100352K, used 12032K [0x00000006c0c00000, 0x00000006c6e00000, 0x000000076af00000)
  object space 100352K, 11% used [0x00000006c0c00000,0x00000006c17c02c8,0x00000006c6e00000)
 Metaspace       used 20458K, capacity 21208K, committed 21296K, reserved 1067008K
  class space    used 2823K, capacity 3031K, committed 3072K, reserved 1048576K
}
Event: 4.228 GC heap before
{Heap before GC invocations=4 (full 1):
 PSYoungGen      total 76288K, used 65536K [0x000000076af00000, 0x0000000774400000, 0x00000007c0000000)
  eden space 65536K, 100% used [0x000000076af00000,0x000000076ef00000,0x000000076ef00000)
  from space 10752K, 0% used [0x000000076f980000,0x000000076f980000,0x0000000770400000)
  to   space 10752K, 0% used [0x000000076ef00000,0x000000076ef00000,0x000000076f980000)
 ParOldGen       total 100352K, used 12032K [0x00000006c0c00000, 0x00000006c6e00000, 0x000000076af00000)
  object space 100352K, 11% used [0x00000006c0c00000,0x00000006c17c02c8,0x00000006c6e00000)
 Metaspace       used 25221K, capacity 26666K, committed 26880K, reserved 1073152K
  class space    used 3510K, capacity 3816K, committed 3840K, reserved 1048576K
Event: 4.238 GC heap after
Heap after GC invocations=4 (full 1):
 PSYoungGen      total 76288K, used 7425K [0x000000076af00000, 0x0000000772c00000, 0x00000007c0000000)
  eden space 65536K, 0% used [0x000000076af00000,0x000000076af00000,0x000000076ef00000)
  from space 10752K, 69% used [0x000000076ef00000,0x000000076f6405e8,0x000000076f980000)
  to   space 10752K, 0% used [0x0000000772180000,0x0000000772180000,0x0000000772c00000)
 ParOldGen       total 100352K, used 12040K [0x00000006c0c00000, 0x00000006c6e00000, 0x000000076af00000)
  object space 100352K, 11% used [0x00000006c0c00000,0x00000006c17c22c8,0x00000006c6e00000)
 Metaspace       used 25221K, capacity 26666K, committed 26880K, reserved 1073152K
  class space    used 3510K, capacity 3816K, committed 3840K, reserved 1048576K
}
Event: 7.118 GC heap before
{Heap before GC invocations=5 (full 1):
 PSYoungGen      total 76288K, used 72961K [0x000000076af00000, 0x0000000772c00000, 0x00000007c0000000)
  eden space 65536K, 100% used [0x000000076af00000,0x000000076ef00000,0x000000076ef00000)
  from space 10752K, 69% used [0x000000076ef00000,0x000000076f6405e8,0x000000076f980000)
  to   space 10752K, 0% used [0x0000000772180000,0x0000000772180000,0x0000000772c00000)
 ParOldGen       total 100352K, used 12040K [0x00000006c0c00000, 0x00000006c6e00000, 0x000000076af00000)
  object space 100352K, 11% used [0x00000006c0c00000,0x00000006c17c22c8,0x00000006c6e00000)
 Metaspace       used 27916K, capacity 29862K, committed 30080K, reserved 1075200K
  class space    used 3813K, capacity 4160K, committed 4224K, reserved 1048576K
Event: 7.168 GC heap after
Heap after GC invocations=5 (full 1):
 PSYoungGen      total 115712K, used 10736K [0x000000076af00000, 0x0000000772c00000, 0x00000007c0000000)
  eden space 104960K, 0% used [0x000000076af00000,0x000000076af00000,0x0000000771580000)
  from space 10752K, 99% used [0x0000000772180000,0x0000000772bfc260,0x0000000772c00000)
  to   space 10752K, 0% used [0x0000000771700000,0x0000000771700000,0x0000000772180000)
 ParOldGen       total 100352K, used 27528K [0x00000006c0c00000, 0x00000006c6e00000, 0x000000076af00000)
  object space 100352K, 27% used [0x00000006c0c00000,0x00000006c26e2040,0x00000006c6e00000)
 Metaspace       used 27916K, capacity 29862K, committed 30080K, reserved 1075200K
  class space    used 3813K, capacity 4160K, committed 4224K, reserved 1048576K
}
Event: 18.854 GC heap before
{Heap before GC invocations=6 (full 1):
 PSYoungGen      total 115712K, used 115696K [0x000000076af00000, 0x0000000772c00000, 0x00000007c0000000)
  eden space 104960K, 100% used [0x000000076af00000,0x0000000771580000,0x0000000771580000)
  from space 10752K, 99% used [0x0000000772180000,0x0000000772bfc260,0x0000000772c00000)
  to   space 10752K, 0% used [0x0000000771700000,0x0000000771700000,0x0000000772180000)
 ParOldGen       total 100352K, used 27528K [0x00000006c0c00000, 0x00000006c6e00000, 0x000000076af00000)
  object space 100352K, 27% used [0x00000006c0c00000,0x00000006c26e2040,0x00000006c6e00000)
 Metaspace       used 28565K, capacity 30476K, committed 30592K, reserved 1075200K
  class space    used 3822K, capacity 4171K, committed 4224K, reserved 1048576K
Event: 18.887 GC heap after
Heap after GC invocations=6 (full 1):
 PSYoungGen      total 115712K, used 10722K [0x000000076af00000, 0x0000000772c00000, 0x00000007c0000000)
  eden space 104960K, 0% used [0x000000076af00000,0x000000076af00000,0x0000000771580000)
  from space 10752K, 99% used [0x0000000771700000,0x0000000772178940,0x0000000772180000)
  to   space 10752K, 0% used [0x0000000772180000,0x0000000772180000,0x0000000772c00000)
 ParOldGen       total 100352K, used 46582K [0x00000006c0c00000, 0x00000006c6e00000, 0x000000076af00000)
  object space 100352K, 46% used [0x00000006c0c00000,0x00000006c397d818,0x00000006c6e00000)
 Metaspace       used 28565K, capacity 30476K, committed 30592K, reserved 1075200K
  class space    used 3822K, capacity 4171K, committed 4224K, reserved 1048576K
}

Deoptimization events (10 events):
Event: 9.262 Thread 0x000000001ec19800 Uncommon trap: reason=null_check action=make_not_entrant pc=0x0000000003a5a2c4 method=javafx.scene.Node$MiscProperties.getClip()Ljavafx/scene/Node; @ 20
Event: 9.286 Thread 0x000000001ec19800 Uncommon trap: reason=null_check action=make_not_entrant pc=0x00000000038c8ca8 method=javafx.scene.Node$MiscProperties.getClip()Ljavafx/scene/Node; @ 20
Event: 12.385 Thread 0x000000001ec19800 Uncommon trap: reason=bimorphic action=maybe_recompile pc=0x0000000003cf6aa8 method=com.sun.javafx.event.CompositeEventHandler.dispatchCapturingEvent(Ljavafx/event/Event;)V @ 12
Event: 13.666 Thread 0x000000001ec19800 Uncommon trap: reason=null_check action=make_not_entrant pc=0x0000000003e1c5dc method=javafx.beans.property.StringPropertyBase.set(Ljava/lang/String;)V @ 111
Event: 19.705 Thread 0x000000001ec19800 Uncommon trap: reason=unstable_if action=reinterpret pc=0x0000000003642c20 method=javafx.scene.Node.impl_markDirty(Lcom/sun/javafx/scene/DirtyBits;)V @ 4
Event: 19.708 Thread 0x000000001ec19800 Uncommon trap: reason=unstable_if action=reinterpret pc=0x0000000003d67a24 method=javafx.scene.Node.updateBounds()V @ 70
Event: 19.708 Thread 0x000000001ec19800 Uncommon trap: reason=unstable_if action=reinterpret pc=0x0000000003d67a24 method=javafx.scene.Node.updateBounds()V @ 70
Event: 19.708 Thread 0x000000001ec19800 Uncommon trap: reason=unstable_if action=reinterpret pc=0x0000000002fe6430 method=javafx.scene.Node.updateBounds()V @ 70
Event: 19.708 Thread 0x000000001ec19800 Uncommon trap: reason=unstable_if action=reinterpret pc=0x0000000003d67a24 method=javafx.scene.Node.updateBounds()V @ 70
Event: 19.708 Thread 0x000000001ec19800 Uncommon trap: reason=unstable_if action=reinterpret pc=0x000000000355161c method=com.sun.javafx.sg.prism.NGNode.setEffect(Lcom/sun/scenario/effect/Effect;)V @ 59

Internal exceptions (10 events):
Event: 6.577 Thread 0x000000001ec19800 Exception <a 'java/lang/ClassNotFoundException': sample/mainPage/InProcessing/InProcessingRequest/InProcessingRequestBeanInfo> (0x000000076d9baf58) thrown at [C:\re\workspace\8-2-build-windows-amd64-cygwin\jdk8u144\9417\hotspot\src\share\vm\classfile\syst
Event: 6.577 Thread 0x000000001ec19800 Exception <a 'java/lang/ClassNotFoundException': sample/mainPage/InProcessing/InProcessingRequest/InProcessingRequestCustomizer> (0x000000076d9c6878) thrown at [C:\re\workspace\8-2-build-windows-amd64-cygwin\jdk8u144\9417\hotspot\src\share\vm\classfile\sy
Event: 6.823 Thread 0x000000001ec19800 Exception <a 'java/io/FileNotFoundException'> (0x000000076e6b91e0) thrown at [C:\re\workspace\8-2-build-windows-amd64-cygwin\jdk8u144\9417\hotspot\src\share\vm\prims\jni.cpp, line 709]
Event: 6.834 Thread 0x000000001ec19800 Implicit null exception at 0x0000000003a2ad7c to 0x0000000003a330bd
Event: 9.143 Thread 0x000000001ec19800 Implicit null exception at 0x0000000003cc58cb to 0x0000000003ccded1
Event: 9.143 Thread 0x000000001ec19800 Implicit null exception at 0x0000000003c1c354 to 0x0000000003c1ef65
Event: 9.262 Thread 0x000000001ec19800 Implicit null exception at 0x0000000003d0a7ff to 0x0000000003d0b30d
Event: 9.262 Thread 0x000000001ec19800 Implicit null exception at 0x0000000003a59763 to 0x0000000003a5a2a9
Event: 9.286 Thread 0x000000001ec19800 Implicit null exception at 0x00000000038c8c4e to 0x00000000038c8c9d
Event: 13.666 Thread 0x000000001ec19800 Implicit null exception at 0x0000000003e1c47f to 0x0000000003e1c5cf

Events (10 events):
Event: 21.352 loading class javafx/scene/text/Label done
Event: 21.353 loading class java/lang/Label
Event: 21.353 loading class java/lang/Label done
Event: 21.353 loading class java/net/Label
Event: 21.353 loading class java/net/Label done
Event: 21.353 loading class javafx/scene/image/Font
Event: 21.353 loading class javafx/scene/image/Font done
Event: 21.402 Thread 0x000000002a643800 Thread added: 0x000000002a643800
Event: 21.524 Executing VM operation: RevokeBias
Event: 21.525 Executing VM operation: RevokeBias done


Dynamic libraries:
0x00007ff63dcb0000 - 0x00007ff63dce7000 	C:\Program Files\Java\jdk1.8.0_144\bin\java.exe
0x00007ffe16400000 - 0x00007ffe165db000 	C:\Windows\SYSTEM32\ntdll.dll
0x00007ffe15ca0000 - 0x00007ffe15d4e000 	C:\Windows\System32\KERNEL32.DLL
0x00007ffe129a0000 - 0x00007ffe12be9000 	C:\Windows\System32\KERNELBASE.dll
0x00007ffe152d0000 - 0x00007ffe15371000 	C:\Windows\System32\ADVAPI32.dll
0x00007ffe16050000 - 0x00007ffe160ed000 	C:\Windows\System32\msvcrt.dll
0x00007ffe161a0000 - 0x00007ffe161f9000 	C:\Windows\System32\sechost.dll
0x00007ffe15d50000 - 0x00007ffe15e75000 	C:\Windows\System32\RPCRT4.dll
0x00007ffe15710000 - 0x00007ffe1585a000 	C:\Windows\System32\USER32.dll
0x00007ffe12980000 - 0x00007ffe1299e000 	C:\Windows\System32\win32u.dll
0x00007ffe14f80000 - 0x00007ffe14fa7000 	C:\Windows\System32\GDI32.dll
0x00007ffe12db0000 - 0x00007ffe12f38000 	C:\Windows\System32\gdi32full.dll
0x00007ffe12bf0000 - 0x00007ffe12c8a000 	C:\Windows\System32\msvcp_win.dll
0x00007ffe13810000 - 0x00007ffe13906000 	C:\Windows\System32\ucrtbase.dll
0x00007ffe08a20000 - 0x00007ffe08c87000 	C:\Windows\WinSxS\amd64_microsoft.windows.common-controls_6595b64144ccf1df_6.0.15063.483_none_26002d27e7c744a2\COMCTL32.dll
0x00007ffe14fc0000 - 0x00007ffe152b9000 	C:\Windows\System32\combase.dll
0x00007ffe12c90000 - 0x00007ffe12cfa000 	C:\Windows\System32\bcryptPrimitives.dll
0x00007ffe16170000 - 0x00007ffe1619d000 	C:\Windows\System32\IMM32.DLL
0x0000000052610000 - 0x00000000526e2000 	C:\Program Files\Java\jdk1.8.0_144\jre\bin\msvcr100.dll
0x0000000051d70000 - 0x000000005260d000 	C:\Program Files\Java\jdk1.8.0_144\jre\bin\server\jvm.dll
0x00007ffe152c0000 - 0x00007ffe152c8000 	C:\Windows\System32\PSAPI.DLL
0x00007ffe0c820000 - 0x00007ffe0c829000 	C:\Windows\SYSTEM32\WSOCK32.dll
0x00007ffe14f10000 - 0x00007ffe14f7c000 	C:\Windows\System32\WS2_32.dll
0x00007ffe10aa0000 - 0x00007ffe10ac3000 	C:\Windows\SYSTEM32\WINMM.dll
0x00007ffe0cbe0000 - 0x00007ffe0cbea000 	C:\Windows\SYSTEM32\VERSION.dll
0x00007ffe10a40000 - 0x00007ffe10a6b000 	C:\Windows\SYSTEM32\winmmbase.dll
0x00007ffe13910000 - 0x00007ffe13959000 	C:\Windows\System32\cfgmgr32.dll
0x0000000051d60000 - 0x0000000051d6f000 	C:\Program Files\Java\jdk1.8.0_144\jre\bin\verify.dll
0x0000000051d30000 - 0x0000000051d59000 	C:\Program Files\Java\jdk1.8.0_144\jre\bin\java.dll
0x0000000051c40000 - 0x0000000051c63000 	C:\Program Files\Java\jdk1.8.0_144\jre\bin\instrument.dll
0x0000000051d10000 - 0x0000000051d26000 	C:\Program Files\Java\jdk1.8.0_144\jre\bin\zip.dll
0x00007ffe13ad0000 - 0x00007ffe14f06000 	C:\Windows\System32\SHELL32.dll
0x00007ffe13a20000 - 0x00007ffe13aca000 	C:\Windows\System32\shcore.dll
0x00007ffe12f40000 - 0x00007ffe13633000 	C:\Windows\System32\windows.storage.dll
0x00007ffe15380000 - 0x00007ffe153d1000 	C:\Windows\System32\shlwapi.dll
0x00007ffe12900000 - 0x00007ffe12911000 	C:\Windows\System32\kernel.appcore.dll
0x00007ffe128b0000 - 0x00007ffe128fc000 	C:\Windows\System32\powrprof.dll
0x00007ffe12870000 - 0x00007ffe12885000 	C:\Windows\System32\profapi.dll
0x00007ffe07210000 - 0x00007ffe0722a000 	C:\Program Files\JetBrains\IntelliJ IDEA 2017.2.1\bin\breakgen64.dll
0x0000000051cf0000 - 0x0000000051d0a000 	C:\Program Files\Java\jdk1.8.0_144\jre\bin\net.dll
0x00007ffe12180000 - 0x00007ffe121dc000 	C:\Windows\system32\mswsock.dll
0x00007ffde4a30000 - 0x00007ffde4b1f000 	C:\Program Files\Java\jdk1.8.0_144\jre\bin\msvcr120.dll
0x00007ffdc78a0000 - 0x00007ffdc7946000 	C:\Program Files\Java\jdk1.8.0_144\jre\bin\msvcp120.dll
0x0000000051c10000 - 0x0000000051c32000 	C:\Program Files\Java\jdk1.8.0_144\jre\bin\prism_d3d.dll
0x00007ffde12b0000 - 0x00007ffde1439000 	C:\Windows\system32\d3d9.dll
0x00007ffe0fac0000 - 0x00007ffe0faea000 	C:\Windows\SYSTEM32\dwmapi.dll
0x00007ffe11150000 - 0x00007ffe111e5000 	C:\Windows\system32\uxtheme.dll
0x00007ffe0cc10000 - 0x00007ffe0cd91000 	C:\Windows\System32\DriverStore\FileRepository\c0312618.inf_amd64_5d97539c2ca608c6\aticfx64.dll
0x00007ffde4e00000 - 0x00007ffde4e29000 	C:\Windows\System32\DriverStore\FileRepository\c0312618.inf_amd64_5d97539c2ca608c6\atiu9p64.dll
0x00007ffdd2aa0000 - 0x00007ffdd3559000 	C:\Windows\System32\DriverStore\FileRepository\c0312618.inf_amd64_5d97539c2ca608c6\atiumd64.dll
0x0000000052f30000 - 0x0000000053a94000 	C:\Windows\System32\DriverStore\FileRepository\c0312618.inf_amd64_5d97539c2ca608c6\atiumd6a.dll
0x0000000051bc0000 - 0x0000000051c03000 	C:\Program Files\Java\jdk1.8.0_144\jre\bin\glass.dll
0x00007ffe15f40000 - 0x00007ffe16048000 	C:\Windows\System32\COMDLG32.dll
0x00007ffe153e0000 - 0x00007ffe15525000 	C:\Windows\System32\ole32.dll
0x00007ffe15e80000 - 0x00007ffe15f40000 	C:\Windows\System32\OLEAUT32.dll
0x00007ffe155a0000 - 0x00007ffe15706000 	C:\Windows\System32\MSCTF.dll
0x0000000051ba0000 - 0x0000000051bb4000 	C:\Program Files\Java\jdk1.8.0_144\jre\bin\javafx_font.dll
0x00007ffe09a50000 - 0x00007ffe09d0f000 	C:\Windows\SYSTEM32\dwrite.dll
0x00007ffe13960000 - 0x00007ffe139fe000 	C:\Windows\System32\clbcatq.dll
0x00007ffe0d7e0000 - 0x00007ffe0d98c000 	C:\Windows\SYSTEM32\WindowsCodecs.dll
0x00007ffdee290000 - 0x00007ffdee2d7000 	C:\Windows\system32\dataexchange.dll
0x00007ffe0ff60000 - 0x00007ffe1023f000 	C:\Windows\system32\d3d11.dll
0x00007ffe10910000 - 0x00007ffe10a32000 	C:\Windows\system32\dcomp.dll
0x00007ffe117c0000 - 0x00007ffe11864000 	C:\Windows\system32\dxgi.dll
0x00007ffe11300000 - 0x00007ffe11470000 	C:\Windows\system32\twinapi.appcore.dll
0x00007ffe12430000 - 0x00007ffe12455000 	C:\Windows\system32\bcrypt.dll
0x00007ffe071d0000 - 0x00007ffe07201000 	C:\Program Files\Common Files\Microsoft Shared\Ink\rtscom.dll
0x00007ffe0c1c0000 - 0x00007ffe0c242000 	C:\Windows\System32\TextInputFramework.dll
0x00007ffe0d400000 - 0x00007ffe0d6d2000 	C:\Windows\System32\CoreUIComponents.dll
0x00007ffe107f0000 - 0x00007ffe108d3000 	C:\Windows\System32\CoreMessaging.dll
0x00007ffe0e700000 - 0x00007ffe0e839000 	C:\Windows\SYSTEM32\wintypes.dll
0x00007ffe0f500000 - 0x00007ffe0f515000 	C:\Windows\SYSTEM32\usermgrcli.dll
0x00007ffe11a80000 - 0x00007ffe11ab1000 	C:\Windows\SYSTEM32\ntmarta.dll
0x0000000051b80000 - 0x0000000051b91000 	C:\Program Files\Java\jdk1.8.0_144\jre\bin\prism_common.dll
0x0000000051b50000 - 0x0000000051b74000 	C:\Program Files\Java\jdk1.8.0_144\jre\bin\sunec.dll
0x00007ffe11f20000 - 0x00007ffe11f57000 	C:\Windows\SYSTEM32\IPHLPAPI.DLL
0x00007ffe14fb0000 - 0x00007ffe14fb8000 	C:\Windows\System32\NSI.dll
0x00007ffe0df30000 - 0x00007ffe0df46000 	C:\Windows\SYSTEM32\dhcpcsvc6.DLL
0x00007ffe0df10000 - 0x00007ffe0df2a000 	C:\Windows\SYSTEM32\dhcpcsvc.DLL
0x0000000051cd0000 - 0x0000000051ce1000 	C:\Program Files\Java\jdk1.8.0_144\jre\bin\nio.dll
0x00007ffe12320000 - 0x00007ffe12337000 	C:\Windows\SYSTEM32\CRYPTSP.dll
0x00007ffe11d40000 - 0x00007ffe11d74000 	C:\Windows\system32\rsaenh.dll
0x00007ffe127a0000 - 0x00007ffe127c9000 	C:\Windows\SYSTEM32\USERENV.dll
0x00007ffe12340000 - 0x00007ffe1234b000 	C:\Windows\SYSTEM32\CRYPTBASE.dll
0x0000000051b40000 - 0x0000000051b4b000 	C:\Program Files\Java\jdk1.8.0_144\jre\bin\sunmscapi.dll
0x00007ffe13640000 - 0x00007ffe13809000 	C:\Windows\System32\CRYPT32.dll
0x00007ffe12890000 - 0x00007ffe128a1000 	C:\Windows\System32\MSASN1.dll
0x00007ffe048f0000 - 0x00007ffe04906000 	C:\Windows\system32\napinsp.dll
0x00007ffe048d0000 - 0x00007ffe048ea000 	C:\Windows\system32\pnrpnsp.dll
0x00007ffe0f670000 - 0x00007ffe0f688000 	C:\Windows\system32\NLAapi.dll
0x00007ffe11f60000 - 0x00007ffe12004000 	C:\Windows\SYSTEM32\DNSAPI.dll
0x00007ffe048c0000 - 0x00007ffe048ce000 	C:\Windows\System32\winrnr.dll
0x00007ffe0d9b0000 - 0x00007ffe0d9ba000 	C:\Windows\System32\rasadhlp.dll
0x00007ffe0db80000 - 0x00007ffe0dbeb000 	C:\Windows\System32\fwpuclnt.dll

VM Arguments:
jvm_args: -javaagent:C:\Program Files\JetBrains\IntelliJ IDEA 2017.2.1\lib\idea_rt.jar=53276:C:\Program Files\JetBrains\IntelliJ IDEA 2017.2.1\bin -Dfile.encoding=UTF-8 
java_command: sample.Main
java_class_path (initial): C:\Program Files\Java\jdk1.8.0_144\jre\lib\charsets.jar;C:\Program Files\Java\jdk1.8.0_144\jre\lib\deploy.jar;C:\Program Files\Java\jdk1.8.0_144\jre\lib\ext\access-bridge-64.jar;C:\Program Files\Java\jdk1.8.0_144\jre\lib\ext\cldrdata.jar;C:\Program Files\Java\jdk1.8.0_144\jre\lib\ext\dnsns.jar;C:\Program Files\Java\jdk1.8.0_144\jre\lib\ext\jaccess.jar;C:\Program Files\Java\jdk1.8.0_144\jre\lib\ext\jfxrt.jar;C:\Program Files\Java\jdk1.8.0_144\jre\lib\ext\localedata.jar;C:\Program Files\Java\jdk1.8.0_144\jre\lib\ext\nashorn.jar;C:\Program Files\Java\jdk1.8.0_144\jre\lib\ext\sunec.jar;C:\Program Files\Java\jdk1.8.0_144\jre\lib\ext\sunjce_provider.jar;C:\Program Files\Java\jdk1.8.0_144\jre\lib\ext\sunmscapi.jar;C:\Program Files\Java\jdk1.8.0_144\jre\lib\ext\sunpkcs11.jar;C:\Program Files\Java\jdk1.8.0_144\jre\lib\ext\zipfs.jar;C:\Program Files\Java\jdk1.8.0_144\jre\lib\javaws.jar;C:\Program Files\Java\jdk1.8.0_144\jre\lib\jce.jar;C:\Program Files\Java\jdk1.8.0_144\jre\lib\jfr.jar;C:\Program Files\Java\jdk1.8.0_144\jre\lib\jfxswt.jar;C:\Program Files\Java\jdk1.8.0_144\jre\lib\jsse.jar;C:\Program Files\Java\jdk1.8.0_144\jre\lib\management-agent.jar;C:\Program Files\Java\jdk1.8.0_144\jre\lib\plugin.jar;C:\Program Files\Java\jdk1.8.0_144\jre\lib\resources.jar;C:\Program Files\Java\jdk1.8.0_144\jre\lib\rt.jar;D:\новий комунікатор\CommunicatorOrigin\out\production\.IntelliJIdea2017.2;C:\Users\Admin\Desktop\sqljdbc4-3.0.jar;C:\Users\Admin\Desktop\Добрянський Андрій\jar_files\jfoenix-1.2.0.jar;C:\Users\Admin\Desktop\Добрянський Андрій\jar_files\commons-dbutils-1.5.jar;C:\Users\Admin\Desktop\Добрянський Андрій\Desctop\sqljdbc4-3.0.jar;C:\Users\Admin\Desktop\Добрянський Андрій\Desctop\commons-dbutils-1.5.jar;D:\новий комунікатор\Library\sqljdbc4-3.0.jar;D:\новий комунікатор\Library\jfoenix-1.2.0.jar;D:\новий комунікатор\Library\commons-dbutils-1.4.jar;C:\Users\Admin\Desktop\com.springsource.com.mchange.v2.c3p0-0.9.1.2.jar;C:\Users\Admin\Desktop\messag
Launcher Type: SUN_STANDARD

Environment Variables:
PATH=C:\ProgramData\Oracle\Java\javapath;C:\Windows\system32;C:\Windows;C:\Windows\System32\Wbem;C:\Windows\System32\WindowsPowerShell\v1.0\;C:\Program Files (x86)\Skype\Phone\;C:\Program Files\Microsoft SQL Server\120\DTS\Binn\;C:\Program Files\Microsoft SQL Server\Client SDK\ODBC\110\Tools\Binn\;C:\Program Files (x86)\Microsoft SQL Server\120\Tools\Binn\;C:\Program Files\Microsoft SQL Server\120\Tools\Binn\;C:\Program Files (x86)\Microsoft SQL Server\120\Tools\Binn\ManagementStudio\;C:\Program Files (x86)\Microsoft SQL Server\120\DTS\Binn\;C:\Program Files\Microsoft SQL Server\130\Tools\Binn\;C:\Program Files (x86)\nodejs\;C:\Program Files (x86)\Windows Kits\10\Windows Performance Toolkit\;C:\Program Files\MySQL\MySQL Utilities 1.6\;C:\Windows\system32\config\systemprofile\.dnx\bin;C:\Program Files\Microsoft DNX\Dnvm\;C:\Program Files (x86)\Microsoft Emulator Manager\1.0\;C:\Users\Admin\AppData\Local\Microsoft\WindowsApps;C:\Users\Admin\AppData\Roaming\npm
USERNAME=Зеленін Максим
OS=Windows_NT
PROCESSOR_IDENTIFIER=AMD64 Family 21 Model 2 Stepping 0, AuthenticAMD



---------------  S Y S T E M  ---------------

OS: Windows 10.0 , 64 bit Build 15063 (10.0.15063.296)

CPU:total 6 (initial active 6) (6 cores per cpu, 1 threads per core) family 21 model 2 stepping 0, cmov, cx8, fxsr, mmx, sse, sse2, sse3, ssse3, sse4.1, sse4.2, popcnt, avx, aes, clmul, mmxext, 3dnowpref, lzcnt, sse4a, tsc, tscinvbit, tscinv, bmi1

Memory: 4k page, physical 16724268k(4938320k free), swap 23176276k(6900k free)

vm_info: Java HotSpot(TM) 64-Bit Server VM (25.144-b01) for windows-amd64 JRE (1.8.0_144-b01), built on Jul 21 2017 21:57:33 by "java_re" with MS VC++ 10.0 (VS2010)

time: Thu Oct 12 11:26:16 2017
elapsed time: 21 seconds (0d 0h 0m 21s)

