#
# There is insufficient memory for the Java Runtime Environment to continue.
# Native memory allocation (malloc) failed to allocate 1709472 bytes for Chunk::new
# Possible reasons:
#   The system is out of physical RAM or swap space
#   In 32 bit mode, the process size limit was hit
# Possible solutions:
#   Reduce memory load on the system
#   Increase physical memory or swap space
#   Check if swap backing store is full
#   Use 64 bit Java on a 64 bit OS
#   Decrease Java heap size (-Xmx/-Xms)
#   Decrease number of Java threads
#   Decrease Java thread stack sizes (-Xss)
#   Set larger code cache with -XX:ReservedCodeCacheSize=
# This output file may be truncated or incomplete.
#
#  Out of Memory Error (allocation.cpp:390), pid=13452, tid=0x00000000000026e4
#
# JRE version: Java(TM) SE Runtime Environment (8.0_152-b16) (build 1.8.0_152-b16)
# Java VM: Java HotSpot(TM) 64-Bit Server VM (25.152-b16 mixed mode windows-amd64 compressed oops)
# Failed to write core dump. Minidumps are not enabled by default on client versions of Windows
#

---------------  T H R E A D  ---------------

Current thread (0x000000001b8c4000):  JavaThread "C2 CompilerThread0" daemon [_thread_in_native, id=9956, stack(0x000000001ba80000,0x000000001bb80000)]

Stack: [0x000000001ba80000,0x000000001bb80000]
[error occurred during error reporting (printing stack bounds), id 0xc0000005]

Native frames: (J=compiled Java code, j=interpreted, Vv=VM code, C=native code)


Current CompileTask:
C2:  14575 4480       4       javafx.scene.CssStyleHelper::resolveLookups (521 bytes)


---------------  P R O C E S S  ---------------

Java Threads: ( => current thread )
  0x000000001c38a000 JavaThread "com.mchange.v2.async.ThreadPoolAsynchronousRunner$PoolThread-#2" daemon [_thread_blocked, id=9076, stack(0x0000000029180000,0x0000000029280000)]
  0x000000001c38e000 JavaThread "com.mchange.v2.async.ThreadPoolAsynchronousRunner$PoolThread-#1" daemon [_thread_blocked, id=14672, stack(0x0000000029080000,0x0000000029180000)]
  0x000000001c38d000 JavaThread "com.mchange.v2.async.ThreadPoolAsynchronousRunner$PoolThread-#0" daemon [_thread_blocked, id=21176, stack(0x0000000028f80000,0x0000000029080000)]
  0x000000001c38c800 JavaThread "Timer-0" daemon [_thread_blocked, id=3272, stack(0x0000000028e80000,0x0000000028f80000)]
  0x000000001c38b000 JavaThread "Prism Font Disposer" daemon [_thread_blocked, id=16684, stack(0x0000000027880000,0x0000000027980000)]
  0x000000001c38b800 JavaThread "JavaFX-Launcher" [_thread_blocked, id=19928, stack(0x00000000252c0000,0x00000000253c0000)]
  0x000000001c33c000 JavaThread "AWT-Windows" daemon [_thread_in_native, id=14652, stack(0x00000000250c0000,0x00000000251c0000)]
  0x0000000023c2a800 JavaThread "Java2D Disposer" daemon [_thread_blocked, id=19936, stack(0x0000000024ec0000,0x0000000024fc0000)]
  0x000000001c14f000 JavaThread "Thread-2" daemon [_thread_in_native, id=11352, stack(0x00000000237b0000,0x00000000238b0000)]
  0x000000001c0ac000 JavaThread "JavaFX Application Thread" [_thread_in_Java, id=21032, stack(0x000000001cd20000,0x000000001ce20000)]
  0x000000001c0f7800 JavaThread "Thread-1" daemon [_thread_blocked, id=9508, stack(0x000000001cc20000,0x000000001cd20000)]
  0x000000001c08c800 JavaThread "QuantumRenderer-0" daemon [_thread_blocked, id=19588, stack(0x000000001c970000,0x000000001ca70000)]
  0x000000001bdd0000 JavaThread "Service Thread" daemon [_thread_blocked, id=1276, stack(0x000000001c580000,0x000000001c680000)]
  0x000000001b927800 JavaThread "C1 CompilerThread2" daemon [_thread_blocked, id=21132, stack(0x000000001bc80000,0x000000001bd80000)]
  0x000000001b926800 JavaThread "C2 CompilerThread1" daemon [_thread_in_native, id=19584, stack(0x000000001bb80000,0x000000001bc80000)]
=>0x000000001b8c4000 JavaThread "C2 CompilerThread0" daemon [_thread_in_native, id=9956, stack(0x000000001ba80000,0x000000001bb80000)]
  0x000000001b8ca800 JavaThread "Monitor Ctrl-Break" daemon [_thread_in_native, id=7188, stack(0x000000001b980000,0x000000001ba80000)]
  0x0000000019f3d000 JavaThread "Attach Listener" daemon [_thread_blocked, id=19648, stack(0x000000001b480000,0x000000001b580000)]
  0x0000000019f3b800 JavaThread "Signal Dispatcher" daemon [_thread_blocked, id=18740, stack(0x000000001b380000,0x000000001b480000)]
  0x0000000019f1e000 JavaThread "Finalizer" daemon [_thread_blocked, id=11032, stack(0x000000001b190000,0x000000001b290000)]
  0x0000000005406000 JavaThread "Reference Handler" daemon [_thread_blocked, id=15412, stack(0x000000001b090000,0x000000001b190000)]
  0x0000000005315800 JavaThread "main" [_thread_blocked, id=18344, stack(0x00000000050a0000,0x00000000051a0000)]

Other Threads:
  0x0000000019ef6800 VMThread [stack: 0x000000001af90000,0x000000001b090000] [id=18016]
  0x000000001bdd5800 WatcherThread [stack: 0x000000001c680000,0x000000001c780000] [id=656]

VM state:not at safepoint (normal execution)

VM Mutex/Monitor currently owned by a thread: None

Heap:
 PSYoungGen      total 123392K, used 73118K [0x00000000d5f80000, 0x00000000df480000, 0x0000000100000000)
  eden space 101888K, 71% used [0x00000000d5f80000,0x00000000da6e7b68,0x00000000dc300000)
  from space 21504K, 0% used [0x00000000dd980000,0x00000000dd980000,0x00000000dee80000)
  to   space 23040K, 0% used [0x00000000dc300000,0x00000000dc300000,0x00000000dd980000)
 ParOldGen       total 104448K, used 44680K [0x0000000081e00000, 0x0000000088400000, 0x00000000d5f80000)
  object space 104448K, 42% used [0x0000000081e00000,0x00000000849a2060,0x0000000088400000)
 Metaspace       used 35102K, capacity 37566K, committed 37760K, reserved 1081344K
  class space    used 4738K, capacity 5182K, committed 5248K, reserved 1048576K

Card table byte_map: [0x00000000147d0000,0x0000000014bd0000] byte_map_base: 0x00000000143c1000

Marking Bits: (ParMarkBitMap*) 0x0000000060480860
 Begin Bits: [0x0000000015280000, 0x0000000017208000)
 End Bits:   [0x0000000017208000, 0x0000000019190000)

Polling page: 0x0000000003330000

CodeCache: size=245760Kb used=14905Kb max_used=14905Kb free=230854Kb
 bounds [0x0000000005410000, 0x00000000062b0000, 0x0000000014410000]
 total_blobs=5725 nmethods=4893 adapters=743
 compilation: enabled

Compilation events (10 events):
Event: 14.561 Thread 0x000000001b927800 5331       2       sun.reflect.ClassFileAssembler::setMaxLocals (6 bytes)
Event: 14.561 Thread 0x000000001b927800 nmethod 5331 0x00000000062a6f90 code [0x00000000062a70e0, 0x00000000062a7230]
Event: 14.561 Thread 0x000000001b927800 5334       2       sun.reflect.AccessorGenerator::emitMethod (275 bytes)
Event: 14.565 Thread 0x000000001b927800 nmethod 5334 0x00000000062a7290 code [0x00000000062a76a0, 0x00000000062a8c18]
Event: 14.565 Thread 0x000000001b927800 5332       2       sun.reflect.ClassFileAssembler::opc_dup_x1 (11 bytes)
Event: 14.565 Thread 0x000000001b927800 nmethod 5332 0x00000000062ab5d0 code [0x00000000062ab740, 0x00000000062ab928]
Event: 14.565 Thread 0x000000001b927800 5333       2       sun.reflect.ClassFileAssembler::opc_swap (7 bytes)
Event: 14.565 Thread 0x000000001b927800 nmethod 5333 0x00000000062aba50 code [0x00000000062abbc0, 0x00000000062abd68]
Event: 14.565 Thread 0x000000001b927800 5335       2       sun.reflect.ClassFileAssembler::getMaxStack (6 bytes)
Event: 14.565 Thread 0x000000001b927800 nmethod 5335 0x00000000062abe90 code [0x00000000062abfe0, 0x00000000062ac130]

GC Heap History (10 events):
Event: 11.154 GC heap before
{Heap before GC invocations=6 (full 1):
 PSYoungGen      total 38400K, used 38384K [0x00000000d5f80000, 0x00000000d9e80000, 0x0000000100000000)
  eden space 33280K, 100% used [0x00000000d5f80000,0x00000000d8000000,0x00000000d8000000)
  from space 5120K, 99% used [0x00000000d8500000,0x00000000d89fc010,0x00000000d8a00000)
  to   space 5120K, 0% used [0x00000000d8000000,0x00000000d8000000,0x00000000d8500000)
 ParOldGen       total 57344K, used 15034K [0x0000000081e00000, 0x0000000085600000, 0x00000000d5f80000)
  object space 57344K, 26% used [0x0000000081e00000,0x0000000082caeb20,0x0000000085600000)
 Metaspace       used 31103K, capacity 32378K, committed 32640K, reserved 1077248K
  class space    used 4193K, capacity 4460K, committed 4480K, reserved 1048576K
Event: 11.166 GC heap after
Heap after GC invocations=6 (full 1):
 PSYoungGen      total 38400K, used 5111K [0x00000000d5f80000, 0x00000000db600000, 0x0000000100000000)
  eden space 33280K, 0% used [0x00000000d5f80000,0x00000000d5f80000,0x00000000d8000000)
  from space 5120K, 99% used [0x00000000d8000000,0x00000000d84fdec0,0x00000000d8500000)
  to   space 15872K, 0% used [0x00000000da680000,0x00000000da680000,0x00000000db600000)
 ParOldGen       total 57344K, used 22020K [0x0000000081e00000, 0x0000000085600000, 0x00000000d5f80000)
  object space 57344K, 38% used [0x0000000081e00000,0x00000000833811a0,0x0000000085600000)
 Metaspace       used 31103K, capacity 32378K, committed 32640K, reserved 1077248K
  class space    used 4193K, capacity 4460K, committed 4480K, reserved 1048576K
}
Event: 11.552 GC heap before
{Heap before GC invocations=7 (full 1):
 PSYoungGen      total 38400K, used 38248K [0x00000000d5f80000, 0x00000000db600000, 0x0000000100000000)
  eden space 33280K, 99% used [0x00000000d5f80000,0x00000000d7fdc1b8,0x00000000d8000000)
  from space 5120K, 99% used [0x00000000d8000000,0x00000000d84fdec0,0x00000000d8500000)
  to   space 15872K, 0% used [0x00000000da680000,0x00000000da680000,0x00000000db600000)
 ParOldGen       total 57344K, used 22020K [0x0000000081e00000, 0x0000000085600000, 0x00000000d5f80000)
  object space 57344K, 38% used [0x0000000081e00000,0x00000000833811a0,0x0000000085600000)
 Metaspace       used 31501K, capacity 32872K, committed 33024K, reserved 1077248K
  class space    used 4242K, capacity 4513K, committed 4608K, reserved 1048576K
Event: 11.564 GC heap after
Heap after GC invocations=7 (full 1):
 PSYoungGen      total 72704K, used 10358K [0x00000000d5f80000, 0x00000000db900000, 0x0000000100000000)
  eden space 56832K, 0% used [0x00000000d5f80000,0x00000000d5f80000,0x00000000d9700000)
  from space 15872K, 65% used [0x00000000da680000,0x00000000db09d950,0x00000000db600000)
  to   space 15872K, 0% used [0x00000000d9700000,0x00000000d9700000,0x00000000da680000)
 ParOldGen       total 57344K, used 22028K [0x0000000081e00000, 0x0000000085600000, 0x00000000d5f80000)
  object space 57344K, 38% used [0x0000000081e00000,0x00000000833831a0,0x0000000085600000)
 Metaspace       used 31501K, capacity 32872K, committed 33024K, reserved 1077248K
  class space    used 4242K, capacity 4513K, committed 4608K, reserved 1048576K
}
Event: 12.225 GC heap before
{Heap before GC invocations=8 (full 1):
 PSYoungGen      total 72704K, used 67190K [0x00000000d5f80000, 0x00000000db900000, 0x0000000100000000)
  eden space 56832K, 100% used [0x00000000d5f80000,0x00000000d9700000,0x00000000d9700000)
  from space 15872K, 65% used [0x00000000da680000,0x00000000db09d950,0x00000000db600000)
  to   space 15872K, 0% used [0x00000000d9700000,0x00000000d9700000,0x00000000da680000)
 ParOldGen       total 57344K, used 22028K [0x0000000081e00000, 0x0000000085600000, 0x00000000d5f80000)
  object space 57344K, 38% used [0x0000000081e00000,0x00000000833831a0,0x0000000085600000)
 Metaspace       used 31947K, capacity 33510K, committed 33536K, reserved 1079296K
  class space    used 4287K, capacity 4604K, committed 4608K, reserved 1048576K
Event: 12.243 GC heap after
Heap after GC invocations=8 (full 1):
 PSYoungGen      total 72704K, used 15851K [0x00000000d5f80000, 0x00000000dee80000, 0x0000000100000000)
  eden space 56832K, 0% used [0x00000000d5f80000,0x00000000d5f80000,0x00000000d9700000)
  from space 15872K, 99% used [0x00000000d9700000,0x00000000da67acd8,0x00000000da680000)
  to   space 21504K, 0% used [0x00000000dd980000,0x00000000dd980000,0x00000000dee80000)
 ParOldGen       total 57344K, used 29047K [0x0000000081e00000, 0x0000000085600000, 0x00000000d5f80000)
  object space 57344K, 50% used [0x0000000081e00000,0x0000000083a5dce0,0x0000000085600000)
 Metaspace       used 31947K, capacity 33510K, committed 33536K, reserved 1079296K
  class space    used 4287K, capacity 4604K, committed 4608K, reserved 1048576K
}
Event: 12.629 GC heap before
{Heap before GC invocations=9 (full 1):
 PSYoungGen      total 72704K, used 32564K [0x00000000d5f80000, 0x00000000dee80000, 0x0000000100000000)
  eden space 56832K, 29% used [0x00000000d5f80000,0x00000000d6fd2508,0x00000000d9700000)
  from space 15872K, 99% used [0x00000000d9700000,0x00000000da67acd8,0x00000000da680000)
  to   space 21504K, 0% used [0x00000000dd980000,0x00000000dd980000,0x00000000dee80000)
 ParOldGen       total 57344K, used 29047K [0x0000000081e00000, 0x0000000085600000, 0x00000000d5f80000)
  object space 57344K, 50% used [0x0000000081e00000,0x0000000083a5dce0,0x0000000085600000)
 Metaspace       used 33472K, capacity 35412K, committed 35456K, reserved 1079296K
  class space    used 4563K, capacity 4961K, committed 4992K, reserved 1048576K
Event: 12.652 GC heap after
Heap after GC invocations=9 (full 1):
 PSYoungGen      total 123392K, used 16217K [0x00000000d5f80000, 0x00000000df480000, 0x0000000100000000)
  eden space 101888K, 0% used [0x00000000d5f80000,0x00000000d5f80000,0x00000000dc300000)
  from space 21504K, 75% used [0x00000000dd980000,0x00000000de9565e8,0x00000000dee80000)
  to   space 23040K, 0% used [0x00000000dc300000,0x00000000dc300000,0x00000000dd980000)
 ParOldGen       total 57344K, used 32477K [0x0000000081e00000, 0x0000000085600000, 0x00000000d5f80000)
  object space 57344K, 56% used [0x0000000081e00000,0x0000000083db7678,0x0000000085600000)
 Metaspace       used 33472K, capacity 35412K, committed 35456K, reserved 1079296K
  class space    used 4563K, capacity 4961K, committed 4992K, reserved 1048576K
}
Event: 12.652 GC heap before
{Heap before GC invocations=10 (full 2):
 PSYoungGen      total 123392K, used 16217K [0x00000000d5f80000, 0x00000000df480000, 0x0000000100000000)
  eden space 101888K, 0% used [0x00000000d5f80000,0x00000000d5f80000,0x00000000dc300000)
  from space 21504K, 75% used [0x00000000dd980000,0x00000000de9565e8,0x00000000dee80000)
  to   space 23040K, 0% used [0x00000000dc300000,0x00000000dc300000,0x00000000dd980000)
 ParOldGen       total 57344K, used 32477K [0x0000000081e00000, 0x0000000085600000, 0x00000000d5f80000)
  object space 57344K, 56% used [0x0000000081e00000,0x0000000083db7678,0x0000000085600000)
 Metaspace       used 33472K, capacity 35412K, committed 35456K, reserved 1079296K
  class space    used 4563K, capacity 4961K, committed 4992K, reserved 1048576K
Event: 12.828 GC heap after
Heap after GC invocations=10 (full 2):
 PSYoungGen      total 123392K, used 0K [0x00000000d5f80000, 0x00000000df480000, 0x0000000100000000)
  eden space 101888K, 0% used [0x00000000d5f80000,0x00000000d5f80000,0x00000000dc300000)
  from space 21504K, 0% used [0x00000000dd980000,0x00000000dd980000,0x00000000dee80000)
  to   space 23040K, 0% used [0x00000000dc300000,0x00000000dc300000,0x00000000dd980000)
 ParOldGen       total 104448K, used 44680K [0x0000000081e00000, 0x0000000088400000, 0x00000000d5f80000)
  object space 104448K, 42% used [0x0000000081e00000,0x00000000849a2060,0x0000000088400000)
 Metaspace       used 33472K, capacity 35412K, committed 35456K, reserved 1079296K
  class space    used 4563K, capacity 4961K, committed 4992K, reserved 1048576K
}

Deoptimization events (10 events):
Event: 12.928 Thread 0x000000001c0ac000 Uncommon trap: reason=speculate_class_check action=maybe_recompile pc=0x0000000005dabb58 method=java.nio.charset.CharsetDecoder.reset()Ljava/nio/charset/CharsetDecoder; @ 1
Event: 12.997 Thread 0x000000001c0ac000 Uncommon trap: reason=unstable_if action=reinterpret pc=0x00000000060683dc method=javafx.scene.CssStyleHelper.canReuseStyleHelper(Ljavafx/scene/Node;Lcom/sun/javafx/css/StyleMap;)Z @ 30
Event: 13.048 Thread 0x000000001c0ac000 Uncommon trap: reason=unstable_if action=reinterpret pc=0x000000000609bbfc method=javafx.scene.CssStyleHelper.getStyle(Ljavafx/css/Styleable;Ljava/lang/String;Lcom/sun/javafx/css/StyleMap;Ljava/util/Set;)Lcom/sun/javafx/css/CascadingStyle; @ 8
Event: 13.164 Thread 0x000000001c0ac000 Uncommon trap: reason=unstable_if action=reinterpret pc=0x00000000060f75f8 method=javafx.scene.CssStyleHelper.getStyle(Ljavafx/css/Styleable;Ljava/lang/String;Lcom/sun/javafx/css/StyleMap;Ljava/util/Set;)Lcom/sun/javafx/css/CascadingStyle; @ 8
Event: 13.170 Thread 0x000000001c0ac000 Uncommon trap: reason=null_check action=make_not_entrant pc=0x000000000610bbd4 method=com.sun.javafx.css.SimpleSelector.applies(Ljavafx/css/Styleable;)Z @ 77
Event: 13.521 Thread 0x000000001c0ac000 Uncommon trap: reason=unstable_if action=reinterpret pc=0x0000000005c72278 method=com.sun.javafx.css.BitSet.add(Ljava/lang/Object;)Z @ 91
Event: 13.677 Thread 0x000000001c0ac000 Uncommon trap: reason=bimorphic action=maybe_recompile pc=0x0000000005fce6d8 method=java.io.SequenceInputStream.read([BII)I @ 58
Event: 13.677 Thread 0x000000001c0ac000 Uncommon trap: reason=bimorphic action=maybe_recompile pc=0x0000000005fce6d8 method=java.io.SequenceInputStream.read([BII)I @ 58
Event: 13.677 Thread 0x000000001c0ac000 Uncommon trap: reason=bimorphic action=maybe_recompile pc=0x0000000005fce6d8 method=java.io.SequenceInputStream.read([BII)I @ 58
Event: 13.677 Thread 0x000000001c0ac000 Uncommon trap: reason=bimorphic action=maybe_recompile pc=0x0000000005fce6d8 method=java.io.SequenceInputStream.read([BII)I @ 58

Classes redefined (0 events):
No events

Internal exceptions (10 events):
Event: 12.150 Thread 0x000000001c0ac000 Exception <a 'java/security/PrivilegedActionException'> (0x00000000d8d3d3d0) thrown at [C:\re\workspace\8-2-build-windows-amd64-cygwin\jdk8u152\9742\hotspot\src\share\vm\prims\jvm.cpp, line 1390]
Event: 12.156 Thread 0x000000001c0ac000 Exception <a 'java/security/PrivilegedActionException'> (0x00000000d8dc5168) thrown at [C:\re\workspace\8-2-build-windows-amd64-cygwin\jdk8u152\9742\hotspot\src\share\vm\prims\jvm.cpp, line 1390]
Event: 12.156 Thread 0x000000001c0ac000 Exception <a 'java/security/PrivilegedActionException'> (0x00000000d8dc5930) thrown at [C:\re\workspace\8-2-build-windows-amd64-cygwin\jdk8u152\9742\hotspot\src\share\vm\prims\jvm.cpp, line 1390]
Event: 12.172 Thread 0x000000001c0ac000 Exception <a 'java/security/PrivilegedActionException'> (0x00000000d8efcaf0) thrown at [C:\re\workspace\8-2-build-windows-amd64-cygwin\jdk8u152\9742\hotspot\src\share\vm\prims\jvm.cpp, line 1390]
Event: 12.172 Thread 0x000000001c0ac000 Exception <a 'java/security/PrivilegedActionException'> (0x00000000d8efd0d0) thrown at [C:\re\workspace\8-2-build-windows-amd64-cygwin\jdk8u152\9742\hotspot\src\share\vm\prims\jvm.cpp, line 1390]
Event: 12.297 Thread 0x000000001c387000 Exception <a 'java/lang/NullPointerException'> (0x00000000d63ae510) thrown at [C:\re\workspace\8-2-build-windows-amd64-cygwin\jdk8u152\9742\hotspot\src\share\vm\interpreter\linkResolver.cpp, line 1185]
Event: 12.544 Thread 0x000000001c0ac000 Exception <a 'java/io/FileNotFoundException'> (0x00000000d6d46940) thrown at [C:\re\workspace\8-2-build-windows-amd64-cygwin\jdk8u152\9742\hotspot\src\share\vm\prims\jni.cpp, line 709]
Event: 12.875 Thread 0x000000001c0ac000 Implicit null exception at 0x0000000005bb8e84 to 0x0000000005bbbf75
Event: 13.084 Thread 0x000000001c0ac000 Exception <a 'java/io/FileNotFoundException'> (0x00000000d6936fb8) thrown at [C:\re\workspace\8-2-build-windows-amd64-cygwin\jdk8u152\9742\hotspot\src\share\vm\prims\jni.cpp, line 709]
Event: 13.170 Thread 0x000000001c0ac000 Implicit null exception at 0x000000000610b4fd to 0x000000000610bbc9

Events (10 events):
Event: 13.894 loading class com/sun/scenario/animation/shared/InterpolationInterval$TangentLongInterpolationInterval
Event: 13.894 loading class com/sun/scenario/animation/shared/InterpolationInterval$TangentLongInterpolationInterval done
Event: 13.894 loading class com/sun/scenario/animation/shared/InterpolationInterval$LongInterpolationInterval
Event: 13.894 loading class com/sun/scenario/animation/shared/InterpolationInterval$LongInterpolationInterval done
Event: 13.894 loading class com/sun/scenario/animation/shared/InterpolationInterval$ObjectInterpolationInterval
Event: 13.894 loading class com/sun/scenario/animation/shared/InterpolationInterval$ObjectInterpolationInterval done
Event: 13.894 loading class com/sun/scenario/animation/shared/InterpolationInterval$1
Event: 13.894 loading class com/sun/scenario/animation/shared/InterpolationInterval$1 done
Event: 13.900 loading class com/sun/javafx/scene/control/skin/TextAreaSkin$ContentView
Event: 13.900 loading class com/sun/javafx/scene/control/skin/TextAreaSkin$ContentView done


Dynamic libraries:
0x00007ff643c00000 - 0x00007ff643c37000 	C:\Program Files\Java\jdk1.8.0_152\bin\java.exe
0x00007fffefd10000 - 0x00007fffefef0000 	C:\WINDOWS\SYSTEM32\ntdll.dll
0x00007fffefb90000 - 0x00007fffefc3e000 	C:\WINDOWS\System32\KERNEL32.DLL
0x00007fffec230000 - 0x00007fffec496000 	C:\WINDOWS\System32\KERNELBASE.dll
0x00007fffed540000 - 0x00007fffed5e1000 	C:\WINDOWS\System32\ADVAPI32.dll
0x00007fffefc40000 - 0x00007fffefcdd000 	C:\WINDOWS\System32\msvcrt.dll
0x00007fffed5f0000 - 0x00007fffed64b000 	C:\WINDOWS\System32\sechost.dll
0x00007fffef290000 - 0x00007fffef3af000 	C:\WINDOWS\System32\RPCRT4.dll
0x00007fffeef90000 - 0x00007fffef11f000 	C:\WINDOWS\System32\USER32.dll
0x00007fffec4a0000 - 0x00007fffec4c0000 	C:\WINDOWS\System32\win32u.dll
0x00007fffef260000 - 0x00007fffef288000 	C:\WINDOWS\System32\GDI32.dll
0x00007fffed040000 - 0x00007fffed1d3000 	C:\WINDOWS\System32\gdi32full.dll
0x00007fffec190000 - 0x00007fffec22b000 	C:\WINDOWS\System32\msvcp_win.dll
0x00007fffecf40000 - 0x00007fffed036000 	C:\WINDOWS\System32\ucrtbase.dll
0x00007fffc6250000 - 0x00007fffc64b9000 	C:\WINDOWS\WinSxS\amd64_microsoft.windows.common-controls_6595b64144ccf1df_6.0.16299.125_none_15cbcf8893620c09\COMCTL32.dll
0x00007fffef3b0000 - 0x00007fffef6b8000 	C:\WINDOWS\System32\combase.dll
0x00007fffec110000 - 0x00007fffec182000 	C:\WINDOWS\System32\bcryptPrimitives.dll
0x00007fffed650000 - 0x00007fffed67d000 	C:\WINDOWS\System32\IMM32.DLL
0x0000000061050000 - 0x0000000061122000 	C:\Program Files\Java\jdk1.8.0_152\jre\bin\msvcr100.dll
0x000000005fc60000 - 0x0000000060500000 	C:\Program Files\Java\jdk1.8.0_152\jre\bin\server\jvm.dll
0x00007fffed530000 - 0x00007fffed538000 	C:\WINDOWS\System32\PSAPI.DLL
0x00007fffda7c0000 - 0x00007fffda7e3000 	C:\WINDOWS\SYSTEM32\WINMM.dll
0x00007fffe5a50000 - 0x00007fffe5a59000 	C:\WINDOWS\SYSTEM32\WSOCK32.dll
0x00007fffef130000 - 0x00007fffef19c000 	C:\WINDOWS\System32\WS2_32.dll
0x00007fffda730000 - 0x00007fffda75a000 	C:\WINDOWS\SYSTEM32\WINMMBASE.dll
0x00007fffece90000 - 0x00007fffeceda000 	C:\WINDOWS\System32\cfgmgr32.dll
0x00007fffe5dc0000 - 0x00007fffe5dca000 	C:\WINDOWS\SYSTEM32\VERSION.dll
0x0000000061d30000 - 0x0000000061d3f000 	C:\Program Files\Java\jdk1.8.0_152\jre\bin\verify.dll
0x0000000061020000 - 0x0000000061049000 	C:\Program Files\Java\jdk1.8.0_152\jre\bin\java.dll
0x0000000060fb0000 - 0x0000000060fd3000 	C:\Program Files\Java\jdk1.8.0_152\jre\bin\instrument.dll
0x0000000061d10000 - 0x0000000061d26000 	C:\Program Files\Java\jdk1.8.0_152\jre\bin\zip.dll
0x00007fffedb50000 - 0x00007fffeef86000 	C:\WINDOWS\System32\SHELL32.dll
0x00007fffef6c0000 - 0x00007fffef766000 	C:\WINDOWS\System32\shcore.dll
0x00007fffec570000 - 0x00007fffeccb7000 	C:\WINDOWS\System32\windows.storage.dll
0x00007fffef9c0000 - 0x00007fffefa11000 	C:\WINDOWS\System32\shlwapi.dll
0x00007fffec0f0000 - 0x00007fffec101000 	C:\WINDOWS\System32\kernel.appcore.dll
0x00007fffec060000 - 0x00007fffec0ac000 	C:\WINDOWS\System32\powrprof.dll
0x00007fffec0b0000 - 0x00007fffec0cb000 	C:\WINDOWS\System32\profapi.dll
0x00007fffcd330000 - 0x00007fffcd34a000 	C:\Program Files\JetBrains\IntelliJ IDEA 2017.2\bin\breakgen64.dll
0x0000000061000000 - 0x000000006101a000 	C:\Program Files\Java\jdk1.8.0_152\jre\bin\net.dll
0x00007fffeb8f0000 - 0x00007fffeb956000 	C:\WINDOWS\system32\mswsock.dll
0x00000000037b0000 - 0x00000000037b3000 	C:\Program Files\Java\jdk1.8.0_152\jre\bin\api-ms-win-core-console-l1-1-0.dll
0x0000000005070000 - 0x0000000005073000 	C:\Program Files\Java\jdk1.8.0_152\jre\bin\api-ms-win-core-datetime-l1-1-0.dll
0x0000000005080000 - 0x0000000005083000 	C:\Program Files\Java\jdk1.8.0_152\jre\bin\api-ms-win-core-debug-l1-1-0.dll
0x00000000051a0000 - 0x00000000051a3000 	C:\Program Files\Java\jdk1.8.0_152\jre\bin\api-ms-win-core-errorhandling-l1-1-0.dll
0x00000000051b0000 - 0x00000000051b4000 	C:\Program Files\Java\jdk1.8.0_152\jre\bin\api-ms-win-core-file-l1-1-0.dll
0x00000000051c0000 - 0x00000000051c3000 	C:\Program Files\Java\jdk1.8.0_152\jre\bin\api-ms-win-core-file-l1-2-0.dll
0x00000000051d0000 - 0x00000000051d3000 	C:\Program Files\Java\jdk1.8.0_152\jre\bin\api-ms-win-core-file-l2-1-0.dll
0x00000000051e0000 - 0x00000000051e3000 	C:\Program Files\Java\jdk1.8.0_152\jre\bin\api-ms-win-core-handle-l1-1-0.dll
0x00000000051f0000 - 0x00000000051f3000 	C:\Program Files\Java\jdk1.8.0_152\jre\bin\api-ms-win-core-heap-l1-1-0.dll
0x000000001c780000 - 0x000000001c783000 	C:\Program Files\Java\jdk1.8.0_152\jre\bin\api-ms-win-core-interlocked-l1-1-0.dll
0x000000001c790000 - 0x000000001c793000 	C:\Program Files\Java\jdk1.8.0_152\jre\bin\api-ms-win-core-libraryloader-l1-1-0.dll
0x000000001c7a0000 - 0x000000001c7a3000 	C:\Program Files\Java\jdk1.8.0_152\jre\bin\api-ms-win-core-localization-l1-2-0.dll
0x000000001c7b0000 - 0x000000001c7b3000 	C:\Program Files\Java\jdk1.8.0_152\jre\bin\api-ms-win-core-memory-l1-1-0.dll
0x000000001c7c0000 - 0x000000001c7c3000 	C:\Program Files\Java\jdk1.8.0_152\jre\bin\api-ms-win-core-namedpipe-l1-1-0.dll
0x000000001c7d0000 - 0x000000001c7d3000 	C:\Program Files\Java\jdk1.8.0_152\jre\bin\api-ms-win-core-processenvironment-l1-1-0.dll
0x000000001c7e0000 - 0x000000001c7e3000 	C:\Program Files\Java\jdk1.8.0_152\jre\bin\api-ms-win-core-processthreads-l1-1-0.dll
0x000000001c7f0000 - 0x000000001c7f3000 	C:\Program Files\Java\jdk1.8.0_152\jre\bin\api-ms-win-core-processthreads-l1-1-1.dll
0x000000001c800000 - 0x000000001c803000 	C:\Program Files\Java\jdk1.8.0_152\jre\bin\api-ms-win-core-profile-l1-1-0.dll
0x000000001c810000 - 0x000000001c813000 	C:\Program Files\Java\jdk1.8.0_152\jre\bin\api-ms-win-core-rtlsupport-l1-1-0.dll
0x000000001c820000 - 0x000000001c823000 	C:\Program Files\Java\jdk1.8.0_152\jre\bin\api-ms-win-core-string-l1-1-0.dll
0x000000001c830000 - 0x000000001c833000 	C:\Program Files\Java\jdk1.8.0_152\jre\bin\api-ms-win-core-synch-l1-1-0.dll
0x000000001c840000 - 0x000000001c843000 	C:\Program Files\Java\jdk1.8.0_152\jre\bin\api-ms-win-core-synch-l1-2-0.dll
0x000000001c850000 - 0x000000001c853000 	C:\Program Files\Java\jdk1.8.0_152\jre\bin\api-ms-win-core-sysinfo-l1-1-0.dll
0x000000001c860000 - 0x000000001c863000 	C:\Program Files\Java\jdk1.8.0_152\jre\bin\api-ms-win-core-timezone-l1-1-0.dll
0x000000001c870000 - 0x000000001c873000 	C:\Program Files\Java\jdk1.8.0_152\jre\bin\api-ms-win-core-util-l1-1-0.dll
0x000000001c880000 - 0x000000001c883000 	C:\Program Files\Java\jdk1.8.0_152\jre\bin\api-ms-win-crt-conio-l1-1-0.dll
0x000000001c890000 - 0x000000001c894000 	C:\Program Files\Java\jdk1.8.0_152\jre\bin\api-ms-win-crt-convert-l1-1-0.dll
0x000000001c8a0000 - 0x000000001c8a3000 	C:\Program Files\Java\jdk1.8.0_152\jre\bin\api-ms-win-crt-environment-l1-1-0.dll
0x000000001c8b0000 - 0x000000001c8b3000 	C:\Program Files\Java\jdk1.8.0_152\jre\bin\api-ms-win-crt-filesystem-l1-1-0.dll
0x000000001c8c0000 - 0x000000001c8c3000 	C:\Program Files\Java\jdk1.8.0_152\jre\bin\api-ms-win-crt-heap-l1-1-0.dll
0x000000001c8d0000 - 0x000000001c8d3000 	C:\Program Files\Java\jdk1.8.0_152\jre\bin\api-ms-win-crt-locale-l1-1-0.dll
0x000000001c8e0000 - 0x000000001c8e5000 	C:\Program Files\Java\jdk1.8.0_152\jre\bin\api-ms-win-crt-math-l1-1-0.dll
0x000000001c8f0000 - 0x000000001c8f5000 	C:\Program Files\Java\jdk1.8.0_152\jre\bin\api-ms-win-crt-multibyte-l1-1-0.dll
0x000000001c900000 - 0x000000001c910000 	C:\Program Files\Java\jdk1.8.0_152\jre\bin\api-ms-win-crt-private-l1-1-0.dll
0x000000001c910000 - 0x000000001c913000 	C:\Program Files\Java\jdk1.8.0_152\jre\bin\api-ms-win-crt-process-l1-1-0.dll
0x000000001c920000 - 0x000000001c924000 	C:\Program Files\Java\jdk1.8.0_152\jre\bin\api-ms-win-crt-runtime-l1-1-0.dll
0x000000001c930000 - 0x000000001c934000 	C:\Program Files\Java\jdk1.8.0_152\jre\bin\api-ms-win-crt-stdio-l1-1-0.dll
0x000000001c940000 - 0x000000001c944000 	C:\Program Files\Java\jdk1.8.0_152\jre\bin\api-ms-win-crt-string-l1-1-0.dll
0x000000001c950000 - 0x000000001c953000 	C:\Program Files\Java\jdk1.8.0_152\jre\bin\api-ms-win-crt-time-l1-1-0.dll
0x000000001c960000 - 0x000000001c963000 	C:\Program Files\Java\jdk1.8.0_152\jre\bin\api-ms-win-crt-utility-l1-1-0.dll
0x00007fffc66d0000 - 0x00007fffc67c6000 	C:\Program Files\Java\jdk1.8.0_152\jre\bin\ucrtbase.dll
0x00007fffc9e30000 - 0x00007fffc9e81000 	C:\Program Files\Java\jdk1.8.0_152\jre\bin\concrt140.dll
0x00007fffc41e0000 - 0x00007fffc428a000 	C:\WINDOWS\SYSTEM32\MSVCP140.dll
0x00007fffcc990000 - 0x00007fffcc9a6000 	C:\WINDOWS\SYSTEM32\VCRUNTIME140.dll
0x00007fffcc540000 - 0x00007fffcc556000 	C:\Program Files\Java\jdk1.8.0_152\jre\bin\vcruntime140.dll
0x00007fffc3a70000 - 0x00007fffc3b0c000 	C:\Program Files\Java\jdk1.8.0_152\jre\bin\msvcp140.dll
0x0000000060f80000 - 0x0000000060fa3000 	C:\Program Files\Java\jdk1.8.0_152\jre\bin\prism_d3d.dll
0x00007fffb84d0000 - 0x00007fffb8665000 	C:\WINDOWS\system32\d3d9.dll
0x00007fffea500000 - 0x00007fffea52a000 	C:\WINDOWS\SYSTEM32\dwmapi.dll
0x00007fffea290000 - 0x00007fffea325000 	C:\WINDOWS\system32\uxtheme.dll
0x00007fff944d0000 - 0x00007fff98387000 	C:\WINDOWS\System32\DriverStore\FileRepository\igdlh64.inf_amd64_0959185ccf48eaa8\igdumdim64.dll
0x00007fffed3e0000 - 0x00007fffed529000 	C:\WINDOWS\System32\ole32.dll
0x00007fffef8e0000 - 0x00007fffef9a5000 	C:\WINDOWS\System32\OLEAUT32.dll
0x00007fffed680000 - 0x00007fffedace000 	C:\WINDOWS\System32\SETUPAPI.dll
0x0000000060f30000 - 0x0000000060f79000 	C:\Program Files\Java\jdk1.8.0_152\jre\bin\glass.dll
0x00007fffef770000 - 0x00007fffef87a000 	C:\WINDOWS\System32\COMDLG32.dll
0x00007fffefa20000 - 0x00007fffefb87000 	C:\WINDOWS\System32\MSCTF.dll
0x00007fffc4900000 - 0x00007fffc5ef1000 	C:\WINDOWS\System32\DriverStore\FileRepository\igdlh64.inf_amd64_0959185ccf48eaa8\igc64.dll
0x0000000060f10000 - 0x0000000060f24000 	C:\Program Files\Java\jdk1.8.0_152\jre\bin\javafx_font.dll
0x00007fffd8090000 - 0x00007fffd839f000 	C:\WINDOWS\SYSTEM32\dwrite.dll
0x0000000060d70000 - 0x0000000060f08000 	C:\Program Files\Java\jdk1.8.0_152\jre\bin\awt.dll
0x00007fffe9d70000 - 0x00007fffe9df8000 	C:\WINDOWS\SYSTEM32\apphelp.dll
0x00007fffef1a0000 - 0x00007fffef23e000 	C:\WINDOWS\System32\clbcatq.dll
0x00007fffd8ca0000 - 0x00007fffd8e4b000 	C:\WINDOWS\SYSTEM32\WindowsCodecs.dll
0x00007fffd5540000 - 0x00007fffd558f000 	C:\WINDOWS\system32\dataexchange.dll
0x00007fffe8790000 - 0x00007fffe8a71000 	C:\WINDOWS\system32\d3d11.dll
0x00007fffe95d0000 - 0x00007fffe9712000 	C:\WINDOWS\system32\dcomp.dll
0x00007fffeaf90000 - 0x00007fffeb03f000 	C:\WINDOWS\system32\dxgi.dll
0x00007fffea530000 - 0x00007fffea6ab000 	C:\WINDOWS\system32\twinapi.appcore.dll
0x00007fffebbc0000 - 0x00007fffebbe5000 	C:\WINDOWS\system32\bcrypt.dll
0x00007fffea720000 - 0x00007fffea740000 	C:\WINDOWS\system32\RMCLIENT.dll
0x00007fffcd280000 - 0x00007fffcd2b4000 	C:\Program Files\Common Files\Microsoft Shared\Ink\rtscom.dll
0x00007fffe56e0000 - 0x00007fffe5778000 	C:\WINDOWS\System32\TextInputFramework.dll
0x00007fffe8f20000 - 0x00007fffe8ffd000 	C:\WINDOWS\System32\CoreMessaging.dll
0x00007fffd8e50000 - 0x00007fffd913e000 	C:\WINDOWS\System32\CoreUIComponents.dll
0x00007fffeb100000 - 0x00007fffeb131000 	C:\WINDOWS\SYSTEM32\ntmarta.dll
0x00007fffe8120000 - 0x00007fffe8256000 	C:\WINDOWS\SYSTEM32\wintypes.dll
0x0000000060d50000 - 0x0000000060d62000 	C:\Program Files\Java\jdk1.8.0_152\jre\bin\prism_common.dll
0x00007fffebac0000 - 0x00007fffebad7000 	C:\WINDOWS\SYSTEM32\CRYPTSP.dll
0x00007fffeb500000 - 0x00007fffeb533000 	C:\WINDOWS\system32\rsaenh.dll
0x00007fffebf90000 - 0x00007fffebfb9000 	C:\WINDOWS\SYSTEM32\USERENV.dll
0x00007fffebab0000 - 0x00007fffebabb000 	C:\WINDOWS\SYSTEM32\CRYPTBASE.dll
0x00007fffeb680000 - 0x00007fffeb6b9000 	C:\WINDOWS\SYSTEM32\IPHLPAPI.DLL
0x00007fffef120000 - 0x00007fffef128000 	C:\WINDOWS\System32\NSI.dll
0x00007fffe8100000 - 0x00007fffe8116000 	C:\WINDOWS\SYSTEM32\dhcpcsvc6.DLL
0x00007fffe80c0000 - 0x00007fffe80da000 	C:\WINDOWS\SYSTEM32\dhcpcsvc.DLL
0x0000000060fe0000 - 0x0000000060ff1000 	C:\Program Files\Java\jdk1.8.0_152\jre\bin\nio.dll

VM Arguments:
jvm_args: -javaagent:C:\Program Files\JetBrains\IntelliJ IDEA 2017.2\lib\idea_rt.jar=5260:C:\Program Files\JetBrains\IntelliJ IDEA 2017.2\bin -Dfile.encoding=UTF-8 
java_command: com.mainLogin.Main
java_class_path (initial): C:\Program Files\Java\jdk1.8.0_152\jre\lib\charsets.jar;C:\Program Files\Java\jdk1.8.0_152\jre\lib\deploy.jar;C:\Program Files\Java\jdk1.8.0_152\jre\lib\ext\access-bridge-64.jar;C:\Program Files\Java\jdk1.8.0_152\jre\lib\ext\cldrdata.jar;C:\Program Files\Java\jdk1.8.0_152\jre\lib\ext\dnsns.jar;C:\Program Files\Java\jdk1.8.0_152\jre\lib\ext\jaccess.jar;C:\Program Files\Java\jdk1.8.0_152\jre\lib\ext\jfxrt.jar;C:\Program Files\Java\jdk1.8.0_152\jre\lib\ext\localedata.jar;C:\Program Files\Java\jdk1.8.0_152\jre\lib\ext\nashorn.jar;C:\Program Files\Java\jdk1.8.0_152\jre\lib\ext\sunec.jar;C:\Program Files\Java\jdk1.8.0_152\jre\lib\ext\sunjce_provider.jar;C:\Program Files\Java\jdk1.8.0_152\jre\lib\ext\sunmscapi.jar;C:\Program Files\Java\jdk1.8.0_152\jre\lib\ext\sunpkcs11.jar;C:\Program Files\Java\jdk1.8.0_152\jre\lib\ext\zipfs.jar;C:\Program Files\Java\jdk1.8.0_152\jre\lib\javaws.jar;C:\Program Files\Java\jdk1.8.0_152\jre\lib\jce.jar;C:\Program Files\Java\jdk1.8.0_152\jre\lib\jfr.jar;C:\Program Files\Java\jdk1.8.0_152\jre\lib\jfxswt.jar;C:\Program Files\Java\jdk1.8.0_152\jre\lib\jsse.jar;C:\Program Files\Java\jdk1.8.0_152\jre\lib\management-agent.jar;C:\Program Files\Java\jdk1.8.0_152\jre\lib\plugin.jar;C:\Program Files\Java\jdk1.8.0_152\jre\lib\resources.jar;C:\Program Files\Java\jdk1.8.0_152\jre\lib\rt.jar;C:\Users\dobryansky.a\Documents\Github\Communicator\mainPage\target\classes;C:\Users\dobryansky.a\Documents\Github\Communicator\Library\TrayNotification.jar;C:\Users\dobryansky.a\Documents\Github\Communicator\Library\sqljdbc42.jar;C:\Users\dobryansky.a\Documents\Github\Communicator\Library\FilterableTableColumns.jar;C:\Users\dobryansky.a\Documents\Github\Communicator\Library\XR3PlayerUpdater.jar;C:\Users\dobryansky.a\.m2\repository\no\tornado\fxlauncher\1.0.17\fxlauncher-1.0.17.jar;C:\Users\dobryansky.a\.m2\repository\org\controlsfx\controlsfx\8.40.11\controlsfx-8.40.11.jar;C:\Users\dobryansky.a\.m2\repository\org\fxmisc\richtext\richtextfx\
Launcher Type: SUN_STANDARD

Environment Variables:
JAVA_HOME=C:\Program Files\Java\jdk1.8.0_152
PATH=C:\ProgramData\Oracle\Java\javapath;C:\WINDOWS\system32;C:\WINDOWS;C:\WINDOWS\System32\Wbem;C:\WINDOWS\System32\WindowsPowerShell\v1.0\;C:\Program Files (x86)\Skype\Phone\;C:\Program Files\Git\cmd;C:\Program Files\Microsoft SQL Server\120\DTS\Binn\;C:\Program Files\Microsoft SQL Server\Client SDK\ODBC\110\Tools\Binn\;C:\Program Files (x86)\Microsoft SQL Server\120\Tools\Binn\;C:\Program Files\Microsoft SQL Server\120\Tools\Binn\;C:\Program Files (x86)\Microsoft SQL Server\120\Tools\Binn\ManagementStudio\;C:\Program Files (x86)\Microsoft SQL Server\120\DTS\Binn\;C:\WINDOWS\system32\config\systemprofile\.dnx\bin;C:\Program Files\Microsoft DNX\Dnvm\;C:\Program Files\Microsoft SQL Server\130\Tools\Binn\;C:\Program Files\apache-maven-3.5.2\bin;%USERPROFILE%\AppData\Local\Microsoft\WindowsApps;
USERNAME=dobryansky.a
OS=Windows_NT
PROCESSOR_IDENTIFIER=Intel64 Family 6 Model 78 Stepping 3, GenuineIntel



---------------  S Y S T E M  ---------------

OS: Windows 10.0 , 64 bit Build 16299 (10.0.16299.15)

CPU:total 4 (initial active 4) (2 cores per cpu, 2 threads per core) family 6 model 78 stepping 3, cmov, cx8, fxsr, mmx, sse, sse2, sse3, ssse3, sse4.1, sse4.2, popcnt, avx, avx2, aes, clmul, erms, 3dnowpref, lzcnt, ht, tsc, tscinvbit, bmi1, bmi2, adx

Memory: 4k page, physical 8260324k(1150736k free), swap 33426148k(6496k free)

vm_info: Java HotSpot(TM) 64-Bit Server VM (25.152-b16) for windows-amd64 JRE (1.8.0_152-b16), built on Sep 14 2017 02:29:36 by "java_re" with MS VC++ 10.0 (VS2010)

time: Fri Mar 02 13:13:38 2018
elapsed time: 14 seconds (0d 0h 0m 14s)

